
Logging initialized using configuration in jar:file:/home/ubuntu/software/hive-1.2.1/lib/hive-common-1.2.1.jar!/hive-log4j.properties
Hive history file=/tmp/ubuntu/hive_job_log_10e1740f-5203-4fe3-a9df-b0bae5c5c409_646115149.txt
SLF4J: Class path contains multiple SLF4J bindings.
SLF4J: Found binding in [jar:file:/home/ubuntu/software/tez-0.7.1-SNAPSHOT-minimal/lib/slf4j-log4j12-1.7.5.jar!/org/slf4j/impl/StaticLoggerBinder.class]
SLF4J: Found binding in [jar:file:/home/ubuntu/software/hadoop-2.6.0/share/hadoop/common/lib/slf4j-log4j12-1.7.5.jar!/org/slf4j/impl/StaticLoggerBinder.class]
SLF4J: See http://www.slf4j.org/codes.html#multiple_bindings for an explanation.
SLF4J: Actual binding is of type [org.slf4j.impl.Log4jLoggerFactory]
OK
Time taken: 1.076 seconds
Query ID = ubuntu_20161002174009_21ea7cd7-2cac-4e6a-af5e-15bec91cb91b
Total jobs = 10
Stage-1 is selected by condition resolver.
Launching Job 1 out of 10
Number of reduce tasks not specified. Defaulting to jobconf value of: 20
In order to change the average load for a reducer (in bytes):
  set hive.exec.reducers.bytes.per.reducer=<number>
In order to limit the maximum number of reducers:
  set hive.exec.reducers.max=<number>
In order to set a constant number of reducers:
  set mapreduce.job.reduces=<number>
Starting Job = job_1475426732253_0053, Tracking URL = http://vm1:8088/proxy/application_1475426732253_0053/
Kill Command = /home/ubuntu/software/hadoop-2.6.0/bin/hadoop job  -kill job_1475426732253_0053
Hadoop job information for Stage-1: number of mappers: 82; number of reducers: 20
2016-10-02 17:40:24,014 Stage-1 map = 0%,  reduce = 0%
2016-10-02 17:40:36,856 Stage-1 map = 1%,  reduce = 0%, Cumulative CPU 52.9 sec
2016-10-02 17:40:40,003 Stage-1 map = 2%,  reduce = 0%, Cumulative CPU 86.24 sec
2016-10-02 17:40:42,106 Stage-1 map = 4%,  reduce = 0%, Cumulative CPU 97.98 sec
2016-10-02 17:40:43,155 Stage-1 map = 7%,  reduce = 0%, Cumulative CPU 107.23 sec
2016-10-02 17:40:48,376 Stage-1 map = 9%,  reduce = 0%, Cumulative CPU 134.68 sec
2016-10-02 17:40:49,452 Stage-1 map = 12%,  reduce = 0%, Cumulative CPU 145.0 sec
2016-10-02 17:40:51,585 Stage-1 map = 14%,  reduce = 0%, Cumulative CPU 180.99 sec
2016-10-02 17:40:52,648 Stage-1 map = 16%,  reduce = 0%, Cumulative CPU 195.96 sec
2016-10-02 17:40:53,700 Stage-1 map = 19%,  reduce = 0%, Cumulative CPU 207.44 sec
2016-10-02 17:40:56,917 Stage-1 map = 20%,  reduce = 0%, Cumulative CPU 214.1 sec
2016-10-02 17:41:05,330 Stage-1 map = 22%,  reduce = 0%, Cumulative CPU 286.5 sec
2016-10-02 17:41:07,438 Stage-1 map = 23%,  reduce = 0%, Cumulative CPU 305.56 sec
2016-10-02 17:41:09,526 Stage-1 map = 24%,  reduce = 0%, Cumulative CPU 318.97 sec
2016-10-02 17:41:10,562 Stage-1 map = 25%,  reduce = 0%, Cumulative CPU 330.38 sec
2016-10-02 17:41:11,614 Stage-1 map = 26%,  reduce = 0%, Cumulative CPU 337.27 sec
2016-10-02 17:41:12,665 Stage-1 map = 27%,  reduce = 0%, Cumulative CPU 344.24 sec
2016-10-02 17:41:13,740 Stage-1 map = 29%,  reduce = 0%, Cumulative CPU 354.3 sec
2016-10-02 17:41:14,798 Stage-1 map = 30%,  reduce = 0%, Cumulative CPU 367.45 sec
2016-10-02 17:41:15,877 Stage-1 map = 33%,  reduce = 0%, Cumulative CPU 384.26 sec
2016-10-02 17:41:17,010 Stage-1 map = 34%,  reduce = 0%, Cumulative CPU 392.52 sec
2016-10-02 17:41:18,058 Stage-1 map = 37%,  reduce = 0%, Cumulative CPU 409.93 sec
2016-10-02 17:41:19,103 Stage-1 map = 38%,  reduce = 0%, Cumulative CPU 420.89 sec
2016-10-02 17:41:20,166 Stage-1 map = 39%,  reduce = 0%, Cumulative CPU 422.85 sec
2016-10-02 17:41:24,380 Stage-1 map = 40%,  reduce = 0%, Cumulative CPU 438.27 sec
2016-10-02 17:41:26,493 Stage-1 map = 41%,  reduce = 0%, Cumulative CPU 452.92 sec
2016-10-02 17:41:30,685 Stage-1 map = 42%,  reduce = 0%, Cumulative CPU 513.25 sec
2016-10-02 17:41:31,738 Stage-1 map = 43%,  reduce = 0%, Cumulative CPU 524.08 sec
2016-10-02 17:41:32,779 Stage-1 map = 45%,  reduce = 0%, Cumulative CPU 534.49 sec
2016-10-02 17:41:33,817 Stage-1 map = 47%,  reduce = 0%, Cumulative CPU 543.47 sec
2016-10-02 17:41:34,873 Stage-1 map = 48%,  reduce = 0%, Cumulative CPU 551.12 sec
2016-10-02 17:41:36,955 Stage-1 map = 49%,  reduce = 0%, Cumulative CPU 569.38 sec
2016-10-02 17:41:37,996 Stage-1 map = 50%,  reduce = 0%, Cumulative CPU 574.96 sec
2016-10-02 17:41:39,044 Stage-1 map = 51%,  reduce = 0%, Cumulative CPU 581.85 sec
2016-10-02 17:41:40,121 Stage-1 map = 52%,  reduce = 0%, Cumulative CPU 593.96 sec
2016-10-02 17:41:41,175 Stage-1 map = 55%,  reduce = 0%, Cumulative CPU 611.9 sec
2016-10-02 17:41:43,278 Stage-1 map = 56%,  reduce = 0%, Cumulative CPU 631.77 sec
2016-10-02 17:41:44,318 Stage-1 map = 57%,  reduce = 0%, Cumulative CPU 639.34 sec
2016-10-02 17:41:45,360 Stage-1 map = 59%,  reduce = 0%, Cumulative CPU 646.4 sec
2016-10-02 17:41:46,447 Stage-1 map = 60%,  reduce = 0%, Cumulative CPU 656.14 sec
2016-10-02 17:41:48,601 Stage-1 map = 61%,  reduce = 0%, Cumulative CPU 679.54 sec
2016-10-02 17:41:49,666 Stage-1 map = 62%,  reduce = 0%, Cumulative CPU 685.82 sec
2016-10-02 17:41:50,722 Stage-1 map = 63%,  reduce = 0%, Cumulative CPU 691.94 sec
2016-10-02 17:41:54,923 Stage-1 map = 63%,  reduce = 1%, Cumulative CPU 716.52 sec
2016-10-02 17:41:55,965 Stage-1 map = 63%,  reduce = 2%, Cumulative CPU 719.47 sec
2016-10-02 17:41:57,000 Stage-1 map = 64%,  reduce = 3%, Cumulative CPU 722.17 sec
2016-10-02 17:41:58,033 Stage-1 map = 66%,  reduce = 3%, Cumulative CPU 733.53 sec
2016-10-02 17:41:59,070 Stage-1 map = 67%,  reduce = 4%, Cumulative CPU 742.19 sec
2016-10-02 17:42:00,109 Stage-1 map = 67%,  reduce = 5%, Cumulative CPU 747.1 sec
2016-10-02 17:42:01,211 Stage-1 map = 67%,  reduce = 7%, Cumulative CPU 762.85 sec
2016-10-02 17:42:02,242 Stage-1 map = 68%,  reduce = 7%, Cumulative CPU 765.81 sec
2016-10-02 17:42:03,279 Stage-1 map = 68%,  reduce = 8%, Cumulative CPU 770.06 sec
2016-10-02 17:42:04,309 Stage-1 map = 69%,  reduce = 8%, Cumulative CPU 776.36 sec
2016-10-02 17:42:05,342 Stage-1 map = 71%,  reduce = 8%, Cumulative CPU 782.8 sec
2016-10-02 17:42:06,372 Stage-1 map = 72%,  reduce = 8%, Cumulative CPU 787.48 sec
2016-10-02 17:42:09,466 Stage-1 map = 73%,  reduce = 8%, Cumulative CPU 796.87 sec
2016-10-02 17:42:11,526 Stage-1 map = 73%,  reduce = 10%, Cumulative CPU 805.57 sec
2016-10-02 17:42:12,558 Stage-1 map = 74%,  reduce = 10%, Cumulative CPU 811.77 sec
2016-10-02 17:42:15,659 Stage-1 map = 75%,  reduce = 10%, Cumulative CPU 828.43 sec
2016-10-02 17:42:17,726 Stage-1 map = 76%,  reduce = 10%, Cumulative CPU 842.05 sec
2016-10-02 17:42:19,795 Stage-1 map = 77%,  reduce = 10%, Cumulative CPU 855.57 sec
2016-10-02 17:42:21,856 Stage-1 map = 78%,  reduce = 10%, Cumulative CPU 866.42 sec
2016-10-02 17:42:22,886 Stage-1 map = 79%,  reduce = 10%, Cumulative CPU 874.98 sec
2016-10-02 17:42:23,916 Stage-1 map = 80%,  reduce = 10%, Cumulative CPU 879.35 sec
2016-10-02 17:42:27,004 Stage-1 map = 81%,  reduce = 10%, Cumulative CPU 895.08 sec
2016-10-02 17:42:28,045 Stage-1 map = 81%,  reduce = 11%, Cumulative CPU 895.47 sec
2016-10-02 17:42:29,078 Stage-1 map = 82%,  reduce = 11%, Cumulative CPU 906.01 sec
2016-10-02 17:42:30,106 Stage-1 map = 83%,  reduce = 11%, Cumulative CPU 913.78 sec
2016-10-02 17:42:33,208 Stage-1 map = 84%,  reduce = 11%, Cumulative CPU 925.57 sec
2016-10-02 17:42:35,266 Stage-1 map = 85%,  reduce = 11%, Cumulative CPU 933.82 sec
2016-10-02 17:42:39,379 Stage-1 map = 87%,  reduce = 11%, Cumulative CPU 959.26 sec
2016-10-02 17:42:40,414 Stage-1 map = 88%,  reduce = 11%, Cumulative CPU 968.43 sec
2016-10-02 17:42:43,501 Stage-1 map = 89%,  reduce = 11%, Cumulative CPU 984.57 sec
2016-10-02 17:42:44,529 Stage-1 map = 89%,  reduce = 12%, Cumulative CPU 985.56 sec
2016-10-02 17:42:45,562 Stage-1 map = 90%,  reduce = 12%, Cumulative CPU 989.08 sec
2016-10-02 17:42:49,694 Stage-1 map = 92%,  reduce = 12%, Cumulative CPU 1013.15 sec
2016-10-02 17:42:51,763 Stage-1 map = 93%,  reduce = 12%, Cumulative CPU 1026.09 sec
2016-10-02 17:42:53,821 Stage-1 map = 94%,  reduce = 12%, Cumulative CPU 1031.2 sec
2016-10-02 17:42:54,856 Stage-1 map = 95%,  reduce = 12%, Cumulative CPU 1040.62 sec
2016-10-02 17:43:00,004 Stage-1 map = 97%,  reduce = 12%, Cumulative CPU 1064.65 sec
2016-10-02 17:43:01,037 Stage-1 map = 98%,  reduce = 13%, Cumulative CPU 1070.89 sec
2016-10-02 17:43:02,066 Stage-1 map = 98%,  reduce = 14%, Cumulative CPU 1074.63 sec
2016-10-02 17:43:04,134 Stage-1 map = 99%,  reduce = 16%, Cumulative CPU 1082.54 sec
2016-10-02 17:43:08,279 Stage-1 map = 100%,  reduce = 18%, Cumulative CPU 1092.21 sec
2016-10-02 17:43:09,331 Stage-1 map = 100%,  reduce = 21%, Cumulative CPU 1097.48 sec
2016-10-02 17:43:10,392 Stage-1 map = 100%,  reduce = 25%, Cumulative CPU 1106.1 sec
2016-10-02 17:43:11,450 Stage-1 map = 100%,  reduce = 30%, Cumulative CPU 1120.37 sec
2016-10-02 17:43:12,507 Stage-1 map = 100%,  reduce = 34%, Cumulative CPU 1132.27 sec
2016-10-02 17:43:13,567 Stage-1 map = 100%,  reduce = 40%, Cumulative CPU 1147.31 sec
2016-10-02 17:43:14,649 Stage-1 map = 100%,  reduce = 45%, Cumulative CPU 1165.65 sec
2016-10-02 17:43:15,701 Stage-1 map = 100%,  reduce = 46%, Cumulative CPU 1177.99 sec
2016-10-02 17:43:16,750 Stage-1 map = 100%,  reduce = 51%, Cumulative CPU 1200.9 sec
2016-10-02 17:43:17,793 Stage-1 map = 100%,  reduce = 52%, Cumulative CPU 1213.0 sec
2016-10-02 17:43:18,834 Stage-1 map = 100%,  reduce = 57%, Cumulative CPU 1231.03 sec
2016-10-02 17:43:19,885 Stage-1 map = 100%,  reduce = 60%, Cumulative CPU 1252.08 sec
2016-10-02 17:43:20,937 Stage-1 map = 100%,  reduce = 62%, Cumulative CPU 1263.89 sec
2016-10-02 17:43:22,026 Stage-1 map = 100%,  reduce = 65%, Cumulative CPU 1287.63 sec
2016-10-02 17:43:23,072 Stage-1 map = 100%,  reduce = 67%, Cumulative CPU 1299.58 sec
2016-10-02 17:43:24,116 Stage-1 map = 100%,  reduce = 70%, Cumulative CPU 1314.42 sec
2016-10-02 17:43:25,163 Stage-1 map = 100%,  reduce = 73%, Cumulative CPU 1337.59 sec
2016-10-02 17:43:26,193 Stage-1 map = 100%,  reduce = 76%, Cumulative CPU 1357.09 sec
2016-10-02 17:43:27,224 Stage-1 map = 100%,  reduce = 78%, Cumulative CPU 1367.81 sec
2016-10-02 17:43:29,292 Stage-1 map = 100%,  reduce = 79%, Cumulative CPU 1373.89 sec
2016-10-02 17:43:31,368 Stage-1 map = 100%,  reduce = 80%, Cumulative CPU 1380.54 sec
2016-10-02 17:43:35,510 Stage-1 map = 100%,  reduce = 92%, Cumulative CPU 1407.3 sec
2016-10-02 17:43:38,596 Stage-1 map = 100%,  reduce = 94%, Cumulative CPU 1423.28 sec
2016-10-02 17:43:41,703 Stage-1 map = 100%,  reduce = 96%, Cumulative CPU 1435.96 sec
2016-10-02 17:43:44,817 Stage-1 map = 100%,  reduce = 98%, Cumulative CPU 1448.37 sec
2016-10-02 17:43:46,873 Stage-1 map = 100%,  reduce = 99%, Cumulative CPU 1453.38 sec
2016-10-02 17:43:49,973 Stage-1 map = 100%,  reduce = 100%, Cumulative CPU 1461.75 sec
MapReduce Total cumulative CPU time: 24 minutes 21 seconds 750 msec
Ended Job = job_1475426732253_0053
SLF4J: Class path contains multiple SLF4J bindings.
SLF4J: Found binding in [jar:file:/home/ubuntu/software/tez-0.7.1-SNAPSHOT-minimal/lib/slf4j-log4j12-1.7.5.jar!/org/slf4j/impl/StaticLoggerBinder.class]
SLF4J: Found binding in [jar:file:/home/ubuntu/software/hadoop-2.6.0/share/hadoop/common/lib/slf4j-log4j12-1.7.5.jar!/org/slf4j/impl/StaticLoggerBinder.class]
SLF4J: See http://www.slf4j.org/codes.html#multiple_bindings for an explanation.
SLF4J: Actual binding is of type [org.slf4j.impl.Log4jLoggerFactory]
Execution log at: /tmp/ubuntu/ubuntu_20161002174009_21ea7cd7-2cac-4e6a-af5e-15bec91cb91b.log
2016-10-02 17:43:53	Starting to launch local task to process map join;	maximum memory = 932184064
2016-10-02 17:43:55	Dump the side-table for tag: 1 with group count: 144 into file: file:/tmp/ubuntu/10e1740f-5203-4fe3-a9df-b0bae5c5c409/hive_2016-10-02_17-40-09_066_1726863293027561481-1/-local-10017/HashTable-Stage-17/MapJoin-mapfile41--.hashtable
2016-10-02 17:43:55	Uploaded 1 File to: file:/tmp/ubuntu/10e1740f-5203-4fe3-a9df-b0bae5c5c409/hive_2016-10-02_17-40-09_066_1726863293027561481-1/-local-10017/HashTable-Stage-17/MapJoin-mapfile41--.hashtable (13095 bytes)
2016-10-02 17:43:55	End of local task; Time Taken: 1.32 sec.
Execution completed successfully
MapredLocal task succeeded
Launching Job 2 out of 10
Number of reduce tasks is set to 0 since there's no reduce operator
Starting Job = job_1475426732253_0054, Tracking URL = http://vm1:8088/proxy/application_1475426732253_0054/
Kill Command = /home/ubuntu/software/hadoop-2.6.0/bin/hadoop job  -kill job_1475426732253_0054
Hadoop job information for Stage-17: number of mappers: 4; number of reducers: 0
2016-10-02 17:44:01,886 Stage-17 map = 0%,  reduce = 0%
2016-10-02 17:44:13,296 Stage-17 map = 5%,  reduce = 0%, Cumulative CPU 22.79 sec
2016-10-02 17:44:16,388 Stage-17 map = 20%,  reduce = 0%, Cumulative CPU 33.66 sec
2016-10-02 17:44:19,489 Stage-17 map = 41%,  reduce = 0%, Cumulative CPU 45.24 sec
2016-10-02 17:44:22,601 Stage-17 map = 61%,  reduce = 0%, Cumulative CPU 56.37 sec
2016-10-02 17:44:23,635 Stage-17 map = 67%,  reduce = 0%, Cumulative CPU 57.25 sec
2016-10-02 17:44:25,708 Stage-17 map = 77%,  reduce = 0%, Cumulative CPU 66.24 sec
2016-10-02 17:44:27,770 Stage-17 map = 87%,  reduce = 0%, Cumulative CPU 68.94 sec
2016-10-02 17:44:28,805 Stage-17 map = 92%,  reduce = 0%, Cumulative CPU 72.1 sec
2016-10-02 17:44:31,914 Stage-17 map = 100%,  reduce = 0%, Cumulative CPU 74.9 sec
MapReduce Total cumulative CPU time: 1 minutes 14 seconds 900 msec
Ended Job = job_1475426732253_0054
Stage-23 is selected by condition resolver.
Stage-24 is filtered out by condition resolver.
Stage-3 is filtered out by condition resolver.
SLF4J: Class path contains multiple SLF4J bindings.
SLF4J: Found binding in [jar:file:/home/ubuntu/software/tez-0.7.1-SNAPSHOT-minimal/lib/slf4j-log4j12-1.7.5.jar!/org/slf4j/impl/StaticLoggerBinder.class]
SLF4J: Found binding in [jar:file:/home/ubuntu/software/hadoop-2.6.0/share/hadoop/common/lib/slf4j-log4j12-1.7.5.jar!/org/slf4j/impl/StaticLoggerBinder.class]
SLF4J: See http://www.slf4j.org/codes.html#multiple_bindings for an explanation.
SLF4J: Actual binding is of type [org.slf4j.impl.Log4jLoggerFactory]
Execution log at: /tmp/ubuntu/ubuntu_20161002174009_21ea7cd7-2cac-4e6a-af5e-15bec91cb91b.log
2016-10-02 17:44:35	Starting to launch local task to process map join;	maximum memory = 932184064
2016-10-02 17:44:37	Dump the side-table for tag: 1 with group count: 73049 into file: file:/tmp/ubuntu/10e1740f-5203-4fe3-a9df-b0bae5c5c409/hive_2016-10-02_17-40-09_066_1726863293027561481-1/-local-10013/HashTable-Stage-14/MapJoin-mapfile21--.hashtable
2016-10-02 17:44:37	Uploaded 1 File to: file:/tmp/ubuntu/10e1740f-5203-4fe3-a9df-b0bae5c5c409/hive_2016-10-02_17-40-09_066_1726863293027561481-1/-local-10013/HashTable-Stage-14/MapJoin-mapfile21--.hashtable (1541779 bytes)
2016-10-02 17:44:37	End of local task; Time Taken: 1.816 sec.
Execution completed successfully
MapredLocal task succeeded
Launching Job 4 out of 10
Number of reduce tasks is set to 0 since there's no reduce operator
Starting Job = job_1475426732253_0055, Tracking URL = http://vm1:8088/proxy/application_1475426732253_0055/
Kill Command = /home/ubuntu/software/hadoop-2.6.0/bin/hadoop job  -kill job_1475426732253_0055
Hadoop job information for Stage-14: number of mappers: 4; number of reducers: 0
2016-10-02 17:44:43,134 Stage-14 map = 0%,  reduce = 0%
2016-10-02 17:44:56,580 Stage-14 map = 5%,  reduce = 0%, Cumulative CPU 22.96 sec
2016-10-02 17:45:01,784 Stage-14 map = 12%,  reduce = 0%, Cumulative CPU 46.19 sec
2016-10-02 17:45:04,897 Stage-14 map = 24%,  reduce = 0%, Cumulative CPU 58.01 sec
2016-10-02 17:45:08,010 Stage-14 map = 48%,  reduce = 0%, Cumulative CPU 69.59 sec
2016-10-02 17:45:13,170 Stage-14 map = 60%,  reduce = 0%, Cumulative CPU 83.0 sec
2016-10-02 17:45:14,204 Stage-14 map = 79%,  reduce = 0%, Cumulative CPU 91.65 sec
2016-10-02 17:45:15,238 Stage-14 map = 91%,  reduce = 0%, Cumulative CPU 92.73 sec
2016-10-02 17:45:20,396 Stage-14 map = 100%,  reduce = 0%, Cumulative CPU 98.9 sec
MapReduce Total cumulative CPU time: 1 minutes 38 seconds 900 msec
Ended Job = job_1475426732253_0055
Stage-21 is selected by condition resolver.
Stage-22 is filtered out by condition resolver.
Stage-4 is filtered out by condition resolver.
SLF4J: Class path contains multiple SLF4J bindings.
SLF4J: Found binding in [jar:file:/home/ubuntu/software/tez-0.7.1-SNAPSHOT-minimal/lib/slf4j-log4j12-1.7.5.jar!/org/slf4j/impl/StaticLoggerBinder.class]
SLF4J: Found binding in [jar:file:/home/ubuntu/software/hadoop-2.6.0/share/hadoop/common/lib/slf4j-log4j12-1.7.5.jar!/org/slf4j/impl/StaticLoggerBinder.class]
SLF4J: See http://www.slf4j.org/codes.html#multiple_bindings for an explanation.
SLF4J: Actual binding is of type [org.slf4j.impl.Log4jLoggerFactory]
Execution log at: /tmp/ubuntu/ubuntu_20161002174009_21ea7cd7-2cac-4e6a-af5e-15bec91cb91b.log
2016-10-02 17:45:25	Starting to launch local task to process map join;	maximum memory = 932184064
2016-10-02 17:45:26	Dump the side-table for tag: 1 with group count: 30 into file: file:/tmp/ubuntu/10e1740f-5203-4fe3-a9df-b0bae5c5c409/hive_2016-10-02_17-40-09_066_1726863293027561481-1/-local-10009/HashTable-Stage-11/MapJoin-mapfile01--.hashtable
2016-10-02 17:45:27	Uploaded 1 File to: file:/tmp/ubuntu/10e1740f-5203-4fe3-a9df-b0bae5c5c409/hive_2016-10-02_17-40-09_066_1726863293027561481-1/-local-10009/HashTable-Stage-11/MapJoin-mapfile01--.hashtable (893 bytes)
2016-10-02 17:45:27	End of local task; Time Taken: 1.501 sec.
Execution completed successfully
MapredLocal task succeeded
Launching Job 6 out of 10
Number of reduce tasks is set to 0 since there's no reduce operator
Starting Job = job_1475426732253_0056, Tracking URL = http://vm1:8088/proxy/application_1475426732253_0056/
Kill Command = /home/ubuntu/software/hadoop-2.6.0/bin/hadoop job  -kill job_1475426732253_0056
Hadoop job information for Stage-11: number of mappers: 5; number of reducers: 0
2016-10-02 17:45:32,456 Stage-11 map = 0%,  reduce = 0%
2016-10-02 17:45:39,710 Stage-11 map = 20%,  reduce = 0%, Cumulative CPU 2.81 sec
2016-10-02 17:45:45,922 Stage-11 map = 39%,  reduce = 0%, Cumulative CPU 26.42 sec
2016-10-02 17:45:47,992 Stage-11 map = 49%,  reduce = 0%, Cumulative CPU 28.9 sec
2016-10-02 17:45:49,027 Stage-11 map = 84%,  reduce = 0%, Cumulative CPU 38.16 sec
2016-10-02 17:45:50,062 Stage-11 map = 100%,  reduce = 0%, Cumulative CPU 41.54 sec
MapReduce Total cumulative CPU time: 41 seconds 540 msec
Ended Job = job_1475426732253_0056
Launching Job 7 out of 10
Number of reduce tasks not specified. Defaulting to jobconf value of: 20
In order to change the average load for a reducer (in bytes):
  set hive.exec.reducers.bytes.per.reducer=<number>
In order to limit the maximum number of reducers:
  set hive.exec.reducers.max=<number>
In order to set a constant number of reducers:
  set mapreduce.job.reduces=<number>
Starting Job = job_1475426732253_0057, Tracking URL = http://vm1:8088/proxy/application_1475426732253_0057/
Kill Command = /home/ubuntu/software/hadoop-2.6.0/bin/hadoop job  -kill job_1475426732253_0057
Hadoop job information for Stage-5: number of mappers: 2; number of reducers: 20
2016-10-02 17:45:56,120 Stage-5 map = 0%,  reduce = 0%
2016-10-02 17:46:02,324 Stage-5 map = 100%,  reduce = 0%, Cumulative CPU 2.57 sec
2016-10-02 17:46:08,585 Stage-5 map = 100%,  reduce = 10%, Cumulative CPU 5.2 sec
2016-10-02 17:46:09,623 Stage-5 map = 100%,  reduce = 20%, Cumulative CPU 7.92 sec
2016-10-02 17:46:10,660 Stage-5 map = 100%,  reduce = 40%, Cumulative CPU 13.3 sec
2016-10-02 17:46:11,699 Stage-5 map = 100%,  reduce = 55%, Cumulative CPU 17.26 sec
2016-10-02 17:46:12,751 Stage-5 map = 100%,  reduce = 80%, Cumulative CPU 23.95 sec
2016-10-02 17:46:13,790 Stage-5 map = 100%,  reduce = 85%, Cumulative CPU 25.16 sec
2016-10-02 17:46:14,830 Stage-5 map = 100%,  reduce = 100%, Cumulative CPU 28.84 sec
MapReduce Total cumulative CPU time: 28 seconds 840 msec
Ended Job = job_1475426732253_0057
Launching Job 8 out of 10
Number of reduce tasks determined at compile time: 1
In order to change the average load for a reducer (in bytes):
  set hive.exec.reducers.bytes.per.reducer=<number>
In order to limit the maximum number of reducers:
  set hive.exec.reducers.max=<number>
In order to set a constant number of reducers:
  set mapreduce.job.reduces=<number>
Starting Job = job_1475426732253_0058, Tracking URL = http://vm1:8088/proxy/application_1475426732253_0058/
Kill Command = /home/ubuntu/software/hadoop-2.6.0/bin/hadoop job  -kill job_1475426732253_0058
Hadoop job information for Stage-6: number of mappers: 4; number of reducers: 1
2016-10-02 17:46:20,682 Stage-6 map = 0%,  reduce = 0%
2016-10-02 17:46:28,890 Stage-6 map = 100%,  reduce = 0%, Cumulative CPU 5.32 sec
2016-10-02 17:46:34,022 Stage-6 map = 100%,  reduce = 100%, Cumulative CPU 6.62 sec
MapReduce Total cumulative CPU time: 6 seconds 620 msec
Ended Job = job_1475426732253_0058
MapReduce Jobs Launched: 
Stage-Stage-1: Map: 82  Reduce: 20   Cumulative CPU: 1461.75 sec   HDFS Read: 21844522224 HDFS Write: 490203034 SUCCESS
Stage-Stage-17: Map: 4   Cumulative CPU: 74.9 sec   HDFS Read: 490244058 HDFS Write: 1194926643 SUCCESS
Stage-Stage-14: Map: 4   Cumulative CPU: 98.9 sec   HDFS Read: 1194974750 HDFS Write: 1234826291 SUCCESS
Stage-Stage-11: Map: 5   Cumulative CPU: 41.54 sec   HDFS Read: 1234947092 HDFS Write: 33744 SUCCESS
Stage-Stage-5: Map: 2  Reduce: 20   Cumulative CPU: 28.84 sec   HDFS Read: 190073 HDFS Write: 9067 SUCCESS
Stage-Stage-6: Map: 4  Reduce: 1   Cumulative CPU: 6.62 sec   HDFS Read: 39446 HDFS Write: 6427 SUCCESS
Total MapReduce CPU Time Spent: 28 minutes 32 seconds 550 msec
OK
Time taken: 386.042 seconds, Fetched: 72 row(s)
48.60user 4.29system 6:33.69elapsed 13%CPU (0avgtext+0avgdata 1150644maxresident)k
115512inputs+473704outputs (110major+183201minor)pagefaults 0swaps
