
Logging initialized using configuration in jar:file:/home/ubuntu/software/hive-1.2.1/lib/hive-common-1.2.1.jar!/hive-log4j.properties
Hive history file=/tmp/ubuntu/hive_job_log_753dc9cf-af19-4982-8e42-931f2322dc06_1124790673.txt
SLF4J: Class path contains multiple SLF4J bindings.
SLF4J: Found binding in [jar:file:/home/ubuntu/software/tez-0.7.1-SNAPSHOT-minimal/lib/slf4j-log4j12-1.7.5.jar!/org/slf4j/impl/StaticLoggerBinder.class]
SLF4J: Found binding in [jar:file:/home/ubuntu/software/hadoop-2.6.0/share/hadoop/common/lib/slf4j-log4j12-1.7.5.jar!/org/slf4j/impl/StaticLoggerBinder.class]
SLF4J: See http://www.slf4j.org/codes.html#multiple_bindings for an explanation.
SLF4J: Actual binding is of type [org.slf4j.impl.Log4jLoggerFactory]
OK
Time taken: 1.136 seconds
Query ID = ubuntu_20161002121433_26fa02b9-a192-4cd0-b356-2012b139e42e
Total jobs = 8
Stage-16 is selected by condition resolver.
Stage-1 is filtered out by condition resolver.
SLF4J: Class path contains multiple SLF4J bindings.
SLF4J: Found binding in [jar:file:/home/ubuntu/software/tez-0.7.1-SNAPSHOT-minimal/lib/slf4j-log4j12-1.7.5.jar!/org/slf4j/impl/StaticLoggerBinder.class]
SLF4J: Found binding in [jar:file:/home/ubuntu/software/hadoop-2.6.0/share/hadoop/common/lib/slf4j-log4j12-1.7.5.jar!/org/slf4j/impl/StaticLoggerBinder.class]
SLF4J: See http://www.slf4j.org/codes.html#multiple_bindings for an explanation.
SLF4J: Actual binding is of type [org.slf4j.impl.Log4jLoggerFactory]
Execution log at: /tmp/ubuntu/ubuntu_20161002121433_26fa02b9-a192-4cd0-b356-2012b139e42e.log
2016-10-02 12:14:39	Starting to launch local task to process map join;	maximum memory = 932184064
2016-10-02 12:14:41	Dump the side-table for tag: 1 with group count: 18445 into file: file:/tmp/ubuntu/753dc9cf-af19-4982-8e42-931f2322dc06/hive_2016-10-02_12-14-33_446_4057055606520605781-1/-local-10012/HashTable-Stage-11/MapJoin-mapfile21--.hashtable
2016-10-02 12:14:41	Uploaded 1 File to: file:/tmp/ubuntu/753dc9cf-af19-4982-8e42-931f2322dc06/hive_2016-10-02_12-14-33_446_4057055606520605781-1/-local-10012/HashTable-Stage-11/MapJoin-mapfile21--.hashtable (2960337 bytes)
2016-10-02 12:14:41	End of local task; Time Taken: 2.151 sec.
Execution completed successfully
MapredLocal task succeeded
Launching Job 2 out of 8
Number of reduce tasks is set to 0 since there's no reduce operator
Starting Job = job_1475401111718_0136, Tracking URL = http://vm1:8088/proxy/application_1475401111718_0136/
Kill Command = /home/ubuntu/software/hadoop-2.6.0/bin/hadoop job  -kill job_1475401111718_0136
Hadoop job information for Stage-11: number of mappers: 26; number of reducers: 0
2016-10-02 12:14:52,646 Stage-11 map = 0%,  reduce = 0%
2016-10-02 12:15:05,317 Stage-11 map = 1%,  reduce = 0%, Cumulative CPU 19.88 sec
2016-10-02 12:15:06,357 Stage-11 map = 3%,  reduce = 0%, Cumulative CPU 60.1 sec
2016-10-02 12:15:11,649 Stage-11 map = 14%,  reduce = 0%, Cumulative CPU 97.74 sec
2016-10-02 12:15:12,689 Stage-11 map = 31%,  reduce = 0%, Cumulative CPU 105.96 sec
2016-10-02 12:15:13,739 Stage-11 map = 32%,  reduce = 0%, Cumulative CPU 107.93 sec
2016-10-02 12:15:14,781 Stage-11 map = 33%,  reduce = 0%, Cumulative CPU 113.61 sec
2016-10-02 12:15:15,821 Stage-11 map = 34%,  reduce = 0%, Cumulative CPU 120.27 sec
2016-10-02 12:15:17,924 Stage-11 map = 36%,  reduce = 0%, Cumulative CPU 126.19 sec
2016-10-02 12:15:20,022 Stage-11 map = 38%,  reduce = 0%, Cumulative CPU 131.77 sec
2016-10-02 12:15:21,060 Stage-11 map = 41%,  reduce = 0%, Cumulative CPU 134.5 sec
2016-10-02 12:15:24,258 Stage-11 map = 43%,  reduce = 0%, Cumulative CPU 139.82 sec
2016-10-02 12:15:25,298 Stage-11 map = 46%,  reduce = 0%, Cumulative CPU 142.6 sec
2016-10-02 12:15:26,345 Stage-11 map = 62%,  reduce = 0%, Cumulative CPU 145.14 sec
2016-10-02 12:15:31,535 Stage-11 map = 64%,  reduce = 0%, Cumulative CPU 158.57 sec
2016-10-02 12:15:33,611 Stage-11 map = 68%,  reduce = 0%, Cumulative CPU 173.11 sec
2016-10-02 12:15:34,651 Stage-11 map = 70%,  reduce = 0%, Cumulative CPU 181.63 sec
2016-10-02 12:15:35,688 Stage-11 map = 74%,  reduce = 0%, Cumulative CPU 200.94 sec
2016-10-02 12:15:36,734 Stage-11 map = 78%,  reduce = 0%, Cumulative CPU 207.04 sec
2016-10-02 12:15:38,809 Stage-11 map = 84%,  reduce = 0%, Cumulative CPU 214.65 sec
2016-10-02 12:15:39,849 Stage-11 map = 86%,  reduce = 0%, Cumulative CPU 215.8 sec
2016-10-02 12:15:41,916 Stage-11 map = 88%,  reduce = 0%, Cumulative CPU 219.46 sec
2016-10-02 12:15:43,988 Stage-11 map = 89%,  reduce = 0%, Cumulative CPU 220.49 sec
2016-10-02 12:15:45,026 Stage-11 map = 93%,  reduce = 0%, Cumulative CPU 224.07 sec
2016-10-02 12:15:47,095 Stage-11 map = 95%,  reduce = 0%, Cumulative CPU 225.83 sec
2016-10-02 12:15:48,131 Stage-11 map = 97%,  reduce = 0%, Cumulative CPU 228.37 sec
2016-10-02 12:15:50,205 Stage-11 map = 100%,  reduce = 0%, Cumulative CPU 230.89 sec
MapReduce Total cumulative CPU time: 3 minutes 50 seconds 890 msec
Ended Job = job_1475401111718_0136
Stage-14 is selected by condition resolver.
Stage-15 is filtered out by condition resolver.
Stage-2 is filtered out by condition resolver.
SLF4J: Class path contains multiple SLF4J bindings.
SLF4J: Found binding in [jar:file:/home/ubuntu/software/tez-0.7.1-SNAPSHOT-minimal/lib/slf4j-log4j12-1.7.5.jar!/org/slf4j/impl/StaticLoggerBinder.class]
SLF4J: Found binding in [jar:file:/home/ubuntu/software/hadoop-2.6.0/share/hadoop/common/lib/slf4j-log4j12-1.7.5.jar!/org/slf4j/impl/StaticLoggerBinder.class]
SLF4J: See http://www.slf4j.org/codes.html#multiple_bindings for an explanation.
SLF4J: Actual binding is of type [org.slf4j.impl.Log4jLoggerFactory]
Execution log at: /tmp/ubuntu/ubuntu_20161002121433_26fa02b9-a192-4cd0-b356-2012b139e42e.log
2016-10-02 12:15:55	Starting to launch local task to process map join;	maximum memory = 932184064
2016-10-02 12:15:57	Dump the side-table for tag: 1 with group count: 31 into file: file:/tmp/ubuntu/753dc9cf-af19-4982-8e42-931f2322dc06/hive_2016-10-02_12-14-33_446_4057055606520605781-1/-local-10008/HashTable-Stage-8/MapJoin-mapfile01--.hashtable
2016-10-02 12:15:57	Uploaded 1 File to: file:/tmp/ubuntu/753dc9cf-af19-4982-8e42-931f2322dc06/hive_2016-10-02_12-14-33_446_4057055606520605781-1/-local-10008/HashTable-Stage-8/MapJoin-mapfile01--.hashtable (1288 bytes)
2016-10-02 12:15:57	End of local task; Time Taken: 1.761 sec.
Execution completed successfully
MapredLocal task succeeded
Launching Job 4 out of 8
Number of reduce tasks is set to 0 since there's no reduce operator
Starting Job = job_1475401111718_0137, Tracking URL = http://vm1:8088/proxy/application_1475401111718_0137/
Kill Command = /home/ubuntu/software/hadoop-2.6.0/bin/hadoop job  -kill job_1475401111718_0137
Hadoop job information for Stage-8: number of mappers: 7; number of reducers: 0
2016-10-02 12:16:03,528 Stage-8 map = 0%,  reduce = 0%
2016-10-02 12:16:13,982 Stage-8 map = 29%,  reduce = 0%, Cumulative CPU 15.32 sec
2016-10-02 12:16:15,028 Stage-8 map = 57%,  reduce = 0%, Cumulative CPU 27.66 sec
2016-10-02 12:16:17,142 Stage-8 map = 79%,  reduce = 0%, Cumulative CPU 46.07 sec
2016-10-02 12:16:18,198 Stage-8 map = 100%,  reduce = 0%, Cumulative CPU 49.49 sec
MapReduce Total cumulative CPU time: 49 seconds 490 msec
Ended Job = job_1475401111718_0137
Launching Job 5 out of 8
Number of reduce tasks not specified. Defaulting to jobconf value of: 10
In order to change the average load for a reducer (in bytes):
  set hive.exec.reducers.bytes.per.reducer=<number>
In order to limit the maximum number of reducers:
  set hive.exec.reducers.max=<number>
In order to set a constant number of reducers:
  set mapreduce.job.reduces=<number>
Starting Job = job_1475401111718_0138, Tracking URL = http://vm1:8088/proxy/application_1475401111718_0138/
Kill Command = /home/ubuntu/software/hadoop-2.6.0/bin/hadoop job  -kill job_1475401111718_0138
Hadoop job information for Stage-3: number of mappers: 4; number of reducers: 10
2016-10-02 12:16:26,105 Stage-3 map = 0%,  reduce = 0%
2016-10-02 12:16:34,390 Stage-3 map = 75%,  reduce = 0%, Cumulative CPU 6.44 sec
2016-10-02 12:16:35,439 Stage-3 map = 100%,  reduce = 0%, Cumulative CPU 9.53 sec
2016-10-02 12:16:41,720 Stage-3 map = 100%,  reduce = 40%, Cumulative CPU 16.75 sec
2016-10-02 12:16:42,771 Stage-3 map = 100%,  reduce = 80%, Cumulative CPU 24.17 sec
2016-10-02 12:16:43,810 Stage-3 map = 100%,  reduce = 100%, Cumulative CPU 27.88 sec
MapReduce Total cumulative CPU time: 27 seconds 880 msec
Ended Job = job_1475401111718_0138
Launching Job 6 out of 8
Number of reduce tasks not specified. Defaulting to jobconf value of: 10
In order to change the average load for a reducer (in bytes):
  set hive.exec.reducers.bytes.per.reducer=<number>
In order to limit the maximum number of reducers:
  set hive.exec.reducers.max=<number>
In order to set a constant number of reducers:
  set mapreduce.job.reduces=<number>
Starting Job = job_1475401111718_0139, Tracking URL = http://vm1:8088/proxy/application_1475401111718_0139/
Kill Command = /home/ubuntu/software/hadoop-2.6.0/bin/hadoop job  -kill job_1475401111718_0139
Hadoop job information for Stage-4: number of mappers: 4; number of reducers: 10
2016-10-02 12:16:50,583 Stage-4 map = 0%,  reduce = 0%
2016-10-02 12:16:58,870 Stage-4 map = 100%,  reduce = 0%, Cumulative CPU 7.71 sec
2016-10-02 12:17:05,123 Stage-4 map = 100%,  reduce = 10%, Cumulative CPU 9.41 sec
2016-10-02 12:17:06,174 Stage-4 map = 100%,  reduce = 60%, Cumulative CPU 19.34 sec
2016-10-02 12:17:07,219 Stage-4 map = 100%,  reduce = 80%, Cumulative CPU 23.34 sec
2016-10-02 12:17:08,252 Stage-4 map = 100%,  reduce = 100%, Cumulative CPU 27.33 sec
MapReduce Total cumulative CPU time: 27 seconds 330 msec
Ended Job = job_1475401111718_0139
Launching Job 7 out of 8
Number of reduce tasks determined at compile time: 1
In order to change the average load for a reducer (in bytes):
  set hive.exec.reducers.bytes.per.reducer=<number>
In order to limit the maximum number of reducers:
  set hive.exec.reducers.max=<number>
In order to set a constant number of reducers:
  set mapreduce.job.reduces=<number>
Starting Job = job_1475401111718_0140, Tracking URL = http://vm1:8088/proxy/application_1475401111718_0140/
Kill Command = /home/ubuntu/software/hadoop-2.6.0/bin/hadoop job  -kill job_1475401111718_0140
Hadoop job information for Stage-5: number of mappers: 4; number of reducers: 1
2016-10-02 12:17:15,142 Stage-5 map = 0%,  reduce = 0%
2016-10-02 12:17:23,596 Stage-5 map = 25%,  reduce = 0%, Cumulative CPU 1.88 sec
2016-10-02 12:17:24,638 Stage-5 map = 100%,  reduce = 0%, Cumulative CPU 7.72 sec
2016-10-02 12:17:30,848 Stage-5 map = 100%,  reduce = 100%, Cumulative CPU 9.39 sec
MapReduce Total cumulative CPU time: 9 seconds 390 msec
Ended Job = job_1475401111718_0140
MapReduce Jobs Launched: 
Stage-Stage-11: Map: 26   Cumulative CPU: 230.89 sec   HDFS Read: 7607676612 HDFS Write: 1850142725 SUCCESS
Stage-Stage-8: Map: 7   Cumulative CPU: 51.54 sec   HDFS Read: 1850232868 HDFS Write: 8219286 SUCCESS
Stage-Stage-3: Map: 4  Reduce: 10   Cumulative CPU: 27.88 sec   HDFS Read: 8261007 HDFS Write: 1533842 SUCCESS
Stage-Stage-4: Map: 4  Reduce: 10   Cumulative CPU: 27.33 sec   HDFS Read: 1605946 HDFS Write: 1608506 SUCCESS
Stage-Stage-5: Map: 4  Reduce: 1   Cumulative CPU: 9.39 sec   HDFS Read: 1624181 HDFS Write: 18517 SUCCESS
Total MapReduce CPU Time Spent: 5 minutes 47 seconds 30 msec
OK
Time taken: 178.487 seconds, Fetched: 100 row(s)
37.06user 3.11system 3:06.36elapsed 21%CPU (0avgtext+0avgdata 1140136maxresident)k
114440inputs+315248outputs (110major+163223minor)pagefaults 0swaps
