
Logging initialized using configuration in jar:file:/home/ubuntu/software/hive-1.2.1/lib/hive-common-1.2.1.jar!/hive-log4j.properties
Hive history file=/tmp/ubuntu/hive_job_log_20c53212-4399-4834-b7d0-dd7edbfae83c_2142906172.txt
SLF4J: Class path contains multiple SLF4J bindings.
SLF4J: Found binding in [jar:file:/home/ubuntu/software/tez-0.7.1-SNAPSHOT-minimal/lib/slf4j-log4j12-1.7.5.jar!/org/slf4j/impl/StaticLoggerBinder.class]
SLF4J: Found binding in [jar:file:/home/ubuntu/software/hadoop-2.6.0/share/hadoop/common/lib/slf4j-log4j12-1.7.5.jar!/org/slf4j/impl/StaticLoggerBinder.class]
SLF4J: See http://www.slf4j.org/codes.html#multiple_bindings for an explanation.
SLF4J: Actual binding is of type [org.slf4j.impl.Log4jLoggerFactory]
OK
Time taken: 1.062 seconds
Query ID = ubuntu_20161001093637_0bbe66b5-a577-467c-98d6-29a67391a7da
Total jobs = 11
Stage-29 is selected by condition resolver.
Stage-1 is filtered out by condition resolver.
Stage-30 is selected by condition resolver.
Stage-7 is filtered out by condition resolver.
Stage-31 is selected by condition resolver.
Stage-9 is filtered out by condition resolver.
SLF4J: Class path contains multiple SLF4J bindings.
SLF4J: Found binding in [jar:file:/home/ubuntu/software/tez-0.7.1-SNAPSHOT-minimal/lib/slf4j-log4j12-1.7.5.jar!/org/slf4j/impl/StaticLoggerBinder.class]
SLF4J: Found binding in [jar:file:/home/ubuntu/software/hadoop-2.6.0/share/hadoop/common/lib/slf4j-log4j12-1.7.5.jar!/org/slf4j/impl/StaticLoggerBinder.class]
SLF4J: See http://www.slf4j.org/codes.html#multiple_bindings for an explanation.
SLF4J: Actual binding is of type [org.slf4j.impl.Log4jLoggerFactory]
Execution log at: /tmp/ubuntu/ubuntu_20161001093637_0bbe66b5-a577-467c-98d6-29a67391a7da.log
2016-10-01 09:36:44	Starting to launch local task to process map join;	maximum memory = 932184064
2016-10-01 09:36:46	Dump the side-table for tag: 1 with group count: 31 into file: file:/tmp/ubuntu/20c53212-4399-4834-b7d0-dd7edbfae83c/hive_2016-10-01_09-36-37_990_8514713486945825343-1/-local-10016/HashTable-Stage-17/MapJoin-mapfile31--.hashtable
2016-10-01 09:36:46	Uploaded 1 File to: file:/tmp/ubuntu/20c53212-4399-4834-b7d0-dd7edbfae83c/hive_2016-10-01_09-36-37_990_8514713486945825343-1/-local-10016/HashTable-Stage-17/MapJoin-mapfile31--.hashtable (914 bytes)
2016-10-01 09:36:46	End of local task; Time Taken: 1.754 sec.
Execution completed successfully
MapredLocal task succeeded
SLF4J: Class path contains multiple SLF4J bindings.
SLF4J: Found binding in [jar:file:/home/ubuntu/software/tez-0.7.1-SNAPSHOT-minimal/lib/slf4j-log4j12-1.7.5.jar!/org/slf4j/impl/StaticLoggerBinder.class]
SLF4J: Found binding in [jar:file:/home/ubuntu/software/hadoop-2.6.0/share/hadoop/common/lib/slf4j-log4j12-1.7.5.jar!/org/slf4j/impl/StaticLoggerBinder.class]
SLF4J: See http://www.slf4j.org/codes.html#multiple_bindings for an explanation.
SLF4J: Actual binding is of type [org.slf4j.impl.Log4jLoggerFactory]
Execution log at: /tmp/ubuntu/ubuntu_20161001093637_0bbe66b5-a577-467c-98d6-29a67391a7da.log
2016-10-01 09:36:49	Starting to launch local task to process map join;	maximum memory = 932184064
2016-10-01 09:36:51	Dump the side-table for tag: 1 with group count: 31 into file: file:/tmp/ubuntu/20c53212-4399-4834-b7d0-dd7edbfae83c/hive_2016-10-01_09-36-37_990_8514713486945825343-1/-local-10018/HashTable-Stage-20/MapJoin-mapfile51--.hashtable
2016-10-01 09:36:51	Uploaded 1 File to: file:/tmp/ubuntu/20c53212-4399-4834-b7d0-dd7edbfae83c/hive_2016-10-01_09-36-37_990_8514713486945825343-1/-local-10018/HashTable-Stage-20/MapJoin-mapfile51--.hashtable (914 bytes)
2016-10-01 09:36:51	End of local task; Time Taken: 1.273 sec.
Execution completed successfully
MapredLocal task succeeded
SLF4J: Class path contains multiple SLF4J bindings.
SLF4J: Found binding in [jar:file:/home/ubuntu/software/tez-0.7.1-SNAPSHOT-minimal/lib/slf4j-log4j12-1.7.5.jar!/org/slf4j/impl/StaticLoggerBinder.class]
SLF4J: Found binding in [jar:file:/home/ubuntu/software/hadoop-2.6.0/share/hadoop/common/lib/slf4j-log4j12-1.7.5.jar!/org/slf4j/impl/StaticLoggerBinder.class]
SLF4J: See http://www.slf4j.org/codes.html#multiple_bindings for an explanation.
SLF4J: Actual binding is of type [org.slf4j.impl.Log4jLoggerFactory]
Execution log at: /tmp/ubuntu/ubuntu_20161001093637_0bbe66b5-a577-467c-98d6-29a67391a7da.log
2016-10-01 09:36:54	Starting to launch local task to process map join;	maximum memory = 932184064
2016-10-01 09:36:56	Dump the side-table for tag: 1 with group count: 31 into file: file:/tmp/ubuntu/20c53212-4399-4834-b7d0-dd7edbfae83c/hive_2016-10-01_09-36-37_990_8514713486945825343-1/-local-10020/HashTable-Stage-23/MapJoin-mapfile71--.hashtable
2016-10-01 09:36:56	Uploaded 1 File to: file:/tmp/ubuntu/20c53212-4399-4834-b7d0-dd7edbfae83c/hive_2016-10-01_09-36-37_990_8514713486945825343-1/-local-10020/HashTable-Stage-23/MapJoin-mapfile71--.hashtable (914 bytes)
2016-10-01 09:36:56	End of local task; Time Taken: 1.544 sec.
Execution completed successfully
MapredLocal task succeeded
Launching Job 4 out of 11
Number of reduce tasks is set to 0 since there's no reduce operator
Starting Job = job_1475271333482_0135, Tracking URL = http://vm1:8088/proxy/application_1475271333482_0135/
Kill Command = /home/ubuntu/software/hadoop-2.6.0/bin/hadoop job  -kill job_1475271333482_0135
Hadoop job information for Stage-17: number of mappers: 26; number of reducers: 0
2016-10-01 09:37:06,358 Stage-17 map = 0%,  reduce = 0%
2016-10-01 09:37:19,014 Stage-17 map = 1%,  reduce = 0%, Cumulative CPU 17.09 sec
2016-10-01 09:37:20,052 Stage-17 map = 3%,  reduce = 0%, Cumulative CPU 50.22 sec
2016-10-01 09:37:22,134 Stage-17 map = 7%,  reduce = 0%, Cumulative CPU 71.77 sec
2016-10-01 09:37:24,218 Stage-17 map = 13%,  reduce = 0%, Cumulative CPU 78.42 sec
2016-10-01 09:37:25,261 Stage-17 map = 19%,  reduce = 0%, Cumulative CPU 80.56 sec
2016-10-01 09:37:26,306 Stage-17 map = 28%,  reduce = 0%, Cumulative CPU 83.59 sec
2016-10-01 09:37:27,351 Stage-17 map = 33%,  reduce = 0%, Cumulative CPU 86.87 sec
2016-10-01 09:37:28,392 Stage-17 map = 34%,  reduce = 0%, Cumulative CPU 88.71 sec
2016-10-01 09:37:31,518 Stage-17 map = 36%,  reduce = 0%, Cumulative CPU 96.23 sec
2016-10-01 09:37:32,569 Stage-17 map = 50%,  reduce = 0%, Cumulative CPU 101.51 sec
2016-10-01 09:37:33,621 Stage-17 map = 55%,  reduce = 0%, Cumulative CPU 103.21 sec
2016-10-01 09:37:34,667 Stage-17 map = 56%,  reduce = 0%, Cumulative CPU 103.49 sec
2016-10-01 09:37:35,709 Stage-17 map = 62%,  reduce = 0%, Cumulative CPU 104.79 sec
2016-10-01 09:37:39,886 Stage-17 map = 65%,  reduce = 0%, Cumulative CPU 107.39 sec
2016-10-01 09:37:41,966 Stage-17 map = 69%,  reduce = 0%, Cumulative CPU 117.33 sec
2016-10-01 09:37:43,006 Stage-17 map = 72%,  reduce = 0%, Cumulative CPU 135.49 sec
2016-10-01 09:37:44,048 Stage-17 map = 73%,  reduce = 0%, Cumulative CPU 143.9 sec
2016-10-01 09:37:45,089 Stage-17 map = 75%,  reduce = 0%, Cumulative CPU 149.52 sec
2016-10-01 09:37:46,129 Stage-17 map = 80%,  reduce = 0%, Cumulative CPU 152.12 sec
2016-10-01 09:37:47,168 Stage-17 map = 84%,  reduce = 0%, Cumulative CPU 154.44 sec
2016-10-01 09:37:49,250 Stage-17 map = 88%,  reduce = 0%, Cumulative CPU 157.3 sec
2016-10-01 09:37:50,297 Stage-17 map = 90%,  reduce = 0%, Cumulative CPU 159.61 sec
2016-10-01 09:37:51,345 Stage-17 map = 92%,  reduce = 0%, Cumulative CPU 160.71 sec
2016-10-01 09:37:53,426 Stage-17 map = 95%,  reduce = 0%, Cumulative CPU 163.26 sec
2016-10-01 09:37:54,470 Stage-17 map = 97%,  reduce = 0%, Cumulative CPU 163.85 sec
2016-10-01 09:37:55,510 Stage-17 map = 98%,  reduce = 0%, Cumulative CPU 164.5 sec
2016-10-01 09:37:56,547 Stage-17 map = 100%,  reduce = 0%, Cumulative CPU 165.8 sec
MapReduce Total cumulative CPU time: 2 minutes 45 seconds 800 msec
Ended Job = job_1475271333482_0135
Launching Job 5 out of 11
Number of reduce tasks is set to 0 since there's no reduce operator
Starting Job = job_1475271333482_0136, Tracking URL = http://vm1:8088/proxy/application_1475271333482_0136/
Kill Command = /home/ubuntu/software/hadoop-2.6.0/bin/hadoop job  -kill job_1475271333482_0136
Hadoop job information for Stage-20: number of mappers: 51; number of reducers: 0
2016-10-01 09:38:02,659 Stage-20 map = 0%,  reduce = 0%
2016-10-01 09:38:15,182 Stage-20 map = 4%,  reduce = 0%, Cumulative CPU 49.79 sec
2016-10-01 09:38:21,422 Stage-20 map = 14%,  reduce = 0%, Cumulative CPU 67.89 sec
2016-10-01 09:38:24,521 Stage-20 map = 18%,  reduce = 0%, Cumulative CPU 75.96 sec
2016-10-01 09:38:28,656 Stage-20 map = 20%,  reduce = 0%, Cumulative CPU 86.4 sec
2016-10-01 09:38:29,717 Stage-20 map = 30%,  reduce = 0%, Cumulative CPU 95.15 sec
2016-10-01 09:38:30,769 Stage-20 map = 31%,  reduce = 0%, Cumulative CPU 97.65 sec
2016-10-01 09:38:38,073 Stage-20 map = 32%,  reduce = 0%, Cumulative CPU 103.77 sec
2016-10-01 09:38:39,109 Stage-20 map = 33%,  reduce = 0%, Cumulative CPU 113.69 sec
2016-10-01 09:38:41,189 Stage-20 map = 35%,  reduce = 0%, Cumulative CPU 138.36 sec
2016-10-01 09:38:42,233 Stage-20 map = 37%,  reduce = 0%, Cumulative CPU 148.69 sec
2016-10-01 09:38:44,302 Stage-20 map = 38%,  reduce = 0%, Cumulative CPU 153.34 sec
2016-10-01 09:38:45,335 Stage-20 map = 39%,  reduce = 0%, Cumulative CPU 156.16 sec
2016-10-01 09:38:47,399 Stage-20 map = 45%,  reduce = 0%, Cumulative CPU 160.65 sec
2016-10-01 09:38:48,433 Stage-20 map = 49%,  reduce = 0%, Cumulative CPU 164.74 sec
2016-10-01 09:38:49,471 Stage-20 map = 51%,  reduce = 0%, Cumulative CPU 166.24 sec
2016-10-01 09:38:50,516 Stage-20 map = 52%,  reduce = 0%, Cumulative CPU 172.78 sec
2016-10-01 09:38:51,559 Stage-20 map = 53%,  reduce = 0%, Cumulative CPU 173.32 sec
2016-10-01 09:38:52,604 Stage-20 map = 57%,  reduce = 0%, Cumulative CPU 177.13 sec
2016-10-01 09:38:53,654 Stage-20 map = 62%,  reduce = 0%, Cumulative CPU 183.2 sec
2016-10-01 09:38:55,751 Stage-20 map = 63%,  reduce = 0%, Cumulative CPU 184.41 sec
2016-10-01 09:38:57,853 Stage-20 map = 64%,  reduce = 0%, Cumulative CPU 187.91 sec
2016-10-01 09:38:58,899 Stage-20 map = 65%,  reduce = 0%, Cumulative CPU 191.63 sec
2016-10-01 09:39:00,989 Stage-20 map = 66%,  reduce = 0%, Cumulative CPU 201.91 sec
2016-10-01 09:39:03,055 Stage-20 map = 67%,  reduce = 0%, Cumulative CPU 217.02 sec
2016-10-01 09:39:04,087 Stage-20 map = 69%,  reduce = 0%, Cumulative CPU 226.69 sec
2016-10-01 09:39:06,148 Stage-20 map = 71%,  reduce = 0%, Cumulative CPU 238.16 sec
2016-10-01 09:39:07,180 Stage-20 map = 72%,  reduce = 0%, Cumulative CPU 240.28 sec
2016-10-01 09:39:09,271 Stage-20 map = 74%,  reduce = 0%, Cumulative CPU 243.85 sec
2016-10-01 09:39:10,302 Stage-20 map = 75%,  reduce = 0%, Cumulative CPU 246.31 sec
2016-10-01 09:39:12,365 Stage-20 map = 78%,  reduce = 0%, Cumulative CPU 251.09 sec
2016-10-01 09:39:13,396 Stage-20 map = 79%,  reduce = 0%, Cumulative CPU 252.99 sec
2016-10-01 09:39:15,455 Stage-20 map = 81%,  reduce = 0%, Cumulative CPU 254.99 sec
2016-10-01 09:39:16,490 Stage-20 map = 83%,  reduce = 0%, Cumulative CPU 261.33 sec
2016-10-01 09:39:17,531 Stage-20 map = 84%,  reduce = 0%, Cumulative CPU 261.63 sec
2016-10-01 09:39:18,563 Stage-20 map = 85%,  reduce = 0%, Cumulative CPU 263.45 sec
2016-10-01 09:39:19,604 Stage-20 map = 87%,  reduce = 0%, Cumulative CPU 268.26 sec
2016-10-01 09:39:22,696 Stage-20 map = 88%,  reduce = 0%, Cumulative CPU 273.05 sec
2016-10-01 09:39:24,758 Stage-20 map = 89%,  reduce = 0%, Cumulative CPU 275.86 sec
2016-10-01 09:39:25,792 Stage-20 map = 91%,  reduce = 0%, Cumulative CPU 278.25 sec
2016-10-01 09:39:26,833 Stage-20 map = 94%,  reduce = 0%, Cumulative CPU 280.62 sec
2016-10-01 09:39:27,866 Stage-20 map = 97%,  reduce = 0%, Cumulative CPU 284.48 sec
2016-10-01 09:39:28,902 Stage-20 map = 98%,  reduce = 0%, Cumulative CPU 285.35 sec
2016-10-01 09:39:29,937 Stage-20 map = 100%,  reduce = 0%, Cumulative CPU 287.28 sec
MapReduce Total cumulative CPU time: 4 minutes 47 seconds 280 msec
Ended Job = job_1475271333482_0136
Launching Job 6 out of 11
Number of reduce tasks is set to 0 since there's no reduce operator
Starting Job = job_1475271333482_0137, Tracking URL = http://vm1:8088/proxy/application_1475271333482_0137/
Kill Command = /home/ubuntu/software/hadoop-2.6.0/bin/hadoop job  -kill job_1475271333482_0137
Hadoop job information for Stage-23: number of mappers: 75; number of reducers: 0
2016-10-01 09:39:36,779 Stage-23 map = 0%,  reduce = 0%
2016-10-01 09:39:52,376 Stage-23 map = 8%,  reduce = 0%, Cumulative CPU 81.87 sec
2016-10-01 09:39:55,467 Stage-23 map = 10%,  reduce = 0%, Cumulative CPU 92.89 sec
2016-10-01 09:39:56,500 Stage-23 map = 11%,  reduce = 0%, Cumulative CPU 93.61 sec
2016-10-01 09:39:59,592 Stage-23 map = 13%,  reduce = 0%, Cumulative CPU 104.87 sec
2016-10-01 09:40:00,642 Stage-23 map = 19%,  reduce = 0%, Cumulative CPU 109.39 sec
2016-10-01 09:40:01,695 Stage-23 map = 21%,  reduce = 0%, Cumulative CPU 112.15 sec
2016-10-01 09:40:09,004 Stage-23 map = 22%,  reduce = 0%, Cumulative CPU 117.25 sec
2016-10-01 09:40:10,145 Stage-23 map = 23%,  reduce = 0%, Cumulative CPU 131.79 sec
2016-10-01 09:40:14,304 Stage-23 map = 25%,  reduce = 0%, Cumulative CPU 188.44 sec
2016-10-01 09:40:15,337 Stage-23 map = 27%,  reduce = 0%, Cumulative CPU 192.38 sec
2016-10-01 09:40:17,397 Stage-23 map = 28%,  reduce = 0%, Cumulative CPU 199.35 sec
2016-10-01 09:40:18,429 Stage-23 map = 31%,  reduce = 0%, Cumulative CPU 203.11 sec
2016-10-01 09:40:19,467 Stage-23 map = 33%,  reduce = 0%, Cumulative CPU 207.19 sec
2016-10-01 09:40:20,501 Stage-23 map = 35%,  reduce = 0%, Cumulative CPU 209.35 sec
2016-10-01 09:40:22,582 Stage-23 map = 39%,  reduce = 0%, Cumulative CPU 218.35 sec
2016-10-01 09:40:23,625 Stage-23 map = 43%,  reduce = 0%, Cumulative CPU 221.68 sec
2016-10-01 09:40:27,839 Stage-23 map = 45%,  reduce = 0%, Cumulative CPU 233.36 sec
2016-10-01 09:40:28,901 Stage-23 map = 46%,  reduce = 0%, Cumulative CPU 239.67 sec
2016-10-01 09:40:32,006 Stage-23 map = 47%,  reduce = 0%, Cumulative CPU 255.48 sec
2016-10-01 09:40:34,080 Stage-23 map = 48%,  reduce = 0%, Cumulative CPU 292.09 sec
2016-10-01 09:40:35,116 Stage-23 map = 49%,  reduce = 0%, Cumulative CPU 302.88 sec
2016-10-01 09:40:36,149 Stage-23 map = 50%,  reduce = 0%, Cumulative CPU 304.42 sec
2016-10-01 09:40:37,189 Stage-23 map = 53%,  reduce = 0%, Cumulative CPU 308.53 sec
2016-10-01 09:40:40,281 Stage-23 map = 55%,  reduce = 0%, Cumulative CPU 326.95 sec
2016-10-01 09:40:41,310 Stage-23 map = 58%,  reduce = 0%, Cumulative CPU 329.59 sec
2016-10-01 09:40:42,352 Stage-23 map = 60%,  reduce = 0%, Cumulative CPU 332.09 sec
2016-10-01 09:40:43,401 Stage-23 map = 62%,  reduce = 0%, Cumulative CPU 336.75 sec
2016-10-01 09:40:44,501 Stage-23 map = 65%,  reduce = 0%, Cumulative CPU 345.85 sec
2016-10-01 09:40:45,546 Stage-23 map = 67%,  reduce = 0%, Cumulative CPU 347.83 sec
2016-10-01 09:40:48,661 Stage-23 map = 68%,  reduce = 0%, Cumulative CPU 350.0 sec
2016-10-01 09:40:49,701 Stage-23 map = 69%,  reduce = 0%, Cumulative CPU 361.23 sec
2016-10-01 09:40:51,771 Stage-23 map = 71%,  reduce = 0%, Cumulative CPU 372.59 sec
2016-10-01 09:40:54,869 Stage-23 map = 72%,  reduce = 0%, Cumulative CPU 400.25 sec
2016-10-01 09:40:55,900 Stage-23 map = 73%,  reduce = 0%, Cumulative CPU 417.37 sec
2016-10-01 09:40:56,938 Stage-23 map = 74%,  reduce = 0%, Cumulative CPU 422.76 sec
2016-10-01 09:40:59,011 Stage-23 map = 75%,  reduce = 0%, Cumulative CPU 432.49 sec
2016-10-01 09:41:01,063 Stage-23 map = 76%,  reduce = 0%, Cumulative CPU 436.9 sec
2016-10-01 09:41:02,090 Stage-23 map = 77%,  reduce = 0%, Cumulative CPU 444.11 sec
2016-10-01 09:41:03,122 Stage-23 map = 79%,  reduce = 0%, Cumulative CPU 446.15 sec
2016-10-01 09:41:04,152 Stage-23 map = 81%,  reduce = 0%, Cumulative CPU 449.14 sec
2016-10-01 09:41:05,181 Stage-23 map = 83%,  reduce = 0%, Cumulative CPU 454.55 sec
2016-10-01 09:41:08,273 Stage-23 map = 85%,  reduce = 0%, Cumulative CPU 463.33 sec
2016-10-01 09:41:10,328 Stage-23 map = 86%,  reduce = 0%, Cumulative CPU 466.4 sec
2016-10-01 09:41:11,358 Stage-23 map = 87%,  reduce = 0%, Cumulative CPU 471.6 sec
2016-10-01 09:41:19,580 Stage-23 map = 89%,  reduce = 0%, Cumulative CPU 499.56 sec
2016-10-01 09:41:20,609 Stage-23 map = 92%,  reduce = 0%, Cumulative CPU 501.81 sec
2016-10-01 09:41:21,641 Stage-23 map = 95%,  reduce = 0%, Cumulative CPU 503.84 sec
2016-10-01 09:41:25,745 Stage-23 map = 97%,  reduce = 0%, Cumulative CPU 510.92 sec
2016-10-01 09:41:27,796 Stage-23 map = 99%,  reduce = 0%, Cumulative CPU 513.86 sec
2016-10-01 09:41:29,851 Stage-23 map = 100%,  reduce = 0%, Cumulative CPU 515.2 sec
MapReduce Total cumulative CPU time: 8 minutes 35 seconds 200 msec
Ended Job = job_1475271333482_0137
Stage-27 is filtered out by condition resolver.
Stage-28 is selected by condition resolver.
Stage-2 is filtered out by condition resolver.
SLF4J: Class path contains multiple SLF4J bindings.
SLF4J: Found binding in [jar:file:/home/ubuntu/software/tez-0.7.1-SNAPSHOT-minimal/lib/slf4j-log4j12-1.7.5.jar!/org/slf4j/impl/StaticLoggerBinder.class]
SLF4J: Found binding in [jar:file:/home/ubuntu/software/hadoop-2.6.0/share/hadoop/common/lib/slf4j-log4j12-1.7.5.jar!/org/slf4j/impl/StaticLoggerBinder.class]
SLF4J: See http://www.slf4j.org/codes.html#multiple_bindings for an explanation.
SLF4J: Actual binding is of type [org.slf4j.impl.Log4jLoggerFactory]
Execution log at: /tmp/ubuntu/ubuntu_20161001093637_0bbe66b5-a577-467c-98d6-29a67391a7da.log
2016-10-01 09:41:34	Starting to launch local task to process map join;	maximum memory = 932184064
2016-10-01 09:41:35	Dump the side-table for tag: 0 with group count: 1133 into file: file:/tmp/ubuntu/20c53212-4399-4834-b7d0-dd7edbfae83c/hive_2016-10-01_09-36-37_990_8514713486945825343-1/-local-10014/HashTable-Stage-15/MapJoin-mapfile20--.hashtable
2016-10-01 09:41:35	Uploaded 1 File to: file:/tmp/ubuntu/20c53212-4399-4834-b7d0-dd7edbfae83c/hive_2016-10-01_09-36-37_990_8514713486945825343-1/-local-10014/HashTable-Stage-15/MapJoin-mapfile20--.hashtable (48343 bytes)
2016-10-01 09:41:35	End of local task; Time Taken: 1.636 sec.
Execution completed successfully
MapredLocal task succeeded
Launching Job 8 out of 11
Number of reduce tasks is set to 0 since there's no reduce operator
Starting Job = job_1475271333482_0138, Tracking URL = http://vm1:8088/proxy/application_1475271333482_0138/
Kill Command = /home/ubuntu/software/hadoop-2.6.0/bin/hadoop job  -kill job_1475271333482_0138
Hadoop job information for Stage-15: number of mappers: 12; number of reducers: 0
2016-10-01 09:41:41,241 Stage-15 map = 0%,  reduce = 0%
2016-10-01 09:41:49,569 Stage-15 map = 17%,  reduce = 0%, Cumulative CPU 2.53 sec
2016-10-01 09:41:50,620 Stage-15 map = 42%,  reduce = 0%, Cumulative CPU 10.66 sec
2016-10-01 09:41:51,660 Stage-15 map = 58%,  reduce = 0%, Cumulative CPU 17.71 sec
2016-10-01 09:41:52,699 Stage-15 map = 83%,  reduce = 0%, Cumulative CPU 32.48 sec
2016-10-01 09:41:53,735 Stage-15 map = 95%,  reduce = 0%, Cumulative CPU 44.21 sec
2016-10-01 09:41:54,774 Stage-15 map = 100%,  reduce = 0%, Cumulative CPU 45.25 sec
MapReduce Total cumulative CPU time: 45 seconds 250 msec
Ended Job = job_1475271333482_0138
SLF4J: Class path contains multiple SLF4J bindings.
SLF4J: Found binding in [jar:file:/home/ubuntu/software/tez-0.7.1-SNAPSHOT-minimal/lib/slf4j-log4j12-1.7.5.jar!/org/slf4j/impl/StaticLoggerBinder.class]
SLF4J: Found binding in [jar:file:/home/ubuntu/software/hadoop-2.6.0/share/hadoop/common/lib/slf4j-log4j12-1.7.5.jar!/org/slf4j/impl/StaticLoggerBinder.class]
SLF4J: See http://www.slf4j.org/codes.html#multiple_bindings for an explanation.
SLF4J: Actual binding is of type [org.slf4j.impl.Log4jLoggerFactory]
Execution log at: /tmp/ubuntu/ubuntu_20161001093637_0bbe66b5-a577-467c-98d6-29a67391a7da.log
2016-10-01 09:41:58	Starting to launch local task to process map join;	maximum memory = 932184064
2016-10-01 09:42:00	Dump the side-table for tag: 1 with group count: 25200 into file: file:/tmp/ubuntu/20c53212-4399-4834-b7d0-dd7edbfae83c/hive_2016-10-01_09-36-37_990_8514713486945825343-1/-local-10010/HashTable-Stage-4/MapJoin-mapfile01--.hashtable
2016-10-01 09:42:00	Uploaded 1 File to: file:/tmp/ubuntu/20c53212-4399-4834-b7d0-dd7edbfae83c/hive_2016-10-01_09-36-37_990_8514713486945825343-1/-local-10010/HashTable-Stage-4/MapJoin-mapfile01--.hashtable (589187 bytes)
2016-10-01 09:42:00	End of local task; Time Taken: 1.843 sec.
Execution completed successfully
MapredLocal task succeeded
Launching Job 9 out of 11
Number of reduce tasks not specified. Estimated from input data size: 1
In order to change the average load for a reducer (in bytes):
  set hive.exec.reducers.bytes.per.reducer=<number>
In order to limit the maximum number of reducers:
  set hive.exec.reducers.max=<number>
In order to set a constant number of reducers:
  set mapreduce.job.reduces=<number>
Starting Job = job_1475271333482_0139, Tracking URL = http://vm1:8088/proxy/application_1475271333482_0139/
Kill Command = /home/ubuntu/software/hadoop-2.6.0/bin/hadoop job  -kill job_1475271333482_0139
Hadoop job information for Stage-4: number of mappers: 3; number of reducers: 1
2016-10-01 09:42:06,231 Stage-4 map = 0%,  reduce = 0%
2016-10-01 09:42:15,550 Stage-4 map = 67%,  reduce = 0%, Cumulative CPU 7.98 sec
2016-10-01 09:42:16,586 Stage-4 map = 100%,  reduce = 0%, Cumulative CPU 12.22 sec
2016-10-01 09:42:22,808 Stage-4 map = 100%,  reduce = 100%, Cumulative CPU 15.53 sec
MapReduce Total cumulative CPU time: 15 seconds 530 msec
Ended Job = job_1475271333482_0139
Launching Job 10 out of 11
Number of reduce tasks determined at compile time: 1
In order to change the average load for a reducer (in bytes):
  set hive.exec.reducers.bytes.per.reducer=<number>
In order to limit the maximum number of reducers:
  set hive.exec.reducers.max=<number>
In order to set a constant number of reducers:
  set mapreduce.job.reduces=<number>
Starting Job = job_1475271333482_0140, Tracking URL = http://vm1:8088/proxy/application_1475271333482_0140/
Kill Command = /home/ubuntu/software/hadoop-2.6.0/bin/hadoop job  -kill job_1475271333482_0140
Hadoop job information for Stage-5: number of mappers: 1; number of reducers: 1
2016-10-01 09:42:28,595 Stage-5 map = 0%,  reduce = 0%
2016-10-01 09:42:34,814 Stage-5 map = 100%,  reduce = 0%, Cumulative CPU 3.07 sec
2016-10-01 09:42:41,013 Stage-5 map = 100%,  reduce = 100%, Cumulative CPU 5.93 sec
MapReduce Total cumulative CPU time: 5 seconds 930 msec
Ended Job = job_1475271333482_0140
MapReduce Jobs Launched: 
Stage-Stage-17: Map: 26   Cumulative CPU: 165.8 sec   HDFS Read: 7607695644 HDFS Write: 33559290 SUCCESS
Stage-Stage-20: Map: 51   Cumulative CPU: 287.28 sec   HDFS Read: 15206654825 HDFS Write: 66584461 SUCCESS
Stage-Stage-23: Map: 75   Cumulative CPU: 515.2 sec   HDFS Read: 20137314565 HDFS Write: 124611193 SUCCESS
Stage-Stage-15: Map: 12   Cumulative CPU: 45.25 sec   HDFS Read: 224890044 HDFS Write: 6872284 SUCCESS
Stage-Stage-4: Map: 3  Reduce: 1   Cumulative CPU: 15.53 sec   HDFS Read: 6905923 HDFS Write: 1797898 SUCCESS
Stage-Stage-5: Map: 1  Reduce: 1   Cumulative CPU: 5.93 sec   HDFS Read: 1803108 HDFS Write: 1756938 SUCCESS
Total MapReduce CPU Time Spent: 17 minutes 14 seconds 990 msec
OK
Time taken: 365.141 seconds, Fetched: 36951 row(s)
65.26user 6.82system 6:12.95elapsed 19%CPU (0avgtext+0avgdata 1144260maxresident)k
115088inputs+784896outputs (111major+278472minor)pagefaults 0swaps
