
Logging initialized using configuration in jar:file:/home/ubuntu/software/hive-1.2.1/lib/hive-common-1.2.1.jar!/hive-log4j.properties
Hive history file=/tmp/ubuntu/hive_job_log_af4f33af-23b4-4295-8d04-b0a24ab9fd7c_1869029378.txt
SLF4J: Class path contains multiple SLF4J bindings.
SLF4J: Found binding in [jar:file:/home/ubuntu/software/tez-0.7.1-SNAPSHOT-minimal/lib/slf4j-log4j12-1.7.5.jar!/org/slf4j/impl/StaticLoggerBinder.class]
SLF4J: Found binding in [jar:file:/home/ubuntu/software/hadoop-2.6.0/share/hadoop/common/lib/slf4j-log4j12-1.7.5.jar!/org/slf4j/impl/StaticLoggerBinder.class]
SLF4J: See http://www.slf4j.org/codes.html#multiple_bindings for an explanation.
SLF4J: Actual binding is of type [org.slf4j.impl.Log4jLoggerFactory]
OK
Time taken: 1.046 seconds
Query ID = ubuntu_20161001063827_8f9b70d9-5f00-4eda-9c60-a82c655c9a88
Total jobs = 8
Stage-16 is selected by condition resolver.
Stage-1 is filtered out by condition resolver.
SLF4J: Class path contains multiple SLF4J bindings.
SLF4J: Found binding in [jar:file:/home/ubuntu/software/tez-0.7.1-SNAPSHOT-minimal/lib/slf4j-log4j12-1.7.5.jar!/org/slf4j/impl/StaticLoggerBinder.class]
SLF4J: Found binding in [jar:file:/home/ubuntu/software/hadoop-2.6.0/share/hadoop/common/lib/slf4j-log4j12-1.7.5.jar!/org/slf4j/impl/StaticLoggerBinder.class]
SLF4J: See http://www.slf4j.org/codes.html#multiple_bindings for an explanation.
SLF4J: Actual binding is of type [org.slf4j.impl.Log4jLoggerFactory]
Execution log at: /tmp/ubuntu/ubuntu_20161001063827_8f9b70d9-5f00-4eda-9c60-a82c655c9a88.log
2016-10-01 06:38:33	Starting to launch local task to process map join;	maximum memory = 932184064
2016-10-01 06:38:35	Dump the side-table for tag: 1 with group count: 18445 into file: file:/tmp/ubuntu/af4f33af-23b4-4295-8d04-b0a24ab9fd7c/hive_2016-10-01_06-38-27_678_4836953186011282553-1/-local-10012/HashTable-Stage-11/MapJoin-mapfile21--.hashtable
2016-10-01 06:38:35	Uploaded 1 File to: file:/tmp/ubuntu/af4f33af-23b4-4295-8d04-b0a24ab9fd7c/hive_2016-10-01_06-38-27_678_4836953186011282553-1/-local-10012/HashTable-Stage-11/MapJoin-mapfile21--.hashtable (2960337 bytes)
2016-10-01 06:38:35	End of local task; Time Taken: 2.128 sec.
Execution completed successfully
MapredLocal task succeeded
Launching Job 2 out of 8
Number of reduce tasks is set to 0 since there's no reduce operator
Starting Job = job_1475271333482_0058, Tracking URL = http://vm1:8088/proxy/application_1475271333482_0058/
Kill Command = /home/ubuntu/software/hadoop-2.6.0/bin/hadoop job  -kill job_1475271333482_0058
Hadoop job information for Stage-11: number of mappers: 26; number of reducers: 0
2016-10-01 06:38:45,693 Stage-11 map = 0%,  reduce = 0%
2016-10-01 06:38:58,460 Stage-11 map = 1%,  reduce = 0%, Cumulative CPU 19.62 sec
2016-10-01 06:38:59,508 Stage-11 map = 3%,  reduce = 0%, Cumulative CPU 77.63 sec
2016-10-01 06:39:03,729 Stage-11 map = 5%,  reduce = 0%, Cumulative CPU 91.58 sec
2016-10-01 06:39:04,772 Stage-11 map = 14%,  reduce = 0%, Cumulative CPU 95.61 sec
2016-10-01 06:39:05,811 Stage-11 map = 32%,  reduce = 0%, Cumulative CPU 103.84 sec
2016-10-01 06:39:07,914 Stage-11 map = 34%,  reduce = 0%, Cumulative CPU 111.75 sec
2016-10-01 06:39:12,097 Stage-11 map = 36%,  reduce = 0%, Cumulative CPU 130.69 sec
2016-10-01 06:39:13,141 Stage-11 map = 50%,  reduce = 0%, Cumulative CPU 135.33 sec
2016-10-01 06:39:14,186 Stage-11 map = 58%,  reduce = 0%, Cumulative CPU 140.52 sec
2016-10-01 06:39:15,242 Stage-11 map = 60%,  reduce = 0%, Cumulative CPU 140.61 sec
2016-10-01 06:39:17,329 Stage-11 map = 62%,  reduce = 0%, Cumulative CPU 140.99 sec
2016-10-01 06:39:21,490 Stage-11 map = 65%,  reduce = 0%, Cumulative CPU 144.44 sec
2016-10-01 06:39:22,531 Stage-11 map = 66%,  reduce = 0%, Cumulative CPU 156.3 sec
2016-10-01 06:39:23,576 Stage-11 map = 67%,  reduce = 0%, Cumulative CPU 179.12 sec
2016-10-01 06:39:26,680 Stage-11 map = 71%,  reduce = 0%, Cumulative CPU 194.3 sec
2016-10-01 06:39:28,765 Stage-11 map = 73%,  reduce = 0%, Cumulative CPU 197.33 sec
2016-10-01 06:39:29,803 Stage-11 map = 76%,  reduce = 0%, Cumulative CPU 201.68 sec
2016-10-01 06:39:31,902 Stage-11 map = 82%,  reduce = 0%, Cumulative CPU 204.79 sec
2016-10-01 06:39:32,940 Stage-11 map = 84%,  reduce = 0%, Cumulative CPU 206.47 sec
2016-10-01 06:39:33,980 Stage-11 map = 86%,  reduce = 0%, Cumulative CPU 207.47 sec
2016-10-01 06:39:36,057 Stage-11 map = 90%,  reduce = 0%, Cumulative CPU 214.79 sec
2016-10-01 06:39:38,129 Stage-11 map = 93%,  reduce = 0%, Cumulative CPU 218.78 sec
2016-10-01 06:39:39,167 Stage-11 map = 95%,  reduce = 0%, Cumulative CPU 220.96 sec
2016-10-01 06:39:40,207 Stage-11 map = 97%,  reduce = 0%, Cumulative CPU 221.66 sec
2016-10-01 06:39:41,242 Stage-11 map = 100%,  reduce = 0%, Cumulative CPU 223.33 sec
MapReduce Total cumulative CPU time: 3 minutes 43 seconds 330 msec
Ended Job = job_1475271333482_0058
Stage-14 is selected by condition resolver.
Stage-15 is filtered out by condition resolver.
Stage-2 is filtered out by condition resolver.
SLF4J: Class path contains multiple SLF4J bindings.
SLF4J: Found binding in [jar:file:/home/ubuntu/software/tez-0.7.1-SNAPSHOT-minimal/lib/slf4j-log4j12-1.7.5.jar!/org/slf4j/impl/StaticLoggerBinder.class]
SLF4J: Found binding in [jar:file:/home/ubuntu/software/hadoop-2.6.0/share/hadoop/common/lib/slf4j-log4j12-1.7.5.jar!/org/slf4j/impl/StaticLoggerBinder.class]
SLF4J: See http://www.slf4j.org/codes.html#multiple_bindings for an explanation.
SLF4J: Actual binding is of type [org.slf4j.impl.Log4jLoggerFactory]
Execution log at: /tmp/ubuntu/ubuntu_20161001063827_8f9b70d9-5f00-4eda-9c60-a82c655c9a88.log
2016-10-01 06:39:45	Starting to launch local task to process map join;	maximum memory = 932184064
2016-10-01 06:39:47	Dump the side-table for tag: 1 with group count: 31 into file: file:/tmp/ubuntu/af4f33af-23b4-4295-8d04-b0a24ab9fd7c/hive_2016-10-01_06-38-27_678_4836953186011282553-1/-local-10008/HashTable-Stage-8/MapJoin-mapfile01--.hashtable
2016-10-01 06:39:47	Uploaded 1 File to: file:/tmp/ubuntu/af4f33af-23b4-4295-8d04-b0a24ab9fd7c/hive_2016-10-01_06-38-27_678_4836953186011282553-1/-local-10008/HashTable-Stage-8/MapJoin-mapfile01--.hashtable (1288 bytes)
2016-10-01 06:39:47	End of local task; Time Taken: 1.859 sec.
Execution completed successfully
MapredLocal task succeeded
Launching Job 4 out of 8
Number of reduce tasks is set to 0 since there's no reduce operator
Starting Job = job_1475271333482_0059, Tracking URL = http://vm1:8088/proxy/application_1475271333482_0059/
Kill Command = /home/ubuntu/software/hadoop-2.6.0/bin/hadoop job  -kill job_1475271333482_0059
Hadoop job information for Stage-8: number of mappers: 7; number of reducers: 0
2016-10-01 06:39:52,772 Stage-8 map = 0%,  reduce = 0%
2016-10-01 06:40:03,093 Stage-8 map = 36%,  reduce = 0%, Cumulative CPU 22.14 sec
2016-10-01 06:40:04,127 Stage-8 map = 57%,  reduce = 0%, Cumulative CPU 28.04 sec
2016-10-01 06:40:05,160 Stage-8 map = 79%,  reduce = 0%, Cumulative CPU 46.3 sec
2016-10-01 06:40:07,227 Stage-8 map = 100%,  reduce = 0%, Cumulative CPU 52.83 sec
MapReduce Total cumulative CPU time: 52 seconds 830 msec
Ended Job = job_1475271333482_0059
Launching Job 5 out of 8
Number of reduce tasks not specified. Estimated from input data size: 1
In order to change the average load for a reducer (in bytes):
  set hive.exec.reducers.bytes.per.reducer=<number>
In order to limit the maximum number of reducers:
  set hive.exec.reducers.max=<number>
In order to set a constant number of reducers:
  set mapreduce.job.reduces=<number>
Starting Job = job_1475271333482_0060, Tracking URL = http://vm1:8088/proxy/application_1475271333482_0060/
Kill Command = /home/ubuntu/software/hadoop-2.6.0/bin/hadoop job  -kill job_1475271333482_0060
Hadoop job information for Stage-3: number of mappers: 4; number of reducers: 1
2016-10-01 06:40:14,149 Stage-3 map = 0%,  reduce = 0%
2016-10-01 06:40:23,516 Stage-3 map = 75%,  reduce = 0%, Cumulative CPU 6.95 sec
2016-10-01 06:40:24,553 Stage-3 map = 100%,  reduce = 0%, Cumulative CPU 10.23 sec
2016-10-01 06:40:30,744 Stage-3 map = 100%,  reduce = 100%, Cumulative CPU 13.35 sec
MapReduce Total cumulative CPU time: 13 seconds 350 msec
Ended Job = job_1475271333482_0060
Launching Job 6 out of 8
Number of reduce tasks not specified. Estimated from input data size: 1
In order to change the average load for a reducer (in bytes):
  set hive.exec.reducers.bytes.per.reducer=<number>
In order to limit the maximum number of reducers:
  set hive.exec.reducers.max=<number>
In order to set a constant number of reducers:
  set mapreduce.job.reduces=<number>
Starting Job = job_1475271333482_0061, Tracking URL = http://vm1:8088/proxy/application_1475271333482_0061/
Kill Command = /home/ubuntu/software/hadoop-2.6.0/bin/hadoop job  -kill job_1475271333482_0061
Hadoop job information for Stage-4: number of mappers: 1; number of reducers: 1
2016-10-01 06:40:36,519 Stage-4 map = 0%,  reduce = 0%
2016-10-01 06:40:42,715 Stage-4 map = 100%,  reduce = 0%, Cumulative CPU 2.16 sec
2016-10-01 06:40:47,861 Stage-4 map = 100%,  reduce = 100%, Cumulative CPU 4.82 sec
MapReduce Total cumulative CPU time: 4 seconds 820 msec
Ended Job = job_1475271333482_0061
Launching Job 7 out of 8
Number of reduce tasks determined at compile time: 1
In order to change the average load for a reducer (in bytes):
  set hive.exec.reducers.bytes.per.reducer=<number>
In order to limit the maximum number of reducers:
  set hive.exec.reducers.max=<number>
In order to set a constant number of reducers:
  set mapreduce.job.reduces=<number>
Starting Job = job_1475271333482_0062, Tracking URL = http://vm1:8088/proxy/application_1475271333482_0062/
Kill Command = /home/ubuntu/software/hadoop-2.6.0/bin/hadoop job  -kill job_1475271333482_0062
Hadoop job information for Stage-5: number of mappers: 1; number of reducers: 1
2016-10-01 06:40:54,108 Stage-5 map = 0%,  reduce = 0%
2016-10-01 06:41:00,284 Stage-5 map = 100%,  reduce = 0%, Cumulative CPU 2.26 sec
2016-10-01 06:41:06,497 Stage-5 map = 100%,  reduce = 100%, Cumulative CPU 3.94 sec
MapReduce Total cumulative CPU time: 3 seconds 940 msec
Ended Job = job_1475271333482_0062
MapReduce Jobs Launched: 
Stage-Stage-11: Map: 26   Cumulative CPU: 223.33 sec   HDFS Read: 7607676612 HDFS Write: 1850142725 SUCCESS
Stage-Stage-8: Map: 7   Cumulative CPU: 52.83 sec   HDFS Read: 1850232868 HDFS Write: 8231585 SUCCESS
Stage-Stage-3: Map: 4  Reduce: 1   Cumulative CPU: 13.35 sec   HDFS Read: 8246099 HDFS Write: 1533078 SUCCESS
Stage-Stage-4: Map: 1  Reduce: 1   Cumulative CPU: 4.82 sec   HDFS Read: 1541795 HDFS Write: 1607722 SUCCESS
Stage-Stage-5: Map: 1  Reduce: 1   Cumulative CPU: 3.94 sec   HDFS Read: 1613875 HDFS Write: 18517 SUCCESS
Total MapReduce CPU Time Spent: 4 minutes 58 seconds 270 msec
OK
Time taken: 159.927 seconds, Fetched: 100 row(s)
38.12user 3.79system 2:47.25elapsed 25%CPU (0avgtext+0avgdata 1138764maxresident)k
114864inputs+314440outputs (110major+151489minor)pagefaults 0swaps
