
Logging initialized using configuration in jar:file:/home/ubuntu/software/hive-1.2.1/lib/hive-common-1.2.1.jar!/hive-log4j.properties
Hive history file=/tmp/ubuntu/hive_job_log_ff2d53a0-e865-451d-b686-c76192bbead3_984010466.txt
SLF4J: Class path contains multiple SLF4J bindings.
SLF4J: Found binding in [jar:file:/home/ubuntu/software/tez-0.7.1-SNAPSHOT-minimal/lib/slf4j-log4j12-1.7.5.jar!/org/slf4j/impl/StaticLoggerBinder.class]
SLF4J: Found binding in [jar:file:/home/ubuntu/software/hadoop-2.6.0/share/hadoop/common/lib/slf4j-log4j12-1.7.5.jar!/org/slf4j/impl/StaticLoggerBinder.class]
SLF4J: See http://www.slf4j.org/codes.html#multiple_bindings for an explanation.
SLF4J: Actual binding is of type [org.slf4j.impl.Log4jLoggerFactory]
OK
Time taken: 1.077 seconds
Query ID = ubuntu_20161002124814_53e2e794-bf54-43fe-bd45-3186c33c44db
Total jobs = 8
Stage-16 is selected by condition resolver.
Stage-1 is filtered out by condition resolver.
SLF4J: Class path contains multiple SLF4J bindings.
SLF4J: Found binding in [jar:file:/home/ubuntu/software/tez-0.7.1-SNAPSHOT-minimal/lib/slf4j-log4j12-1.7.5.jar!/org/slf4j/impl/StaticLoggerBinder.class]
SLF4J: Found binding in [jar:file:/home/ubuntu/software/hadoop-2.6.0/share/hadoop/common/lib/slf4j-log4j12-1.7.5.jar!/org/slf4j/impl/StaticLoggerBinder.class]
SLF4J: See http://www.slf4j.org/codes.html#multiple_bindings for an explanation.
SLF4J: Actual binding is of type [org.slf4j.impl.Log4jLoggerFactory]
Execution log at: /tmp/ubuntu/ubuntu_20161002124814_53e2e794-bf54-43fe-bd45-3186c33c44db.log
2016-10-02 12:48:20	Starting to launch local task to process map join;	maximum memory = 932184064
2016-10-02 12:48:22	Dump the side-table for tag: 1 with group count: 18445 into file: file:/tmp/ubuntu/ff2d53a0-e865-451d-b686-c76192bbead3/hive_2016-10-02_12-48-14_020_7601393540949858164-1/-local-10012/HashTable-Stage-11/MapJoin-mapfile21--.hashtable
2016-10-02 12:48:22	Uploaded 1 File to: file:/tmp/ubuntu/ff2d53a0-e865-451d-b686-c76192bbead3/hive_2016-10-02_12-48-14_020_7601393540949858164-1/-local-10012/HashTable-Stage-11/MapJoin-mapfile21--.hashtable (2960337 bytes)
2016-10-02 12:48:22	End of local task; Time Taken: 2.533 sec.
Execution completed successfully
MapredLocal task succeeded
Launching Job 2 out of 8
Number of reduce tasks is set to 0 since there's no reduce operator
Starting Job = job_1475401111718_0176, Tracking URL = http://vm1:8088/proxy/application_1475401111718_0176/
Kill Command = /home/ubuntu/software/hadoop-2.6.0/bin/hadoop job  -kill job_1475401111718_0176
Hadoop job information for Stage-11: number of mappers: 26; number of reducers: 0
2016-10-02 12:48:32,297 Stage-11 map = 0%,  reduce = 0%
2016-10-02 12:48:44,944 Stage-11 map = 1%,  reduce = 0%, Cumulative CPU 20.18 sec
2016-10-02 12:48:45,986 Stage-11 map = 3%,  reduce = 0%, Cumulative CPU 59.72 sec
2016-10-02 12:48:51,249 Stage-11 map = 11%,  reduce = 0%, Cumulative CPU 96.37 sec
2016-10-02 12:48:52,302 Stage-11 map = 22%,  reduce = 0%, Cumulative CPU 103.07 sec
2016-10-02 12:48:53,345 Stage-11 map = 29%,  reduce = 0%, Cumulative CPU 106.65 sec
2016-10-02 12:48:55,438 Stage-11 map = 34%,  reduce = 0%, Cumulative CPU 116.12 sec
2016-10-02 12:48:59,599 Stage-11 map = 36%,  reduce = 0%, Cumulative CPU 131.74 sec
2016-10-02 12:49:00,645 Stage-11 map = 45%,  reduce = 0%, Cumulative CPU 135.69 sec
2016-10-02 12:49:01,706 Stage-11 map = 46%,  reduce = 0%, Cumulative CPU 141.26 sec
2016-10-02 12:49:02,746 Stage-11 map = 55%,  reduce = 0%, Cumulative CPU 142.86 sec
2016-10-02 12:49:04,839 Stage-11 map = 56%,  reduce = 0%, Cumulative CPU 144.08 sec
2016-10-02 12:49:05,884 Stage-11 map = 62%,  reduce = 0%, Cumulative CPU 145.0 sec
2016-10-02 12:49:12,151 Stage-11 map = 68%,  reduce = 0%, Cumulative CPU 182.79 sec
2016-10-02 12:49:13,194 Stage-11 map = 70%,  reduce = 0%, Cumulative CPU 195.47 sec
2016-10-02 12:49:14,236 Stage-11 map = 75%,  reduce = 0%, Cumulative CPU 203.02 sec
2016-10-02 12:49:15,273 Stage-11 map = 76%,  reduce = 0%, Cumulative CPU 204.26 sec
2016-10-02 12:49:16,314 Stage-11 map = 78%,  reduce = 0%, Cumulative CPU 207.07 sec
2016-10-02 12:49:17,351 Stage-11 map = 80%,  reduce = 0%, Cumulative CPU 210.28 sec
2016-10-02 12:49:18,388 Stage-11 map = 81%,  reduce = 0%, Cumulative CPU 211.29 sec
2016-10-02 12:49:19,426 Stage-11 map = 83%,  reduce = 0%, Cumulative CPU 213.55 sec
2016-10-02 12:49:20,464 Stage-11 map = 85%,  reduce = 0%, Cumulative CPU 217.52 sec
2016-10-02 12:49:21,504 Stage-11 map = 87%,  reduce = 0%, Cumulative CPU 219.28 sec
2016-10-02 12:49:22,563 Stage-11 map = 88%,  reduce = 0%, Cumulative CPU 221.67 sec
2016-10-02 12:49:23,604 Stage-11 map = 90%,  reduce = 0%, Cumulative CPU 223.82 sec
2016-10-02 12:49:24,645 Stage-11 map = 95%,  reduce = 0%, Cumulative CPU 225.98 sec
2016-10-02 12:49:25,683 Stage-11 map = 98%,  reduce = 0%, Cumulative CPU 228.21 sec
2016-10-02 12:49:26,719 Stage-11 map = 99%,  reduce = 0%, Cumulative CPU 229.31 sec
2016-10-02 12:49:28,787 Stage-11 map = 100%,  reduce = 0%, Cumulative CPU 230.64 sec
MapReduce Total cumulative CPU time: 3 minutes 50 seconds 640 msec
Ended Job = job_1475401111718_0176
Stage-14 is selected by condition resolver.
Stage-15 is filtered out by condition resolver.
Stage-2 is filtered out by condition resolver.
SLF4J: Class path contains multiple SLF4J bindings.
SLF4J: Found binding in [jar:file:/home/ubuntu/software/tez-0.7.1-SNAPSHOT-minimal/lib/slf4j-log4j12-1.7.5.jar!/org/slf4j/impl/StaticLoggerBinder.class]
SLF4J: Found binding in [jar:file:/home/ubuntu/software/hadoop-2.6.0/share/hadoop/common/lib/slf4j-log4j12-1.7.5.jar!/org/slf4j/impl/StaticLoggerBinder.class]
SLF4J: See http://www.slf4j.org/codes.html#multiple_bindings for an explanation.
SLF4J: Actual binding is of type [org.slf4j.impl.Log4jLoggerFactory]
Execution log at: /tmp/ubuntu/ubuntu_20161002124814_53e2e794-bf54-43fe-bd45-3186c33c44db.log
2016-10-02 12:49:33	Starting to launch local task to process map join;	maximum memory = 932184064
2016-10-02 12:49:35	Dump the side-table for tag: 1 with group count: 31 into file: file:/tmp/ubuntu/ff2d53a0-e865-451d-b686-c76192bbead3/hive_2016-10-02_12-48-14_020_7601393540949858164-1/-local-10008/HashTable-Stage-8/MapJoin-mapfile01--.hashtable
2016-10-02 12:49:35	Uploaded 1 File to: file:/tmp/ubuntu/ff2d53a0-e865-451d-b686-c76192bbead3/hive_2016-10-02_12-48-14_020_7601393540949858164-1/-local-10008/HashTable-Stage-8/MapJoin-mapfile01--.hashtable (1288 bytes)
2016-10-02 12:49:35	End of local task; Time Taken: 1.692 sec.
Execution completed successfully
MapredLocal task succeeded
Launching Job 4 out of 8
Number of reduce tasks is set to 0 since there's no reduce operator
Starting Job = job_1475401111718_0177, Tracking URL = http://vm1:8088/proxy/application_1475401111718_0177/
Kill Command = /home/ubuntu/software/hadoop-2.6.0/bin/hadoop job  -kill job_1475401111718_0177
Hadoop job information for Stage-8: number of mappers: 7; number of reducers: 0
2016-10-02 12:49:42,062 Stage-8 map = 0%,  reduce = 0%
2016-10-02 12:49:52,583 Stage-8 map = 57%,  reduce = 0%, Cumulative CPU 27.44 sec
2016-10-02 12:49:53,643 Stage-8 map = 64%,  reduce = 0%, Cumulative CPU 33.11 sec
2016-10-02 12:49:54,694 Stage-8 map = 79%,  reduce = 0%, Cumulative CPU 44.95 sec
2016-10-02 12:49:55,732 Stage-8 map = 93%,  reduce = 0%, Cumulative CPU 49.28 sec
2016-10-02 12:49:56,762 Stage-8 map = 100%,  reduce = 0%, Cumulative CPU 51.76 sec
MapReduce Total cumulative CPU time: 51 seconds 760 msec
Ended Job = job_1475401111718_0177
Launching Job 5 out of 8
Number of reduce tasks not specified. Defaulting to jobconf value of: 10
In order to change the average load for a reducer (in bytes):
  set hive.exec.reducers.bytes.per.reducer=<number>
In order to limit the maximum number of reducers:
  set hive.exec.reducers.max=<number>
In order to set a constant number of reducers:
  set mapreduce.job.reduces=<number>
Starting Job = job_1475401111718_0178, Tracking URL = http://vm1:8088/proxy/application_1475401111718_0178/
Kill Command = /home/ubuntu/software/hadoop-2.6.0/bin/hadoop job  -kill job_1475401111718_0178
Hadoop job information for Stage-3: number of mappers: 4; number of reducers: 10
2016-10-02 12:50:03,557 Stage-3 map = 0%,  reduce = 0%
2016-10-02 12:50:11,871 Stage-3 map = 100%,  reduce = 0%, Cumulative CPU 9.57 sec
2016-10-02 12:50:17,159 Stage-3 map = 100%,  reduce = 10%, Cumulative CPU 11.48 sec
2016-10-02 12:50:18,246 Stage-3 map = 100%,  reduce = 40%, Cumulative CPU 17.04 sec
2016-10-02 12:50:19,305 Stage-3 map = 100%,  reduce = 80%, Cumulative CPU 24.62 sec
2016-10-02 12:50:20,349 Stage-3 map = 100%,  reduce = 100%, Cumulative CPU 28.29 sec
MapReduce Total cumulative CPU time: 28 seconds 290 msec
Ended Job = job_1475401111718_0178
Launching Job 6 out of 8
Number of reduce tasks not specified. Defaulting to jobconf value of: 10
In order to change the average load for a reducer (in bytes):
  set hive.exec.reducers.bytes.per.reducer=<number>
In order to limit the maximum number of reducers:
  set hive.exec.reducers.max=<number>
In order to set a constant number of reducers:
  set mapreduce.job.reduces=<number>
Starting Job = job_1475401111718_0179, Tracking URL = http://vm1:8088/proxy/application_1475401111718_0179/
Kill Command = /home/ubuntu/software/hadoop-2.6.0/bin/hadoop job  -kill job_1475401111718_0179
Hadoop job information for Stage-4: number of mappers: 4; number of reducers: 10
2016-10-02 12:50:27,209 Stage-4 map = 0%,  reduce = 0%
2016-10-02 12:50:35,483 Stage-4 map = 100%,  reduce = 0%, Cumulative CPU 7.41 sec
2016-10-02 12:50:42,735 Stage-4 map = 100%,  reduce = 20%, Cumulative CPU 11.18 sec
2016-10-02 12:50:43,782 Stage-4 map = 100%,  reduce = 70%, Cumulative CPU 21.18 sec
2016-10-02 12:50:44,821 Stage-4 map = 100%,  reduce = 100%, Cumulative CPU 27.46 sec
MapReduce Total cumulative CPU time: 27 seconds 460 msec
Ended Job = job_1475401111718_0179
Launching Job 7 out of 8
Number of reduce tasks determined at compile time: 1
In order to change the average load for a reducer (in bytes):
  set hive.exec.reducers.bytes.per.reducer=<number>
In order to limit the maximum number of reducers:
  set hive.exec.reducers.max=<number>
In order to set a constant number of reducers:
  set mapreduce.job.reduces=<number>
Starting Job = job_1475401111718_0180, Tracking URL = http://vm1:8088/proxy/application_1475401111718_0180/
Kill Command = /home/ubuntu/software/hadoop-2.6.0/bin/hadoop job  -kill job_1475401111718_0180
Hadoop job information for Stage-5: number of mappers: 4; number of reducers: 1
2016-10-02 12:50:51,569 Stage-5 map = 0%,  reduce = 0%
2016-10-02 12:50:59,899 Stage-5 map = 100%,  reduce = 0%, Cumulative CPU 7.52 sec
2016-10-02 12:51:06,113 Stage-5 map = 100%,  reduce = 100%, Cumulative CPU 9.17 sec
MapReduce Total cumulative CPU time: 9 seconds 170 msec
Ended Job = job_1475401111718_0180
MapReduce Jobs Launched: 
Stage-Stage-11: Map: 26   Cumulative CPU: 230.64 sec   HDFS Read: 7607676612 HDFS Write: 1850142725 SUCCESS
Stage-Stage-8: Map: 7   Cumulative CPU: 51.76 sec   HDFS Read: 1850232868 HDFS Write: 8207511 SUCCESS
Stage-Stage-3: Map: 4  Reduce: 10   Cumulative CPU: 28.29 sec   HDFS Read: 8249232 HDFS Write: 1533842 SUCCESS
Stage-Stage-4: Map: 4  Reduce: 10   Cumulative CPU: 27.46 sec   HDFS Read: 1605946 HDFS Write: 1608506 SUCCESS
Stage-Stage-5: Map: 4  Reduce: 1   Cumulative CPU: 9.17 sec   HDFS Read: 1624181 HDFS Write: 18517 SUCCESS
Total MapReduce CPU Time Spent: 5 minutes 47 seconds 320 msec
OK
Time taken: 174.228 seconds, Fetched: 100 row(s)
37.16user 3.08system 3:01.95elapsed 22%CPU (0avgtext+0avgdata 747744maxresident)k
114560inputs+315208outputs (109major+143440minor)pagefaults 0swaps
