
Logging initialized using configuration in jar:file:/home/ubuntu/software/hive-1.2.1/lib/hive-common-1.2.1.jar!/hive-log4j.properties
Hive history file=/tmp/ubuntu/hive_job_log_809ad0b0-7079-4e94-ab0e-27d8d8b7c678_1158665837.txt
SLF4J: Class path contains multiple SLF4J bindings.
SLF4J: Found binding in [jar:file:/home/ubuntu/software/tez-0.7.1-SNAPSHOT-minimal/lib/slf4j-log4j12-1.7.5.jar!/org/slf4j/impl/StaticLoggerBinder.class]
SLF4J: Found binding in [jar:file:/home/ubuntu/software/hadoop-2.6.0/share/hadoop/common/lib/slf4j-log4j12-1.7.5.jar!/org/slf4j/impl/StaticLoggerBinder.class]
SLF4J: See http://www.slf4j.org/codes.html#multiple_bindings for an explanation.
SLF4J: Actual binding is of type [org.slf4j.impl.Log4jLoggerFactory]
OK
Time taken: 1.02 seconds
Query ID = ubuntu_20161001081807_63449f04-0ab1-47db-8162-996673956d89
Total jobs = 10
Stage-1 is selected by condition resolver.
Launching Job 1 out of 10
Number of reduce tasks not specified. Estimated from input data size: 86
In order to change the average load for a reducer (in bytes):
  set hive.exec.reducers.bytes.per.reducer=<number>
In order to limit the maximum number of reducers:
  set hive.exec.reducers.max=<number>
In order to set a constant number of reducers:
  set mapreduce.job.reduces=<number>
Starting Job = job_1475271333482_0107, Tracking URL = http://vm1:8088/proxy/application_1475271333482_0107/
Kill Command = /home/ubuntu/software/hadoop-2.6.0/bin/hadoop job  -kill job_1475271333482_0107
Hadoop job information for Stage-1: number of mappers: 82; number of reducers: 86
2016-10-01 08:18:20,082 Stage-1 map = 0%,  reduce = 0%
2016-10-01 08:18:33,889 Stage-1 map = 1%,  reduce = 0%, Cumulative CPU 56.29 sec
2016-10-01 08:18:37,012 Stage-1 map = 3%,  reduce = 0%, Cumulative CPU 85.52 sec
2016-10-01 08:18:38,057 Stage-1 map = 4%,  reduce = 0%, Cumulative CPU 91.12 sec
2016-10-01 08:18:39,107 Stage-1 map = 5%,  reduce = 0%, Cumulative CPU 93.81 sec
2016-10-01 08:18:40,154 Stage-1 map = 6%,  reduce = 0%, Cumulative CPU 105.8 sec
2016-10-01 08:18:41,200 Stage-1 map = 7%,  reduce = 0%, Cumulative CPU 110.69 sec
2016-10-01 08:18:44,334 Stage-1 map = 8%,  reduce = 0%, Cumulative CPU 129.48 sec
2016-10-01 08:18:45,401 Stage-1 map = 10%,  reduce = 0%, Cumulative CPU 142.64 sec
2016-10-01 08:18:46,475 Stage-1 map = 11%,  reduce = 0%, Cumulative CPU 147.48 sec
2016-10-01 08:18:47,538 Stage-1 map = 13%,  reduce = 0%, Cumulative CPU 160.37 sec
2016-10-01 08:18:48,593 Stage-1 map = 14%,  reduce = 0%, Cumulative CPU 184.32 sec
2016-10-01 08:18:49,730 Stage-1 map = 17%,  reduce = 0%, Cumulative CPU 202.43 sec
2016-10-01 08:18:50,773 Stage-1 map = 19%,  reduce = 0%, Cumulative CPU 208.18 sec
2016-10-01 08:18:52,870 Stage-1 map = 20%,  reduce = 0%, Cumulative CPU 214.25 sec
2016-10-01 08:19:01,262 Stage-1 map = 21%,  reduce = 0%, Cumulative CPU 269.66 sec
2016-10-01 08:19:04,390 Stage-1 map = 23%,  reduce = 0%, Cumulative CPU 304.63 sec
2016-10-01 08:19:06,469 Stage-1 map = 24%,  reduce = 0%, Cumulative CPU 313.16 sec
2016-10-01 08:19:08,556 Stage-1 map = 26%,  reduce = 0%, Cumulative CPU 326.24 sec
2016-10-01 08:19:10,656 Stage-1 map = 28%,  reduce = 0%, Cumulative CPU 345.52 sec
2016-10-01 08:19:12,767 Stage-1 map = 29%,  reduce = 0%, Cumulative CPU 358.51 sec
2016-10-01 08:19:13,845 Stage-1 map = 31%,  reduce = 0%, Cumulative CPU 374.55 sec
2016-10-01 08:19:14,899 Stage-1 map = 32%,  reduce = 0%, Cumulative CPU 382.17 sec
2016-10-01 08:19:15,949 Stage-1 map = 35%,  reduce = 0%, Cumulative CPU 398.87 sec
2016-10-01 08:19:16,996 Stage-1 map = 36%,  reduce = 0%, Cumulative CPU 409.92 sec
2016-10-01 08:19:18,052 Stage-1 map = 37%,  reduce = 0%, Cumulative CPU 416.06 sec
2016-10-01 08:19:19,093 Stage-1 map = 39%,  reduce = 0%, Cumulative CPU 424.35 sec
2016-10-01 08:19:22,263 Stage-1 map = 40%,  reduce = 0%, Cumulative CPU 438.04 sec
2016-10-01 08:19:25,457 Stage-1 map = 41%,  reduce = 0%, Cumulative CPU 458.62 sec
2016-10-01 08:19:28,568 Stage-1 map = 42%,  reduce = 0%, Cumulative CPU 490.92 sec
2016-10-01 08:19:29,606 Stage-1 map = 43%,  reduce = 0%, Cumulative CPU 514.61 sec
2016-10-01 08:19:30,653 Stage-1 map = 44%,  reduce = 0%, Cumulative CPU 526.86 sec
2016-10-01 08:19:32,730 Stage-1 map = 46%,  reduce = 0%, Cumulative CPU 548.73 sec
2016-10-01 08:19:33,766 Stage-1 map = 48%,  reduce = 0%, Cumulative CPU 555.7 sec
2016-10-01 08:19:34,819 Stage-1 map = 49%,  reduce = 0%, Cumulative CPU 563.02 sec
2016-10-01 08:19:35,855 Stage-1 map = 50%,  reduce = 0%, Cumulative CPU 575.48 sec
2016-10-01 08:19:36,893 Stage-1 map = 51%,  reduce = 0%, Cumulative CPU 582.35 sec
2016-10-01 08:19:37,931 Stage-1 map = 52%,  reduce = 0%, Cumulative CPU 590.4 sec
2016-10-01 08:19:38,984 Stage-1 map = 54%,  reduce = 0%, Cumulative CPU 601.74 sec
2016-10-01 08:19:41,142 Stage-1 map = 56%,  reduce = 0%, Cumulative CPU 623.27 sec
2016-10-01 08:19:42,239 Stage-1 map = 57%,  reduce = 0%, Cumulative CPU 633.07 sec
2016-10-01 08:19:43,333 Stage-1 map = 58%,  reduce = 0%, Cumulative CPU 638.18 sec
2016-10-01 08:19:44,378 Stage-1 map = 59%,  reduce = 0%, Cumulative CPU 647.09 sec
2016-10-01 08:19:45,435 Stage-1 map = 60%,  reduce = 0%, Cumulative CPU 661.46 sec
2016-10-01 08:19:46,503 Stage-1 map = 61%,  reduce = 0%, Cumulative CPU 666.07 sec
2016-10-01 08:19:48,596 Stage-1 map = 62%,  reduce = 0%, Cumulative CPU 685.54 sec
2016-10-01 08:19:52,788 Stage-1 map = 63%,  reduce = 0%, Cumulative CPU 715.7 sec
2016-10-01 08:19:55,891 Stage-1 map = 64%,  reduce = 0%, Cumulative CPU 729.25 sec
2016-10-01 08:19:57,000 Stage-1 map = 65%,  reduce = 0%, Cumulative CPU 739.83 sec
2016-10-01 08:20:00,118 Stage-1 map = 67%,  reduce = 0%, Cumulative CPU 769.54 sec
2016-10-01 08:20:02,187 Stage-1 map = 68%,  reduce = 0%, Cumulative CPU 782.92 sec
2016-10-01 08:20:04,250 Stage-1 map = 70%,  reduce = 0%, Cumulative CPU 798.47 sec
2016-10-01 08:20:05,287 Stage-1 map = 72%,  reduce = 0%, Cumulative CPU 807.55 sec
2016-10-01 08:20:06,320 Stage-1 map = 73%,  reduce = 0%, Cumulative CPU 811.72 sec
2016-10-01 08:20:07,354 Stage-1 map = 74%,  reduce = 0%, Cumulative CPU 824.06 sec
2016-10-01 08:20:10,450 Stage-1 map = 75%,  reduce = 0%, Cumulative CPU 843.32 sec
2016-10-01 08:20:11,487 Stage-1 map = 76%,  reduce = 0%, Cumulative CPU 845.8 sec
2016-10-01 08:20:14,589 Stage-1 map = 77%,  reduce = 0%, Cumulative CPU 870.73 sec
2016-10-01 08:20:16,666 Stage-1 map = 78%,  reduce = 0%, Cumulative CPU 890.17 sec
2016-10-01 08:20:17,702 Stage-1 map = 79%,  reduce = 0%, Cumulative CPU 897.21 sec
2016-10-01 08:20:18,739 Stage-1 map = 80%,  reduce = 0%, Cumulative CPU 900.06 sec
2016-10-01 08:20:20,809 Stage-1 map = 82%,  reduce = 0%, Cumulative CPU 914.84 sec
2016-10-01 08:20:21,861 Stage-1 map = 83%,  reduce = 0%, Cumulative CPU 924.7 sec
2016-10-01 08:20:22,903 Stage-1 map = 84%,  reduce = 0%, Cumulative CPU 937.77 sec
2016-10-01 08:20:23,944 Stage-1 map = 85%,  reduce = 0%, Cumulative CPU 943.97 sec
2016-10-01 08:20:26,023 Stage-1 map = 86%,  reduce = 0%, Cumulative CPU 960.82 sec
2016-10-01 08:20:28,089 Stage-1 map = 87%,  reduce = 0%, Cumulative CPU 964.83 sec
2016-10-01 08:20:30,149 Stage-1 map = 88%,  reduce = 0%, Cumulative CPU 981.62 sec
2016-10-01 08:20:31,184 Stage-1 map = 89%,  reduce = 0%, Cumulative CPU 990.3 sec
2016-10-01 08:20:33,252 Stage-1 map = 90%,  reduce = 0%, Cumulative CPU 1004.66 sec
2016-10-01 08:20:35,316 Stage-1 map = 91%,  reduce = 0%, Cumulative CPU 1016.6 sec
2016-10-01 08:20:36,359 Stage-1 map = 93%,  reduce = 0%, Cumulative CPU 1027.35 sec
2016-10-01 08:20:37,396 Stage-1 map = 94%,  reduce = 0%, Cumulative CPU 1033.41 sec
2016-10-01 08:20:38,427 Stage-1 map = 95%,  reduce = 0%, Cumulative CPU 1036.7 sec
2016-10-01 08:20:40,495 Stage-1 map = 96%,  reduce = 0%, Cumulative CPU 1043.67 sec
2016-10-01 08:20:43,590 Stage-1 map = 97%,  reduce = 0%, Cumulative CPU 1057.19 sec
2016-10-01 08:20:44,620 Stage-1 map = 98%,  reduce = 0%, Cumulative CPU 1065.41 sec
2016-10-01 08:20:45,648 Stage-1 map = 99%,  reduce = 0%, Cumulative CPU 1068.16 sec
2016-10-01 08:20:47,713 Stage-1 map = 100%,  reduce = 0%, Cumulative CPU 1077.39 sec
2016-10-01 08:20:58,129 Stage-1 map = 100%,  reduce = 4%, Cumulative CPU 1101.36 sec
2016-10-01 08:20:59,255 Stage-1 map = 100%,  reduce = 6%, Cumulative CPU 1115.25 sec
2016-10-01 08:21:00,314 Stage-1 map = 100%,  reduce = 9%, Cumulative CPU 1132.15 sec
2016-10-01 08:21:01,371 Stage-1 map = 100%,  reduce = 13%, Cumulative CPU 1148.06 sec
2016-10-01 08:21:02,416 Stage-1 map = 100%,  reduce = 17%, Cumulative CPU 1180.55 sec
2016-10-01 08:21:03,460 Stage-1 map = 100%,  reduce = 18%, Cumulative CPU 1189.03 sec
2016-10-01 08:21:04,505 Stage-1 map = 100%,  reduce = 19%, Cumulative CPU 1189.97 sec
2016-10-01 08:21:09,859 Stage-1 map = 100%,  reduce = 22%, Cumulative CPU 1207.96 sec
2016-10-01 08:21:10,912 Stage-1 map = 100%,  reduce = 25%, Cumulative CPU 1229.51 sec
2016-10-01 08:21:11,953 Stage-1 map = 100%,  reduce = 26%, Cumulative CPU 1237.05 sec
2016-10-01 08:21:12,996 Stage-1 map = 100%,  reduce = 29%, Cumulative CPU 1251.18 sec
2016-10-01 08:21:14,042 Stage-1 map = 100%,  reduce = 32%, Cumulative CPU 1271.95 sec
2016-10-01 08:21:15,105 Stage-1 map = 100%,  reduce = 36%, Cumulative CPU 1293.43 sec
2016-10-01 08:21:16,158 Stage-1 map = 100%,  reduce = 37%, Cumulative CPU 1299.65 sec
2016-10-01 08:21:20,368 Stage-1 map = 100%,  reduce = 38%, Cumulative CPU 1307.46 sec
2016-10-01 08:21:21,433 Stage-1 map = 100%,  reduce = 41%, Cumulative CPU 1326.26 sec
2016-10-01 08:21:22,485 Stage-1 map = 100%,  reduce = 42%, Cumulative CPU 1326.88 sec
2016-10-01 08:21:23,535 Stage-1 map = 100%,  reduce = 44%, Cumulative CPU 1341.26 sec
2016-10-01 08:21:24,611 Stage-1 map = 100%,  reduce = 47%, Cumulative CPU 1362.0 sec
2016-10-01 08:21:25,729 Stage-1 map = 100%,  reduce = 50%, Cumulative CPU 1377.17 sec
2016-10-01 08:21:26,783 Stage-1 map = 100%,  reduce = 53%, Cumulative CPU 1396.32 sec
2016-10-01 08:21:27,828 Stage-1 map = 100%,  reduce = 55%, Cumulative CPU 1404.06 sec
2016-10-01 08:21:29,902 Stage-1 map = 100%,  reduce = 56%, Cumulative CPU 1411.11 sec
2016-10-01 08:21:31,991 Stage-1 map = 100%,  reduce = 57%, Cumulative CPU 1418.22 sec
2016-10-01 08:21:33,027 Stage-1 map = 100%,  reduce = 59%, Cumulative CPU 1425.75 sec
2016-10-01 08:21:34,075 Stage-1 map = 100%,  reduce = 60%, Cumulative CPU 1437.89 sec
2016-10-01 08:21:35,107 Stage-1 map = 100%,  reduce = 61%, Cumulative CPU 1445.89 sec
2016-10-01 08:21:36,137 Stage-1 map = 100%,  reduce = 66%, Cumulative CPU 1470.07 sec
2016-10-01 08:21:37,169 Stage-1 map = 100%,  reduce = 68%, Cumulative CPU 1482.25 sec
2016-10-01 08:21:38,254 Stage-1 map = 100%,  reduce = 70%, Cumulative CPU 1494.49 sec
2016-10-01 08:21:39,298 Stage-1 map = 100%,  reduce = 71%, Cumulative CPU 1501.9 sec
2016-10-01 08:21:40,346 Stage-1 map = 100%,  reduce = 72%, Cumulative CPU 1504.35 sec
2016-10-01 08:21:42,429 Stage-1 map = 100%,  reduce = 73%, Cumulative CPU 1511.98 sec
2016-10-01 08:21:43,480 Stage-1 map = 100%,  reduce = 74%, Cumulative CPU 1521.97 sec
2016-10-01 08:21:44,524 Stage-1 map = 100%,  reduce = 77%, Cumulative CPU 1536.73 sec
2016-10-01 08:21:45,579 Stage-1 map = 100%,  reduce = 79%, Cumulative CPU 1550.45 sec
2016-10-01 08:21:48,701 Stage-1 map = 100%,  reduce = 84%, Cumulative CPU 1577.0 sec
2016-10-01 08:21:49,784 Stage-1 map = 100%,  reduce = 88%, Cumulative CPU 1604.09 sec
2016-10-01 08:21:53,949 Stage-1 map = 100%,  reduce = 92%, Cumulative CPU 1627.29 sec
2016-10-01 08:21:55,025 Stage-1 map = 100%,  reduce = 93%, Cumulative CPU 1633.98 sec
2016-10-01 08:21:56,071 Stage-1 map = 100%,  reduce = 95%, Cumulative CPU 1647.57 sec
2016-10-01 08:21:57,102 Stage-1 map = 100%,  reduce = 97%, Cumulative CPU 1654.48 sec
2016-10-01 08:21:58,151 Stage-1 map = 100%,  reduce = 98%, Cumulative CPU 1662.32 sec
2016-10-01 08:21:59,185 Stage-1 map = 100%,  reduce = 100%, Cumulative CPU 1675.59 sec
MapReduce Total cumulative CPU time: 27 minutes 55 seconds 590 msec
Ended Job = job_1475271333482_0107
SLF4J: Class path contains multiple SLF4J bindings.
SLF4J: Found binding in [jar:file:/home/ubuntu/software/tez-0.7.1-SNAPSHOT-minimal/lib/slf4j-log4j12-1.7.5.jar!/org/slf4j/impl/StaticLoggerBinder.class]
SLF4J: Found binding in [jar:file:/home/ubuntu/software/hadoop-2.6.0/share/hadoop/common/lib/slf4j-log4j12-1.7.5.jar!/org/slf4j/impl/StaticLoggerBinder.class]
SLF4J: See http://www.slf4j.org/codes.html#multiple_bindings for an explanation.
SLF4J: Actual binding is of type [org.slf4j.impl.Log4jLoggerFactory]
Execution log at: /tmp/ubuntu/ubuntu_20161001081807_63449f04-0ab1-47db-8162-996673956d89.log
2016-10-01 08:22:03	Starting to launch local task to process map join;	maximum memory = 932184064
2016-10-01 08:22:04	Dump the side-table for tag: 1 with group count: 144 into file: file:/tmp/ubuntu/809ad0b0-7079-4e94-ab0e-27d8d8b7c678/hive_2016-10-01_08-18-07_403_1865702028284078576-1/-local-10017/HashTable-Stage-17/MapJoin-mapfile41--.hashtable
2016-10-01 08:22:04	Uploaded 1 File to: file:/tmp/ubuntu/809ad0b0-7079-4e94-ab0e-27d8d8b7c678/hive_2016-10-01_08-18-07_403_1865702028284078576-1/-local-10017/HashTable-Stage-17/MapJoin-mapfile41--.hashtable (13095 bytes)
2016-10-01 08:22:04	End of local task; Time Taken: 1.189 sec.
Execution completed successfully
MapredLocal task succeeded
Launching Job 2 out of 10
Number of reduce tasks is set to 0 since there's no reduce operator
Starting Job = job_1475271333482_0108, Tracking URL = http://vm1:8088/proxy/application_1475271333482_0108/
Kill Command = /home/ubuntu/software/hadoop-2.6.0/bin/hadoop job  -kill job_1475271333482_0108
Hadoop job information for Stage-17: number of mappers: 4; number of reducers: 0
2016-10-01 08:22:10,049 Stage-17 map = 0%,  reduce = 0%
2016-10-01 08:22:22,465 Stage-17 map = 15%,  reduce = 0%, Cumulative CPU 23.07 sec
2016-10-01 08:22:25,580 Stage-17 map = 35%,  reduce = 0%, Cumulative CPU 34.57 sec
2016-10-01 08:22:28,683 Stage-17 map = 52%,  reduce = 0%, Cumulative CPU 46.06 sec
2016-10-01 08:22:31,783 Stage-17 map = 72%,  reduce = 0%, Cumulative CPU 57.52 sec
2016-10-01 08:22:34,874 Stage-17 map = 92%,  reduce = 0%, Cumulative CPU 68.99 sec
2016-10-01 08:22:36,941 Stage-17 map = 100%,  reduce = 0%, Cumulative CPU 72.99 sec
MapReduce Total cumulative CPU time: 1 minutes 12 seconds 990 msec
Ended Job = job_1475271333482_0108
Stage-23 is selected by condition resolver.
Stage-24 is filtered out by condition resolver.
Stage-3 is filtered out by condition resolver.
SLF4J: Class path contains multiple SLF4J bindings.
SLF4J: Found binding in [jar:file:/home/ubuntu/software/tez-0.7.1-SNAPSHOT-minimal/lib/slf4j-log4j12-1.7.5.jar!/org/slf4j/impl/StaticLoggerBinder.class]
SLF4J: Found binding in [jar:file:/home/ubuntu/software/hadoop-2.6.0/share/hadoop/common/lib/slf4j-log4j12-1.7.5.jar!/org/slf4j/impl/StaticLoggerBinder.class]
SLF4J: See http://www.slf4j.org/codes.html#multiple_bindings for an explanation.
SLF4J: Actual binding is of type [org.slf4j.impl.Log4jLoggerFactory]
Execution log at: /tmp/ubuntu/ubuntu_20161001081807_63449f04-0ab1-47db-8162-996673956d89.log
2016-10-01 08:22:41	Starting to launch local task to process map join;	maximum memory = 932184064
2016-10-01 08:22:43	Dump the side-table for tag: 1 with group count: 73049 into file: file:/tmp/ubuntu/809ad0b0-7079-4e94-ab0e-27d8d8b7c678/hive_2016-10-01_08-18-07_403_1865702028284078576-1/-local-10013/HashTable-Stage-14/MapJoin-mapfile21--.hashtable
2016-10-01 08:22:43	Uploaded 1 File to: file:/tmp/ubuntu/809ad0b0-7079-4e94-ab0e-27d8d8b7c678/hive_2016-10-01_08-18-07_403_1865702028284078576-1/-local-10013/HashTable-Stage-14/MapJoin-mapfile21--.hashtable (1541779 bytes)
2016-10-01 08:22:43	End of local task; Time Taken: 2.094 sec.
Execution completed successfully
MapredLocal task succeeded
Launching Job 4 out of 10
Number of reduce tasks is set to 0 since there's no reduce operator
Starting Job = job_1475271333482_0109, Tracking URL = http://vm1:8088/proxy/application_1475271333482_0109/
Kill Command = /home/ubuntu/software/hadoop-2.6.0/bin/hadoop job  -kill job_1475271333482_0109
Hadoop job information for Stage-14: number of mappers: 5; number of reducers: 0
2016-10-01 08:22:50,264 Stage-14 map = 0%,  reduce = 0%
2016-10-01 08:22:57,490 Stage-14 map = 20%,  reduce = 0%, Cumulative CPU 3.6 sec
2016-10-01 08:23:02,645 Stage-14 map = 24%,  reduce = 0%, Cumulative CPU 26.83 sec
2016-10-01 08:23:05,742 Stage-14 map = 27%,  reduce = 0%, Cumulative CPU 38.76 sec
2016-10-01 08:23:11,934 Stage-14 map = 46%,  reduce = 0%, Cumulative CPU 62.38 sec
2016-10-01 08:23:15,023 Stage-14 map = 64%,  reduce = 0%, Cumulative CPU 74.29 sec
2016-10-01 08:23:19,147 Stage-14 map = 74%,  reduce = 0%, Cumulative CPU 86.98 sec
2016-10-01 08:23:20,176 Stage-14 map = 83%,  reduce = 0%, Cumulative CPU 89.59 sec
2016-10-01 08:23:22,239 Stage-14 map = 92%,  reduce = 0%, Cumulative CPU 96.71 sec
2016-10-01 08:23:24,307 Stage-14 map = 100%,  reduce = 0%, Cumulative CPU 99.51 sec
MapReduce Total cumulative CPU time: 1 minutes 39 seconds 510 msec
Ended Job = job_1475271333482_0109
Stage-21 is selected by condition resolver.
Stage-22 is filtered out by condition resolver.
Stage-4 is filtered out by condition resolver.
SLF4J: Class path contains multiple SLF4J bindings.
SLF4J: Found binding in [jar:file:/home/ubuntu/software/tez-0.7.1-SNAPSHOT-minimal/lib/slf4j-log4j12-1.7.5.jar!/org/slf4j/impl/StaticLoggerBinder.class]
SLF4J: Found binding in [jar:file:/home/ubuntu/software/hadoop-2.6.0/share/hadoop/common/lib/slf4j-log4j12-1.7.5.jar!/org/slf4j/impl/StaticLoggerBinder.class]
SLF4J: See http://www.slf4j.org/codes.html#multiple_bindings for an explanation.
SLF4J: Actual binding is of type [org.slf4j.impl.Log4jLoggerFactory]
Execution log at: /tmp/ubuntu/ubuntu_20161001081807_63449f04-0ab1-47db-8162-996673956d89.log
2016-10-01 08:23:28	Starting to launch local task to process map join;	maximum memory = 932184064
2016-10-01 08:23:30	Dump the side-table for tag: 1 with group count: 30 into file: file:/tmp/ubuntu/809ad0b0-7079-4e94-ab0e-27d8d8b7c678/hive_2016-10-01_08-18-07_403_1865702028284078576-1/-local-10009/HashTable-Stage-11/MapJoin-mapfile01--.hashtable
2016-10-01 08:23:30	Uploaded 1 File to: file:/tmp/ubuntu/809ad0b0-7079-4e94-ab0e-27d8d8b7c678/hive_2016-10-01_08-18-07_403_1865702028284078576-1/-local-10009/HashTable-Stage-11/MapJoin-mapfile01--.hashtable (893 bytes)
2016-10-01 08:23:30	End of local task; Time Taken: 1.59 sec.
Execution completed successfully
MapredLocal task succeeded
Launching Job 6 out of 10
Number of reduce tasks is set to 0 since there's no reduce operator
Starting Job = job_1475271333482_0110, Tracking URL = http://vm1:8088/proxy/application_1475271333482_0110/
Kill Command = /home/ubuntu/software/hadoop-2.6.0/bin/hadoop job  -kill job_1475271333482_0110
Hadoop job information for Stage-11: number of mappers: 6; number of reducers: 0
2016-10-01 08:23:36,576 Stage-11 map = 0%,  reduce = 0%
2016-10-01 08:23:44,861 Stage-11 map = 17%,  reduce = 0%, Cumulative CPU 3.25 sec
2016-10-01 08:23:45,928 Stage-11 map = 33%,  reduce = 0%, Cumulative CPU 6.61 sec
2016-10-01 08:23:49,019 Stage-11 map = 49%,  reduce = 0%, Cumulative CPU 29.98 sec
2016-10-01 08:23:50,055 Stage-11 map = 57%,  reduce = 0%, Cumulative CPU 31.66 sec
2016-10-01 08:23:51,085 Stage-11 map = 72%,  reduce = 0%, Cumulative CPU 34.31 sec
2016-10-01 08:23:52,114 Stage-11 map = 100%,  reduce = 0%, Cumulative CPU 40.83 sec
MapReduce Total cumulative CPU time: 40 seconds 830 msec
Ended Job = job_1475271333482_0110
Launching Job 7 out of 10
Number of reduce tasks not specified. Estimated from input data size: 1
In order to change the average load for a reducer (in bytes):
  set hive.exec.reducers.bytes.per.reducer=<number>
In order to limit the maximum number of reducers:
  set hive.exec.reducers.max=<number>
In order to set a constant number of reducers:
  set mapreduce.job.reduces=<number>
Starting Job = job_1475271333482_0111, Tracking URL = http://vm1:8088/proxy/application_1475271333482_0111/
Kill Command = /home/ubuntu/software/hadoop-2.6.0/bin/hadoop job  -kill job_1475271333482_0111
Hadoop job information for Stage-5: number of mappers: 2; number of reducers: 1
2016-10-01 08:23:59,005 Stage-5 map = 0%,  reduce = 0%
2016-10-01 08:24:05,194 Stage-5 map = 100%,  reduce = 0%, Cumulative CPU 2.42 sec
2016-10-01 08:24:10,337 Stage-5 map = 100%,  reduce = 100%, Cumulative CPU 3.7 sec
MapReduce Total cumulative CPU time: 3 seconds 700 msec
Ended Job = job_1475271333482_0111
Launching Job 8 out of 10
Number of reduce tasks determined at compile time: 1
In order to change the average load for a reducer (in bytes):
  set hive.exec.reducers.bytes.per.reducer=<number>
In order to limit the maximum number of reducers:
  set hive.exec.reducers.max=<number>
In order to set a constant number of reducers:
  set mapreduce.job.reduces=<number>
Starting Job = job_1475271333482_0112, Tracking URL = http://vm1:8088/proxy/application_1475271333482_0112/
Kill Command = /home/ubuntu/software/hadoop-2.6.0/bin/hadoop job  -kill job_1475271333482_0112
Hadoop job information for Stage-6: number of mappers: 1; number of reducers: 1
2016-10-01 08:24:16,148 Stage-6 map = 0%,  reduce = 0%
2016-10-01 08:24:21,294 Stage-6 map = 100%,  reduce = 0%, Cumulative CPU 1.05 sec
2016-10-01 08:24:27,483 Stage-6 map = 100%,  reduce = 100%, Cumulative CPU 2.35 sec
MapReduce Total cumulative CPU time: 2 seconds 350 msec
Ended Job = job_1475271333482_0112
MapReduce Jobs Launched: 
Stage-Stage-1: Map: 82  Reduce: 86   Cumulative CPU: 1675.59 sec   HDFS Read: 21844875476 HDFS Write: 490208950 SUCCESS
Stage-Stage-17: Map: 4   Cumulative CPU: 72.99 sec   HDFS Read: 490266936 HDFS Write: 1194927563 SUCCESS
Stage-Stage-14: Map: 5   Cumulative CPU: 99.51 sec   HDFS Read: 1194994215 HDFS Write: 1234824547 SUCCESS
Stage-Stage-11: Map: 6   Cumulative CPU: 40.83 sec   HDFS Read: 1234956031 HDFS Write: 40399 SUCCESS
Stage-Stage-5: Map: 2  Reduce: 1   Cumulative CPU: 3.7 sec   HDFS Read: 59672 HDFS Write: 7303 SUCCESS
Stage-Stage-6: Map: 1  Reduce: 1   Cumulative CPU: 2.35 sec   HDFS Read: 18618 HDFS Write: 6427 SUCCESS
Total MapReduce CPU Time Spent: 31 minutes 34 seconds 970 msec
OK
Time taken: 381.164 seconds, Fetched: 72 row(s)
50.60user 5.15system 6:28.00elapsed 14%CPU (0avgtext+0avgdata 1144088maxresident)k
113784inputs+474048outputs (110major+205490minor)pagefaults 0swaps
