
Logging initialized using configuration in jar:file:/home/ubuntu/software/hive-1.2.1/lib/hive-common-1.2.1.jar!/hive-log4j.properties
Hive history file=/tmp/ubuntu/hive_job_log_d751a500-0593-45a5-8478-dadb99844f48_1193833729.txt
SLF4J: Class path contains multiple SLF4J bindings.
SLF4J: Found binding in [jar:file:/home/ubuntu/software/tez-0.7.1-SNAPSHOT-minimal/lib/slf4j-log4j12-1.7.5.jar!/org/slf4j/impl/StaticLoggerBinder.class]
SLF4J: Found binding in [jar:file:/home/ubuntu/software/hadoop-2.6.0/share/hadoop/common/lib/slf4j-log4j12-1.7.5.jar!/org/slf4j/impl/StaticLoggerBinder.class]
SLF4J: See http://www.slf4j.org/codes.html#multiple_bindings for an explanation.
SLF4J: Actual binding is of type [org.slf4j.impl.Log4jLoggerFactory]
OK
Time taken: 1.1 seconds
Query ID = ubuntu_20161002101953_4cf0b035-c6d9-48a2-98db-1dc14edaac40
Total jobs = 9
SLF4J: Class path contains multiple SLF4J bindings.
SLF4J: Found binding in [jar:file:/home/ubuntu/software/tez-0.7.1-SNAPSHOT-minimal/lib/slf4j-log4j12-1.7.5.jar!/org/slf4j/impl/StaticLoggerBinder.class]
SLF4J: Found binding in [jar:file:/home/ubuntu/software/hadoop-2.6.0/share/hadoop/common/lib/slf4j-log4j12-1.7.5.jar!/org/slf4j/impl/StaticLoggerBinder.class]
SLF4J: See http://www.slf4j.org/codes.html#multiple_bindings for an explanation.
SLF4J: Actual binding is of type [org.slf4j.impl.Log4jLoggerFactory]
Execution log at: /tmp/ubuntu/ubuntu_20161002101953_4cf0b035-c6d9-48a2-98db-1dc14edaac40.log
2016-10-02 10:19:59	Starting to launch local task to process map join;	maximum memory = 932184064
2016-10-02 10:20:01	Dump the side-table for tag: 1 with group count: 7 into file: file:/tmp/ubuntu/d751a500-0593-45a5-8478-dadb99844f48/hive_2016-10-02_10-19-53_648_2310756577518770616-1/-local-10016/HashTable-Stage-15/MapJoin-mapfile41--.hashtable
2016-10-02 10:20:01	Uploaded 1 File to: file:/tmp/ubuntu/d751a500-0593-45a5-8478-dadb99844f48/hive_2016-10-02_10-19-53_648_2310756577518770616-1/-local-10016/HashTable-Stage-15/MapJoin-mapfile41--.hashtable (504 bytes)
2016-10-02 10:20:01	End of local task; Time Taken: 1.316 sec.
Execution completed successfully
MapredLocal task succeeded
Launching Job 1 out of 9
Number of reduce tasks is set to 0 since there's no reduce operator
Starting Job = job_1475401111718_0018, Tracking URL = http://vm1:8088/proxy/application_1475401111718_0018/
Kill Command = /home/ubuntu/software/hadoop-2.6.0/bin/hadoop job  -kill job_1475401111718_0018
Hadoop job information for Stage-15: number of mappers: 5; number of reducers: 0
2016-10-02 10:20:09,558 Stage-15 map = 0%,  reduce = 0%
2016-10-02 10:20:22,974 Stage-15 map = 2%,  reduce = 0%, Cumulative CPU 10.51 sec
2016-10-02 10:20:26,065 Stage-15 map = 4%,  reduce = 0%, Cumulative CPU 36.41 sec
2016-10-02 10:20:27,126 Stage-15 map = 12%,  reduce = 0%, Cumulative CPU 47.95 sec
2016-10-02 10:20:30,213 Stage-15 map = 14%,  reduce = 0%, Cumulative CPU 62.81 sec
2016-10-02 10:20:32,272 Stage-15 map = 16%,  reduce = 0%, Cumulative CPU 65.93 sec
2016-10-02 10:20:33,307 Stage-15 map = 22%,  reduce = 0%, Cumulative CPU 77.31 sec
2016-10-02 10:20:35,365 Stage-15 map = 24%,  reduce = 0%, Cumulative CPU 80.32 sec
2016-10-02 10:20:36,407 Stage-15 map = 32%,  reduce = 0%, Cumulative CPU 91.67 sec
2016-10-02 10:20:38,468 Stage-15 map = 34%,  reduce = 0%, Cumulative CPU 94.76 sec
2016-10-02 10:20:42,591 Stage-15 map = 43%,  reduce = 0%, Cumulative CPU 121.03 sec
2016-10-02 10:20:44,652 Stage-15 map = 44%,  reduce = 0%, Cumulative CPU 124.15 sec
2016-10-02 10:20:45,686 Stage-15 map = 53%,  reduce = 0%, Cumulative CPU 135.61 sec
2016-10-02 10:20:47,744 Stage-15 map = 55%,  reduce = 0%, Cumulative CPU 138.66 sec
2016-10-02 10:20:51,854 Stage-15 map = 63%,  reduce = 0%, Cumulative CPU 164.86 sec
2016-10-02 10:20:52,885 Stage-15 map = 65%,  reduce = 0%, Cumulative CPU 164.86 sec
2016-10-02 10:20:54,942 Stage-15 map = 73%,  reduce = 0%, Cumulative CPU 179.04 sec
2016-10-02 10:20:55,973 Stage-15 map = 75%,  reduce = 0%, Cumulative CPU 182.15 sec
2016-10-02 10:21:00,088 Stage-15 map = 77%,  reduce = 0%, Cumulative CPU 199.52 sec
2016-10-02 10:21:01,121 Stage-15 map = 81%,  reduce = 0%, Cumulative CPU 203.25 sec
2016-10-02 10:21:08,316 Stage-15 map = 85%,  reduce = 0%, Cumulative CPU 205.64 sec
2016-10-02 10:21:11,418 Stage-15 map = 87%,  reduce = 0%, Cumulative CPU 213.06 sec
2016-10-02 10:21:12,464 Stage-15 map = 95%,  reduce = 0%, Cumulative CPU 223.99 sec
2016-10-02 10:21:16,573 Stage-15 map = 96%,  reduce = 0%, Cumulative CPU 231.09 sec
2016-10-02 10:21:18,630 Stage-15 map = 98%,  reduce = 0%, Cumulative CPU 234.1 sec
2016-10-02 10:21:20,684 Stage-15 map = 100%,  reduce = 0%, Cumulative CPU 235.91 sec
MapReduce Total cumulative CPU time: 3 minutes 55 seconds 910 msec
Ended Job = job_1475401111718_0018
Stage-18 is selected by condition resolver.
Stage-19 is filtered out by condition resolver.
Stage-2 is filtered out by condition resolver.
SLF4J: Class path contains multiple SLF4J bindings.
SLF4J: Found binding in [jar:file:/home/ubuntu/software/tez-0.7.1-SNAPSHOT-minimal/lib/slf4j-log4j12-1.7.5.jar!/org/slf4j/impl/StaticLoggerBinder.class]
SLF4J: Found binding in [jar:file:/home/ubuntu/software/hadoop-2.6.0/share/hadoop/common/lib/slf4j-log4j12-1.7.5.jar!/org/slf4j/impl/StaticLoggerBinder.class]
SLF4J: See http://www.slf4j.org/codes.html#multiple_bindings for an explanation.
SLF4J: Actual binding is of type [org.slf4j.impl.Log4jLoggerFactory]
Execution log at: /tmp/ubuntu/ubuntu_20161002101953_4cf0b035-c6d9-48a2-98db-1dc14edaac40.log
2016-10-02 10:21:24	Starting to launch local task to process map join;	maximum memory = 932184064
2016-10-02 10:21:31	Dump the side-table for tag: 1 with group count: 3863 into file: file:/tmp/ubuntu/d751a500-0593-45a5-8478-dadb99844f48/hive_2016-10-02_10-19-53_648_2310756577518770616-1/-local-10012/HashTable-Stage-12/MapJoin-mapfile21--.hashtable
2016-10-02 10:21:31	Uploaded 1 File to: file:/tmp/ubuntu/d751a500-0593-45a5-8478-dadb99844f48/hive_2016-10-02_10-19-53_648_2310756577518770616-1/-local-10012/HashTable-Stage-12/MapJoin-mapfile21--.hashtable (163270 bytes)
2016-10-02 10:21:31	End of local task; Time Taken: 6.613 sec.
Execution completed successfully
MapredLocal task succeeded
Launching Job 3 out of 9
Number of reduce tasks is set to 0 since there's no reduce operator
Starting Job = job_1475401111718_0019, Tracking URL = http://vm1:8088/proxy/application_1475401111718_0019/
Kill Command = /home/ubuntu/software/hadoop-2.6.0/bin/hadoop job  -kill job_1475401111718_0019
Hadoop job information for Stage-12: number of mappers: 10; number of reducers: 0
2016-10-02 10:21:43,183 Stage-12 map = 0%,  reduce = 0%
2016-10-02 10:21:51,553 Stage-12 map = 10%,  reduce = 0%, Cumulative CPU 4.35 sec
2016-10-02 10:21:55,770 Stage-12 map = 11%,  reduce = 0%, Cumulative CPU 57.65 sec
2016-10-02 10:21:59,955 Stage-12 map = 16%,  reduce = 0%, Cumulative CPU 87.71 sec
2016-10-02 10:22:02,059 Stage-12 map = 50%,  reduce = 0%, Cumulative CPU 111.08 sec
2016-10-02 10:22:03,103 Stage-12 map = 55%,  reduce = 0%, Cumulative CPU 114.32 sec
2016-10-02 10:22:05,209 Stage-12 map = 62%,  reduce = 0%, Cumulative CPU 138.07 sec
2016-10-02 10:22:06,243 Stage-12 map = 72%,  reduce = 0%, Cumulative CPU 139.69 sec
2016-10-02 10:22:07,278 Stage-12 map = 87%,  reduce = 0%, Cumulative CPU 144.67 sec
2016-10-02 10:22:08,316 Stage-12 map = 100%,  reduce = 0%, Cumulative CPU 153.08 sec
MapReduce Total cumulative CPU time: 2 minutes 33 seconds 80 msec
Ended Job = job_1475401111718_0019
Stage-16 is selected by condition resolver.
Stage-17 is filtered out by condition resolver.
Stage-3 is filtered out by condition resolver.
SLF4J: Class path contains multiple SLF4J bindings.
SLF4J: Found binding in [jar:file:/home/ubuntu/software/tez-0.7.1-SNAPSHOT-minimal/lib/slf4j-log4j12-1.7.5.jar!/org/slf4j/impl/StaticLoggerBinder.class]
SLF4J: Found binding in [jar:file:/home/ubuntu/software/hadoop-2.6.0/share/hadoop/common/lib/slf4j-log4j12-1.7.5.jar!/org/slf4j/impl/StaticLoggerBinder.class]
SLF4J: See http://www.slf4j.org/codes.html#multiple_bindings for an explanation.
SLF4J: Actual binding is of type [org.slf4j.impl.Log4jLoggerFactory]
Execution log at: /tmp/ubuntu/ubuntu_20161002101953_4cf0b035-c6d9-48a2-98db-1dc14edaac40.log
2016-10-02 10:22:13	Starting to launch local task to process map join;	maximum memory = 932184064
2016-10-02 10:22:14	Dump the side-table for tag: 1 with group count: 60 into file: file:/tmp/ubuntu/d751a500-0593-45a5-8478-dadb99844f48/hive_2016-10-02_10-19-53_648_2310756577518770616-1/-local-10008/HashTable-Stage-9/MapJoin-mapfile01--.hashtable
2016-10-02 10:22:15	Uploaded 1 File to: file:/tmp/ubuntu/d751a500-0593-45a5-8478-dadb99844f48/hive_2016-10-02_10-19-53_648_2310756577518770616-1/-local-10008/HashTable-Stage-9/MapJoin-mapfile01--.hashtable (2248 bytes)
2016-10-02 10:22:15	End of local task; Time Taken: 1.661 sec.
Execution completed successfully
MapredLocal task succeeded
Launching Job 5 out of 9
Number of reduce tasks is set to 0 since there's no reduce operator
Starting Job = job_1475401111718_0020, Tracking URL = http://vm1:8088/proxy/application_1475401111718_0020/
Kill Command = /home/ubuntu/software/hadoop-2.6.0/bin/hadoop job  -kill job_1475401111718_0020
Hadoop job information for Stage-9: number of mappers: 3; number of reducers: 0
2016-10-02 10:22:24,547 Stage-9 map = 0%,  reduce = 0%
2016-10-02 10:22:33,846 Stage-9 map = 33%,  reduce = 0%, Cumulative CPU 3.63 sec
2016-10-02 10:22:35,915 Stage-9 map = 84%,  reduce = 0%, Cumulative CPU 18.48 sec
2016-10-02 10:22:36,954 Stage-9 map = 100%,  reduce = 0%, Cumulative CPU 20.74 sec
MapReduce Total cumulative CPU time: 20 seconds 740 msec
Ended Job = job_1475401111718_0020
Launching Job 6 out of 9
Number of reduce tasks not specified. Defaulting to jobconf value of: 1
In order to change the average load for a reducer (in bytes):
  set hive.exec.reducers.bytes.per.reducer=<number>
In order to limit the maximum number of reducers:
  set hive.exec.reducers.max=<number>
In order to set a constant number of reducers:
  set mapreduce.job.reduces=<number>
Starting Job = job_1475401111718_0021, Tracking URL = http://vm1:8088/proxy/application_1475401111718_0021/
Kill Command = /home/ubuntu/software/hadoop-2.6.0/bin/hadoop job  -kill job_1475401111718_0021
Hadoop job information for Stage-4: number of mappers: 1; number of reducers: 1
2016-10-02 10:22:43,840 Stage-4 map = 0%,  reduce = 0%
2016-10-02 10:22:50,008 Stage-4 map = 100%,  reduce = 0%, Cumulative CPU 2.92 sec
2016-10-02 10:22:57,201 Stage-4 map = 100%,  reduce = 100%, Cumulative CPU 6.22 sec
MapReduce Total cumulative CPU time: 6 seconds 220 msec
Ended Job = job_1475401111718_0021
Launching Job 7 out of 9
Number of reduce tasks determined at compile time: 1
In order to change the average load for a reducer (in bytes):
  set hive.exec.reducers.bytes.per.reducer=<number>
In order to limit the maximum number of reducers:
  set hive.exec.reducers.max=<number>
In order to set a constant number of reducers:
  set mapreduce.job.reduces=<number>
Starting Job = job_1475401111718_0022, Tracking URL = http://vm1:8088/proxy/application_1475401111718_0022/
Kill Command = /home/ubuntu/software/hadoop-2.6.0/bin/hadoop job  -kill job_1475401111718_0022
Hadoop job information for Stage-5: number of mappers: 1; number of reducers: 1
2016-10-02 10:23:04,117 Stage-5 map = 0%,  reduce = 0%
2016-10-02 10:23:09,305 Stage-5 map = 100%,  reduce = 0%, Cumulative CPU 2.22 sec
2016-10-02 10:23:15,520 Stage-5 map = 100%,  reduce = 100%, Cumulative CPU 3.79 sec
MapReduce Total cumulative CPU time: 3 seconds 790 msec
Ended Job = job_1475401111718_0022
MapReduce Jobs Launched: 
Stage-Stage-15: Map: 5   Cumulative CPU: 235.91 sec   HDFS Read: 1164950191 HDFS Write: 2535951899 SUCCESS
Stage-Stage-12: Map: 10   Cumulative CPU: 153.08 sec   HDFS Read: 2536061785 HDFS Write: 246864684 SUCCESS
Stage-Stage-9: Map: 3   Cumulative CPU: 20.74 sec   HDFS Read: 246905438 HDFS Write: 1432253 SUCCESS
Stage-Stage-4: Map: 1  Reduce: 1   Cumulative CPU: 6.22 sec   HDFS Read: 1440427 HDFS Write: 432344 SUCCESS
Stage-Stage-5: Map: 1  Reduce: 1   Cumulative CPU: 3.79 sec   HDFS Read: 438339 HDFS Write: 2799 SUCCESS
Total MapReduce CPU Time Spent: 6 minutes 59 seconds 740 msec
OK
Time taken: 202.964 seconds, Fetched: 100 row(s)
42.80user 3.72system 3:30.74elapsed 22%CPU (0avgtext+0avgdata 737328maxresident)k
114712inputs+459296outputs (110major+205498minor)pagefaults 0swaps
