
Logging initialized using configuration in jar:file:/home/ubuntu/software/hive-1.2.1/lib/hive-common-1.2.1.jar!/hive-log4j.properties
Hive history file=/tmp/ubuntu/hive_job_log_bbc0cbeb-dfe0-4bbe-a5de-215308344375_464916533.txt
SLF4J: Class path contains multiple SLF4J bindings.
SLF4J: Found binding in [jar:file:/home/ubuntu/software/tez-0.7.1-SNAPSHOT-minimal/lib/slf4j-log4j12-1.7.5.jar!/org/slf4j/impl/StaticLoggerBinder.class]
SLF4J: Found binding in [jar:file:/home/ubuntu/software/hadoop-2.6.0/share/hadoop/common/lib/slf4j-log4j12-1.7.5.jar!/org/slf4j/impl/StaticLoggerBinder.class]
SLF4J: See http://www.slf4j.org/codes.html#multiple_bindings for an explanation.
SLF4J: Actual binding is of type [org.slf4j.impl.Log4jLoggerFactory]
OK
Time taken: 0.919 seconds
Query ID = ubuntu_20161001073220_c70876e0-ed35-47c6-962a-3ebcc7df65a8
Total jobs = 9
SLF4J: Class path contains multiple SLF4J bindings.
SLF4J: Found binding in [jar:file:/home/ubuntu/software/tez-0.7.1-SNAPSHOT-minimal/lib/slf4j-log4j12-1.7.5.jar!/org/slf4j/impl/StaticLoggerBinder.class]
SLF4J: Found binding in [jar:file:/home/ubuntu/software/hadoop-2.6.0/share/hadoop/common/lib/slf4j-log4j12-1.7.5.jar!/org/slf4j/impl/StaticLoggerBinder.class]
SLF4J: See http://www.slf4j.org/codes.html#multiple_bindings for an explanation.
SLF4J: Actual binding is of type [org.slf4j.impl.Log4jLoggerFactory]
Execution log at: /tmp/ubuntu/ubuntu_20161001073220_c70876e0-ed35-47c6-962a-3ebcc7df65a8.log
2016-10-01 07:32:25	Starting to launch local task to process map join;	maximum memory = 932184064
2016-10-01 07:32:27	Dump the side-table for tag: 1 with group count: 7 into file: file:/tmp/ubuntu/bbc0cbeb-dfe0-4bbe-a5de-215308344375/hive_2016-10-01_07-32-20_036_7642965507186742014-1/-local-10016/HashTable-Stage-15/MapJoin-mapfile41--.hashtable
2016-10-01 07:32:27	Uploaded 1 File to: file:/tmp/ubuntu/bbc0cbeb-dfe0-4bbe-a5de-215308344375/hive_2016-10-01_07-32-20_036_7642965507186742014-1/-local-10016/HashTable-Stage-15/MapJoin-mapfile41--.hashtable (504 bytes)
2016-10-01 07:32:27	End of local task; Time Taken: 1.442 sec.
Execution completed successfully
MapredLocal task succeeded
Launching Job 1 out of 9
Number of reduce tasks is set to 0 since there's no reduce operator
Starting Job = job_1475271333482_0088, Tracking URL = http://vm1:8088/proxy/application_1475271333482_0088/
Kill Command = /home/ubuntu/software/hadoop-2.6.0/bin/hadoop job  -kill job_1475271333482_0088
Hadoop job information for Stage-15: number of mappers: 5; number of reducers: 0
2016-10-01 07:32:38,031 Stage-15 map = 0%,  reduce = 0%
2016-10-01 07:32:52,513 Stage-15 map = 2%,  reduce = 0%, Cumulative CPU 33.32 sec
2016-10-01 07:32:54,583 Stage-15 map = 10%,  reduce = 0%, Cumulative CPU 44.86 sec
2016-10-01 07:32:55,661 Stage-15 map = 12%,  reduce = 0%, Cumulative CPU 48.11 sec
2016-10-01 07:32:59,790 Stage-15 map = 17%,  reduce = 0%, Cumulative CPU 68.79 sec
2016-10-01 07:33:00,830 Stage-15 map = 22%,  reduce = 0%, Cumulative CPU 77.92 sec
2016-10-01 07:33:02,897 Stage-15 map = 24%,  reduce = 0%, Cumulative CPU 86.76 sec
2016-10-01 07:33:03,929 Stage-15 map = 28%,  reduce = 0%, Cumulative CPU 92.75 sec
2016-10-01 07:33:05,994 Stage-15 map = 32%,  reduce = 0%, Cumulative CPU 101.1 sec
2016-10-01 07:33:09,088 Stage-15 map = 41%,  reduce = 0%, Cumulative CPU 118.76 sec
2016-10-01 07:33:10,122 Stage-15 map = 43%,  reduce = 0%, Cumulative CPU 121.83 sec
2016-10-01 07:33:12,186 Stage-15 map = 46%,  reduce = 0%, Cumulative CPU 133.56 sec
2016-10-01 07:33:13,225 Stage-15 map = 48%,  reduce = 0%, Cumulative CPU 136.64 sec
2016-10-01 07:33:15,288 Stage-15 map = 53%,  reduce = 0%, Cumulative CPU 148.23 sec
2016-10-01 07:33:18,399 Stage-15 map = 59%,  reduce = 0%, Cumulative CPU 162.98 sec
2016-10-01 07:33:19,431 Stage-15 map = 61%,  reduce = 0%, Cumulative CPU 165.97 sec
2016-10-01 07:33:21,492 Stage-15 map = 67%,  reduce = 0%, Cumulative CPU 177.52 sec
2016-10-01 07:33:22,537 Stage-15 map = 68%,  reduce = 0%, Cumulative CPU 180.53 sec
2016-10-01 07:33:24,608 Stage-15 map = 73%,  reduce = 0%, Cumulative CPU 191.43 sec
2016-10-01 07:33:27,717 Stage-15 map = 77%,  reduce = 0%, Cumulative CPU 206.08 sec
2016-10-01 07:33:28,749 Stage-15 map = 81%,  reduce = 0%, Cumulative CPU 209.62 sec
2016-10-01 07:33:30,816 Stage-15 map = 87%,  reduce = 0%, Cumulative CPU 218.38 sec
2016-10-01 07:33:31,862 Stage-15 map = 89%,  reduce = 0%, Cumulative CPU 221.47 sec
2016-10-01 07:33:33,924 Stage-15 map = 91%,  reduce = 0%, Cumulative CPU 230.02 sec
2016-10-01 07:33:35,984 Stage-15 map = 93%,  reduce = 0%, Cumulative CPU 234.28 sec
2016-10-01 07:33:37,041 Stage-15 map = 96%,  reduce = 0%, Cumulative CPU 240.32 sec
2016-10-01 07:33:39,101 Stage-15 map = 98%,  reduce = 0%, Cumulative CPU 242.91 sec
2016-10-01 07:33:40,135 Stage-15 map = 100%,  reduce = 0%, Cumulative CPU 245.81 sec
MapReduce Total cumulative CPU time: 4 minutes 5 seconds 810 msec
Ended Job = job_1475271333482_0088
Stage-18 is selected by condition resolver.
Stage-19 is filtered out by condition resolver.
Stage-2 is filtered out by condition resolver.
SLF4J: Class path contains multiple SLF4J bindings.
SLF4J: Found binding in [jar:file:/home/ubuntu/software/tez-0.7.1-SNAPSHOT-minimal/lib/slf4j-log4j12-1.7.5.jar!/org/slf4j/impl/StaticLoggerBinder.class]
SLF4J: Found binding in [jar:file:/home/ubuntu/software/hadoop-2.6.0/share/hadoop/common/lib/slf4j-log4j12-1.7.5.jar!/org/slf4j/impl/StaticLoggerBinder.class]
SLF4J: See http://www.slf4j.org/codes.html#multiple_bindings for an explanation.
SLF4J: Actual binding is of type [org.slf4j.impl.Log4jLoggerFactory]
Execution log at: /tmp/ubuntu/ubuntu_20161001073220_c70876e0-ed35-47c6-962a-3ebcc7df65a8.log
2016-10-01 07:33:44	Starting to launch local task to process map join;	maximum memory = 932184064
2016-10-01 07:33:46	Dump the side-table for tag: 1 with group count: 3863 into file: file:/tmp/ubuntu/bbc0cbeb-dfe0-4bbe-a5de-215308344375/hive_2016-10-01_07-32-20_036_7642965507186742014-1/-local-10012/HashTable-Stage-12/MapJoin-mapfile21--.hashtable
2016-10-01 07:33:46	Uploaded 1 File to: file:/tmp/ubuntu/bbc0cbeb-dfe0-4bbe-a5de-215308344375/hive_2016-10-01_07-32-20_036_7642965507186742014-1/-local-10012/HashTable-Stage-12/MapJoin-mapfile21--.hashtable (163270 bytes)
2016-10-01 07:33:46	End of local task; Time Taken: 1.991 sec.
Execution completed successfully
MapredLocal task succeeded
Launching Job 3 out of 9
Number of reduce tasks is set to 0 since there's no reduce operator
Starting Job = job_1475271333482_0089, Tracking URL = http://vm1:8088/proxy/application_1475271333482_0089/
Kill Command = /home/ubuntu/software/hadoop-2.6.0/bin/hadoop job  -kill job_1475271333482_0089
Hadoop job information for Stage-12: number of mappers: 10; number of reducers: 0
2016-10-01 07:33:55,636 Stage-12 map = 0%,  reduce = 0%
2016-10-01 07:34:07,089 Stage-12 map = 10%,  reduce = 0%, Cumulative CPU 18.52 sec
2016-10-01 07:34:11,259 Stage-12 map = 11%,  reduce = 0%, Cumulative CPU 66.62 sec
2016-10-01 07:34:13,368 Stage-12 map = 21%,  reduce = 0%, Cumulative CPU 76.05 sec
2016-10-01 07:34:14,414 Stage-12 map = 36%,  reduce = 0%, Cumulative CPU 94.24 sec
2016-10-01 07:34:17,534 Stage-12 map = 56%,  reduce = 0%, Cumulative CPU 123.93 sec
2016-10-01 07:34:18,577 Stage-12 map = 65%,  reduce = 0%, Cumulative CPU 128.17 sec
2016-10-01 07:34:19,625 Stage-12 map = 70%,  reduce = 0%, Cumulative CPU 130.14 sec
2016-10-01 07:34:20,658 Stage-12 map = 82%,  reduce = 0%, Cumulative CPU 141.42 sec
2016-10-01 07:34:22,733 Stage-12 map = 95%,  reduce = 0%, Cumulative CPU 149.81 sec
2016-10-01 07:34:24,801 Stage-12 map = 100%,  reduce = 0%, Cumulative CPU 153.21 sec
MapReduce Total cumulative CPU time: 2 minutes 33 seconds 210 msec
Ended Job = job_1475271333482_0089
Stage-16 is selected by condition resolver.
Stage-17 is filtered out by condition resolver.
Stage-3 is filtered out by condition resolver.
SLF4J: Class path contains multiple SLF4J bindings.
SLF4J: Found binding in [jar:file:/home/ubuntu/software/tez-0.7.1-SNAPSHOT-minimal/lib/slf4j-log4j12-1.7.5.jar!/org/slf4j/impl/StaticLoggerBinder.class]
SLF4J: Found binding in [jar:file:/home/ubuntu/software/hadoop-2.6.0/share/hadoop/common/lib/slf4j-log4j12-1.7.5.jar!/org/slf4j/impl/StaticLoggerBinder.class]
SLF4J: See http://www.slf4j.org/codes.html#multiple_bindings for an explanation.
SLF4J: Actual binding is of type [org.slf4j.impl.Log4jLoggerFactory]
Execution log at: /tmp/ubuntu/ubuntu_20161001073220_c70876e0-ed35-47c6-962a-3ebcc7df65a8.log
2016-10-01 07:34:29	Starting to launch local task to process map join;	maximum memory = 932184064
2016-10-01 07:34:30	Dump the side-table for tag: 1 with group count: 60 into file: file:/tmp/ubuntu/bbc0cbeb-dfe0-4bbe-a5de-215308344375/hive_2016-10-01_07-32-20_036_7642965507186742014-1/-local-10008/HashTable-Stage-9/MapJoin-mapfile01--.hashtable
2016-10-01 07:34:30	Uploaded 1 File to: file:/tmp/ubuntu/bbc0cbeb-dfe0-4bbe-a5de-215308344375/hive_2016-10-01_07-32-20_036_7642965507186742014-1/-local-10008/HashTable-Stage-9/MapJoin-mapfile01--.hashtable (2248 bytes)
2016-10-01 07:34:30	End of local task; Time Taken: 1.691 sec.
Execution completed successfully
MapredLocal task succeeded
Launching Job 5 out of 9
Number of reduce tasks is set to 0 since there's no reduce operator
Starting Job = job_1475271333482_0090, Tracking URL = http://vm1:8088/proxy/application_1475271333482_0090/
Kill Command = /home/ubuntu/software/hadoop-2.6.0/bin/hadoop job  -kill job_1475271333482_0090
Hadoop job information for Stage-9: number of mappers: 3; number of reducers: 0
2016-10-01 07:34:37,443 Stage-9 map = 0%,  reduce = 0%
2016-10-01 07:34:45,745 Stage-9 map = 33%,  reduce = 0%, Cumulative CPU 4.6 sec
2016-10-01 07:34:48,858 Stage-9 map = 84%,  reduce = 0%, Cumulative CPU 19.96 sec
2016-10-01 07:34:49,905 Stage-9 map = 100%,  reduce = 0%, Cumulative CPU 21.72 sec
MapReduce Total cumulative CPU time: 21 seconds 720 msec
Ended Job = job_1475271333482_0090
Launching Job 6 out of 9
Number of reduce tasks not specified. Estimated from input data size: 1
In order to change the average load for a reducer (in bytes):
  set hive.exec.reducers.bytes.per.reducer=<number>
In order to limit the maximum number of reducers:
  set hive.exec.reducers.max=<number>
In order to set a constant number of reducers:
  set mapreduce.job.reduces=<number>
Starting Job = job_1475271333482_0091, Tracking URL = http://vm1:8088/proxy/application_1475271333482_0091/
Kill Command = /home/ubuntu/software/hadoop-2.6.0/bin/hadoop job  -kill job_1475271333482_0091
Hadoop job information for Stage-4: number of mappers: 1; number of reducers: 1
2016-10-01 07:34:56,203 Stage-4 map = 0%,  reduce = 0%
2016-10-01 07:35:02,387 Stage-4 map = 100%,  reduce = 0%, Cumulative CPU 2.81 sec
2016-10-01 07:35:09,598 Stage-4 map = 100%,  reduce = 100%, Cumulative CPU 6.0 sec
MapReduce Total cumulative CPU time: 6 seconds 0 msec
Ended Job = job_1475271333482_0091
Launching Job 7 out of 9
Number of reduce tasks determined at compile time: 1
In order to change the average load for a reducer (in bytes):
  set hive.exec.reducers.bytes.per.reducer=<number>
In order to limit the maximum number of reducers:
  set hive.exec.reducers.max=<number>
In order to set a constant number of reducers:
  set mapreduce.job.reduces=<number>
Starting Job = job_1475271333482_0092, Tracking URL = http://vm1:8088/proxy/application_1475271333482_0092/
Kill Command = /home/ubuntu/software/hadoop-2.6.0/bin/hadoop job  -kill job_1475271333482_0092
Hadoop job information for Stage-5: number of mappers: 1; number of reducers: 1
2016-10-01 07:35:15,405 Stage-5 map = 0%,  reduce = 0%
2016-10-01 07:35:21,596 Stage-5 map = 100%,  reduce = 0%, Cumulative CPU 2.22 sec
2016-10-01 07:35:26,735 Stage-5 map = 100%,  reduce = 100%, Cumulative CPU 3.71 sec
MapReduce Total cumulative CPU time: 3 seconds 710 msec
Ended Job = job_1475271333482_0092
MapReduce Jobs Launched: 
Stage-Stage-15: Map: 5   Cumulative CPU: 245.81 sec   HDFS Read: 1164950191 HDFS Write: 2535951899 SUCCESS
Stage-Stage-12: Map: 10   Cumulative CPU: 153.21 sec   HDFS Read: 2536061785 HDFS Write: 246864684 SUCCESS
Stage-Stage-9: Map: 3   Cumulative CPU: 21.72 sec   HDFS Read: 246905438 HDFS Write: 1432253 SUCCESS
Stage-Stage-4: Map: 1  Reduce: 1   Cumulative CPU: 6.0 sec   HDFS Read: 1440427 HDFS Write: 432344 SUCCESS
Stage-Stage-5: Map: 1  Reduce: 1   Cumulative CPU: 3.71 sec   HDFS Read: 438339 HDFS Write: 2799 SUCCESS
Total MapReduce CPU Time Spent: 7 minutes 10 seconds 450 msec
OK
Time taken: 188.823 seconds, Fetched: 100 row(s)
45.18user 4.61system 3:15.78elapsed 25%CPU (0avgtext+0avgdata 744032maxresident)k
114672inputs+459184outputs (111major+190197minor)pagefaults 0swaps
