
Logging initialized using configuration in jar:file:/home/ubuntu/software/hive-1.2.1/lib/hive-common-1.2.1.jar!/hive-log4j.properties
Hive history file=/tmp/ubuntu/hive_job_log_cf4eeb7a-5f08-4f96-b00a-2d58a0225f90_828445338.txt
SLF4J: Class path contains multiple SLF4J bindings.
SLF4J: Found binding in [jar:file:/home/ubuntu/software/tez-0.7.1-SNAPSHOT-minimal/lib/slf4j-log4j12-1.7.5.jar!/org/slf4j/impl/StaticLoggerBinder.class]
SLF4J: Found binding in [jar:file:/home/ubuntu/software/hadoop-2.6.0/share/hadoop/common/lib/slf4j-log4j12-1.7.5.jar!/org/slf4j/impl/StaticLoggerBinder.class]
SLF4J: See http://www.slf4j.org/codes.html#multiple_bindings for an explanation.
SLF4J: Actual binding is of type [org.slf4j.impl.Log4jLoggerFactory]
OK
Time taken: 1.095 seconds
Query ID = ubuntu_20161002112407_31d4cf7b-f236-4e2d-96f0-522178ba8940
Total jobs = 9
SLF4J: Class path contains multiple SLF4J bindings.
SLF4J: Found binding in [jar:file:/home/ubuntu/software/tez-0.7.1-SNAPSHOT-minimal/lib/slf4j-log4j12-1.7.5.jar!/org/slf4j/impl/StaticLoggerBinder.class]
SLF4J: Found binding in [jar:file:/home/ubuntu/software/hadoop-2.6.0/share/hadoop/common/lib/slf4j-log4j12-1.7.5.jar!/org/slf4j/impl/StaticLoggerBinder.class]
SLF4J: See http://www.slf4j.org/codes.html#multiple_bindings for an explanation.
SLF4J: Actual binding is of type [org.slf4j.impl.Log4jLoggerFactory]
Execution log at: /tmp/ubuntu/ubuntu_20161002112407_31d4cf7b-f236-4e2d-96f0-522178ba8940.log
2016-10-02 11:24:13	Starting to launch local task to process map join;	maximum memory = 932184064
2016-10-02 11:24:15	Dump the side-table for tag: 1 with group count: 7 into file: file:/tmp/ubuntu/cf4eeb7a-5f08-4f96-b00a-2d58a0225f90/hive_2016-10-02_11-24-07_785_8482749975557224398-1/-local-10016/HashTable-Stage-15/MapJoin-mapfile41--.hashtable
2016-10-02 11:24:15	Uploaded 1 File to: file:/tmp/ubuntu/cf4eeb7a-5f08-4f96-b00a-2d58a0225f90/hive_2016-10-02_11-24-07_785_8482749975557224398-1/-local-10016/HashTable-Stage-15/MapJoin-mapfile41--.hashtable (504 bytes)
2016-10-02 11:24:15	End of local task; Time Taken: 1.589 sec.
Execution completed successfully
MapredLocal task succeeded
Launching Job 1 out of 9
Number of reduce tasks is set to 0 since there's no reduce operator
Starting Job = job_1475401111718_0088, Tracking URL = http://vm1:8088/proxy/application_1475401111718_0088/
Kill Command = /home/ubuntu/software/hadoop-2.6.0/bin/hadoop job  -kill job_1475401111718_0088
Hadoop job information for Stage-15: number of mappers: 5; number of reducers: 0
2016-10-02 11:24:25,854 Stage-15 map = 0%,  reduce = 0%
2016-10-02 11:24:41,405 Stage-15 map = 10%,  reduce = 0%, Cumulative CPU 44.9 sec
2016-10-02 11:24:44,536 Stage-15 map = 13%,  reduce = 0%, Cumulative CPU 59.95 sec
2016-10-02 11:24:46,603 Stage-15 map = 15%,  reduce = 0%, Cumulative CPU 63.12 sec
2016-10-02 11:24:47,638 Stage-15 map = 23%,  reduce = 0%, Cumulative CPU 74.64 sec
2016-10-02 11:24:50,737 Stage-15 map = 31%,  reduce = 0%, Cumulative CPU 89.23 sec
2016-10-02 11:24:52,805 Stage-15 map = 33%,  reduce = 0%, Cumulative CPU 92.25 sec
2016-10-02 11:24:55,905 Stage-15 map = 36%,  reduce = 0%, Cumulative CPU 106.93 sec
2016-10-02 11:24:56,942 Stage-15 map = 43%,  reduce = 0%, Cumulative CPU 118.11 sec
2016-10-02 11:25:00,050 Stage-15 map = 47%,  reduce = 0%, Cumulative CPU 132.74 sec
2016-10-02 11:25:02,120 Stage-15 map = 49%,  reduce = 0%, Cumulative CPU 135.83 sec
2016-10-02 11:25:03,156 Stage-15 map = 53%,  reduce = 0%, Cumulative CPU 147.42 sec
2016-10-02 11:25:05,221 Stage-15 map = 56%,  reduce = 0%, Cumulative CPU 150.1 sec
2016-10-02 11:25:06,256 Stage-15 map = 64%,  reduce = 0%, Cumulative CPU 161.41 sec
2016-10-02 11:25:09,356 Stage-15 map = 67%,  reduce = 0%, Cumulative CPU 176.17 sec
2016-10-02 11:25:10,389 Stage-15 map = 70%,  reduce = 0%, Cumulative CPU 177.55 sec
2016-10-02 11:25:12,470 Stage-15 map = 74%,  reduce = 0%, Cumulative CPU 188.95 sec
2016-10-02 11:25:15,599 Stage-15 map = 79%,  reduce = 0%, Cumulative CPU 199.55 sec
2016-10-02 11:25:18,693 Stage-15 map = 85%,  reduce = 0%, Cumulative CPU 210.64 sec
2016-10-02 11:25:20,762 Stage-15 map = 87%,  reduce = 0%, Cumulative CPU 212.55 sec
2016-10-02 11:25:21,795 Stage-15 map = 89%,  reduce = 0%, Cumulative CPU 221.45 sec
2016-10-02 11:25:24,891 Stage-15 map = 95%,  reduce = 0%, Cumulative CPU 229.58 sec
2016-10-02 11:25:27,009 Stage-15 map = 96%,  reduce = 0%, Cumulative CPU 232.34 sec
2016-10-02 11:25:28,050 Stage-15 map = 100%,  reduce = 0%, Cumulative CPU 239.8 sec
MapReduce Total cumulative CPU time: 3 minutes 59 seconds 800 msec
Ended Job = job_1475401111718_0088
Stage-18 is selected by condition resolver.
Stage-19 is filtered out by condition resolver.
Stage-2 is filtered out by condition resolver.
SLF4J: Class path contains multiple SLF4J bindings.
SLF4J: Found binding in [jar:file:/home/ubuntu/software/tez-0.7.1-SNAPSHOT-minimal/lib/slf4j-log4j12-1.7.5.jar!/org/slf4j/impl/StaticLoggerBinder.class]
SLF4J: Found binding in [jar:file:/home/ubuntu/software/hadoop-2.6.0/share/hadoop/common/lib/slf4j-log4j12-1.7.5.jar!/org/slf4j/impl/StaticLoggerBinder.class]
SLF4J: See http://www.slf4j.org/codes.html#multiple_bindings for an explanation.
SLF4J: Actual binding is of type [org.slf4j.impl.Log4jLoggerFactory]
Execution log at: /tmp/ubuntu/ubuntu_20161002112407_31d4cf7b-f236-4e2d-96f0-522178ba8940.log
2016-10-02 11:25:34	Starting to launch local task to process map join;	maximum memory = 932184064
2016-10-02 11:25:39	Dump the side-table for tag: 1 with group count: 3863 into file: file:/tmp/ubuntu/cf4eeb7a-5f08-4f96-b00a-2d58a0225f90/hive_2016-10-02_11-24-07_785_8482749975557224398-1/-local-10012/HashTable-Stage-12/MapJoin-mapfile21--.hashtable
2016-10-02 11:25:39	Uploaded 1 File to: file:/tmp/ubuntu/cf4eeb7a-5f08-4f96-b00a-2d58a0225f90/hive_2016-10-02_11-24-07_785_8482749975557224398-1/-local-10012/HashTable-Stage-12/MapJoin-mapfile21--.hashtable (163270 bytes)
2016-10-02 11:25:39	End of local task; Time Taken: 5.311 sec.
Execution completed successfully
MapredLocal task succeeded
Launching Job 3 out of 9
Number of reduce tasks is set to 0 since there's no reduce operator
Starting Job = job_1475401111718_0089, Tracking URL = http://vm1:8088/proxy/application_1475401111718_0089/
Kill Command = /home/ubuntu/software/hadoop-2.6.0/bin/hadoop job  -kill job_1475401111718_0089
Hadoop job information for Stage-12: number of mappers: 10; number of reducers: 0
2016-10-02 11:25:45,866 Stage-12 map = 0%,  reduce = 0%
2016-10-02 11:25:55,217 Stage-12 map = 10%,  reduce = 0%, Cumulative CPU 2.61 sec
2016-10-02 11:25:58,391 Stage-12 map = 12%,  reduce = 0%, Cumulative CPU 39.5 sec
2016-10-02 11:26:01,552 Stage-12 map = 17%,  reduce = 0%, Cumulative CPU 78.46 sec
2016-10-02 11:26:04,802 Stage-12 map = 51%,  reduce = 0%, Cumulative CPU 111.32 sec
2016-10-02 11:26:06,910 Stage-12 map = 55%,  reduce = 0%, Cumulative CPU 113.61 sec
2016-10-02 11:26:07,962 Stage-12 map = 67%,  reduce = 0%, Cumulative CPU 137.31 sec
2016-10-02 11:26:10,052 Stage-12 map = 82%,  reduce = 0%, Cumulative CPU 143.46 sec
2016-10-02 11:26:11,080 Stage-12 map = 100%,  reduce = 0%, Cumulative CPU 153.69 sec
MapReduce Total cumulative CPU time: 2 minutes 33 seconds 690 msec
Ended Job = job_1475401111718_0089
Stage-16 is selected by condition resolver.
Stage-17 is filtered out by condition resolver.
Stage-3 is filtered out by condition resolver.
SLF4J: Class path contains multiple SLF4J bindings.
SLF4J: Found binding in [jar:file:/home/ubuntu/software/tez-0.7.1-SNAPSHOT-minimal/lib/slf4j-log4j12-1.7.5.jar!/org/slf4j/impl/StaticLoggerBinder.class]
SLF4J: Found binding in [jar:file:/home/ubuntu/software/hadoop-2.6.0/share/hadoop/common/lib/slf4j-log4j12-1.7.5.jar!/org/slf4j/impl/StaticLoggerBinder.class]
SLF4J: See http://www.slf4j.org/codes.html#multiple_bindings for an explanation.
SLF4J: Actual binding is of type [org.slf4j.impl.Log4jLoggerFactory]
Execution log at: /tmp/ubuntu/ubuntu_20161002112407_31d4cf7b-f236-4e2d-96f0-522178ba8940.log
2016-10-02 11:26:15	Starting to launch local task to process map join;	maximum memory = 932184064
2016-10-02 11:26:16	Dump the side-table for tag: 1 with group count: 60 into file: file:/tmp/ubuntu/cf4eeb7a-5f08-4f96-b00a-2d58a0225f90/hive_2016-10-02_11-24-07_785_8482749975557224398-1/-local-10008/HashTable-Stage-9/MapJoin-mapfile01--.hashtable
2016-10-02 11:26:16	Uploaded 1 File to: file:/tmp/ubuntu/cf4eeb7a-5f08-4f96-b00a-2d58a0225f90/hive_2016-10-02_11-24-07_785_8482749975557224398-1/-local-10008/HashTable-Stage-9/MapJoin-mapfile01--.hashtable (2248 bytes)
2016-10-02 11:26:16	End of local task; Time Taken: 1.815 sec.
Execution completed successfully
MapredLocal task succeeded
Launching Job 5 out of 9
Number of reduce tasks is set to 0 since there's no reduce operator
Starting Job = job_1475401111718_0090, Tracking URL = http://vm1:8088/proxy/application_1475401111718_0090/
Kill Command = /home/ubuntu/software/hadoop-2.6.0/bin/hadoop job  -kill job_1475401111718_0090
Hadoop job information for Stage-9: number of mappers: 4; number of reducers: 0
2016-10-02 11:26:22,234 Stage-9 map = 0%,  reduce = 0%
2016-10-02 11:26:31,556 Stage-9 map = 25%,  reduce = 0%, Cumulative CPU 2.3 sec
2016-10-02 11:26:32,605 Stage-9 map = 50%,  reduce = 0%, Cumulative CPU 5.62 sec
2016-10-02 11:26:34,672 Stage-9 map = 88%,  reduce = 0%, Cumulative CPU 19.37 sec
2016-10-02 11:26:35,704 Stage-9 map = 100%,  reduce = 0%, Cumulative CPU 21.92 sec
MapReduce Total cumulative CPU time: 21 seconds 920 msec
Ended Job = job_1475401111718_0090
Launching Job 6 out of 9
Number of reduce tasks not specified. Defaulting to jobconf value of: 10
In order to change the average load for a reducer (in bytes):
  set hive.exec.reducers.bytes.per.reducer=<number>
In order to limit the maximum number of reducers:
  set hive.exec.reducers.max=<number>
In order to set a constant number of reducers:
  set mapreduce.job.reduces=<number>
Starting Job = job_1475401111718_0091, Tracking URL = http://vm1:8088/proxy/application_1475401111718_0091/
Kill Command = /home/ubuntu/software/hadoop-2.6.0/bin/hadoop job  -kill job_1475401111718_0091
Hadoop job information for Stage-4: number of mappers: 1; number of reducers: 10
2016-10-02 11:26:42,508 Stage-4 map = 0%,  reduce = 0%
2016-10-02 11:26:48,737 Stage-4 map = 100%,  reduce = 0%, Cumulative CPU 2.9 sec
2016-10-02 11:26:56,060 Stage-4 map = 100%,  reduce = 40%, Cumulative CPU 11.4 sec
2016-10-02 11:26:57,133 Stage-4 map = 100%,  reduce = 80%, Cumulative CPU 20.19 sec
2016-10-02 11:26:58,176 Stage-4 map = 100%,  reduce = 100%, Cumulative CPU 24.53 sec
MapReduce Total cumulative CPU time: 24 seconds 530 msec
Ended Job = job_1475401111718_0091
Launching Job 7 out of 9
Number of reduce tasks determined at compile time: 1
In order to change the average load for a reducer (in bytes):
  set hive.exec.reducers.bytes.per.reducer=<number>
In order to limit the maximum number of reducers:
  set hive.exec.reducers.max=<number>
In order to set a constant number of reducers:
  set mapreduce.job.reduces=<number>
Starting Job = job_1475401111718_0092, Tracking URL = http://vm1:8088/proxy/application_1475401111718_0092/
Kill Command = /home/ubuntu/software/hadoop-2.6.0/bin/hadoop job  -kill job_1475401111718_0092
Hadoop job information for Stage-5: number of mappers: 4; number of reducers: 1
2016-10-02 11:27:05,063 Stage-5 map = 0%,  reduce = 0%
2016-10-02 11:27:14,423 Stage-5 map = 100%,  reduce = 0%, Cumulative CPU 7.39 sec
2016-10-02 11:27:20,666 Stage-5 map = 100%,  reduce = 100%, Cumulative CPU 9.1 sec
MapReduce Total cumulative CPU time: 9 seconds 100 msec
Ended Job = job_1475401111718_0092
MapReduce Jobs Launched: 
Stage-Stage-15: Map: 5   Cumulative CPU: 239.8 sec   HDFS Read: 1164950191 HDFS Write: 2535951899 SUCCESS
Stage-Stage-12: Map: 10   Cumulative CPU: 153.69 sec   HDFS Read: 2536061785 HDFS Write: 246864664 SUCCESS
Stage-Stage-9: Map: 4   Cumulative CPU: 21.92 sec   HDFS Read: 246918146 HDFS Write: 1432349 SUCCESS
Stage-Stage-4: Map: 1  Reduce: 10   Cumulative CPU: 24.53 sec   HDFS Read: 1483413 HDFS Write: 433108 SUCCESS
Stage-Stage-5: Map: 4  Reduce: 1   Cumulative CPU: 9.1 sec   HDFS Read: 448670 HDFS Write: 2799 SUCCESS
Total MapReduce CPU Time Spent: 7 minutes 29 seconds 40 msec
OK
Time taken: 194.015 seconds, Fetched: 100 row(s)
42.90user 3.75system 3:21.61elapsed 23%CPU (0avgtext+0avgdata 739668maxresident)k
113944inputs+459080outputs (110major+171131minor)pagefaults 0swaps
