
Logging initialized using configuration in jar:file:/home/ubuntu/software/hive-1.2.1/lib/hive-common-1.2.1.jar!/hive-log4j.properties
Hive history file=/tmp/ubuntu/hive_job_log_a02edec0-d69c-4bdd-b90c-4731b5b25080_489360966.txt
SLF4J: Class path contains multiple SLF4J bindings.
SLF4J: Found binding in [jar:file:/home/ubuntu/software/tez-0.7.1-SNAPSHOT-minimal/lib/slf4j-log4j12-1.7.5.jar!/org/slf4j/impl/StaticLoggerBinder.class]
SLF4J: Found binding in [jar:file:/home/ubuntu/software/hadoop-2.6.0/share/hadoop/common/lib/slf4j-log4j12-1.7.5.jar!/org/slf4j/impl/StaticLoggerBinder.class]
SLF4J: See http://www.slf4j.org/codes.html#multiple_bindings for an explanation.
SLF4J: Actual binding is of type [org.slf4j.impl.Log4jLoggerFactory]
OK
Time taken: 0.895 seconds
Query ID = ubuntu_20161002232920_4dc0d85e-e7b3-4d01-90c7-1d7fb4a4fe33
Total jobs = 8
Stage-16 is selected by condition resolver.
Stage-1 is filtered out by condition resolver.
SLF4J: Class path contains multiple SLF4J bindings.
SLF4J: Found binding in [jar:file:/home/ubuntu/software/tez-0.7.1-SNAPSHOT-minimal/lib/slf4j-log4j12-1.7.5.jar!/org/slf4j/impl/StaticLoggerBinder.class]
SLF4J: Found binding in [jar:file:/home/ubuntu/software/hadoop-2.6.0/share/hadoop/common/lib/slf4j-log4j12-1.7.5.jar!/org/slf4j/impl/StaticLoggerBinder.class]
SLF4J: See http://www.slf4j.org/codes.html#multiple_bindings for an explanation.
SLF4J: Actual binding is of type [org.slf4j.impl.Log4jLoggerFactory]
Execution log at: /tmp/ubuntu/ubuntu_20161002232920_4dc0d85e-e7b3-4d01-90c7-1d7fb4a4fe33.log
2016-10-02 23:29:25	Starting to launch local task to process map join;	maximum memory = 932184064
2016-10-02 23:29:27	Dump the side-table for tag: 1 with group count: 18445 into file: file:/tmp/ubuntu/a02edec0-d69c-4bdd-b90c-4731b5b25080/hive_2016-10-02_23-29-20_462_8289021395907575618-1/-local-10012/HashTable-Stage-11/MapJoin-mapfile21--.hashtable
2016-10-02 23:29:27	Uploaded 1 File to: file:/tmp/ubuntu/a02edec0-d69c-4bdd-b90c-4731b5b25080/hive_2016-10-02_23-29-20_462_8289021395907575618-1/-local-10012/HashTable-Stage-11/MapJoin-mapfile21--.hashtable (2960337 bytes)
2016-10-02 23:29:27	End of local task; Time Taken: 1.825 sec.
Execution completed successfully
MapredLocal task succeeded
Launching Job 2 out of 8
Number of reduce tasks is set to 0 since there's no reduce operator
Starting Job = job_1475449732703_0026, Tracking URL = http://vm1:8088/proxy/application_1475449732703_0026/
Kill Command = /home/ubuntu/software/hadoop-2.6.0/bin/hadoop job  -kill job_1475449732703_0026
Hadoop job information for Stage-11: number of mappers: 26; number of reducers: 0
2016-10-02 23:29:36,144 Stage-11 map = 0%,  reduce = 0%
2016-10-02 23:29:48,711 Stage-11 map = 3%,  reduce = 0%, Cumulative CPU 42.12 sec
2016-10-02 23:29:53,904 Stage-11 map = 7%,  reduce = 0%, Cumulative CPU 89.94 sec
2016-10-02 23:29:54,937 Stage-11 map = 29%,  reduce = 0%, Cumulative CPU 101.01 sec
2016-10-02 23:29:58,041 Stage-11 map = 34%,  reduce = 0%, Cumulative CPU 114.08 sec
2016-10-02 23:30:02,188 Stage-11 map = 36%,  reduce = 0%, Cumulative CPU 127.0 sec
2016-10-02 23:30:03,229 Stage-11 map = 51%,  reduce = 0%, Cumulative CPU 132.46 sec
2016-10-02 23:30:04,277 Stage-11 map = 58%,  reduce = 0%, Cumulative CPU 135.78 sec
2016-10-02 23:30:11,546 Stage-11 map = 60%,  reduce = 0%, Cumulative CPU 140.97 sec
2016-10-02 23:30:12,589 Stage-11 map = 62%,  reduce = 0%, Cumulative CPU 145.26 sec
2016-10-02 23:30:14,661 Stage-11 map = 68%,  reduce = 0%, Cumulative CPU 158.12 sec
2016-10-02 23:30:18,792 Stage-11 map = 69%,  reduce = 0%, Cumulative CPU 189.42 sec
2016-10-02 23:30:19,839 Stage-11 map = 76%,  reduce = 0%, Cumulative CPU 192.76 sec
2016-10-02 23:30:21,897 Stage-11 map = 80%,  reduce = 0%, Cumulative CPU 196.47 sec
2016-10-02 23:30:22,930 Stage-11 map = 81%,  reduce = 0%, Cumulative CPU 199.37 sec
2016-10-02 23:30:23,964 Stage-11 map = 83%,  reduce = 0%, Cumulative CPU 201.18 sec
2016-10-02 23:30:25,002 Stage-11 map = 84%,  reduce = 0%, Cumulative CPU 204.19 sec
2016-10-02 23:30:26,035 Stage-11 map = 86%,  reduce = 0%, Cumulative CPU 206.33 sec
2016-10-02 23:30:28,098 Stage-11 map = 89%,  reduce = 0%, Cumulative CPU 209.05 sec
2016-10-02 23:30:29,141 Stage-11 map = 93%,  reduce = 0%, Cumulative CPU 210.6 sec
2016-10-02 23:30:30,175 Stage-11 map = 95%,  reduce = 0%, Cumulative CPU 214.0 sec
2016-10-02 23:30:31,211 Stage-11 map = 98%,  reduce = 0%, Cumulative CPU 215.29 sec
2016-10-02 23:30:32,248 Stage-11 map = 100%,  reduce = 0%, Cumulative CPU 216.95 sec
MapReduce Total cumulative CPU time: 3 minutes 36 seconds 950 msec
Ended Job = job_1475449732703_0026
Stage-14 is selected by condition resolver.
Stage-15 is filtered out by condition resolver.
Stage-2 is filtered out by condition resolver.
SLF4J: Class path contains multiple SLF4J bindings.
SLF4J: Found binding in [jar:file:/home/ubuntu/software/tez-0.7.1-SNAPSHOT-minimal/lib/slf4j-log4j12-1.7.5.jar!/org/slf4j/impl/StaticLoggerBinder.class]
SLF4J: Found binding in [jar:file:/home/ubuntu/software/hadoop-2.6.0/share/hadoop/common/lib/slf4j-log4j12-1.7.5.jar!/org/slf4j/impl/StaticLoggerBinder.class]
SLF4J: See http://www.slf4j.org/codes.html#multiple_bindings for an explanation.
SLF4J: Actual binding is of type [org.slf4j.impl.Log4jLoggerFactory]
Execution log at: /tmp/ubuntu/ubuntu_20161002232920_4dc0d85e-e7b3-4d01-90c7-1d7fb4a4fe33.log
2016-10-02 23:30:37	Starting to launch local task to process map join;	maximum memory = 932184064
2016-10-02 23:30:38	Dump the side-table for tag: 1 with group count: 31 into file: file:/tmp/ubuntu/a02edec0-d69c-4bdd-b90c-4731b5b25080/hive_2016-10-02_23-29-20_462_8289021395907575618-1/-local-10008/HashTable-Stage-8/MapJoin-mapfile01--.hashtable
2016-10-02 23:30:38	Uploaded 1 File to: file:/tmp/ubuntu/a02edec0-d69c-4bdd-b90c-4731b5b25080/hive_2016-10-02_23-29-20_462_8289021395907575618-1/-local-10008/HashTable-Stage-8/MapJoin-mapfile01--.hashtable (1288 bytes)
2016-10-02 23:30:38	End of local task; Time Taken: 1.427 sec.
Execution completed successfully
MapredLocal task succeeded
Launching Job 4 out of 8
Number of reduce tasks is set to 0 since there's no reduce operator
Starting Job = job_1475449732703_0027, Tracking URL = http://vm1:8088/proxy/application_1475449732703_0027/
Kill Command = /home/ubuntu/software/hadoop-2.6.0/bin/hadoop job  -kill job_1475449732703_0027
Hadoop job information for Stage-8: number of mappers: 7; number of reducers: 0
2016-10-02 23:30:44,006 Stage-8 map = 0%,  reduce = 0%
2016-10-02 23:30:53,318 Stage-8 map = 14%,  reduce = 0%, Cumulative CPU 4.32 sec
2016-10-02 23:30:54,365 Stage-8 map = 43%,  reduce = 0%, Cumulative CPU 18.35 sec
2016-10-02 23:30:57,485 Stage-8 map = 72%,  reduce = 0%, Cumulative CPU 42.09 sec
2016-10-02 23:30:58,527 Stage-8 map = 79%,  reduce = 0%, Cumulative CPU 42.09 sec
2016-10-02 23:30:59,579 Stage-8 map = 100%,  reduce = 0%, Cumulative CPU 50.16 sec
MapReduce Total cumulative CPU time: 50 seconds 160 msec
Ended Job = job_1475449732703_0027
Launching Job 5 out of 8
Number of reduce tasks not specified. Defaulting to jobconf value of: 5
In order to change the average load for a reducer (in bytes):
  set hive.exec.reducers.bytes.per.reducer=<number>
In order to limit the maximum number of reducers:
  set hive.exec.reducers.max=<number>
In order to set a constant number of reducers:
  set mapreduce.job.reduces=<number>
Starting Job = job_1475449732703_0028, Tracking URL = http://vm1:8088/proxy/application_1475449732703_0028/
Kill Command = /home/ubuntu/software/hadoop-2.6.0/bin/hadoop job  -kill job_1475449732703_0028
Hadoop job information for Stage-3: number of mappers: 4; number of reducers: 5
2016-10-02 23:31:05,817 Stage-3 map = 0%,  reduce = 0%
2016-10-02 23:31:14,046 Stage-3 map = 75%,  reduce = 0%, Cumulative CPU 6.57 sec
2016-10-02 23:31:15,078 Stage-3 map = 100%,  reduce = 0%, Cumulative CPU 9.88 sec
2016-10-02 23:31:20,237 Stage-3 map = 100%,  reduce = 80%, Cumulative CPU 19.4 sec
2016-10-02 23:31:21,269 Stage-3 map = 100%,  reduce = 100%, Cumulative CPU 21.76 sec
MapReduce Total cumulative CPU time: 21 seconds 760 msec
Ended Job = job_1475449732703_0028
Launching Job 6 out of 8
Number of reduce tasks not specified. Defaulting to jobconf value of: 5
In order to change the average load for a reducer (in bytes):
  set hive.exec.reducers.bytes.per.reducer=<number>
In order to limit the maximum number of reducers:
  set hive.exec.reducers.max=<number>
In order to set a constant number of reducers:
  set mapreduce.job.reduces=<number>
Starting Job = job_1475449732703_0029, Tracking URL = http://vm1:8088/proxy/application_1475449732703_0029/
Kill Command = /home/ubuntu/software/hadoop-2.6.0/bin/hadoop job  -kill job_1475449732703_0029
Hadoop job information for Stage-4: number of mappers: 4; number of reducers: 5
2016-10-02 23:31:27,107 Stage-4 map = 0%,  reduce = 0%
2016-10-02 23:31:35,383 Stage-4 map = 100%,  reduce = 0%, Cumulative CPU 7.33 sec
2016-10-02 23:31:41,577 Stage-4 map = 100%,  reduce = 40%, Cumulative CPU 9.18 sec
2016-10-02 23:31:42,616 Stage-4 map = 100%,  reduce = 80%, Cumulative CPU 15.71 sec
2016-10-02 23:31:43,657 Stage-4 map = 100%,  reduce = 100%, Cumulative CPU 18.24 sec
MapReduce Total cumulative CPU time: 18 seconds 240 msec
Ended Job = job_1475449732703_0029
Launching Job 7 out of 8
Number of reduce tasks determined at compile time: 1
In order to change the average load for a reducer (in bytes):
  set hive.exec.reducers.bytes.per.reducer=<number>
In order to limit the maximum number of reducers:
  set hive.exec.reducers.max=<number>
In order to set a constant number of reducers:
  set mapreduce.job.reduces=<number>
Starting Job = job_1475449732703_0030, Tracking URL = http://vm1:8088/proxy/application_1475449732703_0030/
Kill Command = /home/ubuntu/software/hadoop-2.6.0/bin/hadoop job  -kill job_1475449732703_0030
Hadoop job information for Stage-5: number of mappers: 4; number of reducers: 1
2016-10-02 23:31:49,862 Stage-5 map = 0%,  reduce = 0%
2016-10-02 23:31:58,133 Stage-5 map = 100%,  reduce = 0%, Cumulative CPU 7.43 sec
2016-10-02 23:32:04,341 Stage-5 map = 100%,  reduce = 100%, Cumulative CPU 8.96 sec
MapReduce Total cumulative CPU time: 8 seconds 960 msec
Ended Job = job_1475449732703_0030
MapReduce Jobs Launched: 
Stage-Stage-11: Map: 26   Cumulative CPU: 216.95 sec   HDFS Read: 7607676612 HDFS Write: 1850142725 SUCCESS
Stage-Stage-8: Map: 7   Cumulative CPU: 50.16 sec   HDFS Read: 1850232868 HDFS Write: 8225027 SUCCESS
Stage-Stage-3: Map: 4  Reduce: 5   Cumulative CPU: 21.76 sec   HDFS Read: 8251633 HDFS Write: 1533462 SUCCESS
Stage-Stage-4: Map: 4  Reduce: 5   Cumulative CPU: 18.24 sec   HDFS Read: 1574536 HDFS Write: 1608066 SUCCESS
Stage-Stage-5: Map: 4  Reduce: 1   Cumulative CPU: 8.96 sec   HDFS Read: 1622456 HDFS Write: 18517 SUCCESS
Total MapReduce CPU Time Spent: 5 minutes 16 seconds 70 msec
OK
Time taken: 164.984 seconds, Fetched: 100 row(s)
34.08user 2.81system 2:51.26elapsed 21%CPU (0avgtext+0avgdata 734660maxresident)k
114320inputs+314784outputs (110major+181867minor)pagefaults 0swaps
