
Logging initialized using configuration in jar:file:/home/ubuntu/software/hive-1.2.1/lib/hive-common-1.2.1.jar!/hive-log4j.properties
Hive history file=/tmp/ubuntu/hive_job_log_01d7b048-c56c-4463-9aa0-0d76b81422f5_310133925.txt
SLF4J: Class path contains multiple SLF4J bindings.
SLF4J: Found binding in [jar:file:/home/ubuntu/software/tez-0.7.1-SNAPSHOT-minimal/lib/slf4j-log4j12-1.7.5.jar!/org/slf4j/impl/StaticLoggerBinder.class]
SLF4J: Found binding in [jar:file:/home/ubuntu/software/hadoop-2.6.0/share/hadoop/common/lib/slf4j-log4j12-1.7.5.jar!/org/slf4j/impl/StaticLoggerBinder.class]
SLF4J: See http://www.slf4j.org/codes.html#multiple_bindings for an explanation.
SLF4J: Actual binding is of type [org.slf4j.impl.Log4jLoggerFactory]
OK
Time taken: 1.116 seconds
Query ID = ubuntu_20161002170202_02766290-e517-4b35-817d-7429227a2092
Total jobs = 9
SLF4J: Class path contains multiple SLF4J bindings.
SLF4J: Found binding in [jar:file:/home/ubuntu/software/tez-0.7.1-SNAPSHOT-minimal/lib/slf4j-log4j12-1.7.5.jar!/org/slf4j/impl/StaticLoggerBinder.class]
SLF4J: Found binding in [jar:file:/home/ubuntu/software/hadoop-2.6.0/share/hadoop/common/lib/slf4j-log4j12-1.7.5.jar!/org/slf4j/impl/StaticLoggerBinder.class]
SLF4J: See http://www.slf4j.org/codes.html#multiple_bindings for an explanation.
SLF4J: Actual binding is of type [org.slf4j.impl.Log4jLoggerFactory]
Execution log at: /tmp/ubuntu/ubuntu_20161002170202_02766290-e517-4b35-817d-7429227a2092.log
2016-10-02 17:02:07	Starting to launch local task to process map join;	maximum memory = 932184064
2016-10-02 17:02:09	Dump the side-table for tag: 1 with group count: 7 into file: file:/tmp/ubuntu/01d7b048-c56c-4463-9aa0-0d76b81422f5/hive_2016-10-02_17-02-02_018_3579637915721405771-1/-local-10016/HashTable-Stage-15/MapJoin-mapfile41--.hashtable
2016-10-02 17:02:09	Uploaded 1 File to: file:/tmp/ubuntu/01d7b048-c56c-4463-9aa0-0d76b81422f5/hive_2016-10-02_17-02-02_018_3579637915721405771-1/-local-10016/HashTable-Stage-15/MapJoin-mapfile41--.hashtable (504 bytes)
2016-10-02 17:02:09	End of local task; Time Taken: 1.347 sec.
Execution completed successfully
MapredLocal task succeeded
Launching Job 1 out of 9
Number of reduce tasks is set to 0 since there's no reduce operator
Starting Job = job_1475426732253_0016, Tracking URL = http://vm1:8088/proxy/application_1475426732253_0016/
Kill Command = /home/ubuntu/software/hadoop-2.6.0/bin/hadoop job  -kill job_1475426732253_0016
Hadoop job information for Stage-15: number of mappers: 5; number of reducers: 0
2016-10-02 17:02:18,128 Stage-15 map = 0%,  reduce = 0%
2016-10-02 17:02:30,513 Stage-15 map = 2%,  reduce = 0%, Cumulative CPU 7.18 sec
2016-10-02 17:02:34,634 Stage-15 map = 10%,  reduce = 0%, Cumulative CPU 45.07 sec
2016-10-02 17:02:36,718 Stage-15 map = 14%,  reduce = 0%, Cumulative CPU 54.46 sec
2016-10-02 17:02:37,750 Stage-15 map = 16%,  reduce = 0%, Cumulative CPU 59.95 sec
2016-10-02 17:02:39,810 Stage-15 map = 22%,  reduce = 0%, Cumulative CPU 74.82 sec
2016-10-02 17:02:42,899 Stage-15 map = 31%,  reduce = 0%, Cumulative CPU 89.44 sec
2016-10-02 17:02:44,961 Stage-15 map = 32%,  reduce = 0%, Cumulative CPU 92.42 sec
2016-10-02 17:02:45,996 Stage-15 map = 38%,  reduce = 0%, Cumulative CPU 103.87 sec
2016-10-02 17:02:48,058 Stage-15 map = 40%,  reduce = 0%, Cumulative CPU 106.94 sec
2016-10-02 17:02:49,091 Stage-15 map = 43%,  reduce = 0%, Cumulative CPU 118.52 sec
2016-10-02 17:02:51,149 Stage-15 map = 44%,  reduce = 0%, Cumulative CPU 121.6 sec
2016-10-02 17:02:52,180 Stage-15 map = 50%,  reduce = 0%, Cumulative CPU 133.13 sec
2016-10-02 17:02:55,271 Stage-15 map = 57%,  reduce = 0%, Cumulative CPU 147.28 sec
2016-10-02 17:02:57,333 Stage-15 map = 59%,  reduce = 0%, Cumulative CPU 150.38 sec
2016-10-02 17:02:58,364 Stage-15 map = 63%,  reduce = 0%, Cumulative CPU 161.9 sec
2016-10-02 17:03:00,422 Stage-15 map = 65%,  reduce = 0%, Cumulative CPU 164.95 sec
2016-10-02 17:03:01,454 Stage-15 map = 69%,  reduce = 0%, Cumulative CPU 176.04 sec
2016-10-02 17:03:04,544 Stage-15 map = 77%,  reduce = 0%, Cumulative CPU 190.3 sec
2016-10-02 17:03:06,606 Stage-15 map = 79%,  reduce = 0%, Cumulative CPU 193.46 sec
2016-10-02 17:03:07,636 Stage-15 map = 83%,  reduce = 0%, Cumulative CPU 202.03 sec
2016-10-02 17:03:09,692 Stage-15 map = 85%,  reduce = 0%, Cumulative CPU 205.07 sec
2016-10-02 17:03:10,722 Stage-15 map = 87%,  reduce = 0%, Cumulative CPU 214.03 sec
2016-10-02 17:03:11,757 Stage-15 map = 89%,  reduce = 0%, Cumulative CPU 214.49 sec
2016-10-02 17:03:12,786 Stage-15 map = 91%,  reduce = 0%, Cumulative CPU 217.7 sec
2016-10-02 17:03:13,818 Stage-15 map = 95%,  reduce = 0%, Cumulative CPU 223.82 sec
2016-10-02 17:03:15,904 Stage-15 map = 96%,  reduce = 0%, Cumulative CPU 226.4 sec
2016-10-02 17:03:16,937 Stage-15 map = 98%,  reduce = 0%, Cumulative CPU 229.48 sec
2016-10-02 17:03:18,995 Stage-15 map = 100%,  reduce = 0%, Cumulative CPU 231.67 sec
MapReduce Total cumulative CPU time: 3 minutes 51 seconds 670 msec
Ended Job = job_1475426732253_0016
Stage-18 is selected by condition resolver.
Stage-19 is filtered out by condition resolver.
Stage-2 is filtered out by condition resolver.
SLF4J: Class path contains multiple SLF4J bindings.
SLF4J: Found binding in [jar:file:/home/ubuntu/software/tez-0.7.1-SNAPSHOT-minimal/lib/slf4j-log4j12-1.7.5.jar!/org/slf4j/impl/StaticLoggerBinder.class]
SLF4J: Found binding in [jar:file:/home/ubuntu/software/hadoop-2.6.0/share/hadoop/common/lib/slf4j-log4j12-1.7.5.jar!/org/slf4j/impl/StaticLoggerBinder.class]
SLF4J: See http://www.slf4j.org/codes.html#multiple_bindings for an explanation.
SLF4J: Actual binding is of type [org.slf4j.impl.Log4jLoggerFactory]
Execution log at: /tmp/ubuntu/ubuntu_20161002170202_02766290-e517-4b35-817d-7429227a2092.log
2016-10-02 17:03:24	Starting to launch local task to process map join;	maximum memory = 932184064
2016-10-02 17:03:25	Dump the side-table for tag: 1 with group count: 3863 into file: file:/tmp/ubuntu/01d7b048-c56c-4463-9aa0-0d76b81422f5/hive_2016-10-02_17-02-02_018_3579637915721405771-1/-local-10012/HashTable-Stage-12/MapJoin-mapfile21--.hashtable
2016-10-02 17:03:25	Uploaded 1 File to: file:/tmp/ubuntu/01d7b048-c56c-4463-9aa0-0d76b81422f5/hive_2016-10-02_17-02-02_018_3579637915721405771-1/-local-10012/HashTable-Stage-12/MapJoin-mapfile21--.hashtable (163270 bytes)
2016-10-02 17:03:25	End of local task; Time Taken: 1.91 sec.
Execution completed successfully
MapredLocal task succeeded
Launching Job 3 out of 9
Number of reduce tasks is set to 0 since there's no reduce operator
Starting Job = job_1475426732253_0017, Tracking URL = http://vm1:8088/proxy/application_1475426732253_0017/
Kill Command = /home/ubuntu/software/hadoop-2.6.0/bin/hadoop job  -kill job_1475426732253_0017
Hadoop job information for Stage-12: number of mappers: 10; number of reducers: 0
2016-10-02 17:03:31,764 Stage-12 map = 0%,  reduce = 0%
2016-10-02 17:03:43,267 Stage-12 map = 11%,  reduce = 0%, Cumulative CPU 17.75 sec
2016-10-02 17:03:48,590 Stage-12 map = 16%,  reduce = 0%, Cumulative CPU 89.09 sec
2016-10-02 17:03:49,647 Stage-12 map = 22%,  reduce = 0%, Cumulative CPU 92.32 sec
2016-10-02 17:03:50,705 Stage-12 map = 42%,  reduce = 0%, Cumulative CPU 103.79 sec
2016-10-02 17:03:51,770 Stage-12 map = 61%,  reduce = 0%, Cumulative CPU 118.95 sec
2016-10-02 17:03:53,901 Stage-12 map = 65%,  reduce = 0%, Cumulative CPU 142.02 sec
2016-10-02 17:03:54,956 Stage-12 map = 80%,  reduce = 0%, Cumulative CPU 143.2 sec
2016-10-02 17:03:55,989 Stage-12 map = 100%,  reduce = 0%, Cumulative CPU 151.27 sec
MapReduce Total cumulative CPU time: 2 minutes 31 seconds 270 msec
Ended Job = job_1475426732253_0017
Stage-16 is selected by condition resolver.
Stage-17 is filtered out by condition resolver.
Stage-3 is filtered out by condition resolver.
SLF4J: Class path contains multiple SLF4J bindings.
SLF4J: Found binding in [jar:file:/home/ubuntu/software/tez-0.7.1-SNAPSHOT-minimal/lib/slf4j-log4j12-1.7.5.jar!/org/slf4j/impl/StaticLoggerBinder.class]
SLF4J: Found binding in [jar:file:/home/ubuntu/software/hadoop-2.6.0/share/hadoop/common/lib/slf4j-log4j12-1.7.5.jar!/org/slf4j/impl/StaticLoggerBinder.class]
SLF4J: See http://www.slf4j.org/codes.html#multiple_bindings for an explanation.
SLF4J: Actual binding is of type [org.slf4j.impl.Log4jLoggerFactory]
Execution log at: /tmp/ubuntu/ubuntu_20161002170202_02766290-e517-4b35-817d-7429227a2092.log
2016-10-02 17:04:01	Starting to launch local task to process map join;	maximum memory = 932184064
2016-10-02 17:04:02	Dump the side-table for tag: 1 with group count: 60 into file: file:/tmp/ubuntu/01d7b048-c56c-4463-9aa0-0d76b81422f5/hive_2016-10-02_17-02-02_018_3579637915721405771-1/-local-10008/HashTable-Stage-9/MapJoin-mapfile01--.hashtable
2016-10-02 17:04:02	Uploaded 1 File to: file:/tmp/ubuntu/01d7b048-c56c-4463-9aa0-0d76b81422f5/hive_2016-10-02_17-02-02_018_3579637915721405771-1/-local-10008/HashTable-Stage-9/MapJoin-mapfile01--.hashtable (2248 bytes)
2016-10-02 17:04:02	End of local task; Time Taken: 1.67 sec.
Execution completed successfully
MapredLocal task succeeded
Launching Job 5 out of 9
Number of reduce tasks is set to 0 since there's no reduce operator
Starting Job = job_1475426732253_0018, Tracking URL = http://vm1:8088/proxy/application_1475426732253_0018/
Kill Command = /home/ubuntu/software/hadoop-2.6.0/bin/hadoop job  -kill job_1475426732253_0018
Hadoop job information for Stage-9: number of mappers: 3; number of reducers: 0
2016-10-02 17:04:09,262 Stage-9 map = 0%,  reduce = 0%
2016-10-02 17:04:19,635 Stage-9 map = 33%,  reduce = 0%, Cumulative CPU 6.7 sec
2016-10-02 17:04:20,670 Stage-9 map = 84%,  reduce = 0%, Cumulative CPU 21.33 sec
2016-10-02 17:04:21,703 Stage-9 map = 100%,  reduce = 0%, Cumulative CPU 22.81 sec
MapReduce Total cumulative CPU time: 22 seconds 810 msec
Ended Job = job_1475426732253_0018
Launching Job 6 out of 9
Number of reduce tasks not specified. Defaulting to jobconf value of: 20
In order to change the average load for a reducer (in bytes):
  set hive.exec.reducers.bytes.per.reducer=<number>
In order to limit the maximum number of reducers:
  set hive.exec.reducers.max=<number>
In order to set a constant number of reducers:
  set mapreduce.job.reduces=<number>
Starting Job = job_1475426732253_0019, Tracking URL = http://vm1:8088/proxy/application_1475426732253_0019/
Kill Command = /home/ubuntu/software/hadoop-2.6.0/bin/hadoop job  -kill job_1475426732253_0019
Hadoop job information for Stage-4: number of mappers: 1; number of reducers: 20
2016-10-02 17:04:29,602 Stage-4 map = 0%,  reduce = 0%
2016-10-02 17:04:34,866 Stage-4 map = 100%,  reduce = 0%, Cumulative CPU 2.89 sec
2016-10-02 17:04:43,225 Stage-4 map = 100%,  reduce = 15%, Cumulative CPU 8.94 sec
2016-10-02 17:04:44,302 Stage-4 map = 100%,  reduce = 30%, Cumulative CPU 15.21 sec
2016-10-02 17:04:45,346 Stage-4 map = 100%,  reduce = 45%, Cumulative CPU 21.55 sec
2016-10-02 17:04:46,394 Stage-4 map = 100%,  reduce = 75%, Cumulative CPU 34.1 sec
2016-10-02 17:04:47,432 Stage-4 map = 100%,  reduce = 80%, Cumulative CPU 36.21 sec
2016-10-02 17:04:48,489 Stage-4 map = 100%,  reduce = 95%, Cumulative CPU 42.1 sec
2016-10-02 17:04:49,536 Stage-4 map = 100%,  reduce = 100%, Cumulative CPU 44.08 sec
MapReduce Total cumulative CPU time: 44 seconds 80 msec
Ended Job = job_1475426732253_0019
Launching Job 7 out of 9
Number of reduce tasks determined at compile time: 1
In order to change the average load for a reducer (in bytes):
  set hive.exec.reducers.bytes.per.reducer=<number>
In order to limit the maximum number of reducers:
  set hive.exec.reducers.max=<number>
In order to set a constant number of reducers:
  set mapreduce.job.reduces=<number>
Starting Job = job_1475426732253_0020, Tracking URL = http://vm1:8088/proxy/application_1475426732253_0020/
Kill Command = /home/ubuntu/software/hadoop-2.6.0/bin/hadoop job  -kill job_1475426732253_0020
Hadoop job information for Stage-5: number of mappers: 4; number of reducers: 1
2016-10-02 17:04:57,451 Stage-5 map = 0%,  reduce = 0%
2016-10-02 17:05:05,754 Stage-5 map = 100%,  reduce = 0%, Cumulative CPU 7.69 sec
2016-10-02 17:05:11,962 Stage-5 map = 100%,  reduce = 100%, Cumulative CPU 9.35 sec
MapReduce Total cumulative CPU time: 9 seconds 350 msec
Ended Job = job_1475426732253_0020
MapReduce Jobs Launched: 
Stage-Stage-15: Map: 5   Cumulative CPU: 231.67 sec   HDFS Read: 1164950191 HDFS Write: 2535951899 SUCCESS
Stage-Stage-12: Map: 10   Cumulative CPU: 151.27 sec   HDFS Read: 2536061785 HDFS Write: 246864684 SUCCESS
Stage-Stage-9: Map: 3   Cumulative CPU: 22.81 sec   HDFS Read: 246905438 HDFS Write: 2140611 SUCCESS
Stage-Stage-4: Map: 1  Reduce: 20   Cumulative CPU: 44.08 sec   HDFS Read: 2238788 HDFS Write: 433988 SUCCESS
Stage-Stage-5: Map: 4  Reduce: 1   Cumulative CPU: 9.35 sec   HDFS Read: 452120 HDFS Write: 2799 SUCCESS
Total MapReduce CPU Time Spent: 7 minutes 39 seconds 180 msec
OK
Time taken: 192.078 seconds, Fetched: 100 row(s)
42.75user 3.76system 3:19.67elapsed 23%CPU (0avgtext+0avgdata 742672maxresident)k
113944inputs+459528outputs (109major+191602minor)pagefaults 0swaps
