
Logging initialized using configuration in jar:file:/home/ubuntu/software/hive-1.2.1/lib/hive-common-1.2.1.jar!/hive-log4j.properties
Hive history file=/tmp/ubuntu/hive_job_log_ae177d47-cf53-444e-9b9a-da2f969ae035_66705062.txt
SLF4J: Class path contains multiple SLF4J bindings.
SLF4J: Found binding in [jar:file:/home/ubuntu/software/tez-0.7.1-SNAPSHOT-minimal/lib/slf4j-log4j12-1.7.5.jar!/org/slf4j/impl/StaticLoggerBinder.class]
SLF4J: Found binding in [jar:file:/home/ubuntu/software/hadoop-2.6.0/share/hadoop/common/lib/slf4j-log4j12-1.7.5.jar!/org/slf4j/impl/StaticLoggerBinder.class]
SLF4J: See http://www.slf4j.org/codes.html#multiple_bindings for an explanation.
SLF4J: Actual binding is of type [org.slf4j.impl.Log4jLoggerFactory]
OK
Time taken: 0.878 seconds
Query ID = ubuntu_20161002234504_fea0539d-fdc5-4c39-ad49-094586b5635f
Total jobs = 10
Stage-1 is selected by condition resolver.
Launching Job 1 out of 10
Number of reduce tasks not specified. Defaulting to jobconf value of: 5
In order to change the average load for a reducer (in bytes):
  set hive.exec.reducers.bytes.per.reducer=<number>
In order to limit the maximum number of reducers:
  set hive.exec.reducers.max=<number>
In order to set a constant number of reducers:
  set mapreduce.job.reduces=<number>
Starting Job = job_1475449732703_0051, Tracking URL = http://vm1:8088/proxy/application_1475449732703_0051/
Kill Command = /home/ubuntu/software/hadoop-2.6.0/bin/hadoop job  -kill job_1475449732703_0051
Hadoop job information for Stage-1: number of mappers: 82; number of reducers: 5
2016-10-02 23:45:14,913 Stage-1 map = 0%,  reduce = 0%
2016-10-02 23:45:28,606 Stage-1 map = 1%,  reduce = 0%, Cumulative CPU 68.6 sec
2016-10-02 23:45:30,697 Stage-1 map = 2%,  reduce = 0%, Cumulative CPU 76.9 sec
2016-10-02 23:45:31,746 Stage-1 map = 3%,  reduce = 0%, Cumulative CPU 85.79 sec
2016-10-02 23:45:32,786 Stage-1 map = 4%,  reduce = 0%, Cumulative CPU 90.24 sec
2016-10-02 23:45:33,823 Stage-1 map = 5%,  reduce = 0%, Cumulative CPU 94.51 sec
2016-10-02 23:45:34,861 Stage-1 map = 7%,  reduce = 0%, Cumulative CPU 103.86 sec
2016-10-02 23:45:38,997 Stage-1 map = 9%,  reduce = 0%, Cumulative CPU 125.85 sec
2016-10-02 23:45:40,059 Stage-1 map = 10%,  reduce = 0%, Cumulative CPU 131.59 sec
2016-10-02 23:45:41,133 Stage-1 map = 13%,  reduce = 0%, Cumulative CPU 143.29 sec
2016-10-02 23:45:42,230 Stage-1 map = 14%,  reduce = 0%, Cumulative CPU 154.65 sec
2016-10-02 23:45:43,275 Stage-1 map = 15%,  reduce = 0%, Cumulative CPU 183.33 sec
2016-10-02 23:45:44,328 Stage-1 map = 17%,  reduce = 0%, Cumulative CPU 196.88 sec
2016-10-02 23:45:45,383 Stage-1 map = 19%,  reduce = 0%, Cumulative CPU 204.96 sec
2016-10-02 23:45:46,433 Stage-1 map = 20%,  reduce = 0%, Cumulative CPU 208.01 sec
2016-10-02 23:45:55,840 Stage-1 map = 21%,  reduce = 1%, Cumulative CPU 260.97 sec
2016-10-02 23:45:56,885 Stage-1 map = 21%,  reduce = 4%, Cumulative CPU 267.98 sec
2016-10-02 23:45:57,924 Stage-1 map = 22%,  reduce = 4%, Cumulative CPU 275.54 sec
2016-10-02 23:45:59,995 Stage-1 map = 23%,  reduce = 4%, Cumulative CPU 287.42 sec
2016-10-02 23:46:01,039 Stage-1 map = 24%,  reduce = 4%, Cumulative CPU 297.42 sec
2016-10-02 23:46:02,078 Stage-1 map = 25%,  reduce = 4%, Cumulative CPU 303.11 sec
2016-10-02 23:46:03,120 Stage-1 map = 26%,  reduce = 4%, Cumulative CPU 308.92 sec
2016-10-02 23:46:04,162 Stage-1 map = 27%,  reduce = 4%, Cumulative CPU 317.55 sec
2016-10-02 23:46:05,212 Stage-1 map = 28%,  reduce = 4%, Cumulative CPU 325.83 sec
2016-10-02 23:46:06,260 Stage-1 map = 30%,  reduce = 4%, Cumulative CPU 340.99 sec
2016-10-02 23:46:07,292 Stage-1 map = 31%,  reduce = 4%, Cumulative CPU 348.08 sec
2016-10-02 23:46:08,393 Stage-1 map = 34%,  reduce = 5%, Cumulative CPU 361.45 sec
2016-10-02 23:46:09,440 Stage-1 map = 35%,  reduce = 5%, Cumulative CPU 368.08 sec
2016-10-02 23:46:11,541 Stage-1 map = 35%,  reduce = 6%, Cumulative CPU 374.47 sec
2016-10-02 23:46:12,592 Stage-1 map = 36%,  reduce = 7%, Cumulative CPU 381.2 sec
2016-10-02 23:46:16,783 Stage-1 map = 37%,  reduce = 7%, Cumulative CPU 399.37 sec
2016-10-02 23:46:18,908 Stage-1 map = 38%,  reduce = 9%, Cumulative CPU 422.91 sec
2016-10-02 23:46:22,017 Stage-1 map = 39%,  reduce = 9%, Cumulative CPU 453.76 sec
2016-10-02 23:46:23,051 Stage-1 map = 40%,  reduce = 9%, Cumulative CPU 461.41 sec
2016-10-02 23:46:24,091 Stage-1 map = 41%,  reduce = 10%, Cumulative CPU 468.6 sec
2016-10-02 23:46:25,146 Stage-1 map = 42%,  reduce = 10%, Cumulative CPU 475.59 sec
2016-10-02 23:46:26,247 Stage-1 map = 43%,  reduce = 10%, Cumulative CPU 489.06 sec
2016-10-02 23:46:27,332 Stage-1 map = 46%,  reduce = 10%, Cumulative CPU 496.3 sec
2016-10-02 23:46:29,428 Stage-1 map = 48%,  reduce = 11%, Cumulative CPU 511.64 sec
2016-10-02 23:46:31,510 Stage-1 map = 48%,  reduce = 12%, Cumulative CPU 519.98 sec
2016-10-02 23:46:32,556 Stage-1 map = 49%,  reduce = 12%, Cumulative CPU 522.6 sec
2016-10-02 23:46:34,644 Stage-1 map = 50%,  reduce = 15%, Cumulative CPU 529.56 sec
2016-10-02 23:46:36,723 Stage-1 map = 51%,  reduce = 15%, Cumulative CPU 549.62 sec
2016-10-02 23:46:37,776 Stage-1 map = 53%,  reduce = 16%, Cumulative CPU 569.18 sec
2016-10-02 23:46:39,864 Stage-1 map = 53%,  reduce = 17%, Cumulative CPU 579.65 sec
2016-10-02 23:46:40,905 Stage-1 map = 54%,  reduce = 17%, Cumulative CPU 596.09 sec
2016-10-02 23:46:41,948 Stage-1 map = 55%,  reduce = 17%, Cumulative CPU 601.02 sec
2016-10-02 23:46:42,995 Stage-1 map = 56%,  reduce = 17%, Cumulative CPU 608.52 sec
2016-10-02 23:46:44,036 Stage-1 map = 57%,  reduce = 18%, Cumulative CPU 616.47 sec
2016-10-02 23:46:45,068 Stage-1 map = 58%,  reduce = 18%, Cumulative CPU 619.39 sec
2016-10-02 23:46:47,147 Stage-1 map = 59%,  reduce = 19%, Cumulative CPU 637.04 sec
2016-10-02 23:46:48,179 Stage-1 map = 60%,  reduce = 19%, Cumulative CPU 646.29 sec
2016-10-02 23:46:50,304 Stage-1 map = 61%,  reduce = 19%, Cumulative CPU 659.7 sec
2016-10-02 23:46:51,336 Stage-1 map = 62%,  reduce = 20%, Cumulative CPU 666.36 sec
2016-10-02 23:46:52,378 Stage-1 map = 63%,  reduce = 20%, Cumulative CPU 676.98 sec
2016-10-02 23:46:55,480 Stage-1 map = 64%,  reduce = 20%, Cumulative CPU 699.01 sec
2016-10-02 23:46:56,519 Stage-1 map = 65%,  reduce = 20%, Cumulative CPU 704.68 sec
2016-10-02 23:46:57,550 Stage-1 map = 66%,  reduce = 20%, Cumulative CPU 715.33 sec
2016-10-02 23:46:58,621 Stage-1 map = 67%,  reduce = 20%, Cumulative CPU 726.49 sec
2016-10-02 23:46:59,680 Stage-1 map = 67%,  reduce = 21%, Cumulative CPU 739.08 sec
2016-10-02 23:47:00,721 Stage-1 map = 68%,  reduce = 21%, Cumulative CPU 744.58 sec
2016-10-02 23:47:01,753 Stage-1 map = 69%,  reduce = 22%, Cumulative CPU 747.54 sec
2016-10-02 23:47:02,798 Stage-1 map = 70%,  reduce = 22%, Cumulative CPU 754.54 sec
2016-10-02 23:47:03,836 Stage-1 map = 70%,  reduce = 23%, Cumulative CPU 755.98 sec
2016-10-02 23:47:05,917 Stage-1 map = 72%,  reduce = 23%, Cumulative CPU 763.69 sec
2016-10-02 23:47:09,016 Stage-1 map = 73%,  reduce = 23%, Cumulative CPU 783.26 sec
2016-10-02 23:47:10,042 Stage-1 map = 74%,  reduce = 23%, Cumulative CPU 795.35 sec
2016-10-02 23:47:11,084 Stage-1 map = 74%,  reduce = 24%, Cumulative CPU 801.66 sec
2016-10-02 23:47:14,199 Stage-1 map = 76%,  reduce = 24%, Cumulative CPU 823.32 sec
2016-10-02 23:47:15,229 Stage-1 map = 78%,  reduce = 24%, Cumulative CPU 841.74 sec
2016-10-02 23:47:16,263 Stage-1 map = 79%,  reduce = 24%, Cumulative CPU 851.8 sec
2016-10-02 23:47:17,306 Stage-1 map = 79%,  reduce = 25%, Cumulative CPU 853.7 sec
2016-10-02 23:47:18,347 Stage-1 map = 80%,  reduce = 26%, Cumulative CPU 860.53 sec
2016-10-02 23:47:20,432 Stage-1 map = 81%,  reduce = 26%, Cumulative CPU 869.62 sec
2016-10-02 23:47:21,472 Stage-1 map = 82%,  reduce = 26%, Cumulative CPU 874.81 sec
2016-10-02 23:47:22,553 Stage-1 map = 83%,  reduce = 26%, Cumulative CPU 879.02 sec
2016-10-02 23:47:23,589 Stage-1 map = 83%,  reduce = 27%, Cumulative CPU 884.67 sec
2016-10-02 23:47:24,656 Stage-1 map = 84%,  reduce = 27%, Cumulative CPU 897.65 sec
2016-10-02 23:47:25,683 Stage-1 map = 85%,  reduce = 27%, Cumulative CPU 900.68 sec
2016-10-02 23:47:27,756 Stage-1 map = 86%,  reduce = 28%, Cumulative CPU 929.92 sec
2016-10-02 23:47:29,821 Stage-1 map = 87%,  reduce = 28%, Cumulative CPU 941.94 sec
2016-10-02 23:47:30,869 Stage-1 map = 88%,  reduce = 28%, Cumulative CPU 947.23 sec
2016-10-02 23:47:32,979 Stage-1 map = 89%,  reduce = 28%, Cumulative CPU 965.12 sec
2016-10-02 23:47:34,040 Stage-1 map = 90%,  reduce = 28%, Cumulative CPU 970.12 sec
2016-10-02 23:47:35,075 Stage-1 map = 91%,  reduce = 28%, Cumulative CPU 980.68 sec
2016-10-02 23:47:36,102 Stage-1 map = 93%,  reduce = 29%, Cumulative CPU 991.55 sec
2016-10-02 23:47:38,153 Stage-1 map = 94%,  reduce = 30%, Cumulative CPU 1007.0 sec
2016-10-02 23:47:39,181 Stage-1 map = 95%,  reduce = 30%, Cumulative CPU 1008.83 sec
2016-10-02 23:47:40,222 Stage-1 map = 95%,  reduce = 31%, Cumulative CPU 1009.07 sec
2016-10-02 23:47:41,253 Stage-1 map = 96%,  reduce = 31%, Cumulative CPU 1022.39 sec
2016-10-02 23:47:42,284 Stage-1 map = 98%,  reduce = 31%, Cumulative CPU 1031.59 sec
2016-10-02 23:47:44,334 Stage-1 map = 99%,  reduce = 31%, Cumulative CPU 1044.09 sec
2016-10-02 23:47:45,361 Stage-1 map = 99%,  reduce = 32%, Cumulative CPU 1044.79 sec
2016-10-02 23:47:48,450 Stage-1 map = 100%,  reduce = 33%, Cumulative CPU 1053.31 sec
2016-10-02 23:47:50,527 Stage-1 map = 100%,  reduce = 35%, Cumulative CPU 1058.32 sec
2016-10-02 23:47:51,559 Stage-1 map = 100%,  reduce = 37%, Cumulative CPU 1064.33 sec
2016-10-02 23:47:52,593 Stage-1 map = 100%,  reduce = 38%, Cumulative CPU 1067.35 sec
2016-10-02 23:47:53,629 Stage-1 map = 100%,  reduce = 41%, Cumulative CPU 1073.39 sec
2016-10-02 23:47:54,656 Stage-1 map = 100%,  reduce = 43%, Cumulative CPU 1079.38 sec
2016-10-02 23:47:55,682 Stage-1 map = 100%,  reduce = 45%, Cumulative CPU 1082.4 sec
2016-10-02 23:47:56,708 Stage-1 map = 100%,  reduce = 47%, Cumulative CPU 1088.44 sec
2016-10-02 23:47:57,736 Stage-1 map = 100%,  reduce = 49%, Cumulative CPU 1094.44 sec
2016-10-02 23:47:58,762 Stage-1 map = 100%,  reduce = 51%, Cumulative CPU 1097.45 sec
2016-10-02 23:47:59,792 Stage-1 map = 100%,  reduce = 53%, Cumulative CPU 1103.46 sec
2016-10-02 23:48:00,824 Stage-1 map = 100%,  reduce = 56%, Cumulative CPU 1109.49 sec
2016-10-02 23:48:01,855 Stage-1 map = 100%,  reduce = 57%, Cumulative CPU 1112.51 sec
2016-10-02 23:48:02,883 Stage-1 map = 100%,  reduce = 60%, Cumulative CPU 1118.57 sec
2016-10-02 23:48:03,917 Stage-1 map = 100%,  reduce = 62%, Cumulative CPU 1124.59 sec
2016-10-02 23:48:04,979 Stage-1 map = 100%,  reduce = 64%, Cumulative CPU 1127.59 sec
2016-10-02 23:48:06,014 Stage-1 map = 100%,  reduce = 66%, Cumulative CPU 1134.42 sec
2016-10-02 23:48:07,045 Stage-1 map = 100%,  reduce = 67%, Cumulative CPU 1142.63 sec
2016-10-02 23:48:09,108 Stage-1 map = 100%,  reduce = 68%, Cumulative CPU 1154.55 sec
2016-10-02 23:48:10,139 Stage-1 map = 100%,  reduce = 69%, Cumulative CPU 1163.81 sec
2016-10-02 23:48:12,198 Stage-1 map = 100%,  reduce = 71%, Cumulative CPU 1173.01 sec
2016-10-02 23:48:13,232 Stage-1 map = 100%,  reduce = 72%, Cumulative CPU 1179.07 sec
2016-10-02 23:48:15,303 Stage-1 map = 100%,  reduce = 73%, Cumulative CPU 1188.39 sec
2016-10-02 23:48:16,336 Stage-1 map = 100%,  reduce = 74%, Cumulative CPU 1194.61 sec
2016-10-02 23:48:18,394 Stage-1 map = 100%,  reduce = 76%, Cumulative CPU 1203.76 sec
2016-10-02 23:48:19,424 Stage-1 map = 100%,  reduce = 77%, Cumulative CPU 1209.85 sec
2016-10-02 23:48:21,484 Stage-1 map = 100%,  reduce = 78%, Cumulative CPU 1218.87 sec
2016-10-02 23:48:22,516 Stage-1 map = 100%,  reduce = 79%, Cumulative CPU 1224.91 sec
2016-10-02 23:48:24,587 Stage-1 map = 100%,  reduce = 81%, Cumulative CPU 1237.16 sec
2016-10-02 23:48:26,649 Stage-1 map = 100%,  reduce = 82%, Cumulative CPU 1246.38 sec
2016-10-02 23:48:27,679 Stage-1 map = 100%,  reduce = 83%, Cumulative CPU 1252.43 sec
2016-10-02 23:48:28,708 Stage-1 map = 100%,  reduce = 84%, Cumulative CPU 1255.45 sec
2016-10-02 23:48:29,743 Stage-1 map = 100%,  reduce = 85%, Cumulative CPU 1261.58 sec
2016-10-02 23:48:30,778 Stage-1 map = 100%,  reduce = 86%, Cumulative CPU 1267.66 sec
2016-10-02 23:48:32,843 Stage-1 map = 100%,  reduce = 87%, Cumulative CPU 1276.75 sec
2016-10-02 23:48:33,875 Stage-1 map = 100%,  reduce = 88%, Cumulative CPU 1282.81 sec
2016-10-02 23:48:34,905 Stage-1 map = 100%,  reduce = 89%, Cumulative CPU 1285.87 sec
2016-10-02 23:48:35,939 Stage-1 map = 100%,  reduce = 90%, Cumulative CPU 1291.99 sec
2016-10-02 23:48:36,971 Stage-1 map = 100%,  reduce = 91%, Cumulative CPU 1298.12 sec
2016-10-02 23:48:39,032 Stage-1 map = 100%,  reduce = 92%, Cumulative CPU 1307.23 sec
2016-10-02 23:48:40,064 Stage-1 map = 100%,  reduce = 93%, Cumulative CPU 1313.26 sec
2016-10-02 23:48:42,122 Stage-1 map = 100%,  reduce = 94%, Cumulative CPU 1320.4 sec
2016-10-02 23:48:43,152 Stage-1 map = 100%,  reduce = 95%, Cumulative CPU 1324.33 sec
2016-10-02 23:48:45,212 Stage-1 map = 100%,  reduce = 96%, Cumulative CPU 1333.21 sec
2016-10-02 23:48:46,243 Stage-1 map = 100%,  reduce = 97%, Cumulative CPU 1339.35 sec
2016-10-02 23:48:47,274 Stage-1 map = 100%,  reduce = 98%, Cumulative CPU 1342.42 sec
2016-10-02 23:48:48,300 Stage-1 map = 100%,  reduce = 99%, Cumulative CPU 1353.33 sec
2016-10-02 23:48:50,361 Stage-1 map = 100%,  reduce = 100%, Cumulative CPU 1357.9 sec
MapReduce Total cumulative CPU time: 22 minutes 37 seconds 900 msec
Ended Job = job_1475449732703_0051
SLF4J: Class path contains multiple SLF4J bindings.
SLF4J: Found binding in [jar:file:/home/ubuntu/software/tez-0.7.1-SNAPSHOT-minimal/lib/slf4j-log4j12-1.7.5.jar!/org/slf4j/impl/StaticLoggerBinder.class]
SLF4J: Found binding in [jar:file:/home/ubuntu/software/hadoop-2.6.0/share/hadoop/common/lib/slf4j-log4j12-1.7.5.jar!/org/slf4j/impl/StaticLoggerBinder.class]
SLF4J: See http://www.slf4j.org/codes.html#multiple_bindings for an explanation.
SLF4J: Actual binding is of type [org.slf4j.impl.Log4jLoggerFactory]
Execution log at: /tmp/ubuntu/ubuntu_20161002234504_fea0539d-fdc5-4c39-ad49-094586b5635f.log
2016-10-02 23:48:54	Starting to launch local task to process map join;	maximum memory = 932184064
2016-10-02 23:48:55	Dump the side-table for tag: 1 with group count: 144 into file: file:/tmp/ubuntu/ae177d47-cf53-444e-9b9a-da2f969ae035/hive_2016-10-02_23-45-04_963_4218415071468935588-1/-local-10017/HashTable-Stage-17/MapJoin-mapfile41--.hashtable
2016-10-02 23:48:55	Uploaded 1 File to: file:/tmp/ubuntu/ae177d47-cf53-444e-9b9a-da2f969ae035/hive_2016-10-02_23-45-04_963_4218415071468935588-1/-local-10017/HashTable-Stage-17/MapJoin-mapfile41--.hashtable (13095 bytes)
2016-10-02 23:48:55	End of local task; Time Taken: 1.094 sec.
Execution completed successfully
MapredLocal task succeeded
Launching Job 2 out of 10
Number of reduce tasks is set to 0 since there's no reduce operator
Starting Job = job_1475449732703_0052, Tracking URL = http://vm1:8088/proxy/application_1475449732703_0052/
Kill Command = /home/ubuntu/software/hadoop-2.6.0/bin/hadoop job  -kill job_1475449732703_0052
Hadoop job information for Stage-17: number of mappers: 3; number of reducers: 0
2016-10-02 23:49:00,775 Stage-17 map = 0%,  reduce = 0%
2016-10-02 23:49:22,495 Stage-17 map = 50%,  reduce = 0%, Cumulative CPU 50.48 sec
2016-10-02 23:49:24,560 Stage-17 map = 67%,  reduce = 0%, Cumulative CPU 53.64 sec
2016-10-02 23:49:33,864 Stage-17 map = 83%,  reduce = 0%, Cumulative CPU 75.29 sec
2016-10-02 23:49:34,903 Stage-17 map = 100%,  reduce = 0%, Cumulative CPU 76.55 sec
MapReduce Total cumulative CPU time: 1 minutes 16 seconds 550 msec
Ended Job = job_1475449732703_0052
Stage-23 is selected by condition resolver.
Stage-24 is filtered out by condition resolver.
Stage-3 is filtered out by condition resolver.
SLF4J: Class path contains multiple SLF4J bindings.
SLF4J: Found binding in [jar:file:/home/ubuntu/software/tez-0.7.1-SNAPSHOT-minimal/lib/slf4j-log4j12-1.7.5.jar!/org/slf4j/impl/StaticLoggerBinder.class]
SLF4J: Found binding in [jar:file:/home/ubuntu/software/hadoop-2.6.0/share/hadoop/common/lib/slf4j-log4j12-1.7.5.jar!/org/slf4j/impl/StaticLoggerBinder.class]
SLF4J: See http://www.slf4j.org/codes.html#multiple_bindings for an explanation.
SLF4J: Actual binding is of type [org.slf4j.impl.Log4jLoggerFactory]
Execution log at: /tmp/ubuntu/ubuntu_20161002234504_fea0539d-fdc5-4c39-ad49-094586b5635f.log
2016-10-02 23:49:39	Starting to launch local task to process map join;	maximum memory = 932184064
2016-10-02 23:49:41	Dump the side-table for tag: 1 with group count: 73049 into file: file:/tmp/ubuntu/ae177d47-cf53-444e-9b9a-da2f969ae035/hive_2016-10-02_23-45-04_963_4218415071468935588-1/-local-10013/HashTable-Stage-14/MapJoin-mapfile21--.hashtable
2016-10-02 23:49:41	Uploaded 1 File to: file:/tmp/ubuntu/ae177d47-cf53-444e-9b9a-da2f969ae035/hive_2016-10-02_23-45-04_963_4218415071468935588-1/-local-10013/HashTable-Stage-14/MapJoin-mapfile21--.hashtable (1541779 bytes)
2016-10-02 23:49:41	End of local task; Time Taken: 1.636 sec.
Execution completed successfully
MapredLocal task succeeded
Launching Job 4 out of 10
Number of reduce tasks is set to 0 since there's no reduce operator
Starting Job = job_1475449732703_0053, Tracking URL = http://vm1:8088/proxy/application_1475449732703_0053/
Kill Command = /home/ubuntu/software/hadoop-2.6.0/bin/hadoop job  -kill job_1475449732703_0053
Hadoop job information for Stage-14: number of mappers: 4; number of reducers: 0
2016-10-02 23:49:46,526 Stage-14 map = 0%,  reduce = 0%
2016-10-02 23:50:02,074 Stage-14 map = 6%,  reduce = 0%, Cumulative CPU 32.49 sec
2016-10-02 23:50:05,176 Stage-14 map = 18%,  reduce = 0%, Cumulative CPU 46.55 sec
2016-10-02 23:50:08,297 Stage-14 map = 41%,  reduce = 0%, Cumulative CPU 58.29 sec
2016-10-02 23:50:11,413 Stage-14 map = 57%,  reduce = 0%, Cumulative CPU 69.91 sec
2016-10-02 23:50:15,557 Stage-14 map = 69%,  reduce = 0%, Cumulative CPU 82.17 sec
2016-10-02 23:50:16,626 Stage-14 map = 82%,  reduce = 0%, Cumulative CPU 84.35 sec
2016-10-02 23:50:18,684 Stage-14 map = 90%,  reduce = 0%, Cumulative CPU 90.93 sec
2016-10-02 23:50:20,749 Stage-14 map = 100%,  reduce = 0%, Cumulative CPU 94.21 sec
MapReduce Total cumulative CPU time: 1 minutes 34 seconds 210 msec
Ended Job = job_1475449732703_0053
Stage-21 is selected by condition resolver.
Stage-22 is filtered out by condition resolver.
Stage-4 is filtered out by condition resolver.
SLF4J: Class path contains multiple SLF4J bindings.
SLF4J: Found binding in [jar:file:/home/ubuntu/software/tez-0.7.1-SNAPSHOT-minimal/lib/slf4j-log4j12-1.7.5.jar!/org/slf4j/impl/StaticLoggerBinder.class]
SLF4J: Found binding in [jar:file:/home/ubuntu/software/hadoop-2.6.0/share/hadoop/common/lib/slf4j-log4j12-1.7.5.jar!/org/slf4j/impl/StaticLoggerBinder.class]
SLF4J: See http://www.slf4j.org/codes.html#multiple_bindings for an explanation.
SLF4J: Actual binding is of type [org.slf4j.impl.Log4jLoggerFactory]
Execution log at: /tmp/ubuntu/ubuntu_20161002234504_fea0539d-fdc5-4c39-ad49-094586b5635f.log
2016-10-02 23:50:32	Starting to launch local task to process map join;	maximum memory = 932184064
2016-10-02 23:50:33	Dump the side-table for tag: 1 with group count: 30 into file: file:/tmp/ubuntu/ae177d47-cf53-444e-9b9a-da2f969ae035/hive_2016-10-02_23-45-04_963_4218415071468935588-1/-local-10009/HashTable-Stage-11/MapJoin-mapfile01--.hashtable
2016-10-02 23:50:33	Uploaded 1 File to: file:/tmp/ubuntu/ae177d47-cf53-444e-9b9a-da2f969ae035/hive_2016-10-02_23-45-04_963_4218415071468935588-1/-local-10009/HashTable-Stage-11/MapJoin-mapfile01--.hashtable (893 bytes)
2016-10-02 23:50:33	End of local task; Time Taken: 1.325 sec.
Execution completed successfully
MapredLocal task succeeded
Launching Job 6 out of 10
Number of reduce tasks is set to 0 since there's no reduce operator
Starting Job = job_1475449732703_0054, Tracking URL = http://vm1:8088/proxy/application_1475449732703_0054/
Kill Command = /home/ubuntu/software/hadoop-2.6.0/bin/hadoop job  -kill job_1475449732703_0054
Hadoop job information for Stage-11: number of mappers: 5; number of reducers: 0
2016-10-02 23:50:39,036 Stage-11 map = 0%,  reduce = 0%
2016-10-02 23:50:45,255 Stage-11 map = 20%,  reduce = 0%, Cumulative CPU 2.77 sec
2016-10-02 23:50:51,501 Stage-11 map = 39%,  reduce = 0%, Cumulative CPU 25.99 sec
2016-10-02 23:50:53,581 Stage-11 map = 68%,  reduce = 0%, Cumulative CPU 30.26 sec
2016-10-02 23:50:54,613 Stage-11 map = 92%,  reduce = 0%, Cumulative CPU 36.25 sec
2016-10-02 23:50:55,648 Stage-11 map = 100%,  reduce = 0%, Cumulative CPU 37.32 sec
MapReduce Total cumulative CPU time: 37 seconds 320 msec
Ended Job = job_1475449732703_0054
Launching Job 7 out of 10
Number of reduce tasks not specified. Defaulting to jobconf value of: 5
In order to change the average load for a reducer (in bytes):
  set hive.exec.reducers.bytes.per.reducer=<number>
In order to limit the maximum number of reducers:
  set hive.exec.reducers.max=<number>
In order to set a constant number of reducers:
  set mapreduce.job.reduces=<number>
Starting Job = job_1475449732703_0055, Tracking URL = http://vm1:8088/proxy/application_1475449732703_0055/
Kill Command = /home/ubuntu/software/hadoop-2.6.0/bin/hadoop job  -kill job_1475449732703_0055
Hadoop job information for Stage-5: number of mappers: 2; number of reducers: 5
2016-10-02 23:51:01,437 Stage-5 map = 0%,  reduce = 0%
2016-10-02 23:51:07,646 Stage-5 map = 100%,  reduce = 0%, Cumulative CPU 2.57 sec
2016-10-02 23:51:12,822 Stage-5 map = 100%,  reduce = 80%, Cumulative CPU 7.59 sec
2016-10-02 23:51:13,860 Stage-5 map = 100%,  reduce = 100%, Cumulative CPU 8.8 sec
MapReduce Total cumulative CPU time: 8 seconds 800 msec
Ended Job = job_1475449732703_0055
Launching Job 8 out of 10
Number of reduce tasks determined at compile time: 1
In order to change the average load for a reducer (in bytes):
  set hive.exec.reducers.bytes.per.reducer=<number>
In order to limit the maximum number of reducers:
  set hive.exec.reducers.max=<number>
In order to set a constant number of reducers:
  set mapreduce.job.reduces=<number>
Starting Job = job_1475449732703_0056, Tracking URL = http://vm1:8088/proxy/application_1475449732703_0056/
Kill Command = /home/ubuntu/software/hadoop-2.6.0/bin/hadoop job  -kill job_1475449732703_0056
Hadoop job information for Stage-6: number of mappers: 4; number of reducers: 1
2016-10-02 23:51:19,985 Stage-6 map = 0%,  reduce = 0%
2016-10-02 23:51:28,195 Stage-6 map = 100%,  reduce = 0%, Cumulative CPU 5.07 sec
2016-10-02 23:51:33,328 Stage-6 map = 100%,  reduce = 100%, Cumulative CPU 6.35 sec
MapReduce Total cumulative CPU time: 6 seconds 350 msec
Ended Job = job_1475449732703_0056
MapReduce Jobs Launched: 
Stage-Stage-1: Map: 82  Reduce: 5   Cumulative CPU: 1357.9 sec   HDFS Read: 21844441959 HDFS Write: 490200654 SUCCESS
Stage-Stage-17: Map: 3   Cumulative CPU: 76.55 sec   HDFS Read: 490228852 HDFS Write: 1194922367 SUCCESS
Stage-Stage-14: Map: 4   Cumulative CPU: 94.21 sec   HDFS Read: 1194979480 HDFS Write: 1234832811 SUCCESS
Stage-Stage-11: Map: 5   Cumulative CPU: 37.32 sec   HDFS Read: 1234947381 HDFS Write: 33734 SUCCESS
Stage-Stage-5: Map: 2  Reduce: 5   Cumulative CPU: 8.8 sec   HDFS Read: 81658 HDFS Write: 7647 SUCCESS
Stage-Stage-6: Map: 4  Reduce: 1   Cumulative CPU: 6.35 sec   HDFS Read: 34171 HDFS Write: 6427 SUCCESS
Total MapReduce CPU Time Spent: 26 minutes 21 seconds 130 msec
OK
Time taken: 389.456 seconds, Fetched: 72 row(s)
45.11user 3.76system 6:35.73elapsed 12%CPU (0avgtext+0avgdata 1142116maxresident)k
115264inputs+475760outputs (111major+193356minor)pagefaults 0swaps
