
Logging initialized using configuration in jar:file:/home/ubuntu/software/hive-1.2.1/lib/hive-common-1.2.1.jar!/hive-log4j.properties
Hive history file=/tmp/ubuntu/hive_job_log_9a0163f0-4567-41b2-b194-5b1781409ef1_1748167012.txt
SLF4J: Class path contains multiple SLF4J bindings.
SLF4J: Found binding in [jar:file:/home/ubuntu/software/tez-0.7.1-SNAPSHOT-minimal/lib/slf4j-log4j12-1.7.5.jar!/org/slf4j/impl/StaticLoggerBinder.class]
SLF4J: Found binding in [jar:file:/home/ubuntu/software/hadoop-2.6.0/share/hadoop/common/lib/slf4j-log4j12-1.7.5.jar!/org/slf4j/impl/StaticLoggerBinder.class]
SLF4J: See http://www.slf4j.org/codes.html#multiple_bindings for an explanation.
SLF4J: Actual binding is of type [org.slf4j.impl.Log4jLoggerFactory]
OK
Time taken: 0.977 seconds
Query ID = ubuntu_20161001094617_287397da-35f8-40ab-bddd-ae0f2f1594e7
Total jobs = 1
Launching Job 1 out of 1


Status: Running (Executing on YARN cluster with App id application_1475271333482_0141)

Map 1: -/-	Map 10: -/-	Map 11: -/-	Map 5: -/-	Map 6: -/-	Map 7: -/-	Map 8: -/-	Map 9: -/-	Reducer 3: 0/14	Reducer 4: 0/1	
Map 1: -/-	Map 10: 0/1	Map 11: 0/1	Map 5: 0/1	Map 6: 0/35	Map 7: 0/1	Map 8: -/-	Map 9: 0/1	Reducer 3: 0/14	Reducer 4: 0/1	
Map 1: 0/50	Map 10: 0/1	Map 11: 0/1	Map 5: 0/1	Map 6: 0/35	Map 7: 0/1	Map 8: 0/39	Map 9: 0/1	Reducer 3: 0/14	Reducer 4: 0/1	
Map 1: 0/50	Map 10: 0/1	Map 11: 0/1	Map 5: 0/1	Map 6: 0/35	Map 7: 0/1	Map 8: 0/39	Map 9: 0(+1)/1	Reducer 3: 0/14	Reducer 4: 0/1	
Map 1: 0/50	Map 10: 0/1	Map 11: 0/1	Map 5: 0/1	Map 6: 0(+3)/35	Map 7: 0/1	Map 8: 0/39	Map 9: 0(+1)/1	Reducer 3: 0/14	Reducer 4: 0/1	
Map 1: 0/50	Map 10: 0/1	Map 11: 0/1	Map 5: 0/1	Map 6: 0(+3)/35	Map 7: 0/1	Map 8: 0/39	Map 9: 0/1	Reducer 3: 0/14	Reducer 4: 0/1	
Map 1: 0/50	Map 10: 0/1	Map 11: 0/1	Map 5: 0/1	Map 6: 0(+3)/35	Map 7: 0/1	Map 8: 0/39	Map 9: 1/1	Reducer 3: 0/14	Reducer 4: 0/1	
Map 1: 0/50	Map 10: 0/1	Map 11: 0/1	Map 5: 0/1	Map 6: 0(+7)/35	Map 7: 0/1	Map 8: 0/39	Map 9: 1/1	Reducer 3: 0/14	Reducer 4: 0/1	
Map 1: 0/50	Map 10: 0/1	Map 11: 0/1	Map 5: 0/1	Map 6: 0(+11)/35	Map 7: 0/1	Map 8: 0/39	Map 9: 1/1	Reducer 3: 0/14	Reducer 4: 0/1	
Map 1: 0/50	Map 10: 0(+1)/1	Map 11: 0(+1)/1	Map 5: 0/1	Map 6: 0(+11)/35	Map 7: 0(+1)/1	Map 8: 0/39	Map 9: 1/1	Reducer 3: 0/14	Reducer 4: 0/1	
Map 1: 0/50	Map 10: 0(+1)/1	Map 11: 0(+1)/1	Map 5: 0(+1)/1	Map 6: 0(+12)/35	Map 7: 0(+1)/1	Map 8: 0/39	Map 9: 1/1	Reducer 3: 0/14	Reducer 4: 0/1	
Map 1: 0/50	Map 10: 0(+1)/1	Map 11: 0(+1)/1	Map 5: 0(+1)/1	Map 6: 0(+12)/35	Map 7: 0(+1)/1	Map 8: 0/39	Map 9: 1/1	Reducer 3: 0/14	Reducer 4: 0/1	
Map 1: 0/50	Map 10: 0(+1)/1	Map 11: 0(+1)/1	Map 5: 0(+1)/1	Map 6: 0(+12)/35	Map 7: 0(+1)/1	Map 8: 0/39	Map 9: 1/1	Reducer 3: 0/14	Reducer 4: 0/1	
Map 1: 0/50	Map 10: 1/1	Map 11: 0(+1)/1	Map 5: 1/1	Map 6: 0(+12)/35	Map 7: 1/1	Map 8: 0/39	Map 9: 1/1	Reducer 3: 0/14	Reducer 4: 0/1	
Map 1: 0/50	Map 10: 1/1	Map 11: 1/1	Map 5: 1/1	Map 6: 0(+12)/35	Map 7: 1/1	Map 8: 0/39	Map 9: 1/1	Reducer 3: 0/14	Reducer 4: 0/1	
Map 1: 0/50	Map 10: 1/1	Map 11: 1/1	Map 5: 1/1	Map 6: 0(+13)/35	Map 7: 1/1	Map 8: 0/39	Map 9: 1/1	Reducer 3: 0/14	Reducer 4: 0/1	
Map 1: 0/50	Map 10: 1/1	Map 11: 1/1	Map 5: 1/1	Map 6: 0(+14)/35	Map 7: 1/1	Map 8: 0/39	Map 9: 1/1	Reducer 3: 0/14	Reducer 4: 0/1	
Map 1: 0/50	Map 10: 1/1	Map 11: 1/1	Map 5: 1/1	Map 6: 0(+15)/35	Map 7: 1/1	Map 8: 0/39	Map 9: 1/1	Reducer 3: 0/14	Reducer 4: 0/1	
Map 1: 0/50	Map 10: 1/1	Map 11: 1/1	Map 5: 1/1	Map 6: 0(+16)/35	Map 7: 1/1	Map 8: 0/39	Map 9: 1/1	Reducer 3: 0/14	Reducer 4: 0/1	
Map 1: 0/50	Map 10: 1/1	Map 11: 1/1	Map 5: 1/1	Map 6: 0(+16)/35	Map 7: 1/1	Map 8: 0/39	Map 9: 1/1	Reducer 3: 0/14	Reducer 4: 0/1	
Map 1: 0/50	Map 10: 1/1	Map 11: 1/1	Map 5: 1/1	Map 6: 0(+16)/35	Map 7: 1/1	Map 8: 0/39	Map 9: 1/1	Reducer 3: 0/14	Reducer 4: 0/1	
Map 1: 0/50	Map 10: 1/1	Map 11: 1/1	Map 5: 1/1	Map 6: 0(+16)/35	Map 7: 1/1	Map 8: 0/39	Map 9: 1/1	Reducer 3: 0/14	Reducer 4: 0/1	
Map 1: 0/50	Map 10: 1/1	Map 11: 1/1	Map 5: 1/1	Map 6: 0(+16)/35	Map 7: 1/1	Map 8: 0/39	Map 9: 1/1	Reducer 3: 0/14	Reducer 4: 0/1	
Map 1: 0/50	Map 10: 1/1	Map 11: 1/1	Map 5: 1/1	Map 6: 0(+16)/35	Map 7: 1/1	Map 8: 0/39	Map 9: 1/1	Reducer 3: 0/14	Reducer 4: 0/1	
Map 1: 0/50	Map 10: 1/1	Map 11: 1/1	Map 5: 1/1	Map 6: 0(+16)/35	Map 7: 1/1	Map 8: 0/39	Map 9: 1/1	Reducer 3: 0/14	Reducer 4: 0/1	
Map 1: 0/50	Map 10: 1/1	Map 11: 1/1	Map 5: 1/1	Map 6: 1(+15)/35	Map 7: 1/1	Map 8: 0/39	Map 9: 1/1	Reducer 3: 0/14	Reducer 4: 0/1	
Map 1: 0/50	Map 10: 1/1	Map 11: 1/1	Map 5: 1/1	Map 6: 1(+16)/35	Map 7: 1/1	Map 8: 0/39	Map 9: 1/1	Reducer 3: 0/14	Reducer 4: 0/1	
Map 1: 0/50	Map 10: 1/1	Map 11: 1/1	Map 5: 1/1	Map 6: 1(+16)/35	Map 7: 1/1	Map 8: 0/39	Map 9: 1/1	Reducer 3: 0/14	Reducer 4: 0/1	
Map 1: 0/50	Map 10: 1/1	Map 11: 1/1	Map 5: 1/1	Map 6: 2(+15)/35	Map 7: 1/1	Map 8: 0/39	Map 9: 1/1	Reducer 3: 0/14	Reducer 4: 0/1	
Map 1: 0/50	Map 10: 1/1	Map 11: 1/1	Map 5: 1/1	Map 6: 2(+16)/35	Map 7: 1/1	Map 8: 0/39	Map 9: 1/1	Reducer 3: 0/14	Reducer 4: 0/1	
Map 1: 0/50	Map 10: 1/1	Map 11: 1/1	Map 5: 1/1	Map 6: 3(+15)/35	Map 7: 1/1	Map 8: 0/39	Map 9: 1/1	Reducer 3: 0/14	Reducer 4: 0/1	
Map 1: 0/50	Map 10: 1/1	Map 11: 1/1	Map 5: 1/1	Map 6: 3(+16)/35	Map 7: 1/1	Map 8: 0/39	Map 9: 1/1	Reducer 3: 0/14	Reducer 4: 0/1	
Map 1: 0/50	Map 10: 1/1	Map 11: 1/1	Map 5: 1/1	Map 6: 4(+15)/35	Map 7: 1/1	Map 8: 0/39	Map 9: 1/1	Reducer 3: 0/14	Reducer 4: 0/1	
Map 1: 0/50	Map 10: 1/1	Map 11: 1/1	Map 5: 1/1	Map 6: 4(+16)/35	Map 7: 1/1	Map 8: 0/39	Map 9: 1/1	Reducer 3: 0/14	Reducer 4: 0/1	
Map 1: 0/50	Map 10: 1/1	Map 11: 1/1	Map 5: 1/1	Map 6: 5(+15)/35	Map 7: 1/1	Map 8: 0/39	Map 9: 1/1	Reducer 3: 0/14	Reducer 4: 0/1	
Map 1: 0/50	Map 10: 1/1	Map 11: 1/1	Map 5: 1/1	Map 6: 5(+16)/35	Map 7: 1/1	Map 8: 0/39	Map 9: 1/1	Reducer 3: 0/14	Reducer 4: 0/1	
Map 1: 0/50	Map 10: 1/1	Map 11: 1/1	Map 5: 1/1	Map 6: 5(+16)/35	Map 7: 1/1	Map 8: 0/39	Map 9: 1/1	Reducer 3: 0/14	Reducer 4: 0/1	
Map 1: 0/50	Map 10: 1/1	Map 11: 1/1	Map 5: 1/1	Map 6: 6(+15)/35	Map 7: 1/1	Map 8: 0/39	Map 9: 1/1	Reducer 3: 0/14	Reducer 4: 0/1	
Map 1: 0/50	Map 10: 1/1	Map 11: 1/1	Map 5: 1/1	Map 6: 7(+14)/35	Map 7: 1/1	Map 8: 0/39	Map 9: 1/1	Reducer 3: 0/14	Reducer 4: 0/1	
Map 1: 0/50	Map 10: 1/1	Map 11: 1/1	Map 5: 1/1	Map 6: 7(+15)/35	Map 7: 1/1	Map 8: 0/39	Map 9: 1/1	Reducer 3: 0/14	Reducer 4: 0/1	
Map 1: 0/50	Map 10: 1/1	Map 11: 1/1	Map 5: 1/1	Map 6: 8(+14)/35	Map 7: 1/1	Map 8: 0/39	Map 9: 1/1	Reducer 3: 0/14	Reducer 4: 0/1	
Map 1: 0/50	Map 10: 1/1	Map 11: 1/1	Map 5: 1/1	Map 6: 9(+13)/35	Map 7: 1/1	Map 8: 0/39	Map 9: 1/1	Reducer 3: 0/14	Reducer 4: 0/1	
Map 1: 0/50	Map 10: 1/1	Map 11: 1/1	Map 5: 1/1	Map 6: 10(+12)/35	Map 7: 1/1	Map 8: 0/39	Map 9: 1/1	Reducer 3: 0/14	Reducer 4: 0/1	
Map 1: 0/50	Map 10: 1/1	Map 11: 1/1	Map 5: 1/1	Map 6: 10(+13)/35	Map 7: 1/1	Map 8: 0/39	Map 9: 1/1	Reducer 3: 0/14	Reducer 4: 0/1	
Map 1: 0/50	Map 10: 1/1	Map 11: 1/1	Map 5: 1/1	Map 6: 10(+14)/35	Map 7: 1/1	Map 8: 0/39	Map 9: 1/1	Reducer 3: 0/14	Reducer 4: 0/1	
Map 1: 0/50	Map 10: 1/1	Map 11: 1/1	Map 5: 1/1	Map 6: 11(+14)/35	Map 7: 1/1	Map 8: 0/39	Map 9: 1/1	Reducer 3: 0/14	Reducer 4: 0/1	
Map 1: 0/50	Map 10: 1/1	Map 11: 1/1	Map 5: 1/1	Map 6: 12(+14)/35	Map 7: 1/1	Map 8: 0/39	Map 9: 1/1	Reducer 3: 0/14	Reducer 4: 0/1	
Map 1: 0/50	Map 10: 1/1	Map 11: 1/1	Map 5: 1/1	Map 6: 12(+15)/35	Map 7: 1/1	Map 8: 0/39	Map 9: 1/1	Reducer 3: 0/14	Reducer 4: 0/1	
Map 1: 0/50	Map 10: 1/1	Map 11: 1/1	Map 5: 1/1	Map 6: 12(+16)/35	Map 7: 1/1	Map 8: 0/39	Map 9: 1/1	Reducer 3: 0/14	Reducer 4: 0/1	
Map 1: 0/50	Map 10: 1/1	Map 11: 1/1	Map 5: 1/1	Map 6: 14(+14)/35	Map 7: 1/1	Map 8: 0/39	Map 9: 1/1	Reducer 3: 0/14	Reducer 4: 0/1	
Map 1: 0(+1)/50	Map 10: 1/1	Map 11: 1/1	Map 5: 1/1	Map 6: 14(+15)/35	Map 7: 1/1	Map 8: 0/39	Map 9: 1/1	Reducer 3: 0/14	Reducer 4: 0/1	
Map 1: 0(+1)/50	Map 10: 1/1	Map 11: 1/1	Map 5: 1/1	Map 6: 15(+14)/35	Map 7: 1/1	Map 8: 0/39	Map 9: 1/1	Reducer 3: 0/14	Reducer 4: 0/1	
Map 1: 0(+1)/50	Map 10: 1/1	Map 11: 1/1	Map 5: 1/1	Map 6: 16(+13)/35	Map 7: 1/1	Map 8: 0/39	Map 9: 1/1	Reducer 3: 0/14	Reducer 4: 0/1	
Map 1: 0(+2)/50	Map 10: 1/1	Map 11: 1/1	Map 5: 1/1	Map 6: 16(+13)/35	Map 7: 1/1	Map 8: 0/39	Map 9: 1/1	Reducer 3: 0/14	Reducer 4: 0/1	
Map 1: 0(+3)/50	Map 10: 1/1	Map 11: 1/1	Map 5: 1/1	Map 6: 16(+13)/35	Map 7: 1/1	Map 8: 0/39	Map 9: 1/1	Reducer 3: 0/14	Reducer 4: 0/1	
Map 1: 0(+3)/50	Map 10: 1/1	Map 11: 1/1	Map 5: 1/1	Map 6: 17(+12)/35	Map 7: 1/1	Map 8: 0/39	Map 9: 1/1	Reducer 3: 0/14	Reducer 4: 0/1	
Map 1: 0(+3)/50	Map 10: 1/1	Map 11: 1/1	Map 5: 1/1	Map 6: 17(+13)/35	Map 7: 1/1	Map 8: 0/39	Map 9: 1/1	Reducer 3: 0/14	Reducer 4: 0/1	
Map 1: 0(+3)/50	Map 10: 1/1	Map 11: 1/1	Map 5: 1/1	Map 6: 18(+12)/35	Map 7: 1/1	Map 8: 0/39	Map 9: 1/1	Reducer 3: 0/14	Reducer 4: 0/1	
Map 1: 0(+4)/50	Map 10: 1/1	Map 11: 1/1	Map 5: 1/1	Map 6: 18(+12)/35	Map 7: 1/1	Map 8: 0/39	Map 9: 1/1	Reducer 3: 0/14	Reducer 4: 0/1	
Map 1: 1(+3)/50	Map 10: 1/1	Map 11: 1/1	Map 5: 1/1	Map 6: 18(+12)/35	Map 7: 1/1	Map 8: 0/39	Map 9: 1/1	Reducer 3: 0/14	Reducer 4: 0/1	
Map 1: 1(+4)/50	Map 10: 1/1	Map 11: 1/1	Map 5: 1/1	Map 6: 18(+12)/35	Map 7: 1/1	Map 8: 0/39	Map 9: 1/1	Reducer 3: 0/14	Reducer 4: 0/1	
Map 1: 1(+4)/50	Map 10: 1/1	Map 11: 1/1	Map 5: 1/1	Map 6: 19(+11)/35	Map 7: 1/1	Map 8: 0/39	Map 9: 1/1	Reducer 3: 0/14	Reducer 4: 0/1	
Map 1: 1(+4)/50	Map 10: 1/1	Map 11: 1/1	Map 5: 1/1	Map 6: 19(+12)/35	Map 7: 1/1	Map 8: 0/39	Map 9: 1/1	Reducer 3: 0/14	Reducer 4: 0/1	
Map 1: 1(+4)/50	Map 10: 1/1	Map 11: 1/1	Map 5: 1/1	Map 6: 20(+11)/35	Map 7: 1/1	Map 8: 0/39	Map 9: 1/1	Reducer 3: 0/14	Reducer 4: 0/1	
Map 1: 2(+3)/50	Map 10: 1/1	Map 11: 1/1	Map 5: 1/1	Map 6: 20(+11)/35	Map 7: 1/1	Map 8: 0/39	Map 9: 1/1	Reducer 3: 0/14	Reducer 4: 0/1	
Map 1: 2(+4)/50	Map 10: 1/1	Map 11: 1/1	Map 5: 1/1	Map 6: 20(+11)/35	Map 7: 1/1	Map 8: 0/39	Map 9: 1/1	Reducer 3: 0/14	Reducer 4: 0/1	
Map 1: 2(+5)/50	Map 10: 1/1	Map 11: 1/1	Map 5: 1/1	Map 6: 20(+11)/35	Map 7: 1/1	Map 8: 0/39	Map 9: 1/1	Reducer 3: 0/14	Reducer 4: 0/1	
Map 1: 3(+4)/50	Map 10: 1/1	Map 11: 1/1	Map 5: 1/1	Map 6: 20(+11)/35	Map 7: 1/1	Map 8: 0/39	Map 9: 1/1	Reducer 3: 0/14	Reducer 4: 0/1	
Map 1: 3(+5)/50	Map 10: 1/1	Map 11: 1/1	Map 5: 1/1	Map 6: 20(+11)/35	Map 7: 1/1	Map 8: 0/39	Map 9: 1/1	Reducer 3: 0/14	Reducer 4: 0/1	
Map 1: 4(+4)/50	Map 10: 1/1	Map 11: 1/1	Map 5: 1/1	Map 6: 20(+11)/35	Map 7: 1/1	Map 8: 0/39	Map 9: 1/1	Reducer 3: 0/14	Reducer 4: 0/1	
Map 1: 4(+4)/50	Map 10: 1/1	Map 11: 1/1	Map 5: 1/1	Map 6: 21(+10)/35	Map 7: 1/1	Map 8: 0/39	Map 9: 1/1	Reducer 3: 0/14	Reducer 4: 0/1	
Map 1: 4(+4)/50	Map 10: 1/1	Map 11: 1/1	Map 5: 1/1	Map 6: 22(+9)/35	Map 7: 1/1	Map 8: 0/39	Map 9: 1/1	Reducer 3: 0/14	Reducer 4: 0/1	
Map 1: 4(+5)/50	Map 10: 1/1	Map 11: 1/1	Map 5: 1/1	Map 6: 22(+9)/35	Map 7: 1/1	Map 8: 0/39	Map 9: 1/1	Reducer 3: 0/14	Reducer 4: 0/1	
Map 1: 5(+4)/50	Map 10: 1/1	Map 11: 1/1	Map 5: 1/1	Map 6: 22(+9)/35	Map 7: 1/1	Map 8: 0/39	Map 9: 1/1	Reducer 3: 0/14	Reducer 4: 0/1	
Map 1: 5(+4)/50	Map 10: 1/1	Map 11: 1/1	Map 5: 1/1	Map 6: 22(+10)/35	Map 7: 1/1	Map 8: 0/39	Map 9: 1/1	Reducer 3: 0/14	Reducer 4: 0/1	
Map 1: 5(+4)/50	Map 10: 1/1	Map 11: 1/1	Map 5: 1/1	Map 6: 22(+11)/35	Map 7: 1/1	Map 8: 0/39	Map 9: 1/1	Reducer 3: 0/14	Reducer 4: 0/1	
Map 1: 5(+4)/50	Map 10: 1/1	Map 11: 1/1	Map 5: 1/1	Map 6: 23(+10)/35	Map 7: 1/1	Map 8: 0/39	Map 9: 1/1	Reducer 3: 0/14	Reducer 4: 0/1	
Map 1: 5(+5)/50	Map 10: 1/1	Map 11: 1/1	Map 5: 1/1	Map 6: 23(+10)/35	Map 7: 1/1	Map 8: 0/39	Map 9: 1/1	Reducer 3: 0/14	Reducer 4: 0/1	
Map 1: 5(+6)/50	Map 10: 1/1	Map 11: 1/1	Map 5: 1/1	Map 6: 24(+9)/35	Map 7: 1/1	Map 8: 0/39	Map 9: 1/1	Reducer 3: 0/14	Reducer 4: 0/1	
Map 1: 5(+6)/50	Map 10: 1/1	Map 11: 1/1	Map 5: 1/1	Map 6: 25(+8)/35	Map 7: 1/1	Map 8: 0/39	Map 9: 1/1	Reducer 3: 0/14	Reducer 4: 0/1	
Map 1: 5(+7)/50	Map 10: 1/1	Map 11: 1/1	Map 5: 1/1	Map 6: 25(+8)/35	Map 7: 1/1	Map 8: 0/39	Map 9: 1/1	Reducer 3: 0/14	Reducer 4: 0/1	
Map 1: 5(+8)/50	Map 10: 1/1	Map 11: 1/1	Map 5: 1/1	Map 6: 25(+8)/35	Map 7: 1/1	Map 8: 0/39	Map 9: 1/1	Reducer 3: 0/14	Reducer 4: 0/1	
Map 1: 6(+7)/50	Map 10: 1/1	Map 11: 1/1	Map 5: 1/1	Map 6: 25(+8)/35	Map 7: 1/1	Map 8: 0/39	Map 9: 1/1	Reducer 3: 0/14	Reducer 4: 0/1	
Map 1: 6(+7)/50	Map 10: 1/1	Map 11: 1/1	Map 5: 1/1	Map 6: 26(+7)/35	Map 7: 1/1	Map 8: 0/39	Map 9: 1/1	Reducer 3: 0/14	Reducer 4: 0/1	
Map 1: 6(+7)/50	Map 10: 1/1	Map 11: 1/1	Map 5: 1/1	Map 6: 26(+7)/35	Map 7: 1/1	Map 8: 0(+1)/39	Map 9: 1/1	Reducer 3: 0/14	Reducer 4: 0/1	
Map 1: 7(+6)/50	Map 10: 1/1	Map 11: 1/1	Map 5: 1/1	Map 6: 26(+7)/35	Map 7: 1/1	Map 8: 0(+1)/39	Map 9: 1/1	Reducer 3: 0/14	Reducer 4: 0/1	
Map 1: 7(+7)/50	Map 10: 1/1	Map 11: 1/1	Map 5: 1/1	Map 6: 26(+7)/35	Map 7: 1/1	Map 8: 0(+1)/39	Map 9: 1/1	Reducer 3: 0/14	Reducer 4: 0/1	
Map 1: 8(+6)/50	Map 10: 1/1	Map 11: 1/1	Map 5: 1/1	Map 6: 26(+7)/35	Map 7: 1/1	Map 8: 0(+1)/39	Map 9: 1/1	Reducer 3: 0/14	Reducer 4: 0/1	
Map 1: 8(+6)/50	Map 10: 1/1	Map 11: 1/1	Map 5: 1/1	Map 6: 27(+6)/35	Map 7: 1/1	Map 8: 0(+1)/39	Map 9: 1/1	Reducer 3: 0/14	Reducer 4: 0/1	
Map 1: 8(+6)/50	Map 10: 1/1	Map 11: 1/1	Map 5: 1/1	Map 6: 27(+6)/35	Map 7: 1/1	Map 8: 0(+2)/39	Map 9: 1/1	Reducer 3: 0/14	Reducer 4: 0/1	
Map 1: 8(+6)/50	Map 10: 1/1	Map 11: 1/1	Map 5: 1/1	Map 6: 28(+5)/35	Map 7: 1/1	Map 8: 0(+2)/39	Map 9: 1/1	Reducer 3: 0/14	Reducer 4: 0/1	
Map 1: 8(+7)/50	Map 10: 1/1	Map 11: 1/1	Map 5: 1/1	Map 6: 28(+5)/35	Map 7: 1/1	Map 8: 0(+2)/39	Map 9: 1/1	Reducer 3: 0/14	Reducer 4: 0/1	
Map 1: 8(+8)/50	Map 10: 1/1	Map 11: 1/1	Map 5: 1/1	Map 6: 28(+5)/35	Map 7: 1/1	Map 8: 0(+2)/39	Map 9: 1/1	Reducer 3: 0/14	Reducer 4: 0/1	
Map 1: 8(+9)/50	Map 10: 1/1	Map 11: 1/1	Map 5: 1/1	Map 6: 28(+5)/35	Map 7: 1/1	Map 8: 0(+2)/39	Map 9: 1/1	Reducer 3: 0/14	Reducer 4: 0/1	
Map 1: 9(+8)/50	Map 10: 1/1	Map 11: 1/1	Map 5: 1/1	Map 6: 28(+5)/35	Map 7: 1/1	Map 8: 0(+2)/39	Map 9: 1/1	Reducer 3: 0/14	Reducer 4: 0/1	
Map 1: 10(+7)/50	Map 10: 1/1	Map 11: 1/1	Map 5: 1/1	Map 6: 28(+5)/35	Map 7: 1/1	Map 8: 0(+2)/39	Map 9: 1/1	Reducer 3: 0/14	Reducer 4: 0/1	
Map 1: 12(+5)/50	Map 10: 1/1	Map 11: 1/1	Map 5: 1/1	Map 6: 28(+5)/35	Map 7: 1/1	Map 8: 0(+2)/39	Map 9: 1/1	Reducer 3: 0/14	Reducer 4: 0/1	
Map 1: 12(+5)/50	Map 10: 1/1	Map 11: 1/1	Map 5: 1/1	Map 6: 28(+5)/35	Map 7: 1/1	Map 8: 0(+3)/39	Map 9: 1/1	Reducer 3: 0/14	Reducer 4: 0/1	
Map 1: 12(+7)/50	Map 10: 1/1	Map 11: 1/1	Map 5: 1/1	Map 6: 28(+5)/35	Map 7: 1/1	Map 8: 0(+3)/39	Map 9: 1/1	Reducer 3: 0/14	Reducer 4: 0/1	
Map 1: 12(+7)/50	Map 10: 1/1	Map 11: 1/1	Map 5: 1/1	Map 6: 28(+5)/35	Map 7: 1/1	Map 8: 0(+4)/39	Map 9: 1/1	Reducer 3: 0/14	Reducer 4: 0/1	
Map 1: 12(+7)/50	Map 10: 1/1	Map 11: 1/1	Map 5: 1/1	Map 6: 29(+4)/35	Map 7: 1/1	Map 8: 0(+4)/39	Map 9: 1/1	Reducer 3: 0/14	Reducer 4: 0/1	
Map 1: 13(+6)/50	Map 10: 1/1	Map 11: 1/1	Map 5: 1/1	Map 6: 29(+4)/35	Map 7: 1/1	Map 8: 0(+4)/39	Map 9: 1/1	Reducer 3: 0/14	Reducer 4: 0/1	
Map 1: 13(+7)/50	Map 10: 1/1	Map 11: 1/1	Map 5: 1/1	Map 6: 29(+4)/35	Map 7: 1/1	Map 8: 0(+4)/39	Map 9: 1/1	Reducer 3: 0/14	Reducer 4: 0/1	
Map 1: 13(+8)/50	Map 10: 1/1	Map 11: 1/1	Map 5: 1/1	Map 6: 29(+4)/35	Map 7: 1/1	Map 8: 0(+4)/39	Map 9: 1/1	Reducer 3: 0/14	Reducer 4: 0/1	
Map 1: 14(+7)/50	Map 10: 1/1	Map 11: 1/1	Map 5: 1/1	Map 6: 29(+4)/35	Map 7: 1/1	Map 8: 0(+4)/39	Map 9: 1/1	Reducer 3: 0/14	Reducer 4: 0/1	
Map 1: 15(+6)/50	Map 10: 1/1	Map 11: 1/1	Map 5: 1/1	Map 6: 29(+4)/35	Map 7: 1/1	Map 8: 0(+4)/39	Map 9: 1/1	Reducer 3: 0/14	Reducer 4: 0/1	
Map 1: 15(+7)/50	Map 10: 1/1	Map 11: 1/1	Map 5: 1/1	Map 6: 29(+4)/35	Map 7: 1/1	Map 8: 0(+4)/39	Map 9: 1/1	Reducer 3: 0/14	Reducer 4: 0/1	
Map 1: 16(+6)/50	Map 10: 1/1	Map 11: 1/1	Map 5: 1/1	Map 6: 29(+4)/35	Map 7: 1/1	Map 8: 0(+4)/39	Map 9: 1/1	Reducer 3: 0/14	Reducer 4: 0/1	
Map 1: 16(+7)/50	Map 10: 1/1	Map 11: 1/1	Map 5: 1/1	Map 6: 29(+4)/35	Map 7: 1/1	Map 8: 0(+4)/39	Map 9: 1/1	Reducer 3: 0/14	Reducer 4: 0/1	
Map 1: 16(+8)/50	Map 10: 1/1	Map 11: 1/1	Map 5: 1/1	Map 6: 29(+4)/35	Map 7: 1/1	Map 8: 0(+4)/39	Map 9: 1/1	Reducer 3: 0/14	Reducer 4: 0/1	
Map 1: 16(+8)/50	Map 10: 1/1	Map 11: 1/1	Map 5: 1/1	Map 6: 30(+3)/35	Map 7: 1/1	Map 8: 0(+4)/39	Map 9: 1/1	Reducer 3: 0/14	Reducer 4: 0/1	
Map 1: 16(+9)/50	Map 10: 1/1	Map 11: 1/1	Map 5: 1/1	Map 6: 30(+3)/35	Map 7: 1/1	Map 8: 0(+4)/39	Map 9: 1/1	Reducer 3: 0/14	Reducer 4: 0/1	
Map 1: 17(+8)/50	Map 10: 1/1	Map 11: 1/1	Map 5: 1/1	Map 6: 30(+3)/35	Map 7: 1/1	Map 8: 0(+4)/39	Map 9: 1/1	Reducer 3: 0/14	Reducer 4: 0/1	
Map 1: 18(+7)/50	Map 10: 1/1	Map 11: 1/1	Map 5: 1/1	Map 6: 30(+3)/35	Map 7: 1/1	Map 8: 0(+4)/39	Map 9: 1/1	Reducer 3: 0/14	Reducer 4: 0/1	
Map 1: 18(+8)/50	Map 10: 1/1	Map 11: 1/1	Map 5: 1/1	Map 6: 30(+3)/35	Map 7: 1/1	Map 8: 0(+4)/39	Map 9: 1/1	Reducer 3: 0/14	Reducer 4: 0/1	
Map 1: 18(+9)/50	Map 10: 1/1	Map 11: 1/1	Map 5: 1/1	Map 6: 30(+3)/35	Map 7: 1/1	Map 8: 0(+4)/39	Map 9: 1/1	Reducer 3: 0/14	Reducer 4: 0/1	
Map 1: 19(+8)/50	Map 10: 1/1	Map 11: 1/1	Map 5: 1/1	Map 6: 30(+3)/35	Map 7: 1/1	Map 8: 0(+4)/39	Map 9: 1/1	Reducer 3: 0/14	Reducer 4: 0/1	
Map 1: 20(+7)/50	Map 10: 1/1	Map 11: 1/1	Map 5: 1/1	Map 6: 30(+3)/35	Map 7: 1/1	Map 8: 0(+4)/39	Map 9: 1/1	Reducer 3: 0/14	Reducer 4: 0/1	
Map 1: 20(+8)/50	Map 10: 1/1	Map 11: 1/1	Map 5: 1/1	Map 6: 30(+3)/35	Map 7: 1/1	Map 8: 0(+4)/39	Map 9: 1/1	Reducer 3: 0/14	Reducer 4: 0/1	
Map 1: 20(+9)/50	Map 10: 1/1	Map 11: 1/1	Map 5: 1/1	Map 6: 30(+3)/35	Map 7: 1/1	Map 8: 0(+4)/39	Map 9: 1/1	Reducer 3: 0/14	Reducer 4: 0/1	
Map 1: 21(+8)/50	Map 10: 1/1	Map 11: 1/1	Map 5: 1/1	Map 6: 30(+3)/35	Map 7: 1/1	Map 8: 0(+4)/39	Map 9: 1/1	Reducer 3: 0/14	Reducer 4: 0/1	
Map 1: 22(+7)/50	Map 10: 1/1	Map 11: 1/1	Map 5: 1/1	Map 6: 30(+3)/35	Map 7: 1/1	Map 8: 0(+4)/39	Map 9: 1/1	Reducer 3: 0/14	Reducer 4: 0/1	
Map 1: 22(+7)/50	Map 10: 1/1	Map 11: 1/1	Map 5: 1/1	Map 6: 31(+2)/35	Map 7: 1/1	Map 8: 0(+4)/39	Map 9: 1/1	Reducer 3: 0/14	Reducer 4: 0/1	
Map 1: 22(+8)/50	Map 10: 1/1	Map 11: 1/1	Map 5: 1/1	Map 6: 32(+1)/35	Map 7: 1/1	Map 8: 0(+4)/39	Map 9: 1/1	Reducer 3: 0/14	Reducer 4: 0/1	
Map 1: 23(+7)/50	Map 10: 1/1	Map 11: 1/1	Map 5: 1/1	Map 6: 32(+1)/35	Map 7: 1/1	Map 8: 0(+4)/39	Map 9: 1/1	Reducer 3: 0/14	Reducer 4: 0/1	
Map 1: 23(+8)/50	Map 10: 1/1	Map 11: 1/1	Map 5: 1/1	Map 6: 32(+1)/35	Map 7: 1/1	Map 8: 0(+4)/39	Map 9: 1/1	Reducer 3: 0/14	Reducer 4: 0/1	
Map 1: 24(+7)/50	Map 10: 1/1	Map 11: 1/1	Map 5: 1/1	Map 6: 32(+1)/35	Map 7: 1/1	Map 8: 0(+4)/39	Map 9: 1/1	Reducer 3: 0/14	Reducer 4: 0/1	
Map 1: 24(+8)/50	Map 10: 1/1	Map 11: 1/1	Map 5: 1/1	Map 6: 32(+1)/35	Map 7: 1/1	Map 8: 0(+4)/39	Map 9: 1/1	Reducer 3: 0/14	Reducer 4: 0/1	
Map 1: 24(+8)/50	Map 10: 1/1	Map 11: 1/1	Map 5: 1/1	Map 6: 32(+1)/35	Map 7: 1/1	Map 8: 0(+5)/39	Map 9: 1/1	Reducer 3: 0/14	Reducer 4: 0/1	
Map 1: 24(+9)/50	Map 10: 1/1	Map 11: 1/1	Map 5: 1/1	Map 6: 32(+1)/35	Map 7: 1/1	Map 8: 0(+5)/39	Map 9: 1/1	Reducer 3: 0/14	Reducer 4: 0/1	
Map 1: 24(+10)/50	Map 10: 1/1	Map 11: 1/1	Map 5: 1/1	Map 6: 32(+1)/35	Map 7: 1/1	Map 8: 0(+5)/39	Map 9: 1/1	Reducer 3: 0/14	Reducer 4: 0/1	
Map 1: 25(+9)/50	Map 10: 1/1	Map 11: 1/1	Map 5: 1/1	Map 6: 32(+1)/35	Map 7: 1/1	Map 8: 0(+5)/39	Map 9: 1/1	Reducer 3: 0/14	Reducer 4: 0/1	
Map 1: 25(+9)/50	Map 10: 1/1	Map 11: 1/1	Map 5: 1/1	Map 6: 32(+1)/35	Map 7: 1/1	Map 8: 0(+6)/39	Map 9: 1/1	Reducer 3: 0/14	Reducer 4: 0/1	
Map 1: 26(+8)/50	Map 10: 1/1	Map 11: 1/1	Map 5: 1/1	Map 6: 32(+1)/35	Map 7: 1/1	Map 8: 0(+6)/39	Map 9: 1/1	Reducer 3: 0/14	Reducer 4: 0/1	
Map 1: 27(+7)/50	Map 10: 1/1	Map 11: 1/1	Map 5: 1/1	Map 6: 32(+1)/35	Map 7: 1/1	Map 8: 0(+6)/39	Map 9: 1/1	Reducer 3: 0/14	Reducer 4: 0/1	
Map 1: 27(+8)/50	Map 10: 1/1	Map 11: 1/1	Map 5: 1/1	Map 6: 32(+1)/35	Map 7: 1/1	Map 8: 0(+6)/39	Map 9: 1/1	Reducer 3: 0/14	Reducer 4: 0/1	
Map 1: 27(+8)/50	Map 10: 1/1	Map 11: 1/1	Map 5: 1/1	Map 6: 32(+1)/35	Map 7: 1/1	Map 8: 0(+7)/39	Map 9: 1/1	Reducer 3: 0/14	Reducer 4: 0/1	
Map 1: 28(+7)/50	Map 10: 1/1	Map 11: 1/1	Map 5: 1/1	Map 6: 32(+1)/35	Map 7: 1/1	Map 8: 0(+7)/39	Map 9: 1/1	Reducer 3: 0/14	Reducer 4: 0/1	
Map 1: 28(+8)/50	Map 10: 1/1	Map 11: 1/1	Map 5: 1/1	Map 6: 32(+1)/35	Map 7: 1/1	Map 8: 0(+7)/39	Map 9: 1/1	Reducer 3: 0/14	Reducer 4: 0/1	
Map 1: 28(+8)/50	Map 10: 1/1	Map 11: 1/1	Map 5: 1/1	Map 6: 32(+1)/35	Map 7: 1/1	Map 8: 1(+6)/39	Map 9: 1/1	Reducer 3: 0/14	Reducer 4: 0/1	
Map 1: 29(+7)/50	Map 10: 1/1	Map 11: 1/1	Map 5: 1/1	Map 6: 33(+0)/35	Map 7: 1/1	Map 8: 1(+6)/39	Map 9: 1/1	Reducer 3: 0/14	Reducer 4: 0/1	
Map 1: 30(+6)/50	Map 10: 1/1	Map 11: 1/1	Map 5: 1/1	Map 6: 33(+0)/35	Map 7: 1/1	Map 8: 1(+6)/39	Map 9: 1/1	Reducer 3: 0/14	Reducer 4: 0/1	
Map 1: 31(+5)/50	Map 10: 1/1	Map 11: 1/1	Map 5: 1/1	Map 6: 33(+0)/35	Map 7: 1/1	Map 8: 1(+6)/39	Map 9: 1/1	Reducer 3: 0/14	Reducer 4: 0/1	
Map 1: 32(+4)/50	Map 10: 1/1	Map 11: 1/1	Map 5: 1/1	Map 6: 33(+0)/35	Map 7: 1/1	Map 8: 1(+7)/39	Map 9: 1/1	Reducer 3: 0/14	Reducer 4: 0/1	
Map 1: 32(+5)/50	Map 10: 1/1	Map 11: 1/1	Map 5: 1/1	Map 6: 33(+0)/35	Map 7: 1/1	Map 8: 1(+7)/39	Map 9: 1/1	Reducer 3: 0/14	Reducer 4: 0/1	
Map 1: 32(+6)/50	Map 10: 1/1	Map 11: 1/1	Map 5: 1/1	Map 6: 33(+0)/35	Map 7: 1/1	Map 8: 1(+8)/39	Map 9: 1/1	Reducer 3: 0/14	Reducer 4: 0/1	
Map 1: 32(+7)/50	Map 10: 1/1	Map 11: 1/1	Map 5: 1/1	Map 6: 33(+0)/35	Map 7: 1/1	Map 8: 1(+8)/39	Map 9: 1/1	Reducer 3: 0/14	Reducer 4: 0/1	
Map 1: 33(+6)/50	Map 10: 1/1	Map 11: 1/1	Map 5: 1/1	Map 6: 33(+0)/35	Map 7: 1/1	Map 8: 1(+8)/39	Map 9: 1/1	Reducer 3: 0/14	Reducer 4: 0/1	
Map 1: 33(+6)/50	Map 10: 1/1	Map 11: 1/1	Map 5: 1/1	Map 6: 33(+0)/35	Map 7: 1/1	Map 8: 2(+7)/39	Map 9: 1/1	Reducer 3: 0/14	Reducer 4: 0/1	
Map 1: 33(+7)/50	Map 10: 1/1	Map 11: 1/1	Map 5: 1/1	Map 6: 33(+0)/35	Map 7: 1/1	Map 8: 2(+7)/39	Map 9: 1/1	Reducer 3: 0/14	Reducer 4: 0/1	
Map 1: 34(+6)/50	Map 10: 1/1	Map 11: 1/1	Map 5: 1/1	Map 6: 33(+0)/35	Map 7: 1/1	Map 8: 2(+7)/39	Map 9: 1/1	Reducer 3: 0/14	Reducer 4: 0/1	
Map 1: 34(+7)/50	Map 10: 1/1	Map 11: 1/1	Map 5: 1/1	Map 6: 33(+0)/35	Map 7: 1/1	Map 8: 2(+7)/39	Map 9: 1/1	Reducer 3: 0/14	Reducer 4: 0/1	
Map 1: 34(+7)/50	Map 10: 1/1	Map 11: 1/1	Map 5: 1/1	Map 6: 33(+0)/35	Map 7: 1/1	Map 8: 2(+8)/39	Map 9: 1/1	Reducer 3: 0/14	Reducer 4: 0/1	
Map 1: 34(+8)/50	Map 10: 1/1	Map 11: 1/1	Map 5: 1/1	Map 6: 33(+0)/35	Map 7: 1/1	Map 8: 2(+8)/39	Map 9: 1/1	Reducer 3: 0/14	Reducer 4: 0/1	
Map 1: 35(+7)/50	Map 10: 1/1	Map 11: 1/1	Map 5: 1/1	Map 6: 33(+0)/35	Map 7: 1/1	Map 8: 2(+8)/39	Map 9: 1/1	Reducer 3: 0/14	Reducer 4: 0/1	
Map 1: 36(+6)/50	Map 10: 1/1	Map 11: 1/1	Map 5: 1/1	Map 6: 33(+0)/35	Map 7: 1/1	Map 8: 2(+8)/39	Map 9: 1/1	Reducer 3: 0/14	Reducer 4: 0/1	
Map 1: 36(+7)/50	Map 10: 1/1	Map 11: 1/1	Map 5: 1/1	Map 6: 33(+0)/35	Map 7: 1/1	Map 8: 2(+8)/39	Map 9: 1/1	Reducer 3: 0/14	Reducer 4: 0/1	
Map 1: 36(+8)/50	Map 10: 1/1	Map 11: 1/1	Map 5: 1/1	Map 6: 33(+0)/35	Map 7: 1/1	Map 8: 2(+8)/39	Map 9: 1/1	Reducer 3: 0/14	Reducer 4: 0/1	
Map 1: 37(+7)/50	Map 10: 1/1	Map 11: 1/1	Map 5: 1/1	Map 6: 33(+0)/35	Map 7: 1/1	Map 8: 2(+8)/39	Map 9: 1/1	Reducer 3: 0/14	Reducer 4: 0/1	
Map 1: 38(+6)/50	Map 10: 1/1	Map 11: 1/1	Map 5: 1/1	Map 6: 33(+0)/35	Map 7: 1/1	Map 8: 2(+8)/39	Map 9: 1/1	Reducer 3: 0/14	Reducer 4: 0/1	
Map 1: 38(+7)/50	Map 10: 1/1	Map 11: 1/1	Map 5: 1/1	Map 6: 33(+0)/35	Map 7: 1/1	Map 8: 2(+8)/39	Map 9: 1/1	Reducer 3: 0/14	Reducer 4: 0/1	
Map 1: 38(+8)/50	Map 10: 1/1	Map 11: 1/1	Map 5: 1/1	Map 6: 33(+0)/35	Map 7: 1/1	Map 8: 2(+8)/39	Map 9: 1/1	Reducer 3: 0/14	Reducer 4: 0/1	
Map 1: 39(+7)/50	Map 10: 1/1	Map 11: 1/1	Map 5: 1/1	Map 6: 33(+0)/35	Map 7: 1/1	Map 8: 2(+8)/39	Map 9: 1/1	Reducer 3: 0/14	Reducer 4: 0/1	
Map 1: 40(+6)/50	Map 10: 1/1	Map 11: 1/1	Map 5: 1/1	Map 6: 33(+0)/35	Map 7: 1/1	Map 8: 2(+8)/39	Map 9: 1/1	Reducer 3: 0/14	Reducer 4: 0/1	
Map 1: 40(+7)/50	Map 10: 1/1	Map 11: 1/1	Map 5: 1/1	Map 6: 33(+0)/35	Map 7: 1/1	Map 8: 2(+8)/39	Map 9: 1/1	Reducer 3: 0/14	Reducer 4: 0/1	
Map 1: 40(+7)/50	Map 10: 1/1	Map 11: 1/1	Map 5: 1/1	Map 6: 33(+0)/35	Map 7: 1/1	Map 8: 3(+7)/39	Map 9: 1/1	Reducer 3: 0/14	Reducer 4: 0/1	
Map 1: 40(+8)/50	Map 10: 1/1	Map 11: 1/1	Map 5: 1/1	Map 6: 33(+0)/35	Map 7: 1/1	Map 8: 3(+7)/39	Map 9: 1/1	Reducer 3: 0/14	Reducer 4: 0/1	
Map 1: 41(+7)/50	Map 10: 1/1	Map 11: 1/1	Map 5: 1/1	Map 6: 33(+0)/35	Map 7: 1/1	Map 8: 3(+7)/39	Map 9: 1/1	Reducer 3: 0/14	Reducer 4: 0/1	
Map 1: 41(+7)/50	Map 10: 1/1	Map 11: 1/1	Map 5: 1/1	Map 6: 33(+0)/35	Map 7: 1/1	Map 8: 4(+6)/39	Map 9: 1/1	Reducer 3: 0/14	Reducer 4: 0/1	
Map 1: 41(+7)/50	Map 10: 1/1	Map 11: 1/1	Map 5: 1/1	Map 6: 33(+1)/35	Map 7: 1/1	Map 8: 4(+6)/39	Map 9: 1/1	Reducer 3: 0/14	Reducer 4: 0/1	
Map 1: 42(+6)/50	Map 10: 1/1	Map 11: 1/1	Map 5: 1/1	Map 6: 33(+1)/35	Map 7: 1/1	Map 8: 4(+6)/39	Map 9: 1/1	Reducer 3: 0/14	Reducer 4: 0/1	
Map 1: 42(+6)/50	Map 10: 1/1	Map 11: 1/1	Map 5: 1/1	Map 6: 33(+1)/35	Map 7: 1/1	Map 8: 4(+7)/39	Map 9: 1/1	Reducer 3: 0/14	Reducer 4: 0/1	
Map 1: 42(+6)/50	Map 10: 1/1	Map 11: 1/1	Map 5: 1/1	Map 6: 33(+2)/35	Map 7: 1/1	Map 8: 4(+7)/39	Map 9: 1/1	Reducer 3: 0/14	Reducer 4: 0/1	
Map 1: 43(+6)/50	Map 10: 1/1	Map 11: 1/1	Map 5: 1/1	Map 6: 33(+2)/35	Map 7: 1/1	Map 8: 4(+7)/39	Map 9: 1/1	Reducer 3: 0/14	Reducer 4: 0/1	
Map 1: 44(+5)/50	Map 10: 1/1	Map 11: 1/1	Map 5: 1/1	Map 6: 33(+2)/35	Map 7: 1/1	Map 8: 4(+7)/39	Map 9: 1/1	Reducer 3: 0/14	Reducer 4: 0/1	
Map 1: 44(+6)/50	Map 10: 1/1	Map 11: 1/1	Map 5: 1/1	Map 6: 33(+2)/35	Map 7: 1/1	Map 8: 4(+7)/39	Map 9: 1/1	Reducer 3: 0/14	Reducer 4: 0/1	
Map 1: 44(+6)/50	Map 10: 1/1	Map 11: 1/1	Map 5: 1/1	Map 6: 33(+2)/35	Map 7: 1/1	Map 8: 4(+8)/39	Map 9: 1/1	Reducer 3: 0/14	Reducer 4: 0/1	
Map 1: 45(+5)/50	Map 10: 1/1	Map 11: 1/1	Map 5: 1/1	Map 6: 33(+2)/35	Map 7: 1/1	Map 8: 4(+8)/39	Map 9: 1/1	Reducer 3: 0/14	Reducer 4: 0/1	
Map 1: 46(+4)/50	Map 10: 1/1	Map 11: 1/1	Map 5: 1/1	Map 6: 33(+2)/35	Map 7: 1/1	Map 8: 4(+8)/39	Map 9: 1/1	Reducer 3: 0/14	Reducer 4: 0/1	
Map 1: 46(+4)/50	Map 10: 1/1	Map 11: 1/1	Map 5: 1/1	Map 6: 33(+2)/35	Map 7: 1/1	Map 8: 4(+9)/39	Map 9: 1/1	Reducer 3: 0/14	Reducer 4: 0/1	
Map 1: 46(+4)/50	Map 10: 1/1	Map 11: 1/1	Map 5: 1/1	Map 6: 33(+2)/35	Map 7: 1/1	Map 8: 4(+10)/39	Map 9: 1/1	Reducer 3: 0/14	Reducer 4: 0/1	
Map 1: 46(+4)/50	Map 10: 1/1	Map 11: 1/1	Map 5: 1/1	Map 6: 33(+2)/35	Map 7: 1/1	Map 8: 5(+9)/39	Map 9: 1/1	Reducer 3: 0/14	Reducer 4: 0/1	
Map 1: 46(+4)/50	Map 10: 1/1	Map 11: 1/1	Map 5: 1/1	Map 6: 33(+2)/35	Map 7: 1/1	Map 8: 5(+10)/39	Map 9: 1/1	Reducer 3: 0/14	Reducer 4: 0/1	
Map 1: 47(+3)/50	Map 10: 1/1	Map 11: 1/1	Map 5: 1/1	Map 6: 33(+2)/35	Map 7: 1/1	Map 8: 5(+10)/39	Map 9: 1/1	Reducer 3: 0/14	Reducer 4: 0/1	
Map 1: 48(+2)/50	Map 10: 1/1	Map 11: 1/1	Map 5: 1/1	Map 6: 33(+2)/35	Map 7: 1/1	Map 8: 5(+10)/39	Map 9: 1/1	Reducer 3: 0/14	Reducer 4: 0/1	
Map 1: 48(+2)/50	Map 10: 1/1	Map 11: 1/1	Map 5: 1/1	Map 6: 33(+2)/35	Map 7: 1/1	Map 8: 6(+10)/39	Map 9: 1/1	Reducer 3: 0/14	Reducer 4: 0/1	
Map 1: 48(+2)/50	Map 10: 1/1	Map 11: 1/1	Map 5: 1/1	Map 6: 33(+2)/35	Map 7: 1/1	Map 8: 6(+11)/39	Map 9: 1/1	Reducer 3: 0/14	Reducer 4: 0/1	
Map 1: 49(+1)/50	Map 10: 1/1	Map 11: 1/1	Map 5: 1/1	Map 6: 33(+2)/35	Map 7: 1/1	Map 8: 6(+11)/39	Map 9: 1/1	Reducer 3: 0/14	Reducer 4: 0/1	
Map 1: 49(+1)/50	Map 10: 1/1	Map 11: 1/1	Map 5: 1/1	Map 6: 33(+2)/35	Map 7: 1/1	Map 8: 6(+12)/39	Map 9: 1/1	Reducer 3: 0/14	Reducer 4: 0/1	
Map 1: 49(+1)/50	Map 10: 1/1	Map 11: 1/1	Map 5: 1/1	Map 6: 33(+2)/35	Map 7: 1/1	Map 8: 6(+13)/39	Map 9: 1/1	Reducer 3: 0/14	Reducer 4: 0/1	
Map 1: 50/50	Map 10: 1/1	Map 11: 1/1	Map 5: 1/1	Map 6: 33(+2)/35	Map 7: 1/1	Map 8: 6(+13)/39	Map 9: 1/1	Reducer 3: 0/14	Reducer 4: 0/1	
Map 1: 50/50	Map 10: 1/1	Map 11: 1/1	Map 5: 1/1	Map 6: 34(+1)/35	Map 7: 1/1	Map 8: 6(+13)/39	Map 9: 1/1	Reducer 3: 0/14	Reducer 4: 0/1	
Map 1: 50/50	Map 10: 1/1	Map 11: 1/1	Map 5: 1/1	Map 6: 34(+1)/35	Map 7: 1/1	Map 8: 6(+14)/39	Map 9: 1/1	Reducer 3: 0/14	Reducer 4: 0/1	
Map 1: 50/50	Map 10: 1/1	Map 11: 1/1	Map 5: 1/1	Map 6: 34(+1)/35	Map 7: 1/1	Map 8: 6(+15)/39	Map 9: 1/1	Reducer 3: 0/14	Reducer 4: 0/1	
Map 1: 50/50	Map 10: 1/1	Map 11: 1/1	Map 5: 1/1	Map 6: 34(+1)/35	Map 7: 1/1	Map 8: 6(+15)/39	Map 9: 1/1	Reducer 3: 0/14	Reducer 4: 0/1	
Map 1: 50/50	Map 10: 1/1	Map 11: 1/1	Map 5: 1/1	Map 6: 34(+1)/35	Map 7: 1/1	Map 8: 7(+14)/39	Map 9: 1/1	Reducer 3: 0/14	Reducer 4: 0/1	
Map 1: 50/50	Map 10: 1/1	Map 11: 1/1	Map 5: 1/1	Map 6: 34(+1)/35	Map 7: 1/1	Map 8: 7(+15)/39	Map 9: 1/1	Reducer 3: 0/14	Reducer 4: 0/1	
Map 1: 50/50	Map 10: 1/1	Map 11: 1/1	Map 5: 1/1	Map 6: 34(+1)/35	Map 7: 1/1	Map 8: 7(+15)/39	Map 9: 1/1	Reducer 3: 0/14	Reducer 4: 0/1	
Map 1: 50/50	Map 10: 1/1	Map 11: 1/1	Map 5: 1/1	Map 6: 34(+1)/35	Map 7: 1/1	Map 8: 8(+14)/39	Map 9: 1/1	Reducer 3: 0/14	Reducer 4: 0/1	
Map 1: 50/50	Map 10: 1/1	Map 11: 1/1	Map 5: 1/1	Map 6: 34(+1)/35	Map 7: 1/1	Map 8: 8(+15)/39	Map 9: 1/1	Reducer 3: 0/14	Reducer 4: 0/1	
Map 1: 50/50	Map 10: 1/1	Map 11: 1/1	Map 5: 1/1	Map 6: 34(+1)/35	Map 7: 1/1	Map 8: 9(+14)/39	Map 9: 1/1	Reducer 3: 0/14	Reducer 4: 0/1	
Map 1: 50/50	Map 10: 1/1	Map 11: 1/1	Map 5: 1/1	Map 6: 34(+1)/35	Map 7: 1/1	Map 8: 9(+15)/39	Map 9: 1/1	Reducer 3: 0/14	Reducer 4: 0/1	
Map 1: 50/50	Map 10: 1/1	Map 11: 1/1	Map 5: 1/1	Map 6: 34(+1)/35	Map 7: 1/1	Map 8: 9(+15)/39	Map 9: 1/1	Reducer 3: 0/14	Reducer 4: 0/1	
Map 1: 50/50	Map 10: 1/1	Map 11: 1/1	Map 5: 1/1	Map 6: 35/35	Map 7: 1/1	Map 8: 9(+15)/39	Map 9: 1/1	Reducer 3: 0/14	Reducer 4: 0/1	
Map 1: 50/50	Map 10: 1/1	Map 11: 1/1	Map 5: 1/1	Map 6: 35/35	Map 7: 1/1	Map 8: 9(+16)/39	Map 9: 1/1	Reducer 3: 0/14	Reducer 4: 0/1	
Map 1: 50/50	Map 10: 1/1	Map 11: 1/1	Map 5: 1/1	Map 6: 35/35	Map 7: 1/1	Map 8: 10(+15)/39	Map 9: 1/1	Reducer 3: 0/14	Reducer 4: 0/1	
Map 1: 50/50	Map 10: 1/1	Map 11: 1/1	Map 5: 1/1	Map 6: 35/35	Map 7: 1/1	Map 8: 10(+16)/39	Map 9: 1/1	Reducer 3: 0/14	Reducer 4: 0/1	
Map 1: 50/50	Map 10: 1/1	Map 11: 1/1	Map 5: 1/1	Map 6: 35/35	Map 7: 1/1	Map 8: 10(+16)/39	Map 9: 1/1	Reducer 3: 0/14	Reducer 4: 0/1	
Map 1: 50/50	Map 10: 1/1	Map 11: 1/1	Map 5: 1/1	Map 6: 35/35	Map 7: 1/1	Map 8: 10(+16)/39	Map 9: 1/1	Reducer 3: 0/14	Reducer 4: 0/1	
Map 1: 50/50	Map 10: 1/1	Map 11: 1/1	Map 5: 1/1	Map 6: 35/35	Map 7: 1/1	Map 8: 10(+16)/39	Map 9: 1/1	Reducer 3: 0/14	Reducer 4: 0/1	
Map 1: 50/50	Map 10: 1/1	Map 11: 1/1	Map 5: 1/1	Map 6: 35/35	Map 7: 1/1	Map 8: 10(+16)/39	Map 9: 1/1	Reducer 3: 0/14	Reducer 4: 0/1	
Map 1: 50/50	Map 10: 1/1	Map 11: 1/1	Map 5: 1/1	Map 6: 35/35	Map 7: 1/1	Map 8: 11(+15)/39	Map 9: 1/1	Reducer 3: 0/14	Reducer 4: 0/1	
Map 1: 50/50	Map 10: 1/1	Map 11: 1/1	Map 5: 1/1	Map 6: 35/35	Map 7: 1/1	Map 8: 11(+16)/39	Map 9: 1/1	Reducer 3: 0/14	Reducer 4: 0/1	
Map 1: 50/50	Map 10: 1/1	Map 11: 1/1	Map 5: 1/1	Map 6: 35/35	Map 7: 1/1	Map 8: 11(+16)/39	Map 9: 1/1	Reducer 3: 0/14	Reducer 4: 0/1	
Map 1: 50/50	Map 10: 1/1	Map 11: 1/1	Map 5: 1/1	Map 6: 35/35	Map 7: 1/1	Map 8: 12(+15)/39	Map 9: 1/1	Reducer 3: 0/14	Reducer 4: 0/1	
Map 1: 50/50	Map 10: 1/1	Map 11: 1/1	Map 5: 1/1	Map 6: 35/35	Map 7: 1/1	Map 8: 12(+16)/39	Map 9: 1/1	Reducer 3: 0/14	Reducer 4: 0/1	
Map 1: 50/50	Map 10: 1/1	Map 11: 1/1	Map 5: 1/1	Map 6: 35/35	Map 7: 1/1	Map 8: 13(+15)/39	Map 9: 1/1	Reducer 3: 0/14	Reducer 4: 0/1	
Map 1: 50/50	Map 10: 1/1	Map 11: 1/1	Map 5: 1/1	Map 6: 35/35	Map 7: 1/1	Map 8: 13(+16)/39	Map 9: 1/1	Reducer 3: 0/14	Reducer 4: 0/1	
Map 1: 50/50	Map 10: 1/1	Map 11: 1/1	Map 5: 1/1	Map 6: 35/35	Map 7: 1/1	Map 8: 13(+16)/39	Map 9: 1/1	Reducer 3: 0/14	Reducer 4: 0/1	
Map 1: 50/50	Map 10: 1/1	Map 11: 1/1	Map 5: 1/1	Map 6: 35/35	Map 7: 1/1	Map 8: 14(+15)/39	Map 9: 1/1	Reducer 3: 0/14	Reducer 4: 0/1	
Map 1: 50/50	Map 10: 1/1	Map 11: 1/1	Map 5: 1/1	Map 6: 35/35	Map 7: 1/1	Map 8: 14(+16)/39	Map 9: 1/1	Reducer 3: 0/14	Reducer 4: 0/1	
Map 1: 50/50	Map 10: 1/1	Map 11: 1/1	Map 5: 1/1	Map 6: 35/35	Map 7: 1/1	Map 8: 14(+16)/39	Map 9: 1/1	Reducer 3: 0/14	Reducer 4: 0/1	
Map 1: 50/50	Map 10: 1/1	Map 11: 1/1	Map 5: 1/1	Map 6: 35/35	Map 7: 1/1	Map 8: 15(+15)/39	Map 9: 1/1	Reducer 3: 0/14	Reducer 4: 0/1	
Map 1: 50/50	Map 10: 1/1	Map 11: 1/1	Map 5: 1/1	Map 6: 35/35	Map 7: 1/1	Map 8: 15(+16)/39	Map 9: 1/1	Reducer 3: 0/14	Reducer 4: 0/1	
Map 1: 50/50	Map 10: 1/1	Map 11: 1/1	Map 5: 1/1	Map 6: 35/35	Map 7: 1/1	Map 8: 15(+16)/39	Map 9: 1/1	Reducer 3: 0/14	Reducer 4: 0/1	
Map 1: 50/50	Map 10: 1/1	Map 11: 1/1	Map 5: 1/1	Map 6: 35/35	Map 7: 1/1	Map 8: 16(+15)/39	Map 9: 1/1	Reducer 3: 0/14	Reducer 4: 0/1	
Map 1: 50/50	Map 10: 1/1	Map 11: 1/1	Map 5: 1/1	Map 6: 35/35	Map 7: 1/1	Map 8: 17(+14)/39	Map 9: 1/1	Reducer 3: 0/14	Reducer 4: 0/1	
Map 1: 50/50	Map 10: 1/1	Map 11: 1/1	Map 5: 1/1	Map 6: 35/35	Map 7: 1/1	Map 8: 17(+15)/39	Map 9: 1/1	Reducer 3: 0/14	Reducer 4: 0/1	
Map 1: 50/50	Map 10: 1/1	Map 11: 1/1	Map 5: 1/1	Map 6: 35/35	Map 7: 1/1	Map 8: 17(+16)/39	Map 9: 1/1	Reducer 3: 0/14	Reducer 4: 0/1	
Map 1: 50/50	Map 10: 1/1	Map 11: 1/1	Map 5: 1/1	Map 6: 35/35	Map 7: 1/1	Map 8: 17(+16)/39	Map 9: 1/1	Reducer 3: 0/14	Reducer 4: 0/1	
Map 1: 50/50	Map 10: 1/1	Map 11: 1/1	Map 5: 1/1	Map 6: 35/35	Map 7: 1/1	Map 8: 18(+15)/39	Map 9: 1/1	Reducer 3: 0/14	Reducer 4: 0/1	
Map 1: 50/50	Map 10: 1/1	Map 11: 1/1	Map 5: 1/1	Map 6: 35/35	Map 7: 1/1	Map 8: 19(+14)/39	Map 9: 1/1	Reducer 3: 0/14	Reducer 4: 0/1	
Map 1: 50/50	Map 10: 1/1	Map 11: 1/1	Map 5: 1/1	Map 6: 35/35	Map 7: 1/1	Map 8: 19(+15)/39	Map 9: 1/1	Reducer 3: 0/14	Reducer 4: 0/1	
Map 1: 50/50	Map 10: 1/1	Map 11: 1/1	Map 5: 1/1	Map 6: 35/35	Map 7: 1/1	Map 8: 20(+14)/39	Map 9: 1/1	Reducer 3: 0/14	Reducer 4: 0/1	
Map 1: 50/50	Map 10: 1/1	Map 11: 1/1	Map 5: 1/1	Map 6: 35/35	Map 7: 1/1	Map 8: 20(+15)/39	Map 9: 1/1	Reducer 3: 0/14	Reducer 4: 0/1	
Map 1: 50/50	Map 10: 1/1	Map 11: 1/1	Map 5: 1/1	Map 6: 35/35	Map 7: 1/1	Map 8: 20(+16)/39	Map 9: 1/1	Reducer 3: 0/14	Reducer 4: 0/1	
Map 1: 50/50	Map 10: 1/1	Map 11: 1/1	Map 5: 1/1	Map 6: 35/35	Map 7: 1/1	Map 8: 21(+15)/39	Map 9: 1/1	Reducer 3: 0/14	Reducer 4: 0/1	
Map 1: 50/50	Map 10: 1/1	Map 11: 1/1	Map 5: 1/1	Map 6: 35/35	Map 7: 1/1	Map 8: 21(+16)/39	Map 9: 1/1	Reducer 3: 0/14	Reducer 4: 0/1	
Map 1: 50/50	Map 10: 1/1	Map 11: 1/1	Map 5: 1/1	Map 6: 35/35	Map 7: 1/1	Map 8: 22(+15)/39	Map 9: 1/1	Reducer 3: 0/14	Reducer 4: 0/1	
Map 1: 50/50	Map 10: 1/1	Map 11: 1/1	Map 5: 1/1	Map 6: 35/35	Map 7: 1/1	Map 8: 22(+16)/39	Map 9: 1/1	Reducer 3: 0/14	Reducer 4: 0/1	
Map 1: 50/50	Map 10: 1/1	Map 11: 1/1	Map 5: 1/1	Map 6: 35/35	Map 7: 1/1	Map 8: 23(+15)/39	Map 9: 1/1	Reducer 3: 0/14	Reducer 4: 0/1	
Map 1: 50/50	Map 10: 1/1	Map 11: 1/1	Map 5: 1/1	Map 6: 35/35	Map 7: 1/1	Map 8: 24(+14)/39	Map 9: 1/1	Reducer 3: 0/14	Reducer 4: 0/1	
Map 1: 50/50	Map 10: 1/1	Map 11: 1/1	Map 5: 1/1	Map 6: 35/35	Map 7: 1/1	Map 8: 24(+15)/39	Map 9: 1/1	Reducer 3: 0/14	Reducer 4: 0/1	
Map 1: 50/50	Map 10: 1/1	Map 11: 1/1	Map 5: 1/1	Map 6: 35/35	Map 7: 1/1	Map 8: 24(+15)/39	Map 9: 1/1	Reducer 3: 0/14	Reducer 4: 0/1	
Map 1: 50/50	Map 10: 1/1	Map 11: 1/1	Map 5: 1/1	Map 6: 35/35	Map 7: 1/1	Map 8: 24(+15)/39	Map 9: 1/1	Reducer 3: 0/14	Reducer 4: 0/1	
Map 1: 50/50	Map 10: 1/1	Map 11: 1/1	Map 5: 1/1	Map 6: 35/35	Map 7: 1/1	Map 8: 24(+15)/39	Map 9: 1/1	Reducer 3: 0/14	Reducer 4: 0/1	
Map 1: 50/50	Map 10: 1/1	Map 11: 1/1	Map 5: 1/1	Map 6: 35/35	Map 7: 1/1	Map 8: 25(+14)/39	Map 9: 1/1	Reducer 3: 0/14	Reducer 4: 0/1	
Map 1: 50/50	Map 10: 1/1	Map 11: 1/1	Map 5: 1/1	Map 6: 35/35	Map 7: 1/1	Map 8: 25(+14)/39	Map 9: 1/1	Reducer 3: 0/14	Reducer 4: 0/1	
Map 1: 50/50	Map 10: 1/1	Map 11: 1/1	Map 5: 1/1	Map 6: 35/35	Map 7: 1/1	Map 8: 26(+13)/39	Map 9: 1/1	Reducer 3: 0/14	Reducer 4: 0/1	
Map 1: 50/50	Map 10: 1/1	Map 11: 1/1	Map 5: 1/1	Map 6: 35/35	Map 7: 1/1	Map 8: 26(+13)/39	Map 9: 1/1	Reducer 3: 0/14	Reducer 4: 0/1	
Map 1: 50/50	Map 10: 1/1	Map 11: 1/1	Map 5: 1/1	Map 6: 35/35	Map 7: 1/1	Map 8: 26(+13)/39	Map 9: 1/1	Reducer 3: 0/14	Reducer 4: 0/1	
Map 1: 50/50	Map 10: 1/1	Map 11: 1/1	Map 5: 1/1	Map 6: 35/35	Map 7: 1/1	Map 8: 26(+13)/39	Map 9: 1/1	Reducer 3: 0/14	Reducer 4: 0/1	
Map 1: 50/50	Map 10: 1/1	Map 11: 1/1	Map 5: 1/1	Map 6: 35/35	Map 7: 1/1	Map 8: 26(+13)/39	Map 9: 1/1	Reducer 3: 0/14	Reducer 4: 0/1	
Map 1: 50/50	Map 10: 1/1	Map 11: 1/1	Map 5: 1/1	Map 6: 35/35	Map 7: 1/1	Map 8: 26(+13)/39	Map 9: 1/1	Reducer 3: 0/14	Reducer 4: 0/1	
Map 1: 50/50	Map 10: 1/1	Map 11: 1/1	Map 5: 1/1	Map 6: 35/35	Map 7: 1/1	Map 8: 27(+12)/39	Map 9: 1/1	Reducer 3: 0/14	Reducer 4: 0/1	
Map 1: 50/50	Map 10: 1/1	Map 11: 1/1	Map 5: 1/1	Map 6: 35/35	Map 7: 1/1	Map 8: 27(+12)/39	Map 9: 1/1	Reducer 3: 0/14	Reducer 4: 0/1	
Map 1: 50/50	Map 10: 1/1	Map 11: 1/1	Map 5: 1/1	Map 6: 35/35	Map 7: 1/1	Map 8: 28(+11)/39	Map 9: 1/1	Reducer 3: 0/14	Reducer 4: 0/1	
Map 1: 50/50	Map 10: 1/1	Map 11: 1/1	Map 5: 1/1	Map 6: 35/35	Map 7: 1/1	Map 8: 29(+10)/39	Map 9: 1/1	Reducer 3: 0/14	Reducer 4: 0/1	
Map 1: 50/50	Map 10: 1/1	Map 11: 1/1	Map 5: 1/1	Map 6: 35/35	Map 7: 1/1	Map 8: 29(+10)/39	Map 9: 1/1	Reducer 3: 0/14	Reducer 4: 0/1	
Map 1: 50/50	Map 10: 1/1	Map 11: 1/1	Map 5: 1/1	Map 6: 35/35	Map 7: 1/1	Map 8: 30(+9)/39	Map 9: 1/1	Reducer 3: 0/14	Reducer 4: 0/1	
Map 1: 50/50	Map 10: 1/1	Map 11: 1/1	Map 5: 1/1	Map 6: 35/35	Map 7: 1/1	Map 8: 31(+8)/39	Map 9: 1/1	Reducer 3: 0/14	Reducer 4: 0/1	
Map 1: 50/50	Map 10: 1/1	Map 11: 1/1	Map 5: 1/1	Map 6: 35/35	Map 7: 1/1	Map 8: 32(+7)/39	Map 9: 1/1	Reducer 3: 0/14	Reducer 4: 0/1	
Map 1: 50/50	Map 10: 1/1	Map 11: 1/1	Map 5: 1/1	Map 6: 35/35	Map 7: 1/1	Map 8: 33(+6)/39	Map 9: 1/1	Reducer 3: 0/14	Reducer 4: 0/1	
Map 1: 50/50	Map 10: 1/1	Map 11: 1/1	Map 5: 1/1	Map 6: 35/35	Map 7: 1/1	Map 8: 34(+5)/39	Map 9: 1/1	Reducer 3: 0/14	Reducer 4: 0/1	
Map 1: 50/50	Map 10: 1/1	Map 11: 1/1	Map 5: 1/1	Map 6: 35/35	Map 7: 1/1	Map 8: 35(+4)/39	Map 9: 1/1	Reducer 3: 0/14	Reducer 4: 0/1	
Map 1: 50/50	Map 10: 1/1	Map 11: 1/1	Map 5: 1/1	Map 6: 35/35	Map 7: 1/1	Map 8: 35(+4)/39	Map 9: 1/1	Reducer 3: 0/14	Reducer 4: 0/1	
Map 1: 50/50	Map 10: 1/1	Map 11: 1/1	Map 5: 1/1	Map 6: 35/35	Map 7: 1/1	Map 8: 36(+3)/39	Map 9: 1/1	Reducer 3: 0/14	Reducer 4: 0/1	
Map 1: 50/50	Map 10: 1/1	Map 11: 1/1	Map 5: 1/1	Map 6: 35/35	Map 7: 1/1	Map 8: 37(+2)/39	Map 9: 1/1	Reducer 3: 0/14	Reducer 4: 0/1	
Map 1: 50/50	Map 10: 1/1	Map 11: 1/1	Map 5: 1/1	Map 6: 35/35	Map 7: 1/1	Map 8: 38(+1)/39	Map 9: 1/1	Reducer 3: 0/14	Reducer 4: 0/1	
Map 1: 50/50	Map 10: 1/1	Map 11: 1/1	Map 5: 1/1	Map 6: 35/35	Map 7: 1/1	Map 8: 38(+1)/39	Map 9: 1/1	Reducer 3: 0/14	Reducer 4: 0/1	
Map 1: 50/50	Map 10: 1/1	Map 11: 1/1	Map 5: 1/1	Map 6: 35/35	Map 7: 1/1	Map 8: 39/39	Map 9: 1/1	Reducer 3: 0/14	Reducer 4: 0/1	
Map 1: 50/50	Map 10: 1/1	Map 11: 1/1	Map 5: 1/1	Map 6: 35/35	Map 7: 1/1	Map 8: 39/39	Map 9: 1/1	Reducer 3: 0(+3)/14	Reducer 4: 0/1	
Map 1: 50/50	Map 10: 1/1	Map 11: 1/1	Map 5: 1/1	Map 6: 35/35	Map 7: 1/1	Map 8: 39/39	Map 9: 1/1	Reducer 3: 0(+4)/14	Reducer 4: 0/1	
Map 1: 50/50	Map 10: 1/1	Map 11: 1/1	Map 5: 1/1	Map 6: 35/35	Map 7: 1/1	Map 8: 39/39	Map 9: 1/1	Reducer 3: 0(+5)/14	Reducer 4: 0/1	
Map 1: 50/50	Map 10: 1/1	Map 11: 1/1	Map 5: 1/1	Map 6: 35/35	Map 7: 1/1	Map 8: 39/39	Map 9: 1/1	Reducer 3: 0(+7)/14	Reducer 4: 0/1	
Map 1: 50/50	Map 10: 1/1	Map 11: 1/1	Map 5: 1/1	Map 6: 35/35	Map 7: 1/1	Map 8: 39/39	Map 9: 1/1	Reducer 3: 2(+6)/14	Reducer 4: 0/1	
Map 1: 50/50	Map 10: 1/1	Map 11: 1/1	Map 5: 1/1	Map 6: 35/35	Map 7: 1/1	Map 8: 39/39	Map 9: 1/1	Reducer 3: 3(+5)/14	Reducer 4: 0/1	
Map 1: 50/50	Map 10: 1/1	Map 11: 1/1	Map 5: 1/1	Map 6: 35/35	Map 7: 1/1	Map 8: 39/39	Map 9: 1/1	Reducer 3: 4(+4)/14	Reducer 4: 0/1	
Map 1: 50/50	Map 10: 1/1	Map 11: 1/1	Map 5: 1/1	Map 6: 35/35	Map 7: 1/1	Map 8: 39/39	Map 9: 1/1	Reducer 3: 4(+6)/14	Reducer 4: 0/1	
Map 1: 50/50	Map 10: 1/1	Map 11: 1/1	Map 5: 1/1	Map 6: 35/35	Map 7: 1/1	Map 8: 39/39	Map 9: 1/1	Reducer 3: 4(+8)/14	Reducer 4: 0/1	
Map 1: 50/50	Map 10: 1/1	Map 11: 1/1	Map 5: 1/1	Map 6: 35/35	Map 7: 1/1	Map 8: 39/39	Map 9: 1/1	Reducer 3: 5(+7)/14	Reducer 4: 0/1	
Map 1: 50/50	Map 10: 1/1	Map 11: 1/1	Map 5: 1/1	Map 6: 35/35	Map 7: 1/1	Map 8: 39/39	Map 9: 1/1	Reducer 3: 7(+7)/14	Reducer 4: 0/1	
Map 1: 50/50	Map 10: 1/1	Map 11: 1/1	Map 5: 1/1	Map 6: 35/35	Map 7: 1/1	Map 8: 39/39	Map 9: 1/1	Reducer 3: 8(+6)/14	Reducer 4: 0/1	
Map 1: 50/50	Map 10: 1/1	Map 11: 1/1	Map 5: 1/1	Map 6: 35/35	Map 7: 1/1	Map 8: 39/39	Map 9: 1/1	Reducer 3: 9(+5)/14	Reducer 4: 0/1	
Map 1: 50/50	Map 10: 1/1	Map 11: 1/1	Map 5: 1/1	Map 6: 35/35	Map 7: 1/1	Map 8: 39/39	Map 9: 1/1	Reducer 3: 11(+3)/14	Reducer 4: 0/1	
Map 1: 50/50	Map 10: 1/1	Map 11: 1/1	Map 5: 1/1	Map 6: 35/35	Map 7: 1/1	Map 8: 39/39	Map 9: 1/1	Reducer 3: 12(+2)/14	Reducer 4: 0/1	
Map 1: 50/50	Map 10: 1/1	Map 11: 1/1	Map 5: 1/1	Map 6: 35/35	Map 7: 1/1	Map 8: 39/39	Map 9: 1/1	Reducer 3: 13(+1)/14	Reducer 4: 0/1	
Map 1: 50/50	Map 10: 1/1	Map 11: 1/1	Map 5: 1/1	Map 6: 35/35	Map 7: 1/1	Map 8: 39/39	Map 9: 1/1	Reducer 3: 14/14	Reducer 4: 0/1	
Map 1: 50/50	Map 10: 1/1	Map 11: 1/1	Map 5: 1/1	Map 6: 35/35	Map 7: 1/1	Map 8: 39/39	Map 9: 1/1	Reducer 3: 14/14	Reducer 4: 0(+1)/1	
Map 1: 50/50	Map 10: 1/1	Map 11: 1/1	Map 5: 1/1	Map 6: 35/35	Map 7: 1/1	Map 8: 39/39	Map 9: 1/1	Reducer 3: 14/14	Reducer 4: 1/1	
OK
Time taken: 395.831 seconds, Fetched: 36951 row(s)
19.96user 1.53system 6:55.55elapsed 5%CPU (0avgtext+0avgdata 713036maxresident)k
114336inputs+5376outputs (111major+89803minor)pagefaults 0swaps
