
Logging initialized using configuration in jar:file:/home/ubuntu/software/hive-1.2.1/lib/hive-common-1.2.1.jar!/hive-log4j.properties
Hive history file=/tmp/ubuntu/hive_job_log_b5ea0832-44ad-4759-a715-e91b33789bd2_813905975.txt
SLF4J: Class path contains multiple SLF4J bindings.
SLF4J: Found binding in [jar:file:/home/ubuntu/software/tez-0.7.1-SNAPSHOT-minimal/lib/slf4j-log4j12-1.7.5.jar!/org/slf4j/impl/StaticLoggerBinder.class]
SLF4J: Found binding in [jar:file:/home/ubuntu/software/hadoop-2.6.0/share/hadoop/common/lib/slf4j-log4j12-1.7.5.jar!/org/slf4j/impl/StaticLoggerBinder.class]
SLF4J: See http://www.slf4j.org/codes.html#multiple_bindings for an explanation.
SLF4J: Actual binding is of type [org.slf4j.impl.Log4jLoggerFactory]
OK
Time taken: 1.042 seconds
Query ID = ubuntu_20161002103832_167f9e23-406c-449e-a2ed-1ee9238ebfdb
Total jobs = 9
SLF4J: Class path contains multiple SLF4J bindings.
SLF4J: Found binding in [jar:file:/home/ubuntu/software/tez-0.7.1-SNAPSHOT-minimal/lib/slf4j-log4j12-1.7.5.jar!/org/slf4j/impl/StaticLoggerBinder.class]
SLF4J: Found binding in [jar:file:/home/ubuntu/software/hadoop-2.6.0/share/hadoop/common/lib/slf4j-log4j12-1.7.5.jar!/org/slf4j/impl/StaticLoggerBinder.class]
SLF4J: See http://www.slf4j.org/codes.html#multiple_bindings for an explanation.
SLF4J: Actual binding is of type [org.slf4j.impl.Log4jLoggerFactory]
Execution log at: /tmp/ubuntu/ubuntu_20161002103832_167f9e23-406c-449e-a2ed-1ee9238ebfdb.log
2016-10-02 10:38:38	Starting to launch local task to process map join;	maximum memory = 932184064
2016-10-02 10:38:39	Dump the side-table for tag: 1 with group count: 7 into file: file:/tmp/ubuntu/b5ea0832-44ad-4759-a715-e91b33789bd2/hive_2016-10-02_10-38-32_369_2334849646822949710-1/-local-10016/HashTable-Stage-15/MapJoin-mapfile41--.hashtable
2016-10-02 10:38:39	Uploaded 1 File to: file:/tmp/ubuntu/b5ea0832-44ad-4759-a715-e91b33789bd2/hive_2016-10-02_10-38-32_369_2334849646822949710-1/-local-10016/HashTable-Stage-15/MapJoin-mapfile41--.hashtable (504 bytes)
2016-10-02 10:38:39	End of local task; Time Taken: 1.275 sec.
Execution completed successfully
MapredLocal task succeeded
Launching Job 1 out of 9
Number of reduce tasks is set to 0 since there's no reduce operator
Starting Job = job_1475401111718_0038, Tracking URL = http://vm1:8088/proxy/application_1475401111718_0038/
Kill Command = /home/ubuntu/software/hadoop-2.6.0/bin/hadoop job  -kill job_1475401111718_0038
Hadoop job information for Stage-15: number of mappers: 5; number of reducers: 0
2016-10-02 10:38:50,150 Stage-15 map = 0%,  reduce = 0%
2016-10-02 10:39:04,700 Stage-15 map = 2%,  reduce = 0%, Cumulative CPU 33.66 sec
2016-10-02 10:39:06,771 Stage-15 map = 10%,  reduce = 0%, Cumulative CPU 45.13 sec
2016-10-02 10:39:07,845 Stage-15 map = 12%,  reduce = 0%, Cumulative CPU 48.36 sec
2016-10-02 10:39:09,913 Stage-15 map = 16%,  reduce = 0%, Cumulative CPU 60.06 sec
2016-10-02 10:39:13,013 Stage-15 map = 20%,  reduce = 0%, Cumulative CPU 74.87 sec
2016-10-02 10:39:14,046 Stage-15 map = 22%,  reduce = 0%, Cumulative CPU 78.02 sec
2016-10-02 10:39:16,111 Stage-15 map = 31%,  reduce = 0%, Cumulative CPU 89.56 sec
2016-10-02 10:39:17,144 Stage-15 map = 32%,  reduce = 0%, Cumulative CPU 92.67 sec
2016-10-02 10:39:19,207 Stage-15 map = 37%,  reduce = 0%, Cumulative CPU 104.31 sec
2016-10-02 10:39:20,248 Stage-15 map = 38%,  reduce = 0%, Cumulative CPU 107.37 sec
2016-10-02 10:39:22,326 Stage-15 map = 43%,  reduce = 0%, Cumulative CPU 118.45 sec
2016-10-02 10:39:24,398 Stage-15 map = 44%,  reduce = 0%, Cumulative CPU 121.59 sec
2016-10-02 10:39:25,436 Stage-15 map = 51%,  reduce = 0%, Cumulative CPU 136.17 sec
2016-10-02 10:39:27,516 Stage-15 map = 55%,  reduce = 0%, Cumulative CPU 144.21 sec
2016-10-02 10:39:28,550 Stage-15 map = 59%,  reduce = 0%, Cumulative CPU 150.35 sec
2016-10-02 10:39:30,621 Stage-15 map = 63%,  reduce = 0%, Cumulative CPU 158.79 sec
2016-10-02 10:39:33,713 Stage-15 map = 69%,  reduce = 0%, Cumulative CPU 176.48 sec
2016-10-02 10:39:34,751 Stage-15 map = 71%,  reduce = 0%, Cumulative CPU 179.62 sec
2016-10-02 10:39:36,828 Stage-15 map = 77%,  reduce = 0%, Cumulative CPU 190.57 sec
2016-10-02 10:39:37,871 Stage-15 map = 79%,  reduce = 0%, Cumulative CPU 193.69 sec
2016-10-02 10:39:39,933 Stage-15 map = 83%,  reduce = 0%, Cumulative CPU 202.54 sec
2016-10-02 10:39:43,049 Stage-15 map = 87%,  reduce = 0%, Cumulative CPU 214.58 sec
2016-10-02 10:39:44,086 Stage-15 map = 89%,  reduce = 0%, Cumulative CPU 217.15 sec
2016-10-02 10:39:46,161 Stage-15 map = 95%,  reduce = 0%, Cumulative CPU 225.4 sec
2016-10-02 10:39:48,270 Stage-15 map = 96%,  reduce = 0%, Cumulative CPU 227.56 sec
2016-10-02 10:39:49,318 Stage-15 map = 98%,  reduce = 0%, Cumulative CPU 230.58 sec
2016-10-02 10:39:51,390 Stage-15 map = 100%,  reduce = 0%, Cumulative CPU 233.04 sec
MapReduce Total cumulative CPU time: 3 minutes 53 seconds 40 msec
Ended Job = job_1475401111718_0038
Stage-18 is selected by condition resolver.
Stage-19 is filtered out by condition resolver.
Stage-2 is filtered out by condition resolver.
SLF4J: Class path contains multiple SLF4J bindings.
SLF4J: Found binding in [jar:file:/home/ubuntu/software/tez-0.7.1-SNAPSHOT-minimal/lib/slf4j-log4j12-1.7.5.jar!/org/slf4j/impl/StaticLoggerBinder.class]
SLF4J: Found binding in [jar:file:/home/ubuntu/software/hadoop-2.6.0/share/hadoop/common/lib/slf4j-log4j12-1.7.5.jar!/org/slf4j/impl/StaticLoggerBinder.class]
SLF4J: See http://www.slf4j.org/codes.html#multiple_bindings for an explanation.
SLF4J: Actual binding is of type [org.slf4j.impl.Log4jLoggerFactory]
Execution log at: /tmp/ubuntu/ubuntu_20161002103832_167f9e23-406c-449e-a2ed-1ee9238ebfdb.log
2016-10-02 10:39:56	Starting to launch local task to process map join;	maximum memory = 932184064
2016-10-02 10:39:58	Dump the side-table for tag: 1 with group count: 3863 into file: file:/tmp/ubuntu/b5ea0832-44ad-4759-a715-e91b33789bd2/hive_2016-10-02_10-38-32_369_2334849646822949710-1/-local-10012/HashTable-Stage-12/MapJoin-mapfile21--.hashtable
2016-10-02 10:39:58	Uploaded 1 File to: file:/tmp/ubuntu/b5ea0832-44ad-4759-a715-e91b33789bd2/hive_2016-10-02_10-38-32_369_2334849646822949710-1/-local-10012/HashTable-Stage-12/MapJoin-mapfile21--.hashtable (163270 bytes)
2016-10-02 10:39:58	End of local task; Time Taken: 2.335 sec.
Execution completed successfully
MapredLocal task succeeded
Launching Job 3 out of 9
Number of reduce tasks is set to 0 since there's no reduce operator
Starting Job = job_1475401111718_0039, Tracking URL = http://vm1:8088/proxy/application_1475401111718_0039/
Kill Command = /home/ubuntu/software/hadoop-2.6.0/bin/hadoop job  -kill job_1475401111718_0039
Hadoop job information for Stage-12: number of mappers: 10; number of reducers: 0
2016-10-02 10:40:06,305 Stage-12 map = 0%,  reduce = 0%
2016-10-02 10:40:15,630 Stage-12 map = 10%,  reduce = 0%, Cumulative CPU 3.91 sec
2016-10-02 10:40:18,742 Stage-12 map = 11%,  reduce = 0%, Cumulative CPU 34.05 sec
2016-10-02 10:40:24,970 Stage-12 map = 40%,  reduce = 0%, Cumulative CPU 99.49 sec
2016-10-02 10:40:26,005 Stage-12 map = 55%,  reduce = 0%, Cumulative CPU 111.45 sec
2016-10-02 10:40:28,084 Stage-12 map = 62%,  reduce = 0%, Cumulative CPU 129.16 sec
2016-10-02 10:40:29,124 Stage-12 map = 71%,  reduce = 0%, Cumulative CPU 140.35 sec
2016-10-02 10:40:30,161 Stage-12 map = 96%,  reduce = 0%, Cumulative CPU 146.99 sec
2016-10-02 10:40:31,198 Stage-12 map = 100%,  reduce = 0%, Cumulative CPU 149.85 sec
MapReduce Total cumulative CPU time: 2 minutes 29 seconds 850 msec
Ended Job = job_1475401111718_0039
Stage-16 is selected by condition resolver.
Stage-17 is filtered out by condition resolver.
Stage-3 is filtered out by condition resolver.
SLF4J: Class path contains multiple SLF4J bindings.
SLF4J: Found binding in [jar:file:/home/ubuntu/software/tez-0.7.1-SNAPSHOT-minimal/lib/slf4j-log4j12-1.7.5.jar!/org/slf4j/impl/StaticLoggerBinder.class]
SLF4J: Found binding in [jar:file:/home/ubuntu/software/hadoop-2.6.0/share/hadoop/common/lib/slf4j-log4j12-1.7.5.jar!/org/slf4j/impl/StaticLoggerBinder.class]
SLF4J: See http://www.slf4j.org/codes.html#multiple_bindings for an explanation.
SLF4J: Actual binding is of type [org.slf4j.impl.Log4jLoggerFactory]
Execution log at: /tmp/ubuntu/ubuntu_20161002103832_167f9e23-406c-449e-a2ed-1ee9238ebfdb.log
2016-10-02 10:40:35	Starting to launch local task to process map join;	maximum memory = 932184064
2016-10-02 10:40:36	Dump the side-table for tag: 1 with group count: 60 into file: file:/tmp/ubuntu/b5ea0832-44ad-4759-a715-e91b33789bd2/hive_2016-10-02_10-38-32_369_2334849646822949710-1/-local-10008/HashTable-Stage-9/MapJoin-mapfile01--.hashtable
2016-10-02 10:40:36	Uploaded 1 File to: file:/tmp/ubuntu/b5ea0832-44ad-4759-a715-e91b33789bd2/hive_2016-10-02_10-38-32_369_2334849646822949710-1/-local-10008/HashTable-Stage-9/MapJoin-mapfile01--.hashtable (2248 bytes)
2016-10-02 10:40:36	End of local task; Time Taken: 1.631 sec.
Execution completed successfully
MapredLocal task succeeded
Launching Job 5 out of 9
Number of reduce tasks is set to 0 since there's no reduce operator
Starting Job = job_1475401111718_0040, Tracking URL = http://vm1:8088/proxy/application_1475401111718_0040/
Kill Command = /home/ubuntu/software/hadoop-2.6.0/bin/hadoop job  -kill job_1475401111718_0040
Hadoop job information for Stage-9: number of mappers: 3; number of reducers: 0
2016-10-02 10:40:42,451 Stage-9 map = 0%,  reduce = 0%
2016-10-02 10:40:51,767 Stage-9 map = 33%,  reduce = 0%, Cumulative CPU 3.81 sec
2016-10-02 10:40:53,832 Stage-9 map = 84%,  reduce = 0%, Cumulative CPU 18.79 sec
2016-10-02 10:40:54,872 Stage-9 map = 100%,  reduce = 0%, Cumulative CPU 20.82 sec
MapReduce Total cumulative CPU time: 20 seconds 820 msec
Ended Job = job_1475401111718_0040
Launching Job 6 out of 9
Number of reduce tasks not specified. Defaulting to jobconf value of: 1
In order to change the average load for a reducer (in bytes):
  set hive.exec.reducers.bytes.per.reducer=<number>
In order to limit the maximum number of reducers:
  set hive.exec.reducers.max=<number>
In order to set a constant number of reducers:
  set mapreduce.job.reduces=<number>
Starting Job = job_1475401111718_0041, Tracking URL = http://vm1:8088/proxy/application_1475401111718_0041/
Kill Command = /home/ubuntu/software/hadoop-2.6.0/bin/hadoop job  -kill job_1475401111718_0041
Hadoop job information for Stage-4: number of mappers: 1; number of reducers: 1
2016-10-02 10:41:01,683 Stage-4 map = 0%,  reduce = 0%
2016-10-02 10:41:07,901 Stage-4 map = 100%,  reduce = 0%, Cumulative CPU 2.92 sec
2016-10-02 10:41:15,142 Stage-4 map = 100%,  reduce = 100%, Cumulative CPU 6.37 sec
MapReduce Total cumulative CPU time: 6 seconds 370 msec
Ended Job = job_1475401111718_0041
Launching Job 7 out of 9
Number of reduce tasks determined at compile time: 1
In order to change the average load for a reducer (in bytes):
  set hive.exec.reducers.bytes.per.reducer=<number>
In order to limit the maximum number of reducers:
  set hive.exec.reducers.max=<number>
In order to set a constant number of reducers:
  set mapreduce.job.reduces=<number>
Starting Job = job_1475401111718_0042, Tracking URL = http://vm1:8088/proxy/application_1475401111718_0042/
Kill Command = /home/ubuntu/software/hadoop-2.6.0/bin/hadoop job  -kill job_1475401111718_0042
Hadoop job information for Stage-5: number of mappers: 1; number of reducers: 1
2016-10-02 10:41:24,048 Stage-5 map = 0%,  reduce = 0%
2016-10-02 10:41:29,273 Stage-5 map = 100%,  reduce = 0%, Cumulative CPU 2.23 sec
2016-10-02 10:41:35,522 Stage-5 map = 100%,  reduce = 100%, Cumulative CPU 3.89 sec
MapReduce Total cumulative CPU time: 3 seconds 890 msec
Ended Job = job_1475401111718_0042
MapReduce Jobs Launched: 
Stage-Stage-15: Map: 5   Cumulative CPU: 233.04 sec   HDFS Read: 1164950191 HDFS Write: 2535951899 SUCCESS
Stage-Stage-12: Map: 10   Cumulative CPU: 149.85 sec   HDFS Read: 2536061785 HDFS Write: 246864684 SUCCESS
Stage-Stage-9: Map: 3   Cumulative CPU: 20.82 sec   HDFS Read: 246905438 HDFS Write: 1432253 SUCCESS
Stage-Stage-4: Map: 1  Reduce: 1   Cumulative CPU: 6.37 sec   HDFS Read: 1440427 HDFS Write: 432344 SUCCESS
Stage-Stage-5: Map: 1  Reduce: 1   Cumulative CPU: 3.89 sec   HDFS Read: 438339 HDFS Write: 2799 SUCCESS
Total MapReduce CPU Time Spent: 6 minutes 53 seconds 970 msec
OK
Time taken: 185.296 seconds, Fetched: 100 row(s)
42.85user 3.89system 3:13.18elapsed 24%CPU (0avgtext+0avgdata 745672maxresident)k
114856inputs+458952outputs (111major+200781minor)pagefaults 0swaps
