
Logging initialized using configuration in jar:file:/home/ubuntu/software/hive-1.2.1/lib/hive-common-1.2.1.jar!/hive-log4j.properties
Hive history file=/tmp/ubuntu/hive_job_log_0857691e-0827-4210-8ab5-83f33b74505d_1629164332.txt
SLF4J: Class path contains multiple SLF4J bindings.
SLF4J: Found binding in [jar:file:/home/ubuntu/software/tez-0.7.1-SNAPSHOT-minimal/lib/slf4j-log4j12-1.7.5.jar!/org/slf4j/impl/StaticLoggerBinder.class]
SLF4J: Found binding in [jar:file:/home/ubuntu/software/hadoop-2.6.0/share/hadoop/common/lib/slf4j-log4j12-1.7.5.jar!/org/slf4j/impl/StaticLoggerBinder.class]
SLF4J: See http://www.slf4j.org/codes.html#multiple_bindings for an explanation.
SLF4J: Actual binding is of type [org.slf4j.impl.Log4jLoggerFactory]
OK
Time taken: 1.163 seconds
Query ID = ubuntu_20161002145852_2f8991b1-d7f3-4e04-8ec7-a373107a1805
Total jobs = 10
Stage-1 is selected by condition resolver.
Launching Job 1 out of 10
Number of reduce tasks not specified. Defaulting to jobconf value of: 1
In order to change the average load for a reducer (in bytes):
  set hive.exec.reducers.bytes.per.reducer=<number>
In order to limit the maximum number of reducers:
  set hive.exec.reducers.max=<number>
In order to set a constant number of reducers:
  set mapreduce.job.reduces=<number>
Starting Job = job_1475401111718_0242, Tracking URL = http://vm1:8088/proxy/application_1475401111718_0242/
Kill Command = /home/ubuntu/software/hadoop-2.6.0/bin/hadoop job  -kill job_1475401111718_0242
Hadoop job information for Stage-1: number of mappers: 82; number of reducers: 1
2016-10-02 14:59:06,157 Stage-1 map = 0%,  reduce = 0%
2016-10-02 14:59:19,915 Stage-1 map = 1%,  reduce = 0%, Cumulative CPU 71.01 sec
2016-10-02 14:59:23,052 Stage-1 map = 2%,  reduce = 0%, Cumulative CPU 89.38 sec
2016-10-02 14:59:25,141 Stage-1 map = 4%,  reduce = 0%, Cumulative CPU 96.06 sec
2016-10-02 14:59:26,193 Stage-1 map = 7%,  reduce = 0%, Cumulative CPU 107.2 sec
2016-10-02 14:59:31,417 Stage-1 map = 8%,  reduce = 0%, Cumulative CPU 130.69 sec
2016-10-02 14:59:32,497 Stage-1 map = 9%,  reduce = 0%, Cumulative CPU 139.17 sec
2016-10-02 14:59:33,557 Stage-1 map = 11%,  reduce = 0%, Cumulative CPU 152.67 sec
2016-10-02 14:59:34,624 Stage-1 map = 16%,  reduce = 0%, Cumulative CPU 178.93 sec
2016-10-02 14:59:35,673 Stage-1 map = 17%,  reduce = 0%, Cumulative CPU 183.77 sec
2016-10-02 14:59:36,734 Stage-1 map = 19%,  reduce = 0%, Cumulative CPU 191.81 sec
2016-10-02 14:59:42,038 Stage-1 map = 20%,  reduce = 0%, Cumulative CPU 203.94 sec
2016-10-02 14:59:46,267 Stage-1 map = 21%,  reduce = 0%, Cumulative CPU 249.13 sec
2016-10-02 14:59:47,302 Stage-1 map = 22%,  reduce = 0%, Cumulative CPU 268.5 sec
2016-10-02 14:59:49,393 Stage-1 map = 23%,  reduce = 0%, Cumulative CPU 287.32 sec
2016-10-02 14:59:50,438 Stage-1 map = 24%,  reduce = 0%, Cumulative CPU 294.49 sec
2016-10-02 14:59:52,526 Stage-1 map = 25%,  reduce = 0%, Cumulative CPU 310.11 sec
2016-10-02 14:59:53,563 Stage-1 map = 26%,  reduce = 0%, Cumulative CPU 324.2 sec
2016-10-02 14:59:54,607 Stage-1 map = 28%,  reduce = 0%, Cumulative CPU 331.12 sec
2016-10-02 14:59:55,655 Stage-1 map = 29%,  reduce = 0%, Cumulative CPU 337.69 sec
2016-10-02 14:59:56,706 Stage-1 map = 30%,  reduce = 0%, Cumulative CPU 346.04 sec
2016-10-02 14:59:57,759 Stage-1 map = 32%,  reduce = 0%, Cumulative CPU 355.17 sec
2016-10-02 14:59:58,799 Stage-1 map = 33%,  reduce = 0%, Cumulative CPU 362.92 sec
2016-10-02 14:59:59,856 Stage-1 map = 35%,  reduce = 0%, Cumulative CPU 371.82 sec
2016-10-02 15:00:00,902 Stage-1 map = 36%,  reduce = 0%, Cumulative CPU 378.87 sec
2016-10-02 15:00:01,954 Stage-1 map = 37%,  reduce = 0%, Cumulative CPU 381.42 sec
2016-10-02 15:00:04,068 Stage-1 map = 39%,  reduce = 0%, Cumulative CPU 401.95 sec
2016-10-02 15:00:06,191 Stage-1 map = 40%,  reduce = 0%, Cumulative CPU 414.06 sec
2016-10-02 15:00:09,335 Stage-1 map = 41%,  reduce = 0%, Cumulative CPU 435.64 sec
2016-10-02 15:00:10,396 Stage-1 map = 42%,  reduce = 0%, Cumulative CPU 449.9 sec
2016-10-02 15:00:12,522 Stage-1 map = 43%,  reduce = 0%, Cumulative CPU 468.47 sec
2016-10-02 15:00:14,622 Stage-1 map = 44%,  reduce = 0%, Cumulative CPU 485.18 sec
2016-10-02 15:00:15,674 Stage-1 map = 45%,  reduce = 0%, Cumulative CPU 494.21 sec
2016-10-02 15:00:16,730 Stage-1 map = 48%,  reduce = 0%, Cumulative CPU 512.82 sec
2016-10-02 15:00:18,822 Stage-1 map = 49%,  reduce = 0%, Cumulative CPU 532.83 sec
2016-10-02 15:00:19,886 Stage-1 map = 50%,  reduce = 0%, Cumulative CPU 541.53 sec
2016-10-02 15:00:20,925 Stage-1 map = 51%,  reduce = 0%, Cumulative CPU 545.06 sec
2016-10-02 15:00:21,974 Stage-1 map = 52%,  reduce = 0%, Cumulative CPU 549.76 sec
2016-10-02 15:00:23,019 Stage-1 map = 54%,  reduce = 0%, Cumulative CPU 563.87 sec
2016-10-02 15:00:25,141 Stage-1 map = 57%,  reduce = 0%, Cumulative CPU 581.49 sec
2016-10-02 15:00:26,218 Stage-1 map = 59%,  reduce = 0%, Cumulative CPU 597.25 sec
2016-10-02 15:00:27,302 Stage-1 map = 60%,  reduce = 0%, Cumulative CPU 619.78 sec
2016-10-02 15:00:29,420 Stage-1 map = 61%,  reduce = 0%, Cumulative CPU 628.71 sec
2016-10-02 15:00:30,484 Stage-1 map = 62%,  reduce = 0%, Cumulative CPU 636.43 sec
2016-10-02 15:00:32,615 Stage-1 map = 63%,  reduce = 0%, Cumulative CPU 642.59 sec
2016-10-02 15:00:33,664 Stage-1 map = 64%,  reduce = 0%, Cumulative CPU 649.37 sec
2016-10-02 15:00:35,760 Stage-1 map = 65%,  reduce = 0%, Cumulative CPU 675.71 sec
2016-10-02 15:00:37,831 Stage-1 map = 66%,  reduce = 0%, Cumulative CPU 699.87 sec
2016-10-02 15:00:38,868 Stage-1 map = 67%,  reduce = 0%, Cumulative CPU 705.91 sec
2016-10-02 15:00:40,962 Stage-1 map = 68%,  reduce = 0%, Cumulative CPU 716.16 sec
2016-10-02 15:00:44,104 Stage-1 map = 69%,  reduce = 0%, Cumulative CPU 735.54 sec
2016-10-02 15:00:46,172 Stage-1 map = 70%,  reduce = 0%, Cumulative CPU 752.5 sec
2016-10-02 15:00:47,217 Stage-1 map = 71%,  reduce = 0%, Cumulative CPU 757.97 sec
2016-10-02 15:00:48,250 Stage-1 map = 72%,  reduce = 0%, Cumulative CPU 766.38 sec
2016-10-02 15:00:50,350 Stage-1 map = 74%,  reduce = 0%, Cumulative CPU 778.2 sec
2016-10-02 15:00:51,380 Stage-1 map = 75%,  reduce = 0%, Cumulative CPU 786.09 sec
2016-10-02 15:00:53,467 Stage-1 map = 76%,  reduce = 0%, Cumulative CPU 793.93 sec
2016-10-02 15:00:54,529 Stage-1 map = 77%,  reduce = 0%, Cumulative CPU 797.15 sec
2016-10-02 15:00:55,569 Stage-1 map = 78%,  reduce = 0%, Cumulative CPU 802.35 sec
2016-10-02 15:00:58,686 Stage-1 map = 80%,  reduce = 0%, Cumulative CPU 822.2 sec
2016-10-02 15:01:02,865 Stage-1 map = 83%,  reduce = 0%, Cumulative CPU 848.11 sec
2016-10-02 15:01:05,993 Stage-1 map = 84%,  reduce = 0%, Cumulative CPU 868.01 sec
2016-10-02 15:01:08,076 Stage-1 map = 85%,  reduce = 0%, Cumulative CPU 881.61 sec
2016-10-02 15:01:10,136 Stage-1 map = 87%,  reduce = 0%, Cumulative CPU 893.37 sec
2016-10-02 15:01:13,241 Stage-1 map = 88%,  reduce = 0%, Cumulative CPU 912.72 sec
2016-10-02 15:01:14,271 Stage-1 map = 89%,  reduce = 0%, Cumulative CPU 915.74 sec
2016-10-02 15:01:15,319 Stage-1 map = 90%,  reduce = 0%, Cumulative CPU 921.35 sec
2016-10-02 15:01:18,402 Stage-1 map = 91%,  reduce = 0%, Cumulative CPU 933.72 sec
2016-10-02 15:01:19,433 Stage-1 map = 93%,  reduce = 0%, Cumulative CPU 944.07 sec
2016-10-02 15:01:20,469 Stage-1 map = 94%,  reduce = 0%, Cumulative CPU 948.45 sec
2016-10-02 15:01:21,498 Stage-1 map = 95%,  reduce = 0%, Cumulative CPU 951.24 sec
2016-10-02 15:01:25,624 Stage-1 map = 96%,  reduce = 0%, Cumulative CPU 962.77 sec
2016-10-02 15:01:26,661 Stage-1 map = 97%,  reduce = 0%, Cumulative CPU 967.17 sec
2016-10-02 15:01:27,696 Stage-1 map = 98%,  reduce = 0%, Cumulative CPU 977.08 sec
2016-10-02 15:01:29,771 Stage-1 map = 99%,  reduce = 0%, Cumulative CPU 986.04 sec
2016-10-02 15:01:35,997 Stage-1 map = 100%,  reduce = 0%, Cumulative CPU 999.28 sec
2016-10-02 15:01:47,382 Stage-1 map = 100%,  reduce = 11%, Cumulative CPU 1009.05 sec
2016-10-02 15:02:08,055 Stage-1 map = 100%,  reduce = 17%, Cumulative CPU 1033.13 sec
2016-10-02 15:02:11,152 Stage-1 map = 100%,  reduce = 18%, Cumulative CPU 1036.45 sec
2016-10-02 15:02:27,724 Stage-1 map = 100%,  reduce = 0%, Cumulative CPU 999.28 sec
2016-10-02 15:02:39,032 Stage-1 map = 100%,  reduce = 3%, Cumulative CPU 1002.07 sec
2016-10-02 15:02:42,117 Stage-1 map = 100%,  reduce = 4%, Cumulative CPU 1002.68 sec
2016-10-02 15:02:45,197 Stage-1 map = 100%,  reduce = 0%, Cumulative CPU 999.28 sec
2016-10-02 15:02:56,531 Stage-1 map = 100%,  reduce = 2%, Cumulative CPU 1001.71 sec
2016-10-02 15:02:59,624 Stage-1 map = 100%,  reduce = 4%, Cumulative CPU 1002.68 sec
2016-10-02 15:03:02,750 Stage-1 map = 100%,  reduce = 0%, Cumulative CPU 999.28 sec
2016-10-02 15:03:13,076 Stage-1 map = 100%,  reduce = 4%, Cumulative CPU 1002.17 sec
2016-10-02 15:03:16,168 Stage-1 map = 100%,  reduce = 5%, Cumulative CPU 1003.2 sec
2016-10-02 15:03:18,232 Stage-1 map = 100%,  reduce = 100%, Cumulative CPU 999.28 sec
MapReduce Total cumulative CPU time: 16 minutes 39 seconds 280 msec
Ended Job = job_1475401111718_0242 with errors
Error during job, obtaining debugging information...
Examining task ID: task_1475401111718_0242_m_000018 (and more) from job job_1475401111718_0242
Examining task ID: task_1475401111718_0242_m_000003 (and more) from job job_1475401111718_0242
Examining task ID: task_1475401111718_0242_m_000032 (and more) from job job_1475401111718_0242
Examining task ID: task_1475401111718_0242_m_000023 (and more) from job job_1475401111718_0242
Examining task ID: task_1475401111718_0242_m_000062 (and more) from job job_1475401111718_0242
Examining task ID: task_1475401111718_0242_m_000073 (and more) from job job_1475401111718_0242
Examining task ID: task_1475401111718_0242_m_000046 (and more) from job job_1475401111718_0242
Examining task ID: task_1475401111718_0242_m_000065 (and more) from job job_1475401111718_0242
Examining task ID: task_1475401111718_0242_m_000080 (and more) from job job_1475401111718_0242

Task with the most failures(4): 
-----
Task ID:
  task_1475401111718_0242_r_000000

URL:
  http://vm1:8088/taskdetails.jsp?jobid=job_1475401111718_0242&tipid=task_1475401111718_0242_r_000000
-----
Diagnostic Messages for this Task:
Error: org.apache.hadoop.mapreduce.task.reduce.Shuffle$ShuffleError: error in shuffle in InMemoryMerger - Thread to merge in-memory shuffled map-outputs
	at org.apache.hadoop.mapreduce.task.reduce.Shuffle.run(Shuffle.java:134)
	at org.apache.hadoop.mapred.ReduceTask.run(ReduceTask.java:376)
	at org.apache.hadoop.mapred.YarnChild$2.run(YarnChild.java:163)
	at java.security.AccessController.doPrivileged(Native Method)
	at javax.security.auth.Subject.doAs(Subject.java:415)
	at org.apache.hadoop.security.UserGroupInformation.doAs(UserGroupInformation.java:1628)
	at org.apache.hadoop.mapred.YarnChild.main(YarnChild.java:158)
Caused by: org.apache.hadoop.util.DiskChecker$DiskErrorException: Could not find any valid local directory for output/attempt_1475401111718_0242_r_000000_3/map_14.out
	at org.apache.hadoop.fs.LocalDirAllocator$AllocatorPerContext.getLocalPathForWrite(LocalDirAllocator.java:402)
	at org.apache.hadoop.fs.LocalDirAllocator.getLocalPathForWrite(LocalDirAllocator.java:150)
	at org.apache.hadoop.fs.LocalDirAllocator.getLocalPathForWrite(LocalDirAllocator.java:131)
	at org.apache.hadoop.mapred.YarnOutputFiles.getInputFileForWrite(YarnOutputFiles.java:213)
	at org.apache.hadoop.mapreduce.task.reduce.MergeManagerImpl$InMemoryMerger.merge(MergeManagerImpl.java:457)
	at org.apache.hadoop.mapreduce.task.reduce.MergeThread.run(MergeThread.java:94)


FAILED: Execution Error, return code 2 from org.apache.hadoop.hive.ql.exec.mr.MapRedTask
MapReduce Jobs Launched: 
Stage-Stage-1: Map: 82  Reduce: 1   Cumulative CPU: 999.28 sec   HDFS Read: 21844415204 HDFS Write: 0 FAIL
Total MapReduce CPU Time Spent: 16 minutes 39 seconds 280 msec
Command exited with non-zero status 2
23.80user 1.85system 4:34.51elapsed 9%CPU (0avgtext+0avgdata 1142888maxresident)k
113488inputs+11208outputs (110major+81676minor)pagefaults 0swaps
