
Logging initialized using configuration in jar:file:/home/ubuntu/software/hive-1.2.1/lib/hive-common-1.2.1.jar!/hive-log4j.properties
Hive history file=/tmp/ubuntu/hive_job_log_f454c2cb-7a18-4b39-8994-1d4917a37672_56662383.txt
SLF4J: Class path contains multiple SLF4J bindings.
SLF4J: Found binding in [jar:file:/home/ubuntu/software/tez-0.7.1-SNAPSHOT-minimal/lib/slf4j-log4j12-1.7.5.jar!/org/slf4j/impl/StaticLoggerBinder.class]
SLF4J: Found binding in [jar:file:/home/ubuntu/software/hadoop-2.6.0/share/hadoop/common/lib/slf4j-log4j12-1.7.5.jar!/org/slf4j/impl/StaticLoggerBinder.class]
SLF4J: See http://www.slf4j.org/codes.html#multiple_bindings for an explanation.
SLF4J: Actual binding is of type [org.slf4j.impl.Log4jLoggerFactory]
OK
Time taken: 1.079 seconds
Query ID = ubuntu_20161002102908_792eb73f-d19b-4e9a-a637-bff468031789
Total jobs = 9
SLF4J: Class path contains multiple SLF4J bindings.
SLF4J: Found binding in [jar:file:/home/ubuntu/software/tez-0.7.1-SNAPSHOT-minimal/lib/slf4j-log4j12-1.7.5.jar!/org/slf4j/impl/StaticLoggerBinder.class]
SLF4J: Found binding in [jar:file:/home/ubuntu/software/hadoop-2.6.0/share/hadoop/common/lib/slf4j-log4j12-1.7.5.jar!/org/slf4j/impl/StaticLoggerBinder.class]
SLF4J: See http://www.slf4j.org/codes.html#multiple_bindings for an explanation.
SLF4J: Actual binding is of type [org.slf4j.impl.Log4jLoggerFactory]
Execution log at: /tmp/ubuntu/ubuntu_20161002102908_792eb73f-d19b-4e9a-a637-bff468031789.log
2016-10-02 10:29:14	Starting to launch local task to process map join;	maximum memory = 932184064
2016-10-02 10:29:16	Dump the side-table for tag: 1 with group count: 7 into file: file:/tmp/ubuntu/f454c2cb-7a18-4b39-8994-1d4917a37672/hive_2016-10-02_10-29-08_837_2240003689259807927-1/-local-10016/HashTable-Stage-15/MapJoin-mapfile41--.hashtable
2016-10-02 10:29:16	Uploaded 1 File to: file:/tmp/ubuntu/f454c2cb-7a18-4b39-8994-1d4917a37672/hive_2016-10-02_10-29-08_837_2240003689259807927-1/-local-10016/HashTable-Stage-15/MapJoin-mapfile41--.hashtable (504 bytes)
2016-10-02 10:29:16	End of local task; Time Taken: 1.262 sec.
Execution completed successfully
MapredLocal task succeeded
Launching Job 1 out of 9
Number of reduce tasks is set to 0 since there's no reduce operator
Starting Job = job_1475401111718_0028, Tracking URL = http://vm1:8088/proxy/application_1475401111718_0028/
Kill Command = /home/ubuntu/software/hadoop-2.6.0/bin/hadoop job  -kill job_1475401111718_0028
Hadoop job information for Stage-15: number of mappers: 5; number of reducers: 0
2016-10-02 10:29:25,732 Stage-15 map = 0%,  reduce = 0%
2016-10-02 10:29:40,268 Stage-15 map = 2%,  reduce = 0%, Cumulative CPU 33.13 sec
2016-10-02 10:29:43,373 Stage-15 map = 13%,  reduce = 0%, Cumulative CPU 47.96 sec
2016-10-02 10:29:46,510 Stage-15 map = 15%,  reduce = 0%, Cumulative CPU 62.82 sec
2016-10-02 10:29:49,610 Stage-15 map = 23%,  reduce = 0%, Cumulative CPU 77.29 sec
2016-10-02 10:29:52,722 Stage-15 map = 31%,  reduce = 0%, Cumulative CPU 91.52 sec
2016-10-02 10:29:55,842 Stage-15 map = 36%,  reduce = 0%, Cumulative CPU 106.21 sec
2016-10-02 10:29:58,959 Stage-15 map = 41%,  reduce = 0%, Cumulative CPU 118.79 sec
2016-10-02 10:30:01,039 Stage-15 map = 46%,  reduce = 0%, Cumulative CPU 124.51 sec
2016-10-02 10:30:02,076 Stage-15 map = 48%,  reduce = 0%, Cumulative CPU 133.36 sec
2016-10-02 10:30:04,143 Stage-15 map = 56%,  reduce = 0%, Cumulative CPU 147.3 sec
2016-10-02 10:30:07,259 Stage-15 map = 60%,  reduce = 0%, Cumulative CPU 162.03 sec
2016-10-02 10:30:08,294 Stage-15 map = 62%,  reduce = 0%, Cumulative CPU 162.3 sec
2016-10-02 10:30:10,360 Stage-15 map = 68%,  reduce = 0%, Cumulative CPU 173.92 sec
2016-10-02 10:30:13,457 Stage-15 map = 74%,  reduce = 0%, Cumulative CPU 185.43 sec
2016-10-02 10:30:16,568 Stage-15 map = 77%,  reduce = 0%, Cumulative CPU 196.89 sec
2016-10-02 10:30:19,668 Stage-15 map = 83%,  reduce = 0%, Cumulative CPU 208.44 sec
2016-10-02 10:30:21,740 Stage-15 map = 85%,  reduce = 0%, Cumulative CPU 210.13 sec
2016-10-02 10:30:22,784 Stage-15 map = 89%,  reduce = 0%, Cumulative CPU 219.04 sec
2016-10-02 10:30:25,898 Stage-15 map = 91%,  reduce = 0%, Cumulative CPU 228.24 sec
2016-10-02 10:30:27,972 Stage-15 map = 93%,  reduce = 0%, Cumulative CPU 230.2 sec
2016-10-02 10:30:29,030 Stage-15 map = 96%,  reduce = 0%, Cumulative CPU 235.8 sec
2016-10-02 10:30:30,064 Stage-15 map = 98%,  reduce = 0%, Cumulative CPU 237.2 sec
2016-10-02 10:30:31,098 Stage-15 map = 100%,  reduce = 0%, Cumulative CPU 239.54 sec
MapReduce Total cumulative CPU time: 3 minutes 59 seconds 540 msec
Ended Job = job_1475401111718_0028
Stage-18 is selected by condition resolver.
Stage-19 is filtered out by condition resolver.
Stage-2 is filtered out by condition resolver.
SLF4J: Class path contains multiple SLF4J bindings.
SLF4J: Found binding in [jar:file:/home/ubuntu/software/tez-0.7.1-SNAPSHOT-minimal/lib/slf4j-log4j12-1.7.5.jar!/org/slf4j/impl/StaticLoggerBinder.class]
SLF4J: Found binding in [jar:file:/home/ubuntu/software/hadoop-2.6.0/share/hadoop/common/lib/slf4j-log4j12-1.7.5.jar!/org/slf4j/impl/StaticLoggerBinder.class]
SLF4J: See http://www.slf4j.org/codes.html#multiple_bindings for an explanation.
SLF4J: Actual binding is of type [org.slf4j.impl.Log4jLoggerFactory]
Execution log at: /tmp/ubuntu/ubuntu_20161002102908_792eb73f-d19b-4e9a-a637-bff468031789.log
2016-10-02 10:30:36	Starting to launch local task to process map join;	maximum memory = 932184064
2016-10-02 10:30:40	Dump the side-table for tag: 1 with group count: 3863 into file: file:/tmp/ubuntu/f454c2cb-7a18-4b39-8994-1d4917a37672/hive_2016-10-02_10-29-08_837_2240003689259807927-1/-local-10012/HashTable-Stage-12/MapJoin-mapfile21--.hashtable
2016-10-02 10:30:40	Uploaded 1 File to: file:/tmp/ubuntu/f454c2cb-7a18-4b39-8994-1d4917a37672/hive_2016-10-02_10-29-08_837_2240003689259807927-1/-local-10012/HashTable-Stage-12/MapJoin-mapfile21--.hashtable (163270 bytes)
2016-10-02 10:30:40	End of local task; Time Taken: 4.52 sec.
Execution completed successfully
MapredLocal task succeeded
Launching Job 3 out of 9
Number of reduce tasks is set to 0 since there's no reduce operator
Starting Job = job_1475401111718_0029, Tracking URL = http://vm1:8088/proxy/application_1475401111718_0029/
Kill Command = /home/ubuntu/software/hadoop-2.6.0/bin/hadoop job  -kill job_1475401111718_0029
Hadoop job information for Stage-12: number of mappers: 10; number of reducers: 0
2016-10-02 10:30:46,534 Stage-12 map = 0%,  reduce = 0%
2016-10-02 10:30:53,801 Stage-12 map = 10%,  reduce = 0%, Cumulative CPU 2.7 sec
2016-10-02 10:31:01,080 Stage-12 map = 12%,  reduce = 0%, Cumulative CPU 59.59 sec
2016-10-02 10:31:04,212 Stage-12 map = 16%,  reduce = 0%, Cumulative CPU 86.66 sec
2016-10-02 10:31:05,248 Stage-12 map = 36%,  reduce = 0%, Cumulative CPU 98.56 sec
2016-10-02 10:31:07,317 Stage-12 map = 52%,  reduce = 0%, Cumulative CPU 113.31 sec
2016-10-02 10:31:09,397 Stage-12 map = 57%,  reduce = 0%, Cumulative CPU 126.5 sec
2016-10-02 10:31:10,436 Stage-12 map = 81%,  reduce = 0%, Cumulative CPU 145.78 sec
2016-10-02 10:31:11,475 Stage-12 map = 86%,  reduce = 0%, Cumulative CPU 147.02 sec
2016-10-02 10:31:13,538 Stage-12 map = 100%,  reduce = 0%, Cumulative CPU 154.35 sec
MapReduce Total cumulative CPU time: 2 minutes 34 seconds 350 msec
Ended Job = job_1475401111718_0029
Stage-16 is selected by condition resolver.
Stage-17 is filtered out by condition resolver.
Stage-3 is filtered out by condition resolver.
SLF4J: Class path contains multiple SLF4J bindings.
SLF4J: Found binding in [jar:file:/home/ubuntu/software/tez-0.7.1-SNAPSHOT-minimal/lib/slf4j-log4j12-1.7.5.jar!/org/slf4j/impl/StaticLoggerBinder.class]
SLF4J: Found binding in [jar:file:/home/ubuntu/software/hadoop-2.6.0/share/hadoop/common/lib/slf4j-log4j12-1.7.5.jar!/org/slf4j/impl/StaticLoggerBinder.class]
SLF4J: See http://www.slf4j.org/codes.html#multiple_bindings for an explanation.
SLF4J: Actual binding is of type [org.slf4j.impl.Log4jLoggerFactory]
Execution log at: /tmp/ubuntu/ubuntu_20161002102908_792eb73f-d19b-4e9a-a637-bff468031789.log
2016-10-02 10:31:23	Starting to launch local task to process map join;	maximum memory = 932184064
2016-10-02 10:31:25	Dump the side-table for tag: 1 with group count: 60 into file: file:/tmp/ubuntu/f454c2cb-7a18-4b39-8994-1d4917a37672/hive_2016-10-02_10-29-08_837_2240003689259807927-1/-local-10008/HashTable-Stage-9/MapJoin-mapfile01--.hashtable
2016-10-02 10:31:25	Uploaded 1 File to: file:/tmp/ubuntu/f454c2cb-7a18-4b39-8994-1d4917a37672/hive_2016-10-02_10-29-08_837_2240003689259807927-1/-local-10008/HashTable-Stage-9/MapJoin-mapfile01--.hashtable (2248 bytes)
2016-10-02 10:31:25	End of local task; Time Taken: 1.842 sec.
Execution completed successfully
MapredLocal task succeeded
Launching Job 5 out of 9
Number of reduce tasks is set to 0 since there's no reduce operator
Starting Job = job_1475401111718_0030, Tracking URL = http://vm1:8088/proxy/application_1475401111718_0030/
Kill Command = /home/ubuntu/software/hadoop-2.6.0/bin/hadoop job  -kill job_1475401111718_0030
Hadoop job information for Stage-9: number of mappers: 4; number of reducers: 0
2016-10-02 10:31:31,167 Stage-9 map = 0%,  reduce = 0%
2016-10-02 10:31:40,454 Stage-9 map = 25%,  reduce = 0%, Cumulative CPU 2.43 sec
2016-10-02 10:31:41,493 Stage-9 map = 50%,  reduce = 0%, Cumulative CPU 5.94 sec
2016-10-02 10:31:43,558 Stage-9 map = 81%,  reduce = 0%, Cumulative CPU 19.71 sec
2016-10-02 10:31:44,590 Stage-9 map = 100%,  reduce = 0%, Cumulative CPU 22.51 sec
MapReduce Total cumulative CPU time: 22 seconds 510 msec
Ended Job = job_1475401111718_0030
Launching Job 6 out of 9
Number of reduce tasks not specified. Defaulting to jobconf value of: 10
In order to change the average load for a reducer (in bytes):
  set hive.exec.reducers.bytes.per.reducer=<number>
In order to limit the maximum number of reducers:
  set hive.exec.reducers.max=<number>
In order to set a constant number of reducers:
  set mapreduce.job.reduces=<number>
Starting Job = job_1475401111718_0031, Tracking URL = http://vm1:8088/proxy/application_1475401111718_0031/
Kill Command = /home/ubuntu/software/hadoop-2.6.0/bin/hadoop job  -kill job_1475401111718_0031
Hadoop job information for Stage-4: number of mappers: 1; number of reducers: 10
2016-10-02 10:31:51,411 Stage-4 map = 0%,  reduce = 0%
2016-10-02 10:31:57,632 Stage-4 map = 100%,  reduce = 0%, Cumulative CPU 2.77 sec
2016-10-02 10:32:04,964 Stage-4 map = 100%,  reduce = 40%, Cumulative CPU 11.52 sec
2016-10-02 10:32:06,007 Stage-4 map = 100%,  reduce = 70%, Cumulative CPU 17.82 sec
2016-10-02 10:32:07,044 Stage-4 map = 100%,  reduce = 100%, Cumulative CPU 24.54 sec
MapReduce Total cumulative CPU time: 24 seconds 540 msec
Ended Job = job_1475401111718_0031
Launching Job 7 out of 9
Number of reduce tasks determined at compile time: 1
In order to change the average load for a reducer (in bytes):
  set hive.exec.reducers.bytes.per.reducer=<number>
In order to limit the maximum number of reducers:
  set hive.exec.reducers.max=<number>
In order to set a constant number of reducers:
  set mapreduce.job.reduces=<number>
Starting Job = job_1475401111718_0032, Tracking URL = http://vm1:8088/proxy/application_1475401111718_0032/
Kill Command = /home/ubuntu/software/hadoop-2.6.0/bin/hadoop job  -kill job_1475401111718_0032
Hadoop job information for Stage-5: number of mappers: 4; number of reducers: 1
2016-10-02 10:32:14,050 Stage-5 map = 0%,  reduce = 0%
2016-10-02 10:32:22,348 Stage-5 map = 100%,  reduce = 0%, Cumulative CPU 7.01 sec
2016-10-02 10:32:28,523 Stage-5 map = 100%,  reduce = 100%, Cumulative CPU 8.65 sec
MapReduce Total cumulative CPU time: 8 seconds 650 msec
Ended Job = job_1475401111718_0032
MapReduce Jobs Launched: 
Stage-Stage-15: Map: 5   Cumulative CPU: 239.54 sec   HDFS Read: 1164950191 HDFS Write: 2535951899 SUCCESS
Stage-Stage-12: Map: 10   Cumulative CPU: 154.64 sec   HDFS Read: 2536061785 HDFS Write: 246864664 SUCCESS
Stage-Stage-9: Map: 4   Cumulative CPU: 22.51 sec   HDFS Read: 246918146 HDFS Write: 1432349 SUCCESS
Stage-Stage-4: Map: 1  Reduce: 10   Cumulative CPU: 24.54 sec   HDFS Read: 1483413 HDFS Write: 433108 SUCCESS
Stage-Stage-5: Map: 4  Reduce: 1   Cumulative CPU: 8.65 sec   HDFS Read: 448670 HDFS Write: 2799 SUCCESS
Total MapReduce CPU Time Spent: 7 minutes 29 seconds 880 msec
OK
Time taken: 200.802 seconds, Fetched: 100 row(s)
43.17user 3.78system 3:28.05elapsed 22%CPU (0avgtext+0avgdata 740776maxresident)k
114752inputs+458784outputs (111major+227688minor)pagefaults 0swaps
