
Logging initialized using configuration in jar:file:/home/ubuntu/software/hive-1.2.1/lib/hive-common-1.2.1.jar!/hive-log4j.properties
Hive history file=/tmp/ubuntu/hive_job_log_e1652d39-da9c-44f4-b7c9-5ba6a182df08_228448367.txt
SLF4J: Class path contains multiple SLF4J bindings.
SLF4J: Found binding in [jar:file:/home/ubuntu/software/tez-0.7.1-SNAPSHOT-minimal/lib/slf4j-log4j12-1.7.5.jar!/org/slf4j/impl/StaticLoggerBinder.class]
SLF4J: Found binding in [jar:file:/home/ubuntu/software/hadoop-2.6.0/share/hadoop/common/lib/slf4j-log4j12-1.7.5.jar!/org/slf4j/impl/StaticLoggerBinder.class]
SLF4J: See http://www.slf4j.org/codes.html#multiple_bindings for an explanation.
SLF4J: Actual binding is of type [org.slf4j.impl.Log4jLoggerFactory]
OK
Time taken: 1.129 seconds
Query ID = ubuntu_20161002123959_367a20eb-cf5e-493e-85a0-a5096a285846
Total jobs = 8
Stage-16 is selected by condition resolver.
Stage-1 is filtered out by condition resolver.
SLF4J: Class path contains multiple SLF4J bindings.
SLF4J: Found binding in [jar:file:/home/ubuntu/software/tez-0.7.1-SNAPSHOT-minimal/lib/slf4j-log4j12-1.7.5.jar!/org/slf4j/impl/StaticLoggerBinder.class]
SLF4J: Found binding in [jar:file:/home/ubuntu/software/hadoop-2.6.0/share/hadoop/common/lib/slf4j-log4j12-1.7.5.jar!/org/slf4j/impl/StaticLoggerBinder.class]
SLF4J: See http://www.slf4j.org/codes.html#multiple_bindings for an explanation.
SLF4J: Actual binding is of type [org.slf4j.impl.Log4jLoggerFactory]
Execution log at: /tmp/ubuntu/ubuntu_20161002123959_367a20eb-cf5e-493e-85a0-a5096a285846.log
2016-10-02 12:40:05	Starting to launch local task to process map join;	maximum memory = 932184064
2016-10-02 12:40:07	Dump the side-table for tag: 1 with group count: 18445 into file: file:/tmp/ubuntu/e1652d39-da9c-44f4-b7c9-5ba6a182df08/hive_2016-10-02_12-39-59_641_7442226123174132716-1/-local-10012/HashTable-Stage-11/MapJoin-mapfile21--.hashtable
2016-10-02 12:40:07	Uploaded 1 File to: file:/tmp/ubuntu/e1652d39-da9c-44f4-b7c9-5ba6a182df08/hive_2016-10-02_12-39-59_641_7442226123174132716-1/-local-10012/HashTable-Stage-11/MapJoin-mapfile21--.hashtable (2960337 bytes)
2016-10-02 12:40:07	End of local task; Time Taken: 2.024 sec.
Execution completed successfully
MapredLocal task succeeded
Launching Job 2 out of 8
Number of reduce tasks is set to 0 since there's no reduce operator
Starting Job = job_1475401111718_0166, Tracking URL = http://vm1:8088/proxy/application_1475401111718_0166/
Kill Command = /home/ubuntu/software/hadoop-2.6.0/bin/hadoop job  -kill job_1475401111718_0166
Hadoop job information for Stage-11: number of mappers: 26; number of reducers: 0
2016-10-02 12:40:18,395 Stage-11 map = 0%,  reduce = 0%
2016-10-02 12:40:31,210 Stage-11 map = 1%,  reduce = 0%, Cumulative CPU 25.04 sec
2016-10-02 12:40:32,258 Stage-11 map = 3%,  reduce = 0%, Cumulative CPU 59.8 sec
2016-10-02 12:40:36,474 Stage-11 map = 11%,  reduce = 0%, Cumulative CPU 95.96 sec
2016-10-02 12:40:37,521 Stage-11 map = 14%,  reduce = 0%, Cumulative CPU 98.26 sec
2016-10-02 12:40:38,566 Stage-11 map = 16%,  reduce = 0%, Cumulative CPU 101.29 sec
2016-10-02 12:40:39,613 Stage-11 map = 22%,  reduce = 0%, Cumulative CPU 108.47 sec
2016-10-02 12:40:40,652 Stage-11 map = 24%,  reduce = 0%, Cumulative CPU 112.05 sec
2016-10-02 12:40:41,701 Stage-11 map = 32%,  reduce = 0%, Cumulative CPU 116.85 sec
2016-10-02 12:40:42,743 Stage-11 map = 34%,  reduce = 0%, Cumulative CPU 121.74 sec
2016-10-02 12:40:44,837 Stage-11 map = 36%,  reduce = 0%, Cumulative CPU 130.08 sec
2016-10-02 12:40:45,876 Stage-11 map = 41%,  reduce = 0%, Cumulative CPU 132.08 sec
2016-10-02 12:40:46,914 Stage-11 map = 43%,  reduce = 0%, Cumulative CPU 136.19 sec
2016-10-02 12:40:50,080 Stage-11 map = 50%,  reduce = 0%, Cumulative CPU 140.07 sec
2016-10-02 12:40:51,122 Stage-11 map = 53%,  reduce = 0%, Cumulative CPU 143.25 sec
2016-10-02 12:40:52,164 Stage-11 map = 62%,  reduce = 0%, Cumulative CPU 145.17 sec
2016-10-02 12:40:57,410 Stage-11 map = 67%,  reduce = 0%, Cumulative CPU 176.28 sec
2016-10-02 12:40:59,493 Stage-11 map = 72%,  reduce = 0%, Cumulative CPU 181.52 sec
2016-10-02 12:41:00,534 Stage-11 map = 76%,  reduce = 0%, Cumulative CPU 196.42 sec
2016-10-02 12:41:02,603 Stage-11 map = 78%,  reduce = 0%, Cumulative CPU 209.68 sec
2016-10-02 12:41:03,646 Stage-11 map = 82%,  reduce = 0%, Cumulative CPU 214.12 sec
2016-10-02 12:41:04,684 Stage-11 map = 88%,  reduce = 0%, Cumulative CPU 217.43 sec
2016-10-02 12:41:05,725 Stage-11 map = 89%,  reduce = 0%, Cumulative CPU 219.96 sec
2016-10-02 12:41:06,767 Stage-11 map = 91%,  reduce = 0%, Cumulative CPU 221.5 sec
2016-10-02 12:41:07,810 Stage-11 map = 95%,  reduce = 0%, Cumulative CPU 225.27 sec
2016-10-02 12:41:09,896 Stage-11 map = 97%,  reduce = 0%, Cumulative CPU 227.24 sec
2016-10-02 12:41:10,934 Stage-11 map = 99%,  reduce = 0%, Cumulative CPU 229.32 sec
2016-10-02 12:41:11,969 Stage-11 map = 100%,  reduce = 0%, Cumulative CPU 230.51 sec
MapReduce Total cumulative CPU time: 3 minutes 50 seconds 510 msec
Ended Job = job_1475401111718_0166
Stage-14 is selected by condition resolver.
Stage-15 is filtered out by condition resolver.
Stage-2 is filtered out by condition resolver.
SLF4J: Class path contains multiple SLF4J bindings.
SLF4J: Found binding in [jar:file:/home/ubuntu/software/tez-0.7.1-SNAPSHOT-minimal/lib/slf4j-log4j12-1.7.5.jar!/org/slf4j/impl/StaticLoggerBinder.class]
SLF4J: Found binding in [jar:file:/home/ubuntu/software/hadoop-2.6.0/share/hadoop/common/lib/slf4j-log4j12-1.7.5.jar!/org/slf4j/impl/StaticLoggerBinder.class]
SLF4J: See http://www.slf4j.org/codes.html#multiple_bindings for an explanation.
SLF4J: Actual binding is of type [org.slf4j.impl.Log4jLoggerFactory]
Execution log at: /tmp/ubuntu/ubuntu_20161002123959_367a20eb-cf5e-493e-85a0-a5096a285846.log
2016-10-02 12:41:17	Starting to launch local task to process map join;	maximum memory = 932184064
2016-10-02 12:41:18	Dump the side-table for tag: 1 with group count: 31 into file: file:/tmp/ubuntu/e1652d39-da9c-44f4-b7c9-5ba6a182df08/hive_2016-10-02_12-39-59_641_7442226123174132716-1/-local-10008/HashTable-Stage-8/MapJoin-mapfile01--.hashtable
2016-10-02 12:41:18	Uploaded 1 File to: file:/tmp/ubuntu/e1652d39-da9c-44f4-b7c9-5ba6a182df08/hive_2016-10-02_12-39-59_641_7442226123174132716-1/-local-10008/HashTable-Stage-8/MapJoin-mapfile01--.hashtable (1288 bytes)
2016-10-02 12:41:18	End of local task; Time Taken: 1.595 sec.
Execution completed successfully
MapredLocal task succeeded
Launching Job 4 out of 8
Number of reduce tasks is set to 0 since there's no reduce operator
Starting Job = job_1475401111718_0167, Tracking URL = http://vm1:8088/proxy/application_1475401111718_0167/
Kill Command = /home/ubuntu/software/hadoop-2.6.0/bin/hadoop job  -kill job_1475401111718_0167
Hadoop job information for Stage-8: number of mappers: 7; number of reducers: 0
2016-10-02 12:41:24,117 Stage-8 map = 0%,  reduce = 0%
2016-10-02 12:41:34,492 Stage-8 map = 14%,  reduce = 0%, Cumulative CPU 4.65 sec
2016-10-02 12:41:36,586 Stage-8 map = 57%,  reduce = 0%, Cumulative CPU 25.98 sec
2016-10-02 12:41:37,655 Stage-8 map = 72%,  reduce = 0%, Cumulative CPU 43.47 sec
2016-10-02 12:41:38,703 Stage-8 map = 79%,  reduce = 0%, Cumulative CPU 45.54 sec
2016-10-02 12:41:39,731 Stage-8 map = 100%,  reduce = 0%, Cumulative CPU 52.63 sec
MapReduce Total cumulative CPU time: 52 seconds 630 msec
Ended Job = job_1475401111718_0167
Launching Job 5 out of 8
Number of reduce tasks not specified. Defaulting to jobconf value of: 1
In order to change the average load for a reducer (in bytes):
  set hive.exec.reducers.bytes.per.reducer=<number>
In order to limit the maximum number of reducers:
  set hive.exec.reducers.max=<number>
In order to set a constant number of reducers:
  set mapreduce.job.reduces=<number>
Starting Job = job_1475401111718_0168, Tracking URL = http://vm1:8088/proxy/application_1475401111718_0168/
Kill Command = /home/ubuntu/software/hadoop-2.6.0/bin/hadoop job  -kill job_1475401111718_0168
Hadoop job information for Stage-3: number of mappers: 2; number of reducers: 1
2016-10-02 12:41:46,586 Stage-3 map = 0%,  reduce = 0%
2016-10-02 12:41:52,821 Stage-3 map = 100%,  reduce = 0%, Cumulative CPU 6.01 sec
2016-10-02 12:42:00,048 Stage-3 map = 100%,  reduce = 100%, Cumulative CPU 9.0 sec
MapReduce Total cumulative CPU time: 9 seconds 0 msec
Ended Job = job_1475401111718_0168
Launching Job 6 out of 8
Number of reduce tasks not specified. Defaulting to jobconf value of: 1
In order to change the average load for a reducer (in bytes):
  set hive.exec.reducers.bytes.per.reducer=<number>
In order to limit the maximum number of reducers:
  set hive.exec.reducers.max=<number>
In order to set a constant number of reducers:
  set mapreduce.job.reduces=<number>
Starting Job = job_1475401111718_0169, Tracking URL = http://vm1:8088/proxy/application_1475401111718_0169/
Kill Command = /home/ubuntu/software/hadoop-2.6.0/bin/hadoop job  -kill job_1475401111718_0169
Hadoop job information for Stage-4: number of mappers: 1; number of reducers: 1
2016-10-02 12:42:06,891 Stage-4 map = 0%,  reduce = 0%
2016-10-02 12:42:13,118 Stage-4 map = 100%,  reduce = 0%, Cumulative CPU 2.16 sec
2016-10-02 12:42:20,393 Stage-4 map = 100%,  reduce = 100%, Cumulative CPU 5.25 sec
MapReduce Total cumulative CPU time: 5 seconds 250 msec
Ended Job = job_1475401111718_0169
Launching Job 7 out of 8
Number of reduce tasks determined at compile time: 1
In order to change the average load for a reducer (in bytes):
  set hive.exec.reducers.bytes.per.reducer=<number>
In order to limit the maximum number of reducers:
  set hive.exec.reducers.max=<number>
In order to set a constant number of reducers:
  set mapreduce.job.reduces=<number>
Starting Job = job_1475401111718_0170, Tracking URL = http://vm1:8088/proxy/application_1475401111718_0170/
Kill Command = /home/ubuntu/software/hadoop-2.6.0/bin/hadoop job  -kill job_1475401111718_0170
Hadoop job information for Stage-5: number of mappers: 1; number of reducers: 1
2016-10-02 12:42:27,205 Stage-5 map = 0%,  reduce = 0%
2016-10-02 12:42:33,434 Stage-5 map = 100%,  reduce = 0%, Cumulative CPU 2.11 sec
2016-10-02 12:42:39,657 Stage-5 map = 100%,  reduce = 100%, Cumulative CPU 3.85 sec
MapReduce Total cumulative CPU time: 3 seconds 850 msec
Ended Job = job_1475401111718_0170
MapReduce Jobs Launched: 
Stage-Stage-11: Map: 26   Cumulative CPU: 230.51 sec   HDFS Read: 7607676612 HDFS Write: 1850142725 SUCCESS
Stage-Stage-8: Map: 7   Cumulative CPU: 52.63 sec   HDFS Read: 1850232868 HDFS Write: 8243881 SUCCESS
Stage-Stage-3: Map: 2  Reduce: 1   Cumulative CPU: 9.0 sec   HDFS Read: 8253549 HDFS Write: 1533078 SUCCESS
Stage-Stage-4: Map: 1  Reduce: 1   Cumulative CPU: 5.25 sec   HDFS Read: 1541795 HDFS Write: 1607722 SUCCESS
Stage-Stage-5: Map: 1  Reduce: 1   Cumulative CPU: 3.85 sec   HDFS Read: 1613875 HDFS Write: 18517 SUCCESS
Total MapReduce CPU Time Spent: 5 minutes 1 seconds 240 msec
OK
Time taken: 161.158 seconds, Fetched: 100 row(s)
36.61user 2.97system 2:49.04elapsed 23%CPU (0avgtext+0avgdata 748352maxresident)k
114376inputs+314728outputs (110major+141642minor)pagefaults 0swaps
