
Logging initialized using configuration in jar:file:/home/ubuntu/software/hive-1.2.1/lib/hive-common-1.2.1.jar!/hive-log4j.properties
Hive history file=/tmp/ubuntu/hive_job_log_76538e73-f96f-464d-bde1-e894e397495c_1824225105.txt
SLF4J: Class path contains multiple SLF4J bindings.
SLF4J: Found binding in [jar:file:/home/ubuntu/software/tez-0.7.1-SNAPSHOT-minimal/lib/slf4j-log4j12-1.7.5.jar!/org/slf4j/impl/StaticLoggerBinder.class]
SLF4J: Found binding in [jar:file:/home/ubuntu/software/hadoop-2.6.0/share/hadoop/common/lib/slf4j-log4j12-1.7.5.jar!/org/slf4j/impl/StaticLoggerBinder.class]
SLF4J: See http://www.slf4j.org/codes.html#multiple_bindings for an explanation.
SLF4J: Actual binding is of type [org.slf4j.impl.Log4jLoggerFactory]
OK
Time taken: 1.058 seconds
Query ID = ubuntu_20161002164745_d2ada1a3-21bd-45d4-9f28-d89afb3b75cb
Total jobs = 9
SLF4J: Class path contains multiple SLF4J bindings.
SLF4J: Found binding in [jar:file:/home/ubuntu/software/tez-0.7.1-SNAPSHOT-minimal/lib/slf4j-log4j12-1.7.5.jar!/org/slf4j/impl/StaticLoggerBinder.class]
SLF4J: Found binding in [jar:file:/home/ubuntu/software/hadoop-2.6.0/share/hadoop/common/lib/slf4j-log4j12-1.7.5.jar!/org/slf4j/impl/StaticLoggerBinder.class]
SLF4J: See http://www.slf4j.org/codes.html#multiple_bindings for an explanation.
SLF4J: Actual binding is of type [org.slf4j.impl.Log4jLoggerFactory]
Execution log at: /tmp/ubuntu/ubuntu_20161002164745_d2ada1a3-21bd-45d4-9f28-d89afb3b75cb.log
2016-10-02 16:47:51	Starting to launch local task to process map join;	maximum memory = 932184064
2016-10-02 16:47:53	Dump the side-table for tag: 1 with group count: 7 into file: file:/tmp/ubuntu/76538e73-f96f-464d-bde1-e894e397495c/hive_2016-10-02_16-47-45_495_3297204736071762456-1/-local-10016/HashTable-Stage-15/MapJoin-mapfile41--.hashtable
2016-10-02 16:47:53	Uploaded 1 File to: file:/tmp/ubuntu/76538e73-f96f-464d-bde1-e894e397495c/hive_2016-10-02_16-47-45_495_3297204736071762456-1/-local-10016/HashTable-Stage-15/MapJoin-mapfile41--.hashtable (504 bytes)
2016-10-02 16:47:53	End of local task; Time Taken: 1.603 sec.
Execution completed successfully
MapredLocal task succeeded
Launching Job 1 out of 9
Number of reduce tasks is set to 0 since there's no reduce operator
Starting Job = job_1475426732253_0001, Tracking URL = http://vm1:8088/proxy/application_1475426732253_0001/
Kill Command = /home/ubuntu/software/hadoop-2.6.0/bin/hadoop job  -kill job_1475426732253_0001
Hadoop job information for Stage-15: number of mappers: 5; number of reducers: 0
2016-10-02 16:48:06,234 Stage-15 map = 0%,  reduce = 0%
2016-10-02 16:48:19,660 Stage-15 map = 2%,  reduce = 0%, Cumulative CPU 10.29 sec
2016-10-02 16:48:22,784 Stage-15 map = 4%,  reduce = 0%, Cumulative CPU 35.48 sec
2016-10-02 16:48:24,847 Stage-15 map = 12%,  reduce = 0%, Cumulative CPU 46.39 sec
2016-10-02 16:48:28,986 Stage-15 map = 14%,  reduce = 0%, Cumulative CPU 64.07 sec
2016-10-02 16:48:31,058 Stage-15 map = 22%,  reduce = 0%, Cumulative CPU 75.12 sec
2016-10-02 16:48:32,094 Stage-15 map = 24%,  reduce = 0%, Cumulative CPU 78.1 sec
2016-10-02 16:48:34,163 Stage-15 map = 28%,  reduce = 0%, Cumulative CPU 89.42 sec
2016-10-02 16:48:35,201 Stage-15 map = 30%,  reduce = 0%, Cumulative CPU 92.4 sec
2016-10-02 16:48:37,267 Stage-15 map = 34%,  reduce = 0%, Cumulative CPU 103.77 sec
2016-10-02 16:48:40,370 Stage-15 map = 43%,  reduce = 0%, Cumulative CPU 116.84 sec
2016-10-02 16:48:41,409 Stage-15 map = 44%,  reduce = 0%, Cumulative CPU 119.84 sec
2016-10-02 16:48:44,498 Stage-15 map = 46%,  reduce = 0%, Cumulative CPU 134.46 sec
2016-10-02 16:48:46,559 Stage-15 map = 55%,  reduce = 0%, Cumulative CPU 145.79 sec
2016-10-02 16:48:49,649 Stage-15 map = 61%,  reduce = 0%, Cumulative CPU 160.41 sec
2016-10-02 16:48:50,683 Stage-15 map = 63%,  reduce = 0%, Cumulative CPU 163.44 sec
2016-10-02 16:48:52,743 Stage-15 map = 67%,  reduce = 0%, Cumulative CPU 175.0 sec
2016-10-02 16:48:53,778 Stage-15 map = 69%,  reduce = 0%, Cumulative CPU 177.98 sec
2016-10-02 16:48:55,846 Stage-15 map = 75%,  reduce = 0%, Cumulative CPU 192.49 sec
2016-10-02 16:48:57,913 Stage-15 map = 77%,  reduce = 0%, Cumulative CPU 194.91 sec
2016-10-02 16:48:58,948 Stage-15 map = 83%,  reduce = 0%, Cumulative CPU 206.47 sec
2016-10-02 16:49:01,009 Stage-15 map = 89%,  reduce = 0%, Cumulative CPU 215.18 sec
2016-10-02 16:49:02,046 Stage-15 map = 91%,  reduce = 0%, Cumulative CPU 217.67 sec
2016-10-02 16:49:04,128 Stage-15 map = 93%,  reduce = 0%, Cumulative CPU 223.82 sec
2016-10-02 16:49:07,270 Stage-15 map = 96%,  reduce = 0%, Cumulative CPU 229.77 sec
2016-10-02 16:49:10,372 Stage-15 map = 98%,  reduce = 0%, Cumulative CPU 235.32 sec
2016-10-02 16:49:11,409 Stage-15 map = 100%,  reduce = 0%, Cumulative CPU 236.28 sec
MapReduce Total cumulative CPU time: 3 minutes 56 seconds 280 msec
Ended Job = job_1475426732253_0001
Stage-18 is selected by condition resolver.
Stage-19 is filtered out by condition resolver.
Stage-2 is filtered out by condition resolver.
SLF4J: Class path contains multiple SLF4J bindings.
SLF4J: Found binding in [jar:file:/home/ubuntu/software/tez-0.7.1-SNAPSHOT-minimal/lib/slf4j-log4j12-1.7.5.jar!/org/slf4j/impl/StaticLoggerBinder.class]
SLF4J: Found binding in [jar:file:/home/ubuntu/software/hadoop-2.6.0/share/hadoop/common/lib/slf4j-log4j12-1.7.5.jar!/org/slf4j/impl/StaticLoggerBinder.class]
SLF4J: See http://www.slf4j.org/codes.html#multiple_bindings for an explanation.
SLF4J: Actual binding is of type [org.slf4j.impl.Log4jLoggerFactory]
Execution log at: /tmp/ubuntu/ubuntu_20161002164745_d2ada1a3-21bd-45d4-9f28-d89afb3b75cb.log
2016-10-02 16:49:16	Starting to launch local task to process map join;	maximum memory = 932184064
2016-10-02 16:49:18	Dump the side-table for tag: 1 with group count: 3863 into file: file:/tmp/ubuntu/76538e73-f96f-464d-bde1-e894e397495c/hive_2016-10-02_16-47-45_495_3297204736071762456-1/-local-10012/HashTable-Stage-12/MapJoin-mapfile21--.hashtable
2016-10-02 16:49:18	Uploaded 1 File to: file:/tmp/ubuntu/76538e73-f96f-464d-bde1-e894e397495c/hive_2016-10-02_16-47-45_495_3297204736071762456-1/-local-10012/HashTable-Stage-12/MapJoin-mapfile21--.hashtable (163270 bytes)
2016-10-02 16:49:18	End of local task; Time Taken: 2.097 sec.
Execution completed successfully
MapredLocal task succeeded
Launching Job 3 out of 9
Number of reduce tasks is set to 0 since there's no reduce operator
Starting Job = job_1475426732253_0002, Tracking URL = http://vm1:8088/proxy/application_1475426732253_0002/
Kill Command = /home/ubuntu/software/hadoop-2.6.0/bin/hadoop job  -kill job_1475426732253_0002
Hadoop job information for Stage-12: number of mappers: 10; number of reducers: 0
2016-10-02 16:49:25,212 Stage-12 map = 0%,  reduce = 0%
2016-10-02 16:49:35,645 Stage-12 map = 1%,  reduce = 0%, Cumulative CPU 14.57 sec
2016-10-02 16:49:41,913 Stage-12 map = 20%,  reduce = 0%, Cumulative CPU 58.08 sec
2016-10-02 16:49:45,111 Stage-12 map = 22%,  reduce = 0%, Cumulative CPU 81.96 sec
2016-10-02 16:49:47,218 Stage-12 map = 27%,  reduce = 0%, Cumulative CPU 89.71 sec
2016-10-02 16:49:48,277 Stage-12 map = 51%,  reduce = 0%, Cumulative CPU 112.09 sec
2016-10-02 16:49:49,332 Stage-12 map = 55%,  reduce = 0%, Cumulative CPU 113.22 sec
2016-10-02 16:49:51,438 Stage-12 map = 60%,  reduce = 0%, Cumulative CPU 131.3 sec
2016-10-02 16:49:52,499 Stage-12 map = 70%,  reduce = 0%, Cumulative CPU 132.81 sec
2016-10-02 16:49:53,542 Stage-12 map = 75%,  reduce = 0%, Cumulative CPU 134.02 sec
2016-10-02 16:49:54,594 Stage-12 map = 85%,  reduce = 0%, Cumulative CPU 140.6 sec
2016-10-02 16:49:55,636 Stage-12 map = 90%,  reduce = 0%, Cumulative CPU 141.72 sec
2016-10-02 16:49:57,710 Stage-12 map = 95%,  reduce = 0%, Cumulative CPU 146.31 sec
2016-10-02 16:50:02,871 Stage-12 map = 100%,  reduce = 0%, Cumulative CPU 151.2 sec
MapReduce Total cumulative CPU time: 2 minutes 31 seconds 200 msec
Ended Job = job_1475426732253_0002
Stage-16 is selected by condition resolver.
Stage-17 is filtered out by condition resolver.
Stage-3 is filtered out by condition resolver.
SLF4J: Class path contains multiple SLF4J bindings.
SLF4J: Found binding in [jar:file:/home/ubuntu/software/tez-0.7.1-SNAPSHOT-minimal/lib/slf4j-log4j12-1.7.5.jar!/org/slf4j/impl/StaticLoggerBinder.class]
SLF4J: Found binding in [jar:file:/home/ubuntu/software/hadoop-2.6.0/share/hadoop/common/lib/slf4j-log4j12-1.7.5.jar!/org/slf4j/impl/StaticLoggerBinder.class]
SLF4J: See http://www.slf4j.org/codes.html#multiple_bindings for an explanation.
SLF4J: Actual binding is of type [org.slf4j.impl.Log4jLoggerFactory]
Execution log at: /tmp/ubuntu/ubuntu_20161002164745_d2ada1a3-21bd-45d4-9f28-d89afb3b75cb.log
2016-10-02 16:50:06	Starting to launch local task to process map join;	maximum memory = 932184064
2016-10-02 16:50:08	Dump the side-table for tag: 1 with group count: 60 into file: file:/tmp/ubuntu/76538e73-f96f-464d-bde1-e894e397495c/hive_2016-10-02_16-47-45_495_3297204736071762456-1/-local-10008/HashTable-Stage-9/MapJoin-mapfile01--.hashtable
2016-10-02 16:50:08	Uploaded 1 File to: file:/tmp/ubuntu/76538e73-f96f-464d-bde1-e894e397495c/hive_2016-10-02_16-47-45_495_3297204736071762456-1/-local-10008/HashTable-Stage-9/MapJoin-mapfile01--.hashtable (2248 bytes)
2016-10-02 16:50:08	End of local task; Time Taken: 1.66 sec.
Execution completed successfully
MapredLocal task succeeded
Launching Job 5 out of 9
Number of reduce tasks is set to 0 since there's no reduce operator
Starting Job = job_1475426732253_0003, Tracking URL = http://vm1:8088/proxy/application_1475426732253_0003/
Kill Command = /home/ubuntu/software/hadoop-2.6.0/bin/hadoop job  -kill job_1475426732253_0003
Hadoop job information for Stage-9: number of mappers: 3; number of reducers: 0
2016-10-02 16:50:14,873 Stage-9 map = 0%,  reduce = 0%
2016-10-02 16:50:25,210 Stage-9 map = 33%,  reduce = 0%, Cumulative CPU 5.37 sec
2016-10-02 16:50:26,244 Stage-9 map = 92%,  reduce = 0%, Cumulative CPU 19.42 sec
2016-10-02 16:50:27,276 Stage-9 map = 100%,  reduce = 0%, Cumulative CPU 20.67 sec
MapReduce Total cumulative CPU time: 20 seconds 670 msec
Ended Job = job_1475426732253_0003
Launching Job 6 out of 9
Number of reduce tasks not specified. Defaulting to jobconf value of: 20
In order to change the average load for a reducer (in bytes):
  set hive.exec.reducers.bytes.per.reducer=<number>
In order to limit the maximum number of reducers:
  set hive.exec.reducers.max=<number>
In order to set a constant number of reducers:
  set mapreduce.job.reduces=<number>
Starting Job = job_1475426732253_0004, Tracking URL = http://vm1:8088/proxy/application_1475426732253_0004/
Kill Command = /home/ubuntu/software/hadoop-2.6.0/bin/hadoop job  -kill job_1475426732253_0004
Hadoop job information for Stage-4: number of mappers: 1; number of reducers: 20
2016-10-02 16:50:33,075 Stage-4 map = 0%,  reduce = 0%
2016-10-02 16:50:39,289 Stage-4 map = 100%,  reduce = 0%, Cumulative CPU 2.9 sec
2016-10-02 16:50:46,578 Stage-4 map = 100%,  reduce = 10%, Cumulative CPU 6.89 sec
2016-10-02 16:50:47,750 Stage-4 map = 100%,  reduce = 25%, Cumulative CPU 10.9 sec
2016-10-02 16:50:48,868 Stage-4 map = 100%,  reduce = 40%, Cumulative CPU 19.16 sec
2016-10-02 16:50:49,919 Stage-4 map = 100%,  reduce = 65%, Cumulative CPU 29.25 sec
2016-10-02 16:50:50,974 Stage-4 map = 100%,  reduce = 80%, Cumulative CPU 35.26 sec
2016-10-02 16:50:52,014 Stage-4 map = 100%,  reduce = 90%, Cumulative CPU 39.08 sec
2016-10-02 16:50:53,053 Stage-4 map = 100%,  reduce = 95%, Cumulative CPU 40.99 sec
2016-10-02 16:50:54,086 Stage-4 map = 100%,  reduce = 100%, Cumulative CPU 42.93 sec
MapReduce Total cumulative CPU time: 42 seconds 930 msec
Ended Job = job_1475426732253_0004
Launching Job 7 out of 9
Number of reduce tasks determined at compile time: 1
In order to change the average load for a reducer (in bytes):
  set hive.exec.reducers.bytes.per.reducer=<number>
In order to limit the maximum number of reducers:
  set hive.exec.reducers.max=<number>
In order to set a constant number of reducers:
  set mapreduce.job.reduces=<number>
Starting Job = job_1475426732253_0005, Tracking URL = http://vm1:8088/proxy/application_1475426732253_0005/
Kill Command = /home/ubuntu/software/hadoop-2.6.0/bin/hadoop job  -kill job_1475426732253_0005
Hadoop job information for Stage-5: number of mappers: 4; number of reducers: 1
2016-10-02 16:50:59,985 Stage-5 map = 0%,  reduce = 0%
2016-10-02 16:51:08,286 Stage-5 map = 75%,  reduce = 0%, Cumulative CPU 5.54 sec
2016-10-02 16:51:09,327 Stage-5 map = 100%,  reduce = 0%, Cumulative CPU 7.37 sec
2016-10-02 16:51:14,493 Stage-5 map = 100%,  reduce = 100%, Cumulative CPU 9.0 sec
MapReduce Total cumulative CPU time: 9 seconds 0 msec
Ended Job = job_1475426732253_0005
MapReduce Jobs Launched: 
Stage-Stage-15: Map: 5   Cumulative CPU: 236.28 sec   HDFS Read: 1164950191 HDFS Write: 2535951899 SUCCESS
Stage-Stage-12: Map: 10   Cumulative CPU: 151.2 sec   HDFS Read: 2536061785 HDFS Write: 246864684 SUCCESS
Stage-Stage-9: Map: 3   Cumulative CPU: 20.67 sec   HDFS Read: 246905438 HDFS Write: 1446217 SUCCESS
Stage-Stage-4: Map: 1  Reduce: 20   Cumulative CPU: 42.93 sec   HDFS Read: 1544394 HDFS Write: 433988 SUCCESS
Stage-Stage-5: Map: 4  Reduce: 1   Cumulative CPU: 9.0 sec   HDFS Read: 452120 HDFS Write: 2799 SUCCESS
Total MapReduce CPU Time Spent: 7 minutes 40 seconds 80 msec
OK
Time taken: 210.1 seconds, Fetched: 100 row(s)
43.89user 3.78system 3:38.00elapsed 21%CPU (0avgtext+0avgdata 741888maxresident)k
115416inputs+460248outputs (111major+196894minor)pagefaults 0swaps
