
Logging initialized using configuration in jar:file:/home/ubuntu/software/hive-1.2.1/lib/hive-common-1.2.1.jar!/hive-log4j.properties
Hive history file=/tmp/ubuntu/hive_job_log_a5c3a257-1e6b-4a5a-8995-3f41f3e6f6cf_1002580713.txt
SLF4J: Class path contains multiple SLF4J bindings.
SLF4J: Found binding in [jar:file:/home/ubuntu/software/tez-0.7.1-SNAPSHOT-minimal/lib/slf4j-log4j12-1.7.5.jar!/org/slf4j/impl/StaticLoggerBinder.class]
SLF4J: Found binding in [jar:file:/home/ubuntu/software/hadoop-2.6.0/share/hadoop/common/lib/slf4j-log4j12-1.7.5.jar!/org/slf4j/impl/StaticLoggerBinder.class]
SLF4J: See http://www.slf4j.org/codes.html#multiple_bindings for an explanation.
SLF4J: Actual binding is of type [org.slf4j.impl.Log4jLoggerFactory]
OK
Time taken: 1.025 seconds
Query ID = ubuntu_20161001100606_c4b11dc0-12e8-4ffd-8314-4187123bf2bb
Total jobs = 1
Launching Job 1 out of 1


Status: Running (Executing on YARN cluster with App id application_1475271333482_0148)

Map 1: -/-	Map 10: -/-	Map 11: -/-	Map 5: -/-	Map 6: -/-	Map 7: -/-	Map 8: -/-	Map 9: -/-	Reducer 3: 0/14	Reducer 4: 0/1	
Map 1: -/-	Map 10: 0/1	Map 11: 0/1	Map 5: 0/1	Map 6: -/-	Map 7: 0/1	Map 8: -/-	Map 9: 0/1	Reducer 3: 0/14	Reducer 4: 0/1	
Map 1: 0/50	Map 10: 0/1	Map 11: 0/1	Map 5: 0/1	Map 6: 0/35	Map 7: 0/1	Map 8: 0/39	Map 9: 0/1	Reducer 3: 0/14	Reducer 4: 0/1	
Map 1: 0/50	Map 10: 0(+1)/1	Map 11: 0/1	Map 5: 0(+1)/1	Map 6: 0/35	Map 7: 0(+1)/1	Map 8: 0/39	Map 9: 0(+1)/1	Reducer 3: 0/14	Reducer 4: 0/1	
Map 1: 0/50	Map 10: 0(+1)/1	Map 11: 0/1	Map 5: 0(+1)/1	Map 6: 0/35	Map 7: 0(+1)/1	Map 8: 0/39	Map 9: 0(+1)/1	Reducer 3: 0/14	Reducer 4: 0/1	
Map 1: 0/50	Map 10: 0(+1)/1	Map 11: 0/1	Map 5: 0(+1)/1	Map 6: 0(+4)/35	Map 7: 0(+1)/1	Map 8: 0/39	Map 9: 0(+1)/1	Reducer 3: 0/14	Reducer 4: 0/1	
Map 1: 0/50	Map 10: 0(+1)/1	Map 11: 0/1	Map 5: 0(+1)/1	Map 6: 0(+8)/35	Map 7: 1/1	Map 8: 0/39	Map 9: 0(+1)/1	Reducer 3: 0/14	Reducer 4: 0/1	
Map 1: 0/50	Map 10: 1/1	Map 11: 0/1	Map 5: 1/1	Map 6: 0(+8)/35	Map 7: 1/1	Map 8: 0/39	Map 9: 1/1	Reducer 3: 0/14	Reducer 4: 0/1	
Map 1: 0/50	Map 10: 1/1	Map 11: 0/1	Map 5: 1/1	Map 6: 0(+9)/35	Map 7: 1/1	Map 8: 0/39	Map 9: 1/1	Reducer 3: 0/14	Reducer 4: 0/1	
Map 1: 0/50	Map 10: 1/1	Map 11: 0(+1)/1	Map 5: 1/1	Map 6: 0(+12)/35	Map 7: 1/1	Map 8: 0/39	Map 9: 1/1	Reducer 3: 0/14	Reducer 4: 0/1	
Map 1: 0/50	Map 10: 1/1	Map 11: 0(+1)/1	Map 5: 1/1	Map 6: 0(+13)/35	Map 7: 1/1	Map 8: 0/39	Map 9: 1/1	Reducer 3: 0/14	Reducer 4: 0/1	
Map 1: 0/50	Map 10: 1/1	Map 11: 0(+1)/1	Map 5: 1/1	Map 6: 0(+14)/35	Map 7: 1/1	Map 8: 0/39	Map 9: 1/1	Reducer 3: 0/14	Reducer 4: 0/1	
Map 1: 0/50	Map 10: 1/1	Map 11: 0(+1)/1	Map 5: 1/1	Map 6: 0(+15)/35	Map 7: 1/1	Map 8: 0/39	Map 9: 1/1	Reducer 3: 0/14	Reducer 4: 0/1	
Map 1: 0/50	Map 10: 1/1	Map 11: 0(+1)/1	Map 5: 1/1	Map 6: 0(+15)/35	Map 7: 1/1	Map 8: 0/39	Map 9: 1/1	Reducer 3: 0/14	Reducer 4: 0/1	
Map 1: 0/50	Map 10: 1/1	Map 11: 1/1	Map 5: 1/1	Map 6: 0(+15)/35	Map 7: 1/1	Map 8: 0/39	Map 9: 1/1	Reducer 3: 0/14	Reducer 4: 0/1	
Map 1: 0/50	Map 10: 1/1	Map 11: 1/1	Map 5: 1/1	Map 6: 0(+16)/35	Map 7: 1/1	Map 8: 0/39	Map 9: 1/1	Reducer 3: 0/14	Reducer 4: 0/1	
Map 1: 0/50	Map 10: 1/1	Map 11: 1/1	Map 5: 1/1	Map 6: 0(+16)/35	Map 7: 1/1	Map 8: 0/39	Map 9: 1/1	Reducer 3: 0/14	Reducer 4: 0/1	
Map 1: 0/50	Map 10: 1/1	Map 11: 1/1	Map 5: 1/1	Map 6: 0(+16)/35	Map 7: 1/1	Map 8: 0/39	Map 9: 1/1	Reducer 3: 0/14	Reducer 4: 0/1	
Map 1: 0/50	Map 10: 1/1	Map 11: 1/1	Map 5: 1/1	Map 6: 0(+16)/35	Map 7: 1/1	Map 8: 0/39	Map 9: 1/1	Reducer 3: 0/14	Reducer 4: 0/1	
Map 1: 0/50	Map 10: 1/1	Map 11: 1/1	Map 5: 1/1	Map 6: 0(+16)/35	Map 7: 1/1	Map 8: 0/39	Map 9: 1/1	Reducer 3: 0/14	Reducer 4: 0/1	
Map 1: 0/50	Map 10: 1/1	Map 11: 1/1	Map 5: 1/1	Map 6: 0(+16)/35	Map 7: 1/1	Map 8: 0/39	Map 9: 1/1	Reducer 3: 0/14	Reducer 4: 0/1	
Map 1: 0/50	Map 10: 1/1	Map 11: 1/1	Map 5: 1/1	Map 6: 1(+15)/35	Map 7: 1/1	Map 8: 0/39	Map 9: 1/1	Reducer 3: 0/14	Reducer 4: 0/1	
Map 1: 0/50	Map 10: 1/1	Map 11: 1/1	Map 5: 1/1	Map 6: 1(+16)/35	Map 7: 1/1	Map 8: 0/39	Map 9: 1/1	Reducer 3: 0/14	Reducer 4: 0/1	
Map 1: 0/50	Map 10: 1/1	Map 11: 1/1	Map 5: 1/1	Map 6: 1(+16)/35	Map 7: 1/1	Map 8: 0/39	Map 9: 1/1	Reducer 3: 0/14	Reducer 4: 0/1	
Map 1: 0/50	Map 10: 1/1	Map 11: 1/1	Map 5: 1/1	Map 6: 2(+15)/35	Map 7: 1/1	Map 8: 0/39	Map 9: 1/1	Reducer 3: 0/14	Reducer 4: 0/1	
Map 1: 0/50	Map 10: 1/1	Map 11: 1/1	Map 5: 1/1	Map 6: 2(+16)/35	Map 7: 1/1	Map 8: 0/39	Map 9: 1/1	Reducer 3: 0/14	Reducer 4: 0/1	
Map 1: 0/50	Map 10: 1/1	Map 11: 1/1	Map 5: 1/1	Map 6: 2(+16)/35	Map 7: 1/1	Map 8: 0/39	Map 9: 1/1	Reducer 3: 0/14	Reducer 4: 0/1	
Map 1: 0/50	Map 10: 1/1	Map 11: 1/1	Map 5: 1/1	Map 6: 3(+15)/35	Map 7: 1/1	Map 8: 0/39	Map 9: 1/1	Reducer 3: 0/14	Reducer 4: 0/1	
Map 1: 0/50	Map 10: 1/1	Map 11: 1/1	Map 5: 1/1	Map 6: 3(+16)/35	Map 7: 1/1	Map 8: 0/39	Map 9: 1/1	Reducer 3: 0/14	Reducer 4: 0/1	
Map 1: 0/50	Map 10: 1/1	Map 11: 1/1	Map 5: 1/1	Map 6: 3(+16)/35	Map 7: 1/1	Map 8: 0/39	Map 9: 1/1	Reducer 3: 0/14	Reducer 4: 0/1	
Map 1: 0/50	Map 10: 1/1	Map 11: 1/1	Map 5: 1/1	Map 6: 4(+15)/35	Map 7: 1/1	Map 8: 0/39	Map 9: 1/1	Reducer 3: 0/14	Reducer 4: 0/1	
Map 1: 0/50	Map 10: 1/1	Map 11: 1/1	Map 5: 1/1	Map 6: 5(+14)/35	Map 7: 1/1	Map 8: 0/39	Map 9: 1/1	Reducer 3: 0/14	Reducer 4: 0/1	
Map 1: 0/50	Map 10: 1/1	Map 11: 1/1	Map 5: 1/1	Map 6: 6(+13)/35	Map 7: 1/1	Map 8: 0/39	Map 9: 1/1	Reducer 3: 0/14	Reducer 4: 0/1	
Map 1: 0/50	Map 10: 1/1	Map 11: 1/1	Map 5: 1/1	Map 6: 6(+14)/35	Map 7: 1/1	Map 8: 0/39	Map 9: 1/1	Reducer 3: 0/14	Reducer 4: 0/1	
Map 1: 0/50	Map 10: 1/1	Map 11: 1/1	Map 5: 1/1	Map 6: 6(+15)/35	Map 7: 1/1	Map 8: 0/39	Map 9: 1/1	Reducer 3: 0/14	Reducer 4: 0/1	
Map 1: 0/50	Map 10: 1/1	Map 11: 1/1	Map 5: 1/1	Map 6: 6(+16)/35	Map 7: 1/1	Map 8: 0/39	Map 9: 1/1	Reducer 3: 0/14	Reducer 4: 0/1	
Map 1: 0/50	Map 10: 1/1	Map 11: 1/1	Map 5: 1/1	Map 6: 7(+15)/35	Map 7: 1/1	Map 8: 0/39	Map 9: 1/1	Reducer 3: 0/14	Reducer 4: 0/1	
Map 1: 0/50	Map 10: 1/1	Map 11: 1/1	Map 5: 1/1	Map 6: 8(+15)/35	Map 7: 1/1	Map 8: 0/39	Map 9: 1/1	Reducer 3: 0/14	Reducer 4: 0/1	
Map 1: 0/50	Map 10: 1/1	Map 11: 1/1	Map 5: 1/1	Map 6: 9(+14)/35	Map 7: 1/1	Map 8: 0/39	Map 9: 1/1	Reducer 3: 0/14	Reducer 4: 0/1	
Map 1: 0/50	Map 10: 1/1	Map 11: 1/1	Map 5: 1/1	Map 6: 10(+13)/35	Map 7: 1/1	Map 8: 0/39	Map 9: 1/1	Reducer 3: 0/14	Reducer 4: 0/1	
Map 1: 0/50	Map 10: 1/1	Map 11: 1/1	Map 5: 1/1	Map 6: 10(+14)/35	Map 7: 1/1	Map 8: 0/39	Map 9: 1/1	Reducer 3: 0/14	Reducer 4: 0/1	
Map 1: 0/50	Map 10: 1/1	Map 11: 1/1	Map 5: 1/1	Map 6: 10(+15)/35	Map 7: 1/1	Map 8: 0/39	Map 9: 1/1	Reducer 3: 0/14	Reducer 4: 0/1	
Map 1: 0/50	Map 10: 1/1	Map 11: 1/1	Map 5: 1/1	Map 6: 11(+14)/35	Map 7: 1/1	Map 8: 0/39	Map 9: 1/1	Reducer 3: 0/14	Reducer 4: 0/1	
Map 1: 0/50	Map 10: 1/1	Map 11: 1/1	Map 5: 1/1	Map 6: 11(+15)/35	Map 7: 1/1	Map 8: 0/39	Map 9: 1/1	Reducer 3: 0/14	Reducer 4: 0/1	
Map 1: 0/50	Map 10: 1/1	Map 11: 1/1	Map 5: 1/1	Map 6: 11(+16)/35	Map 7: 1/1	Map 8: 0/39	Map 9: 1/1	Reducer 3: 0/14	Reducer 4: 0/1	
Map 1: 0/50	Map 10: 1/1	Map 11: 1/1	Map 5: 1/1	Map 6: 12(+15)/35	Map 7: 1/1	Map 8: 0/39	Map 9: 1/1	Reducer 3: 0/14	Reducer 4: 0/1	
Map 1: 0/50	Map 10: 1/1	Map 11: 1/1	Map 5: 1/1	Map 6: 12(+16)/35	Map 7: 1/1	Map 8: 0/39	Map 9: 1/1	Reducer 3: 0/14	Reducer 4: 0/1	
Map 1: 0/50	Map 10: 1/1	Map 11: 1/1	Map 5: 1/1	Map 6: 13(+15)/35	Map 7: 1/1	Map 8: 0/39	Map 9: 1/1	Reducer 3: 0/14	Reducer 4: 0/1	
Map 1: 0/50	Map 10: 1/1	Map 11: 1/1	Map 5: 1/1	Map 6: 14(+15)/35	Map 7: 1/1	Map 8: 0/39	Map 9: 1/1	Reducer 3: 0/14	Reducer 4: 0/1	
Map 1: 0/50	Map 10: 1/1	Map 11: 1/1	Map 5: 1/1	Map 6: 14(+15)/35	Map 7: 1/1	Map 8: 0/39	Map 9: 1/1	Reducer 3: 0/14	Reducer 4: 0/1	
Map 1: 0(+1)/50	Map 10: 1/1	Map 11: 1/1	Map 5: 1/1	Map 6: 14(+15)/35	Map 7: 1/1	Map 8: 0/39	Map 9: 1/1	Reducer 3: 0/14	Reducer 4: 0/1	
Map 1: 0(+1)/50	Map 10: 1/1	Map 11: 1/1	Map 5: 1/1	Map 6: 17(+12)/35	Map 7: 1/1	Map 8: 0/39	Map 9: 1/1	Reducer 3: 0/14	Reducer 4: 0/1	
Map 1: 0(+2)/50	Map 10: 1/1	Map 11: 1/1	Map 5: 1/1	Map 6: 17(+12)/35	Map 7: 1/1	Map 8: 0/39	Map 9: 1/1	Reducer 3: 0/14	Reducer 4: 0/1	
Map 1: 0(+3)/50	Map 10: 1/1	Map 11: 1/1	Map 5: 1/1	Map 6: 17(+12)/35	Map 7: 1/1	Map 8: 0/39	Map 9: 1/1	Reducer 3: 0/14	Reducer 4: 0/1	
Map 1: 0(+3)/50	Map 10: 1/1	Map 11: 1/1	Map 5: 1/1	Map 6: 17(+13)/35	Map 7: 1/1	Map 8: 0/39	Map 9: 1/1	Reducer 3: 0/14	Reducer 4: 0/1	
Map 1: 0(+3)/50	Map 10: 1/1	Map 11: 1/1	Map 5: 1/1	Map 6: 17(+13)/35	Map 7: 1/1	Map 8: 0/39	Map 9: 1/1	Reducer 3: 0/14	Reducer 4: 0/1	
Map 1: 0(+3)/50	Map 10: 1/1	Map 11: 1/1	Map 5: 1/1	Map 6: 18(+12)/35	Map 7: 1/1	Map 8: 0/39	Map 9: 1/1	Reducer 3: 0/14	Reducer 4: 0/1	
Map 1: 0(+3)/50	Map 10: 1/1	Map 11: 1/1	Map 5: 1/1	Map 6: 19(+11)/35	Map 7: 1/1	Map 8: 0/39	Map 9: 1/1	Reducer 3: 0/14	Reducer 4: 0/1	
Map 1: 0(+4)/50	Map 10: 1/1	Map 11: 1/1	Map 5: 1/1	Map 6: 19(+11)/35	Map 7: 1/1	Map 8: 0/39	Map 9: 1/1	Reducer 3: 0/14	Reducer 4: 0/1	
Map 1: 0(+4)/50	Map 10: 1/1	Map 11: 1/1	Map 5: 1/1	Map 6: 20(+10)/35	Map 7: 1/1	Map 8: 0/39	Map 9: 1/1	Reducer 3: 0/14	Reducer 4: 0/1	
Map 1: 0(+4)/50	Map 10: 1/1	Map 11: 1/1	Map 5: 1/1	Map 6: 21(+9)/35	Map 7: 1/1	Map 8: 0/39	Map 9: 1/1	Reducer 3: 0/14	Reducer 4: 0/1	
Map 1: 1(+3)/50	Map 10: 1/1	Map 11: 1/1	Map 5: 1/1	Map 6: 21(+9)/35	Map 7: 1/1	Map 8: 0/39	Map 9: 1/1	Reducer 3: 0/14	Reducer 4: 0/1	
Map 1: 1(+4)/50	Map 10: 1/1	Map 11: 1/1	Map 5: 1/1	Map 6: 21(+9)/35	Map 7: 1/1	Map 8: 0/39	Map 9: 1/1	Reducer 3: 0/14	Reducer 4: 0/1	
Map 1: 1(+4)/50	Map 10: 1/1	Map 11: 1/1	Map 5: 1/1	Map 6: 21(+10)/35	Map 7: 1/1	Map 8: 0/39	Map 9: 1/1	Reducer 3: 0/14	Reducer 4: 0/1	
Map 1: 1(+4)/50	Map 10: 1/1	Map 11: 1/1	Map 5: 1/1	Map 6: 21(+11)/35	Map 7: 1/1	Map 8: 0/39	Map 9: 1/1	Reducer 3: 0/14	Reducer 4: 0/1	
Map 1: 1(+5)/50	Map 10: 1/1	Map 11: 1/1	Map 5: 1/1	Map 6: 21(+11)/35	Map 7: 1/1	Map 8: 0/39	Map 9: 1/1	Reducer 3: 0/14	Reducer 4: 0/1	
Map 1: 1(+5)/50	Map 10: 1/1	Map 11: 1/1	Map 5: 1/1	Map 6: 21(+11)/35	Map 7: 1/1	Map 8: 0/39	Map 9: 1/1	Reducer 3: 0/14	Reducer 4: 0/1	
Map 1: 2(+4)/50	Map 10: 1/1	Map 11: 1/1	Map 5: 1/1	Map 6: 21(+11)/35	Map 7: 1/1	Map 8: 0/39	Map 9: 1/1	Reducer 3: 0/14	Reducer 4: 0/1	
Map 1: 3(+3)/50	Map 10: 1/1	Map 11: 1/1	Map 5: 1/1	Map 6: 21(+11)/35	Map 7: 1/1	Map 8: 0/39	Map 9: 1/1	Reducer 3: 0/14	Reducer 4: 0/1	
Map 1: 3(+3)/50	Map 10: 1/1	Map 11: 1/1	Map 5: 1/1	Map 6: 22(+10)/35	Map 7: 1/1	Map 8: 0/39	Map 9: 1/1	Reducer 3: 0/14	Reducer 4: 0/1	
Map 1: 3(+4)/50	Map 10: 1/1	Map 11: 1/1	Map 5: 1/1	Map 6: 22(+10)/35	Map 7: 1/1	Map 8: 0/39	Map 9: 1/1	Reducer 3: 0/14	Reducer 4: 0/1	
Map 1: 3(+5)/50	Map 10: 1/1	Map 11: 1/1	Map 5: 1/1	Map 6: 22(+10)/35	Map 7: 1/1	Map 8: 0/39	Map 9: 1/1	Reducer 3: 0/14	Reducer 4: 0/1	
Map 1: 3(+6)/50	Map 10: 1/1	Map 11: 1/1	Map 5: 1/1	Map 6: 22(+10)/35	Map 7: 1/1	Map 8: 0/39	Map 9: 1/1	Reducer 3: 0/14	Reducer 4: 0/1	
Map 1: 3(+6)/50	Map 10: 1/1	Map 11: 1/1	Map 5: 1/1	Map 6: 22(+10)/35	Map 7: 1/1	Map 8: 0/39	Map 9: 1/1	Reducer 3: 0/14	Reducer 4: 0/1	
Map 1: 3(+6)/50	Map 10: 1/1	Map 11: 1/1	Map 5: 1/1	Map 6: 23(+9)/35	Map 7: 1/1	Map 8: 0/39	Map 9: 1/1	Reducer 3: 0/14	Reducer 4: 0/1	
Map 1: 4(+5)/50	Map 10: 1/1	Map 11: 1/1	Map 5: 1/1	Map 6: 24(+8)/35	Map 7: 1/1	Map 8: 0/39	Map 9: 1/1	Reducer 3: 0/14	Reducer 4: 0/1	
Map 1: 4(+5)/50	Map 10: 1/1	Map 11: 1/1	Map 5: 1/1	Map 6: 25(+7)/35	Map 7: 1/1	Map 8: 0/39	Map 9: 1/1	Reducer 3: 0/14	Reducer 4: 0/1	
Map 1: 5(+4)/50	Map 10: 1/1	Map 11: 1/1	Map 5: 1/1	Map 6: 25(+7)/35	Map 7: 1/1	Map 8: 0/39	Map 9: 1/1	Reducer 3: 0/14	Reducer 4: 0/1	
Map 1: 5(+4)/50	Map 10: 1/1	Map 11: 1/1	Map 5: 1/1	Map 6: 25(+8)/35	Map 7: 1/1	Map 8: 0/39	Map 9: 1/1	Reducer 3: 0/14	Reducer 4: 0/1	
Map 1: 5(+5)/50	Map 10: 1/1	Map 11: 1/1	Map 5: 1/1	Map 6: 25(+8)/35	Map 7: 1/1	Map 8: 0/39	Map 9: 1/1	Reducer 3: 0/14	Reducer 4: 0/1	
Map 1: 5(+6)/50	Map 10: 1/1	Map 11: 1/1	Map 5: 1/1	Map 6: 25(+8)/35	Map 7: 1/1	Map 8: 0/39	Map 9: 1/1	Reducer 3: 0/14	Reducer 4: 0/1	
Map 1: 5(+6)/50	Map 10: 1/1	Map 11: 1/1	Map 5: 1/1	Map 6: 26(+7)/35	Map 7: 1/1	Map 8: 0/39	Map 9: 1/1	Reducer 3: 0/14	Reducer 4: 0/1	
Map 1: 5(+7)/50	Map 10: 1/1	Map 11: 1/1	Map 5: 1/1	Map 6: 26(+7)/35	Map 7: 1/1	Map 8: 0/39	Map 9: 1/1	Reducer 3: 0/14	Reducer 4: 0/1	
Map 1: 5(+7)/50	Map 10: 1/1	Map 11: 1/1	Map 5: 1/1	Map 6: 26(+7)/35	Map 7: 1/1	Map 8: 0(+1)/39	Map 9: 1/1	Reducer 3: 0/14	Reducer 4: 0/1	
Map 1: 5(+8)/50	Map 10: 1/1	Map 11: 1/1	Map 5: 1/1	Map 6: 26(+7)/35	Map 7: 1/1	Map 8: 0(+1)/39	Map 9: 1/1	Reducer 3: 0/14	Reducer 4: 0/1	
Map 1: 5(+8)/50	Map 10: 1/1	Map 11: 1/1	Map 5: 1/1	Map 6: 26(+7)/35	Map 7: 1/1	Map 8: 0(+1)/39	Map 9: 1/1	Reducer 3: 0/14	Reducer 4: 0/1	
Map 1: 7(+6)/50	Map 10: 1/1	Map 11: 1/1	Map 5: 1/1	Map 6: 26(+7)/35	Map 7: 1/1	Map 8: 0(+1)/39	Map 9: 1/1	Reducer 3: 0/14	Reducer 4: 0/1	
Map 1: 7(+6)/50	Map 10: 1/1	Map 11: 1/1	Map 5: 1/1	Map 6: 27(+6)/35	Map 7: 1/1	Map 8: 0(+1)/39	Map 9: 1/1	Reducer 3: 0/14	Reducer 4: 0/1	
Map 1: 8(+5)/50	Map 10: 1/1	Map 11: 1/1	Map 5: 1/1	Map 6: 28(+5)/35	Map 7: 1/1	Map 8: 0(+1)/39	Map 9: 1/1	Reducer 3: 0/14	Reducer 4: 0/1	
Map 1: 8(+5)/50	Map 10: 1/1	Map 11: 1/1	Map 5: 1/1	Map 6: 28(+5)/35	Map 7: 1/1	Map 8: 0(+2)/39	Map 9: 1/1	Reducer 3: 0/14	Reducer 4: 0/1	
Map 1: 8(+6)/50	Map 10: 1/1	Map 11: 1/1	Map 5: 1/1	Map 6: 28(+5)/35	Map 7: 1/1	Map 8: 0(+2)/39	Map 9: 1/1	Reducer 3: 0/14	Reducer 4: 0/1	
Map 1: 8(+7)/50	Map 10: 1/1	Map 11: 1/1	Map 5: 1/1	Map 6: 28(+5)/35	Map 7: 1/1	Map 8: 0(+3)/39	Map 9: 1/1	Reducer 3: 0/14	Reducer 4: 0/1	
Map 1: 8(+8)/50	Map 10: 1/1	Map 11: 1/1	Map 5: 1/1	Map 6: 28(+5)/35	Map 7: 1/1	Map 8: 0(+3)/39	Map 9: 1/1	Reducer 3: 0/14	Reducer 4: 0/1	
Map 1: 8(+8)/50	Map 10: 1/1	Map 11: 1/1	Map 5: 1/1	Map 6: 28(+5)/35	Map 7: 1/1	Map 8: 0(+3)/39	Map 9: 1/1	Reducer 3: 0/14	Reducer 4: 0/1	
Map 1: 9(+7)/50	Map 10: 1/1	Map 11: 1/1	Map 5: 1/1	Map 6: 28(+5)/35	Map 7: 1/1	Map 8: 0(+3)/39	Map 9: 1/1	Reducer 3: 0/14	Reducer 4: 0/1	
Map 1: 10(+6)/50	Map 10: 1/1	Map 11: 1/1	Map 5: 1/1	Map 6: 28(+5)/35	Map 7: 1/1	Map 8: 0(+3)/39	Map 9: 1/1	Reducer 3: 0/14	Reducer 4: 0/1	
Map 1: 11(+5)/50	Map 10: 1/1	Map 11: 1/1	Map 5: 1/1	Map 6: 28(+5)/35	Map 7: 1/1	Map 8: 0(+3)/39	Map 9: 1/1	Reducer 3: 0/14	Reducer 4: 0/1	
Map 1: 11(+5)/50	Map 10: 1/1	Map 11: 1/1	Map 5: 1/1	Map 6: 29(+4)/35	Map 7: 1/1	Map 8: 0(+4)/39	Map 9: 1/1	Reducer 3: 0/14	Reducer 4: 0/1	
Map 1: 11(+6)/50	Map 10: 1/1	Map 11: 1/1	Map 5: 1/1	Map 6: 29(+4)/35	Map 7: 1/1	Map 8: 0(+4)/39	Map 9: 1/1	Reducer 3: 0/14	Reducer 4: 0/1	
Map 1: 11(+7)/50	Map 10: 1/1	Map 11: 1/1	Map 5: 1/1	Map 6: 29(+4)/35	Map 7: 1/1	Map 8: 0(+4)/39	Map 9: 1/1	Reducer 3: 0/14	Reducer 4: 0/1	
Map 1: 11(+8)/50	Map 10: 1/1	Map 11: 1/1	Map 5: 1/1	Map 6: 29(+4)/35	Map 7: 1/1	Map 8: 0(+4)/39	Map 9: 1/1	Reducer 3: 0/14	Reducer 4: 0/1	
Map 1: 11(+8)/50	Map 10: 1/1	Map 11: 1/1	Map 5: 1/1	Map 6: 29(+4)/35	Map 7: 1/1	Map 8: 0(+4)/39	Map 9: 1/1	Reducer 3: 0/14	Reducer 4: 0/1	
Map 1: 12(+7)/50	Map 10: 1/1	Map 11: 1/1	Map 5: 1/1	Map 6: 29(+4)/35	Map 7: 1/1	Map 8: 0(+4)/39	Map 9: 1/1	Reducer 3: 0/14	Reducer 4: 0/1	
Map 1: 13(+6)/50	Map 10: 1/1	Map 11: 1/1	Map 5: 1/1	Map 6: 29(+4)/35	Map 7: 1/1	Map 8: 0(+4)/39	Map 9: 1/1	Reducer 3: 0/14	Reducer 4: 0/1	
Map 1: 14(+5)/50	Map 10: 1/1	Map 11: 1/1	Map 5: 1/1	Map 6: 29(+4)/35	Map 7: 1/1	Map 8: 0(+4)/39	Map 9: 1/1	Reducer 3: 0/14	Reducer 4: 0/1	
Map 1: 14(+7)/50	Map 10: 1/1	Map 11: 1/1	Map 5: 1/1	Map 6: 29(+4)/35	Map 7: 1/1	Map 8: 0(+4)/39	Map 9: 1/1	Reducer 3: 0/14	Reducer 4: 0/1	
Map 1: 14(+8)/50	Map 10: 1/1	Map 11: 1/1	Map 5: 1/1	Map 6: 29(+4)/35	Map 7: 1/1	Map 8: 0(+4)/39	Map 9: 1/1	Reducer 3: 0/14	Reducer 4: 0/1	
Map 1: 15(+7)/50	Map 10: 1/1	Map 11: 1/1	Map 5: 1/1	Map 6: 29(+4)/35	Map 7: 1/1	Map 8: 0(+4)/39	Map 9: 1/1	Reducer 3: 0/14	Reducer 4: 0/1	
Map 1: 15(+7)/50	Map 10: 1/1	Map 11: 1/1	Map 5: 1/1	Map 6: 30(+3)/35	Map 7: 1/1	Map 8: 0(+4)/39	Map 9: 1/1	Reducer 3: 0/14	Reducer 4: 0/1	
Map 1: 15(+8)/50	Map 10: 1/1	Map 11: 1/1	Map 5: 1/1	Map 6: 30(+3)/35	Map 7: 1/1	Map 8: 0(+4)/39	Map 9: 1/1	Reducer 3: 0/14	Reducer 4: 0/1	
Map 1: 15(+9)/50	Map 10: 1/1	Map 11: 1/1	Map 5: 1/1	Map 6: 30(+3)/35	Map 7: 1/1	Map 8: 0(+4)/39	Map 9: 1/1	Reducer 3: 0/14	Reducer 4: 0/1	
Map 1: 16(+8)/50	Map 10: 1/1	Map 11: 1/1	Map 5: 1/1	Map 6: 30(+3)/35	Map 7: 1/1	Map 8: 0(+4)/39	Map 9: 1/1	Reducer 3: 0/14	Reducer 4: 0/1	
Map 1: 17(+7)/50	Map 10: 1/1	Map 11: 1/1	Map 5: 1/1	Map 6: 30(+3)/35	Map 7: 1/1	Map 8: 0(+4)/39	Map 9: 1/1	Reducer 3: 0/14	Reducer 4: 0/1	
Map 1: 17(+8)/50	Map 10: 1/1	Map 11: 1/1	Map 5: 1/1	Map 6: 30(+3)/35	Map 7: 1/1	Map 8: 0(+4)/39	Map 9: 1/1	Reducer 3: 0/14	Reducer 4: 0/1	
Map 1: 18(+7)/50	Map 10: 1/1	Map 11: 1/1	Map 5: 1/1	Map 6: 30(+3)/35	Map 7: 1/1	Map 8: 0(+4)/39	Map 9: 1/1	Reducer 3: 0/14	Reducer 4: 0/1	
Map 1: 18(+8)/50	Map 10: 1/1	Map 11: 1/1	Map 5: 1/1	Map 6: 30(+3)/35	Map 7: 1/1	Map 8: 0(+4)/39	Map 9: 1/1	Reducer 3: 0/14	Reducer 4: 0/1	
Map 1: 18(+9)/50	Map 10: 1/1	Map 11: 1/1	Map 5: 1/1	Map 6: 30(+3)/35	Map 7: 1/1	Map 8: 0(+4)/39	Map 9: 1/1	Reducer 3: 0/14	Reducer 4: 0/1	
Map 1: 18(+9)/50	Map 10: 1/1	Map 11: 1/1	Map 5: 1/1	Map 6: 31(+2)/35	Map 7: 1/1	Map 8: 0(+4)/39	Map 9: 1/1	Reducer 3: 0/14	Reducer 4: 0/1	
Map 1: 19(+8)/50	Map 10: 1/1	Map 11: 1/1	Map 5: 1/1	Map 6: 31(+2)/35	Map 7: 1/1	Map 8: 0(+4)/39	Map 9: 1/1	Reducer 3: 0/14	Reducer 4: 0/1	
Map 1: 20(+8)/50	Map 10: 1/1	Map 11: 1/1	Map 5: 1/1	Map 6: 31(+2)/35	Map 7: 1/1	Map 8: 0(+4)/39	Map 9: 1/1	Reducer 3: 0/14	Reducer 4: 0/1	
Map 1: 20(+9)/50	Map 10: 1/1	Map 11: 1/1	Map 5: 1/1	Map 6: 31(+2)/35	Map 7: 1/1	Map 8: 0(+4)/39	Map 9: 1/1	Reducer 3: 0/14	Reducer 4: 0/1	
Map 1: 20(+10)/50	Map 10: 1/1	Map 11: 1/1	Map 5: 1/1	Map 6: 31(+2)/35	Map 7: 1/1	Map 8: 0(+4)/39	Map 9: 1/1	Reducer 3: 0/14	Reducer 4: 0/1	
Map 1: 21(+9)/50	Map 10: 1/1	Map 11: 1/1	Map 5: 1/1	Map 6: 31(+2)/35	Map 7: 1/1	Map 8: 0(+4)/39	Map 9: 1/1	Reducer 3: 0/14	Reducer 4: 0/1	
Map 1: 22(+8)/50	Map 10: 1/1	Map 11: 1/1	Map 5: 1/1	Map 6: 31(+2)/35	Map 7: 1/1	Map 8: 0(+4)/39	Map 9: 1/1	Reducer 3: 0/14	Reducer 4: 0/1	
Map 1: 23(+7)/50	Map 10: 1/1	Map 11: 1/1	Map 5: 1/1	Map 6: 31(+2)/35	Map 7: 1/1	Map 8: 0(+4)/39	Map 9: 1/1	Reducer 3: 0/14	Reducer 4: 0/1	
Map 1: 23(+8)/50	Map 10: 1/1	Map 11: 1/1	Map 5: 1/1	Map 6: 31(+2)/35	Map 7: 1/1	Map 8: 1(+3)/39	Map 9: 1/1	Reducer 3: 0/14	Reducer 4: 0/1	
Map 1: 23(+9)/50	Map 10: 1/1	Map 11: 1/1	Map 5: 1/1	Map 6: 31(+2)/35	Map 7: 1/1	Map 8: 1(+3)/39	Map 9: 1/1	Reducer 3: 0/14	Reducer 4: 0/1	
Map 1: 23(+9)/50	Map 10: 1/1	Map 11: 1/1	Map 5: 1/1	Map 6: 32(+1)/35	Map 7: 1/1	Map 8: 1(+3)/39	Map 9: 1/1	Reducer 3: 0/14	Reducer 4: 0/1	
Map 1: 23(+10)/50	Map 10: 1/1	Map 11: 1/1	Map 5: 1/1	Map 6: 32(+1)/35	Map 7: 1/1	Map 8: 1(+3)/39	Map 9: 1/1	Reducer 3: 0/14	Reducer 4: 0/1	
Map 1: 23(+11)/50	Map 10: 1/1	Map 11: 1/1	Map 5: 1/1	Map 6: 32(+1)/35	Map 7: 1/1	Map 8: 1(+3)/39	Map 9: 1/1	Reducer 3: 0/14	Reducer 4: 0/1	
Map 1: 24(+10)/50	Map 10: 1/1	Map 11: 1/1	Map 5: 1/1	Map 6: 32(+1)/35	Map 7: 1/1	Map 8: 1(+3)/39	Map 9: 1/1	Reducer 3: 0/14	Reducer 4: 0/1	
Map 1: 24(+10)/50	Map 10: 1/1	Map 11: 1/1	Map 5: 1/1	Map 6: 32(+1)/35	Map 7: 1/1	Map 8: 1(+4)/39	Map 9: 1/1	Reducer 3: 0/14	Reducer 4: 0/1	
Map 1: 25(+9)/50	Map 10: 1/1	Map 11: 1/1	Map 5: 1/1	Map 6: 32(+1)/35	Map 7: 1/1	Map 8: 1(+4)/39	Map 9: 1/1	Reducer 3: 0/14	Reducer 4: 0/1	
Map 1: 25(+9)/50	Map 10: 1/1	Map 11: 1/1	Map 5: 1/1	Map 6: 32(+1)/35	Map 7: 1/1	Map 8: 1(+5)/39	Map 9: 1/1	Reducer 3: 0/14	Reducer 4: 0/1	
Map 1: 25(+10)/50	Map 10: 1/1	Map 11: 1/1	Map 5: 1/1	Map 6: 32(+1)/35	Map 7: 1/1	Map 8: 1(+5)/39	Map 9: 1/1	Reducer 3: 0/14	Reducer 4: 0/1	
Map 1: 26(+9)/50	Map 10: 1/1	Map 11: 1/1	Map 5: 1/1	Map 6: 32(+1)/35	Map 7: 1/1	Map 8: 1(+5)/39	Map 9: 1/1	Reducer 3: 0/14	Reducer 4: 0/1	
Map 1: 27(+8)/50	Map 10: 1/1	Map 11: 1/1	Map 5: 1/1	Map 6: 32(+1)/35	Map 7: 1/1	Map 8: 1(+5)/39	Map 9: 1/1	Reducer 3: 0/14	Reducer 4: 0/1	
Map 1: 27(+8)/50	Map 10: 1/1	Map 11: 1/1	Map 5: 1/1	Map 6: 33(+0)/35	Map 7: 1/1	Map 8: 1(+5)/39	Map 9: 1/1	Reducer 3: 0/14	Reducer 4: 0/1	
Map 1: 27(+8)/50	Map 10: 1/1	Map 11: 1/1	Map 5: 1/1	Map 6: 33(+0)/35	Map 7: 1/1	Map 8: 1(+6)/39	Map 9: 1/1	Reducer 3: 0/14	Reducer 4: 0/1	
Map 1: 28(+7)/50	Map 10: 1/1	Map 11: 1/1	Map 5: 1/1	Map 6: 33(+0)/35	Map 7: 1/1	Map 8: 1(+6)/39	Map 9: 1/1	Reducer 3: 0/14	Reducer 4: 0/1	
Map 1: 28(+8)/50	Map 10: 1/1	Map 11: 1/1	Map 5: 1/1	Map 6: 33(+0)/35	Map 7: 1/1	Map 8: 1(+6)/39	Map 9: 1/1	Reducer 3: 0/14	Reducer 4: 0/1	
Map 1: 28(+9)/50	Map 10: 1/1	Map 11: 1/1	Map 5: 1/1	Map 6: 33(+0)/35	Map 7: 1/1	Map 8: 1(+6)/39	Map 9: 1/1	Reducer 3: 0/14	Reducer 4: 0/1	
Map 1: 28(+10)/50	Map 10: 1/1	Map 11: 1/1	Map 5: 1/1	Map 6: 33(+0)/35	Map 7: 1/1	Map 8: 1(+6)/39	Map 9: 1/1	Reducer 3: 0/14	Reducer 4: 0/1	
Map 1: 29(+9)/50	Map 10: 1/1	Map 11: 1/1	Map 5: 1/1	Map 6: 33(+0)/35	Map 7: 1/1	Map 8: 1(+6)/39	Map 9: 1/1	Reducer 3: 0/14	Reducer 4: 0/1	
Map 1: 30(+8)/50	Map 10: 1/1	Map 11: 1/1	Map 5: 1/1	Map 6: 33(+0)/35	Map 7: 1/1	Map 8: 1(+6)/39	Map 9: 1/1	Reducer 3: 0/14	Reducer 4: 0/1	
Map 1: 30(+9)/50	Map 10: 1/1	Map 11: 1/1	Map 5: 1/1	Map 6: 33(+0)/35	Map 7: 1/1	Map 8: 1(+6)/39	Map 9: 1/1	Reducer 3: 0/14	Reducer 4: 0/1	
Map 1: 30(+9)/50	Map 10: 1/1	Map 11: 1/1	Map 5: 1/1	Map 6: 33(+0)/35	Map 7: 1/1	Map 8: 1(+7)/39	Map 9: 1/1	Reducer 3: 0/14	Reducer 4: 0/1	
Map 1: 31(+8)/50	Map 10: 1/1	Map 11: 1/1	Map 5: 1/1	Map 6: 33(+0)/35	Map 7: 1/1	Map 8: 1(+7)/39	Map 9: 1/1	Reducer 3: 0/14	Reducer 4: 0/1	
Map 1: 32(+7)/50	Map 10: 1/1	Map 11: 1/1	Map 5: 1/1	Map 6: 33(+0)/35	Map 7: 1/1	Map 8: 1(+7)/39	Map 9: 1/1	Reducer 3: 0/14	Reducer 4: 0/1	
Map 1: 33(+6)/50	Map 10: 1/1	Map 11: 1/1	Map 5: 1/1	Map 6: 33(+0)/35	Map 7: 1/1	Map 8: 1(+7)/39	Map 9: 1/1	Reducer 3: 0/14	Reducer 4: 0/1	
Map 1: 34(+5)/50	Map 10: 1/1	Map 11: 1/1	Map 5: 1/1	Map 6: 33(+0)/35	Map 7: 1/1	Map 8: 1(+8)/39	Map 9: 1/1	Reducer 3: 0/14	Reducer 4: 0/1	
Map 1: 34(+6)/50	Map 10: 1/1	Map 11: 1/1	Map 5: 1/1	Map 6: 33(+0)/35	Map 7: 1/1	Map 8: 1(+8)/39	Map 9: 1/1	Reducer 3: 0/14	Reducer 4: 0/1	
Map 1: 34(+7)/50	Map 10: 1/1	Map 11: 1/1	Map 5: 1/1	Map 6: 33(+0)/35	Map 7: 1/1	Map 8: 1(+8)/39	Map 9: 1/1	Reducer 3: 0/14	Reducer 4: 0/1	
Map 1: 35(+6)/50	Map 10: 1/1	Map 11: 1/1	Map 5: 1/1	Map 6: 33(+0)/35	Map 7: 1/1	Map 8: 1(+8)/39	Map 9: 1/1	Reducer 3: 0/14	Reducer 4: 0/1	
Map 1: 35(+7)/50	Map 10: 1/1	Map 11: 1/1	Map 5: 1/1	Map 6: 33(+0)/35	Map 7: 1/1	Map 8: 1(+8)/39	Map 9: 1/1	Reducer 3: 0/14	Reducer 4: 0/1	
Map 1: 35(+8)/50	Map 10: 1/1	Map 11: 1/1	Map 5: 1/1	Map 6: 33(+0)/35	Map 7: 1/1	Map 8: 1(+8)/39	Map 9: 1/1	Reducer 3: 0/14	Reducer 4: 0/1	
Map 1: 36(+7)/50	Map 10: 1/1	Map 11: 1/1	Map 5: 1/1	Map 6: 33(+0)/35	Map 7: 1/1	Map 8: 1(+8)/39	Map 9: 1/1	Reducer 3: 0/14	Reducer 4: 0/1	
Map 1: 37(+6)/50	Map 10: 1/1	Map 11: 1/1	Map 5: 1/1	Map 6: 33(+0)/35	Map 7: 1/1	Map 8: 1(+8)/39	Map 9: 1/1	Reducer 3: 0/14	Reducer 4: 0/1	
Map 1: 38(+5)/50	Map 10: 1/1	Map 11: 1/1	Map 5: 1/1	Map 6: 33(+0)/35	Map 7: 1/1	Map 8: 1(+8)/39	Map 9: 1/1	Reducer 3: 0/14	Reducer 4: 0/1	
Map 1: 38(+6)/50	Map 10: 1/1	Map 11: 1/1	Map 5: 1/1	Map 6: 33(+0)/35	Map 7: 1/1	Map 8: 1(+8)/39	Map 9: 1/1	Reducer 3: 0/14	Reducer 4: 0/1	
Map 1: 38(+7)/50	Map 10: 1/1	Map 11: 1/1	Map 5: 1/1	Map 6: 33(+0)/35	Map 7: 1/1	Map 8: 1(+8)/39	Map 9: 1/1	Reducer 3: 0/14	Reducer 4: 0/1	
Map 1: 38(+8)/50	Map 10: 1/1	Map 11: 1/1	Map 5: 1/1	Map 6: 33(+0)/35	Map 7: 1/1	Map 8: 2(+7)/39	Map 9: 1/1	Reducer 3: 0/14	Reducer 4: 0/1	
Map 1: 39(+7)/50	Map 10: 1/1	Map 11: 1/1	Map 5: 1/1	Map 6: 33(+0)/35	Map 7: 1/1	Map 8: 2(+7)/39	Map 9: 1/1	Reducer 3: 0/14	Reducer 4: 0/1	
Map 1: 39(+7)/50	Map 10: 1/1	Map 11: 1/1	Map 5: 1/1	Map 6: 33(+0)/35	Map 7: 1/1	Map 8: 2(+8)/39	Map 9: 1/1	Reducer 3: 0/14	Reducer 4: 0/1	
Map 1: 39(+7)/50	Map 10: 1/1	Map 11: 1/1	Map 5: 1/1	Map 6: 33(+0)/35	Map 7: 1/1	Map 8: 3(+7)/39	Map 9: 1/1	Reducer 3: 0/14	Reducer 4: 0/1	
Map 1: 39(+8)/50	Map 10: 1/1	Map 11: 1/1	Map 5: 1/1	Map 6: 33(+0)/35	Map 7: 1/1	Map 8: 3(+7)/39	Map 9: 1/1	Reducer 3: 0/14	Reducer 4: 0/1	
Map 1: 40(+7)/50	Map 10: 1/1	Map 11: 1/1	Map 5: 1/1	Map 6: 33(+0)/35	Map 7: 1/1	Map 8: 3(+7)/39	Map 9: 1/1	Reducer 3: 0/14	Reducer 4: 0/1	
Map 1: 41(+6)/50	Map 10: 1/1	Map 11: 1/1	Map 5: 1/1	Map 6: 33(+0)/35	Map 7: 1/1	Map 8: 3(+7)/39	Map 9: 1/1	Reducer 3: 0/14	Reducer 4: 0/1	
Map 1: 41(+6)/50	Map 10: 1/1	Map 11: 1/1	Map 5: 1/1	Map 6: 33(+1)/35	Map 7: 1/1	Map 8: 3(+7)/39	Map 9: 1/1	Reducer 3: 0/14	Reducer 4: 0/1	
Map 1: 42(+5)/50	Map 10: 1/1	Map 11: 1/1	Map 5: 1/1	Map 6: 33(+1)/35	Map 7: 1/1	Map 8: 3(+7)/39	Map 9: 1/1	Reducer 3: 0/14	Reducer 4: 0/1	
Map 1: 42(+6)/50	Map 10: 1/1	Map 11: 1/1	Map 5: 1/1	Map 6: 33(+1)/35	Map 7: 1/1	Map 8: 3(+7)/39	Map 9: 1/1	Reducer 3: 0/14	Reducer 4: 0/1	
Map 1: 42(+6)/50	Map 10: 1/1	Map 11: 1/1	Map 5: 1/1	Map 6: 33(+1)/35	Map 7: 1/1	Map 8: 3(+8)/39	Map 9: 1/1	Reducer 3: 0/14	Reducer 4: 0/1	
Map 1: 42(+6)/50	Map 10: 1/1	Map 11: 1/1	Map 5: 1/1	Map 6: 33(+1)/35	Map 7: 1/1	Map 8: 4(+7)/39	Map 9: 1/1	Reducer 3: 0/14	Reducer 4: 0/1	
Map 1: 43(+6)/50	Map 10: 1/1	Map 11: 1/1	Map 5: 1/1	Map 6: 33(+1)/35	Map 7: 1/1	Map 8: 4(+7)/39	Map 9: 1/1	Reducer 3: 0/14	Reducer 4: 0/1	
Map 1: 43(+6)/50	Map 10: 1/1	Map 11: 1/1	Map 5: 1/1	Map 6: 33(+2)/35	Map 7: 1/1	Map 8: 4(+7)/39	Map 9: 1/1	Reducer 3: 0/14	Reducer 4: 0/1	
Map 1: 43(+6)/50	Map 10: 1/1	Map 11: 1/1	Map 5: 1/1	Map 6: 33(+2)/35	Map 7: 1/1	Map 8: 4(+8)/39	Map 9: 1/1	Reducer 3: 0/14	Reducer 4: 0/1	
Map 1: 44(+5)/50	Map 10: 1/1	Map 11: 1/1	Map 5: 1/1	Map 6: 33(+2)/35	Map 7: 1/1	Map 8: 4(+8)/39	Map 9: 1/1	Reducer 3: 0/14	Reducer 4: 0/1	
Map 1: 45(+4)/50	Map 10: 1/1	Map 11: 1/1	Map 5: 1/1	Map 6: 33(+2)/35	Map 7: 1/1	Map 8: 4(+8)/39	Map 9: 1/1	Reducer 3: 0/14	Reducer 4: 0/1	
Map 1: 45(+5)/50	Map 10: 1/1	Map 11: 1/1	Map 5: 1/1	Map 6: 33(+2)/35	Map 7: 1/1	Map 8: 4(+8)/39	Map 9: 1/1	Reducer 3: 0/14	Reducer 4: 0/1	
Map 1: 45(+5)/50	Map 10: 1/1	Map 11: 1/1	Map 5: 1/1	Map 6: 33(+2)/35	Map 7: 1/1	Map 8: 4(+9)/39	Map 9: 1/1	Reducer 3: 0/14	Reducer 4: 0/1	
Map 1: 46(+4)/50	Map 10: 1/1	Map 11: 1/1	Map 5: 1/1	Map 6: 33(+2)/35	Map 7: 1/1	Map 8: 4(+9)/39	Map 9: 1/1	Reducer 3: 0/14	Reducer 4: 0/1	
Map 1: 46(+4)/50	Map 10: 1/1	Map 11: 1/1	Map 5: 1/1	Map 6: 33(+2)/35	Map 7: 1/1	Map 8: 4(+10)/39	Map 9: 1/1	Reducer 3: 0/14	Reducer 4: 0/1	
Map 1: 47(+3)/50	Map 10: 1/1	Map 11: 1/1	Map 5: 1/1	Map 6: 33(+2)/35	Map 7: 1/1	Map 8: 4(+10)/39	Map 9: 1/1	Reducer 3: 0/14	Reducer 4: 0/1	
Map 1: 47(+3)/50	Map 10: 1/1	Map 11: 1/1	Map 5: 1/1	Map 6: 33(+2)/35	Map 7: 1/1	Map 8: 4(+11)/39	Map 9: 1/1	Reducer 3: 0/14	Reducer 4: 0/1	
Map 1: 48(+2)/50	Map 10: 1/1	Map 11: 1/1	Map 5: 1/1	Map 6: 33(+2)/35	Map 7: 1/1	Map 8: 4(+11)/39	Map 9: 1/1	Reducer 3: 0/14	Reducer 4: 0/1	
Map 1: 49(+1)/50	Map 10: 1/1	Map 11: 1/1	Map 5: 1/1	Map 6: 33(+2)/35	Map 7: 1/1	Map 8: 4(+11)/39	Map 9: 1/1	Reducer 3: 0/14	Reducer 4: 0/1	
Map 1: 49(+1)/50	Map 10: 1/1	Map 11: 1/1	Map 5: 1/1	Map 6: 33(+2)/35	Map 7: 1/1	Map 8: 4(+12)/39	Map 9: 1/1	Reducer 3: 0/14	Reducer 4: 0/1	
Map 1: 49(+1)/50	Map 10: 1/1	Map 11: 1/1	Map 5: 1/1	Map 6: 33(+2)/35	Map 7: 1/1	Map 8: 5(+11)/39	Map 9: 1/1	Reducer 3: 0/14	Reducer 4: 0/1	
Map 1: 49(+1)/50	Map 10: 1/1	Map 11: 1/1	Map 5: 1/1	Map 6: 33(+2)/35	Map 7: 1/1	Map 8: 5(+12)/39	Map 9: 1/1	Reducer 3: 0/14	Reducer 4: 0/1	
Map 1: 49(+1)/50	Map 10: 1/1	Map 11: 1/1	Map 5: 1/1	Map 6: 33(+2)/35	Map 7: 1/1	Map 8: 5(+13)/39	Map 9: 1/1	Reducer 3: 0/14	Reducer 4: 0/1	
Map 1: 49(+1)/50	Map 10: 1/1	Map 11: 1/1	Map 5: 1/1	Map 6: 34(+1)/35	Map 7: 1/1	Map 8: 6(+12)/39	Map 9: 1/1	Reducer 3: 0/14	Reducer 4: 0/1	
Map 1: 49(+1)/50	Map 10: 1/1	Map 11: 1/1	Map 5: 1/1	Map 6: 34(+1)/35	Map 7: 1/1	Map 8: 6(+13)/39	Map 9: 1/1	Reducer 3: 0/14	Reducer 4: 0/1	
Map 1: 50/50	Map 10: 1/1	Map 11: 1/1	Map 5: 1/1	Map 6: 34(+1)/35	Map 7: 1/1	Map 8: 6(+13)/39	Map 9: 1/1	Reducer 3: 0/14	Reducer 4: 0/1	
Map 1: 50/50	Map 10: 1/1	Map 11: 1/1	Map 5: 1/1	Map 6: 34(+1)/35	Map 7: 1/1	Map 8: 6(+14)/39	Map 9: 1/1	Reducer 3: 0/14	Reducer 4: 0/1	
Map 1: 50/50	Map 10: 1/1	Map 11: 1/1	Map 5: 1/1	Map 6: 34(+1)/35	Map 7: 1/1	Map 8: 6(+15)/39	Map 9: 1/1	Reducer 3: 0/14	Reducer 4: 0/1	
Map 1: 50/50	Map 10: 1/1	Map 11: 1/1	Map 5: 1/1	Map 6: 34(+1)/35	Map 7: 1/1	Map 8: 6(+15)/39	Map 9: 1/1	Reducer 3: 0/14	Reducer 4: 0/1	
Map 1: 50/50	Map 10: 1/1	Map 11: 1/1	Map 5: 1/1	Map 6: 34(+1)/35	Map 7: 1/1	Map 8: 7(+14)/39	Map 9: 1/1	Reducer 3: 0/14	Reducer 4: 0/1	
Map 1: 50/50	Map 10: 1/1	Map 11: 1/1	Map 5: 1/1	Map 6: 34(+1)/35	Map 7: 1/1	Map 8: 8(+13)/39	Map 9: 1/1	Reducer 3: 0/14	Reducer 4: 0/1	
Map 1: 50/50	Map 10: 1/1	Map 11: 1/1	Map 5: 1/1	Map 6: 34(+1)/35	Map 7: 1/1	Map 8: 8(+14)/39	Map 9: 1/1	Reducer 3: 0/14	Reducer 4: 0/1	
Map 1: 50/50	Map 10: 1/1	Map 11: 1/1	Map 5: 1/1	Map 6: 34(+1)/35	Map 7: 1/1	Map 8: 8(+15)/39	Map 9: 1/1	Reducer 3: 0/14	Reducer 4: 0/1	
Map 1: 50/50	Map 10: 1/1	Map 11: 1/1	Map 5: 1/1	Map 6: 34(+1)/35	Map 7: 1/1	Map 8: 8(+15)/39	Map 9: 1/1	Reducer 3: 0/14	Reducer 4: 0/1	
Map 1: 50/50	Map 10: 1/1	Map 11: 1/1	Map 5: 1/1	Map 6: 34(+1)/35	Map 7: 1/1	Map 8: 8(+15)/39	Map 9: 1/1	Reducer 3: 0/14	Reducer 4: 0/1	
Map 1: 50/50	Map 10: 1/1	Map 11: 1/1	Map 5: 1/1	Map 6: 34(+1)/35	Map 7: 1/1	Map 8: 8(+15)/39	Map 9: 1/1	Reducer 3: 0/14	Reducer 4: 0/1	
Map 1: 50/50	Map 10: 1/1	Map 11: 1/1	Map 5: 1/1	Map 6: 34(+1)/35	Map 7: 1/1	Map 8: 8(+15)/39	Map 9: 1/1	Reducer 3: 0/14	Reducer 4: 0/1	
Map 1: 50/50	Map 10: 1/1	Map 11: 1/1	Map 5: 1/1	Map 6: 34(+1)/35	Map 7: 1/1	Map 8: 8(+15)/39	Map 9: 1/1	Reducer 3: 0/14	Reducer 4: 0/1	
Map 1: 50/50	Map 10: 1/1	Map 11: 1/1	Map 5: 1/1	Map 6: 35/35	Map 7: 1/1	Map 8: 8(+15)/39	Map 9: 1/1	Reducer 3: 0/14	Reducer 4: 0/1	
Map 1: 50/50	Map 10: 1/1	Map 11: 1/1	Map 5: 1/1	Map 6: 35/35	Map 7: 1/1	Map 8: 9(+14)/39	Map 9: 1/1	Reducer 3: 0/14	Reducer 4: 0/1	
Map 1: 50/50	Map 10: 1/1	Map 11: 1/1	Map 5: 1/1	Map 6: 35/35	Map 7: 1/1	Map 8: 9(+15)/39	Map 9: 1/1	Reducer 3: 0/14	Reducer 4: 0/1	
Map 1: 50/50	Map 10: 1/1	Map 11: 1/1	Map 5: 1/1	Map 6: 35/35	Map 7: 1/1	Map 8: 9(+16)/39	Map 9: 1/1	Reducer 3: 0/14	Reducer 4: 0/1	
Map 1: 50/50	Map 10: 1/1	Map 11: 1/1	Map 5: 1/1	Map 6: 35/35	Map 7: 1/1	Map 8: 10(+15)/39	Map 9: 1/1	Reducer 3: 0/14	Reducer 4: 0/1	
Map 1: 50/50	Map 10: 1/1	Map 11: 1/1	Map 5: 1/1	Map 6: 35/35	Map 7: 1/1	Map 8: 10(+16)/39	Map 9: 1/1	Reducer 3: 0/14	Reducer 4: 0/1	
Map 1: 50/50	Map 10: 1/1	Map 11: 1/1	Map 5: 1/1	Map 6: 35/35	Map 7: 1/1	Map 8: 10(+16)/39	Map 9: 1/1	Reducer 3: 0/14	Reducer 4: 0/1	
Map 1: 50/50	Map 10: 1/1	Map 11: 1/1	Map 5: 1/1	Map 6: 35/35	Map 7: 1/1	Map 8: 11(+15)/39	Map 9: 1/1	Reducer 3: 0/14	Reducer 4: 0/1	
Map 1: 50/50	Map 10: 1/1	Map 11: 1/1	Map 5: 1/1	Map 6: 35/35	Map 7: 1/1	Map 8: 11(+16)/39	Map 9: 1/1	Reducer 3: 0/14	Reducer 4: 0/1	
Map 1: 50/50	Map 10: 1/1	Map 11: 1/1	Map 5: 1/1	Map 6: 35/35	Map 7: 1/1	Map 8: 11(+16)/39	Map 9: 1/1	Reducer 3: 0/14	Reducer 4: 0/1	
Map 1: 50/50	Map 10: 1/1	Map 11: 1/1	Map 5: 1/1	Map 6: 35/35	Map 7: 1/1	Map 8: 11(+16)/39	Map 9: 1/1	Reducer 3: 0/14	Reducer 4: 0/1	
Map 1: 50/50	Map 10: 1/1	Map 11: 1/1	Map 5: 1/1	Map 6: 35/35	Map 7: 1/1	Map 8: 12(+15)/39	Map 9: 1/1	Reducer 3: 0/14	Reducer 4: 0/1	
Map 1: 50/50	Map 10: 1/1	Map 11: 1/1	Map 5: 1/1	Map 6: 35/35	Map 7: 1/1	Map 8: 13(+14)/39	Map 9: 1/1	Reducer 3: 0/14	Reducer 4: 0/1	
Map 1: 50/50	Map 10: 1/1	Map 11: 1/1	Map 5: 1/1	Map 6: 35/35	Map 7: 1/1	Map 8: 13(+15)/39	Map 9: 1/1	Reducer 3: 0/14	Reducer 4: 0/1	
Map 1: 50/50	Map 10: 1/1	Map 11: 1/1	Map 5: 1/1	Map 6: 35/35	Map 7: 1/1	Map 8: 13(+16)/39	Map 9: 1/1	Reducer 3: 0/14	Reducer 4: 0/1	
Map 1: 50/50	Map 10: 1/1	Map 11: 1/1	Map 5: 1/1	Map 6: 35/35	Map 7: 1/1	Map 8: 13(+16)/39	Map 9: 1/1	Reducer 3: 0/14	Reducer 4: 0/1	
Map 1: 50/50	Map 10: 1/1	Map 11: 1/1	Map 5: 1/1	Map 6: 35/35	Map 7: 1/1	Map 8: 13(+16)/39	Map 9: 1/1	Reducer 3: 0/14	Reducer 4: 0/1	
Map 1: 50/50	Map 10: 1/1	Map 11: 1/1	Map 5: 1/1	Map 6: 35/35	Map 7: 1/1	Map 8: 13(+16)/39	Map 9: 1/1	Reducer 3: 0/14	Reducer 4: 0/1	
Map 1: 50/50	Map 10: 1/1	Map 11: 1/1	Map 5: 1/1	Map 6: 35/35	Map 7: 1/1	Map 8: 15(+14)/39	Map 9: 1/1	Reducer 3: 0/14	Reducer 4: 0/1	
Map 1: 50/50	Map 10: 1/1	Map 11: 1/1	Map 5: 1/1	Map 6: 35/35	Map 7: 1/1	Map 8: 15(+15)/39	Map 9: 1/1	Reducer 3: 0/14	Reducer 4: 0/1	
Map 1: 50/50	Map 10: 1/1	Map 11: 1/1	Map 5: 1/1	Map 6: 35/35	Map 7: 1/1	Map 8: 15(+16)/39	Map 9: 1/1	Reducer 3: 0/14	Reducer 4: 0/1	
Map 1: 50/50	Map 10: 1/1	Map 11: 1/1	Map 5: 1/1	Map 6: 35/35	Map 7: 1/1	Map 8: 16(+15)/39	Map 9: 1/1	Reducer 3: 0/14	Reducer 4: 0/1	
Map 1: 50/50	Map 10: 1/1	Map 11: 1/1	Map 5: 1/1	Map 6: 35/35	Map 7: 1/1	Map 8: 16(+16)/39	Map 9: 1/1	Reducer 3: 0/14	Reducer 4: 0/1	
Map 1: 50/50	Map 10: 1/1	Map 11: 1/1	Map 5: 1/1	Map 6: 35/35	Map 7: 1/1	Map 8: 17(+15)/39	Map 9: 1/1	Reducer 3: 0/14	Reducer 4: 0/1	
Map 1: 50/50	Map 10: 1/1	Map 11: 1/1	Map 5: 1/1	Map 6: 35/35	Map 7: 1/1	Map 8: 17(+16)/39	Map 9: 1/1	Reducer 3: 0/14	Reducer 4: 0/1	
Map 1: 50/50	Map 10: 1/1	Map 11: 1/1	Map 5: 1/1	Map 6: 35/35	Map 7: 1/1	Map 8: 18(+15)/39	Map 9: 1/1	Reducer 3: 0/14	Reducer 4: 0/1	
Map 1: 50/50	Map 10: 1/1	Map 11: 1/1	Map 5: 1/1	Map 6: 35/35	Map 7: 1/1	Map 8: 18(+16)/39	Map 9: 1/1	Reducer 3: 0/14	Reducer 4: 0/1	
Map 1: 50/50	Map 10: 1/1	Map 11: 1/1	Map 5: 1/1	Map 6: 35/35	Map 7: 1/1	Map 8: 19(+15)/39	Map 9: 1/1	Reducer 3: 0/14	Reducer 4: 0/1	
Map 1: 50/50	Map 10: 1/1	Map 11: 1/1	Map 5: 1/1	Map 6: 35/35	Map 7: 1/1	Map 8: 19(+16)/39	Map 9: 1/1	Reducer 3: 0/14	Reducer 4: 0/1	
Map 1: 50/50	Map 10: 1/1	Map 11: 1/1	Map 5: 1/1	Map 6: 35/35	Map 7: 1/1	Map 8: 19(+16)/39	Map 9: 1/1	Reducer 3: 0/14	Reducer 4: 0/1	
Map 1: 50/50	Map 10: 1/1	Map 11: 1/1	Map 5: 1/1	Map 6: 35/35	Map 7: 1/1	Map 8: 19(+16)/39	Map 9: 1/1	Reducer 3: 0/14	Reducer 4: 0/1	
Map 1: 50/50	Map 10: 1/1	Map 11: 1/1	Map 5: 1/1	Map 6: 35/35	Map 7: 1/1	Map 8: 20(+15)/39	Map 9: 1/1	Reducer 3: 0/14	Reducer 4: 0/1	
Map 1: 50/50	Map 10: 1/1	Map 11: 1/1	Map 5: 1/1	Map 6: 35/35	Map 7: 1/1	Map 8: 21(+14)/39	Map 9: 1/1	Reducer 3: 0/14	Reducer 4: 0/1	
Map 1: 50/50	Map 10: 1/1	Map 11: 1/1	Map 5: 1/1	Map 6: 35/35	Map 7: 1/1	Map 8: 22(+13)/39	Map 9: 1/1	Reducer 3: 0/14	Reducer 4: 0/1	
Map 1: 50/50	Map 10: 1/1	Map 11: 1/1	Map 5: 1/1	Map 6: 35/35	Map 7: 1/1	Map 8: 22(+15)/39	Map 9: 1/1	Reducer 3: 0/14	Reducer 4: 0/1	
Map 1: 50/50	Map 10: 1/1	Map 11: 1/1	Map 5: 1/1	Map 6: 35/35	Map 7: 1/1	Map 8: 23(+14)/39	Map 9: 1/1	Reducer 3: 0/14	Reducer 4: 0/1	
Map 1: 50/50	Map 10: 1/1	Map 11: 1/1	Map 5: 1/1	Map 6: 35/35	Map 7: 1/1	Map 8: 24(+13)/39	Map 9: 1/1	Reducer 3: 0/14	Reducer 4: 0/1	
Map 1: 50/50	Map 10: 1/1	Map 11: 1/1	Map 5: 1/1	Map 6: 35/35	Map 7: 1/1	Map 8: 24(+14)/39	Map 9: 1/1	Reducer 3: 0/14	Reducer 4: 0/1	
Map 1: 50/50	Map 10: 1/1	Map 11: 1/1	Map 5: 1/1	Map 6: 35/35	Map 7: 1/1	Map 8: 24(+15)/39	Map 9: 1/1	Reducer 3: 0/14	Reducer 4: 0/1	
Map 1: 50/50	Map 10: 1/1	Map 11: 1/1	Map 5: 1/1	Map 6: 35/35	Map 7: 1/1	Map 8: 24(+15)/39	Map 9: 1/1	Reducer 3: 0/14	Reducer 4: 0/1	
Map 1: 50/50	Map 10: 1/1	Map 11: 1/1	Map 5: 1/1	Map 6: 35/35	Map 7: 1/1	Map 8: 24(+15)/39	Map 9: 1/1	Reducer 3: 0/14	Reducer 4: 0/1	
Map 1: 50/50	Map 10: 1/1	Map 11: 1/1	Map 5: 1/1	Map 6: 35/35	Map 7: 1/1	Map 8: 24(+15)/39	Map 9: 1/1	Reducer 3: 0/14	Reducer 4: 0/1	
Map 1: 50/50	Map 10: 1/1	Map 11: 1/1	Map 5: 1/1	Map 6: 35/35	Map 7: 1/1	Map 8: 25(+14)/39	Map 9: 1/1	Reducer 3: 0/14	Reducer 4: 0/1	
Map 1: 50/50	Map 10: 1/1	Map 11: 1/1	Map 5: 1/1	Map 6: 35/35	Map 7: 1/1	Map 8: 25(+14)/39	Map 9: 1/1	Reducer 3: 0/14	Reducer 4: 0/1	
Map 1: 50/50	Map 10: 1/1	Map 11: 1/1	Map 5: 1/1	Map 6: 35/35	Map 7: 1/1	Map 8: 25(+14)/39	Map 9: 1/1	Reducer 3: 0/14	Reducer 4: 0/1	
Map 1: 50/50	Map 10: 1/1	Map 11: 1/1	Map 5: 1/1	Map 6: 35/35	Map 7: 1/1	Map 8: 25(+14)/39	Map 9: 1/1	Reducer 3: 0/14	Reducer 4: 0/1	
Map 1: 50/50	Map 10: 1/1	Map 11: 1/1	Map 5: 1/1	Map 6: 35/35	Map 7: 1/1	Map 8: 26(+13)/39	Map 9: 1/1	Reducer 3: 0/14	Reducer 4: 0/1	
Map 1: 50/50	Map 10: 1/1	Map 11: 1/1	Map 5: 1/1	Map 6: 35/35	Map 7: 1/1	Map 8: 26(+13)/39	Map 9: 1/1	Reducer 3: 0/14	Reducer 4: 0/1	
Map 1: 50/50	Map 10: 1/1	Map 11: 1/1	Map 5: 1/1	Map 6: 35/35	Map 7: 1/1	Map 8: 27(+12)/39	Map 9: 1/1	Reducer 3: 0/14	Reducer 4: 0/1	
Map 1: 50/50	Map 10: 1/1	Map 11: 1/1	Map 5: 1/1	Map 6: 35/35	Map 7: 1/1	Map 8: 27(+12)/39	Map 9: 1/1	Reducer 3: 0/14	Reducer 4: 0/1	
Map 1: 50/50	Map 10: 1/1	Map 11: 1/1	Map 5: 1/1	Map 6: 35/35	Map 7: 1/1	Map 8: 27(+12)/39	Map 9: 1/1	Reducer 3: 0/14	Reducer 4: 0/1	
Map 1: 50/50	Map 10: 1/1	Map 11: 1/1	Map 5: 1/1	Map 6: 35/35	Map 7: 1/1	Map 8: 28(+11)/39	Map 9: 1/1	Reducer 3: 0/14	Reducer 4: 0/1	
Map 1: 50/50	Map 10: 1/1	Map 11: 1/1	Map 5: 1/1	Map 6: 35/35	Map 7: 1/1	Map 8: 28(+11)/39	Map 9: 1/1	Reducer 3: 0/14	Reducer 4: 0/1	
Map 1: 50/50	Map 10: 1/1	Map 11: 1/1	Map 5: 1/1	Map 6: 35/35	Map 7: 1/1	Map 8: 29(+10)/39	Map 9: 1/1	Reducer 3: 0/14	Reducer 4: 0/1	
Map 1: 50/50	Map 10: 1/1	Map 11: 1/1	Map 5: 1/1	Map 6: 35/35	Map 7: 1/1	Map 8: 30(+9)/39	Map 9: 1/1	Reducer 3: 0/14	Reducer 4: 0/1	
Map 1: 50/50	Map 10: 1/1	Map 11: 1/1	Map 5: 1/1	Map 6: 35/35	Map 7: 1/1	Map 8: 30(+9)/39	Map 9: 1/1	Reducer 3: 0/14	Reducer 4: 0/1	
Map 1: 50/50	Map 10: 1/1	Map 11: 1/1	Map 5: 1/1	Map 6: 35/35	Map 7: 1/1	Map 8: 31(+8)/39	Map 9: 1/1	Reducer 3: 0/14	Reducer 4: 0/1	
Map 1: 50/50	Map 10: 1/1	Map 11: 1/1	Map 5: 1/1	Map 6: 35/35	Map 7: 1/1	Map 8: 31(+8)/39	Map 9: 1/1	Reducer 3: 0/14	Reducer 4: 0/1	
Map 1: 50/50	Map 10: 1/1	Map 11: 1/1	Map 5: 1/1	Map 6: 35/35	Map 7: 1/1	Map 8: 32(+7)/39	Map 9: 1/1	Reducer 3: 0/14	Reducer 4: 0/1	
Map 1: 50/50	Map 10: 1/1	Map 11: 1/1	Map 5: 1/1	Map 6: 35/35	Map 7: 1/1	Map 8: 33(+6)/39	Map 9: 1/1	Reducer 3: 0/14	Reducer 4: 0/1	
Map 1: 50/50	Map 10: 1/1	Map 11: 1/1	Map 5: 1/1	Map 6: 35/35	Map 7: 1/1	Map 8: 34(+5)/39	Map 9: 1/1	Reducer 3: 0/14	Reducer 4: 0/1	
Map 1: 50/50	Map 10: 1/1	Map 11: 1/1	Map 5: 1/1	Map 6: 35/35	Map 7: 1/1	Map 8: 35(+4)/39	Map 9: 1/1	Reducer 3: 0/14	Reducer 4: 0/1	
Map 1: 50/50	Map 10: 1/1	Map 11: 1/1	Map 5: 1/1	Map 6: 35/35	Map 7: 1/1	Map 8: 35(+4)/39	Map 9: 1/1	Reducer 3: 0/14	Reducer 4: 0/1	
Map 1: 50/50	Map 10: 1/1	Map 11: 1/1	Map 5: 1/1	Map 6: 35/35	Map 7: 1/1	Map 8: 36(+3)/39	Map 9: 1/1	Reducer 3: 0/14	Reducer 4: 0/1	
Map 1: 50/50	Map 10: 1/1	Map 11: 1/1	Map 5: 1/1	Map 6: 35/35	Map 7: 1/1	Map 8: 37(+2)/39	Map 9: 1/1	Reducer 3: 0/14	Reducer 4: 0/1	
Map 1: 50/50	Map 10: 1/1	Map 11: 1/1	Map 5: 1/1	Map 6: 35/35	Map 7: 1/1	Map 8: 38(+1)/39	Map 9: 1/1	Reducer 3: 0/14	Reducer 4: 0/1	
Map 1: 50/50	Map 10: 1/1	Map 11: 1/1	Map 5: 1/1	Map 6: 35/35	Map 7: 1/1	Map 8: 39/39	Map 9: 1/1	Reducer 3: 0/14	Reducer 4: 0/1	
Map 1: 50/50	Map 10: 1/1	Map 11: 1/1	Map 5: 1/1	Map 6: 35/35	Map 7: 1/1	Map 8: 39/39	Map 9: 1/1	Reducer 3: 0(+1)/14	Reducer 4: 0/1	
Map 1: 50/50	Map 10: 1/1	Map 11: 1/1	Map 5: 1/1	Map 6: 35/35	Map 7: 1/1	Map 8: 39/39	Map 9: 1/1	Reducer 3: 0(+2)/14	Reducer 4: 0/1	
Map 1: 50/50	Map 10: 1/1	Map 11: 1/1	Map 5: 1/1	Map 6: 35/35	Map 7: 1/1	Map 8: 39/39	Map 9: 1/1	Reducer 3: 0(+4)/14	Reducer 4: 0/1	
Map 1: 50/50	Map 10: 1/1	Map 11: 1/1	Map 5: 1/1	Map 6: 35/35	Map 7: 1/1	Map 8: 39/39	Map 9: 1/1	Reducer 3: 0(+5)/14	Reducer 4: 0/1	
Map 1: 50/50	Map 10: 1/1	Map 11: 1/1	Map 5: 1/1	Map 6: 35/35	Map 7: 1/1	Map 8: 39/39	Map 9: 1/1	Reducer 3: 0(+6)/14	Reducer 4: 0/1	
Map 1: 50/50	Map 10: 1/1	Map 11: 1/1	Map 5: 1/1	Map 6: 35/35	Map 7: 1/1	Map 8: 39/39	Map 9: 1/1	Reducer 3: 1(+5)/14	Reducer 4: 0/1	
Map 1: 50/50	Map 10: 1/1	Map 11: 1/1	Map 5: 1/1	Map 6: 35/35	Map 7: 1/1	Map 8: 39/39	Map 9: 1/1	Reducer 3: 1(+7)/14	Reducer 4: 0/1	
Map 1: 50/50	Map 10: 1/1	Map 11: 1/1	Map 5: 1/1	Map 6: 35/35	Map 7: 1/1	Map 8: 39/39	Map 9: 1/1	Reducer 3: 2(+7)/14	Reducer 4: 0/1	
Map 1: 50/50	Map 10: 1/1	Map 11: 1/1	Map 5: 1/1	Map 6: 35/35	Map 7: 1/1	Map 8: 39/39	Map 9: 1/1	Reducer 3: 3(+6)/14	Reducer 4: 0/1	
Map 1: 50/50	Map 10: 1/1	Map 11: 1/1	Map 5: 1/1	Map 6: 35/35	Map 7: 1/1	Map 8: 39/39	Map 9: 1/1	Reducer 3: 4(+5)/14	Reducer 4: 0/1	
Map 1: 50/50	Map 10: 1/1	Map 11: 1/1	Map 5: 1/1	Map 6: 35/35	Map 7: 1/1	Map 8: 39/39	Map 9: 1/1	Reducer 3: 4(+7)/14	Reducer 4: 0/1	
Map 1: 50/50	Map 10: 1/1	Map 11: 1/1	Map 5: 1/1	Map 6: 35/35	Map 7: 1/1	Map 8: 39/39	Map 9: 1/1	Reducer 3: 5(+7)/14	Reducer 4: 0/1	
Map 1: 50/50	Map 10: 1/1	Map 11: 1/1	Map 5: 1/1	Map 6: 35/35	Map 7: 1/1	Map 8: 39/39	Map 9: 1/1	Reducer 3: 5(+8)/14	Reducer 4: 0/1	
Map 1: 50/50	Map 10: 1/1	Map 11: 1/1	Map 5: 1/1	Map 6: 35/35	Map 7: 1/1	Map 8: 39/39	Map 9: 1/1	Reducer 3: 6(+7)/14	Reducer 4: 0/1	
Map 1: 50/50	Map 10: 1/1	Map 11: 1/1	Map 5: 1/1	Map 6: 35/35	Map 7: 1/1	Map 8: 39/39	Map 9: 1/1	Reducer 3: 7(+7)/14	Reducer 4: 0/1	
Map 1: 50/50	Map 10: 1/1	Map 11: 1/1	Map 5: 1/1	Map 6: 35/35	Map 7: 1/1	Map 8: 39/39	Map 9: 1/1	Reducer 3: 8(+6)/14	Reducer 4: 0/1	
Map 1: 50/50	Map 10: 1/1	Map 11: 1/1	Map 5: 1/1	Map 6: 35/35	Map 7: 1/1	Map 8: 39/39	Map 9: 1/1	Reducer 3: 9(+5)/14	Reducer 4: 0/1	
Map 1: 50/50	Map 10: 1/1	Map 11: 1/1	Map 5: 1/1	Map 6: 35/35	Map 7: 1/1	Map 8: 39/39	Map 9: 1/1	Reducer 3: 10(+4)/14	Reducer 4: 0/1	
Map 1: 50/50	Map 10: 1/1	Map 11: 1/1	Map 5: 1/1	Map 6: 35/35	Map 7: 1/1	Map 8: 39/39	Map 9: 1/1	Reducer 3: 11(+3)/14	Reducer 4: 0/1	
Map 1: 50/50	Map 10: 1/1	Map 11: 1/1	Map 5: 1/1	Map 6: 35/35	Map 7: 1/1	Map 8: 39/39	Map 9: 1/1	Reducer 3: 12(+2)/14	Reducer 4: 0/1	
Map 1: 50/50	Map 10: 1/1	Map 11: 1/1	Map 5: 1/1	Map 6: 35/35	Map 7: 1/1	Map 8: 39/39	Map 9: 1/1	Reducer 3: 13(+1)/14	Reducer 4: 0/1	
Map 1: 50/50	Map 10: 1/1	Map 11: 1/1	Map 5: 1/1	Map 6: 35/35	Map 7: 1/1	Map 8: 39/39	Map 9: 1/1	Reducer 3: 14/14	Reducer 4: 0/1	
Map 1: 50/50	Map 10: 1/1	Map 11: 1/1	Map 5: 1/1	Map 6: 35/35	Map 7: 1/1	Map 8: 39/39	Map 9: 1/1	Reducer 3: 14/14	Reducer 4: 0(+1)/1	
Map 1: 50/50	Map 10: 1/1	Map 11: 1/1	Map 5: 1/1	Map 6: 35/35	Map 7: 1/1	Map 8: 39/39	Map 9: 1/1	Reducer 3: 14/14	Reducer 4: 1/1	
OK
Time taken: 391.241 seconds, Fetched: 36951 row(s)
20.22user 1.55system 6:53.75elapsed 5%CPU (0avgtext+0avgdata 721952maxresident)k
113944inputs+5328outputs (110major+68001minor)pagefaults 0swaps
