
Logging initialized using configuration in jar:file:/home/ubuntu/software/hive-1.2.1/lib/hive-common-1.2.1.jar!/hive-log4j.properties
Hive history file=/tmp/ubuntu/hive_job_log_d686437c-f286-4892-a77e-aec40c83b9fb_775690538.txt
SLF4J: Class path contains multiple SLF4J bindings.
SLF4J: Found binding in [jar:file:/home/ubuntu/software/tez-0.7.1-SNAPSHOT-minimal/lib/slf4j-log4j12-1.7.5.jar!/org/slf4j/impl/StaticLoggerBinder.class]
SLF4J: Found binding in [jar:file:/home/ubuntu/software/hadoop-2.6.0/share/hadoop/common/lib/slf4j-log4j12-1.7.5.jar!/org/slf4j/impl/StaticLoggerBinder.class]
SLF4J: See http://www.slf4j.org/codes.html#multiple_bindings for an explanation.
SLF4J: Actual binding is of type [org.slf4j.impl.Log4jLoggerFactory]
OK
Time taken: 1.119 seconds
Query ID = ubuntu_20161002143529_3183d6d5-cabe-42ac-9b0e-5f3b24b107b0
Total jobs = 10
Stage-1 is selected by condition resolver.
Launching Job 1 out of 10
Number of reduce tasks not specified. Defaulting to jobconf value of: 5
In order to change the average load for a reducer (in bytes):
  set hive.exec.reducers.bytes.per.reducer=<number>
In order to limit the maximum number of reducers:
  set hive.exec.reducers.max=<number>
In order to set a constant number of reducers:
  set mapreduce.job.reduces=<number>
Starting Job = job_1475401111718_0224, Tracking URL = http://vm1:8088/proxy/application_1475401111718_0224/
Kill Command = /home/ubuntu/software/hadoop-2.6.0/bin/hadoop job  -kill job_1475401111718_0224
Hadoop job information for Stage-1: number of mappers: 82; number of reducers: 5
2016-10-02 14:35:40,679 Stage-1 map = 0%,  reduce = 0%
2016-10-02 14:35:54,438 Stage-1 map = 1%,  reduce = 0%, Cumulative CPU 71.24 sec
2016-10-02 14:35:56,521 Stage-1 map = 2%,  reduce = 0%, Cumulative CPU 79.5 sec
2016-10-02 14:35:57,560 Stage-1 map = 3%,  reduce = 0%, Cumulative CPU 89.7 sec
2016-10-02 14:35:59,645 Stage-1 map = 5%,  reduce = 0%, Cumulative CPU 99.01 sec
2016-10-02 14:36:00,692 Stage-1 map = 7%,  reduce = 0%, Cumulative CPU 108.67 sec
2016-10-02 14:36:04,847 Stage-1 map = 8%,  reduce = 0%, Cumulative CPU 128.83 sec
2016-10-02 14:36:05,919 Stage-1 map = 10%,  reduce = 0%, Cumulative CPU 138.7 sec
2016-10-02 14:36:07,026 Stage-1 map = 13%,  reduce = 0%, Cumulative CPU 153.61 sec
2016-10-02 14:36:09,108 Stage-1 map = 15%,  reduce = 0%, Cumulative CPU 185.17 sec
2016-10-02 14:36:10,184 Stage-1 map = 18%,  reduce = 0%, Cumulative CPU 207.06 sec
2016-10-02 14:36:11,252 Stage-1 map = 19%,  reduce = 0%, Cumulative CPU 212.87 sec
2016-10-02 14:36:13,381 Stage-1 map = 20%,  reduce = 0%, Cumulative CPU 215.73 sec
2016-10-02 14:36:22,766 Stage-1 map = 22%,  reduce = 0%, Cumulative CPU 295.85 sec
2016-10-02 14:36:23,812 Stage-1 map = 23%,  reduce = 0%, Cumulative CPU 300.63 sec
2016-10-02 14:36:26,922 Stage-1 map = 24%,  reduce = 0%, Cumulative CPU 321.38 sec
2016-10-02 14:36:27,958 Stage-1 map = 25%,  reduce = 0%, Cumulative CPU 327.16 sec
2016-10-02 14:36:29,017 Stage-1 map = 27%,  reduce = 0%, Cumulative CPU 338.68 sec
2016-10-02 14:36:30,072 Stage-1 map = 28%,  reduce = 0%, Cumulative CPU 346.28 sec
2016-10-02 14:36:31,131 Stage-1 map = 29%,  reduce = 0%, Cumulative CPU 355.62 sec
2016-10-02 14:36:32,188 Stage-1 map = 31%,  reduce = 0%, Cumulative CPU 377.5 sec
2016-10-02 14:36:33,242 Stage-1 map = 33%,  reduce = 0%, Cumulative CPU 384.44 sec
2016-10-02 14:36:34,288 Stage-1 map = 35%,  reduce = 0%, Cumulative CPU 400.91 sec
2016-10-02 14:36:35,354 Stage-1 map = 37%,  reduce = 0%, Cumulative CPU 411.26 sec
2016-10-02 14:36:37,459 Stage-1 map = 39%,  reduce = 0%, Cumulative CPU 424.79 sec
2016-10-02 14:36:44,920 Stage-1 map = 40%,  reduce = 0%, Cumulative CPU 460.49 sec
2016-10-02 14:36:47,003 Stage-1 map = 41%,  reduce = 0%, Cumulative CPU 486.66 sec
2016-10-02 14:36:49,067 Stage-1 map = 42%,  reduce = 0%, Cumulative CPU 510.76 sec
2016-10-02 14:36:50,109 Stage-1 map = 43%,  reduce = 0%, Cumulative CPU 520.88 sec
2016-10-02 14:36:53,242 Stage-1 map = 45%,  reduce = 0%, Cumulative CPU 540.48 sec
2016-10-02 14:36:54,287 Stage-1 map = 47%,  reduce = 0%, Cumulative CPU 546.14 sec
2016-10-02 14:36:55,339 Stage-1 map = 48%,  reduce = 0%, Cumulative CPU 552.21 sec
2016-10-02 14:36:56,380 Stage-1 map = 49%,  reduce = 0%, Cumulative CPU 565.53 sec
2016-10-02 14:36:57,431 Stage-1 map = 50%,  reduce = 0%, Cumulative CPU 573.69 sec
2016-10-02 14:36:58,469 Stage-1 map = 52%,  reduce = 0%, Cumulative CPU 588.41 sec
2016-10-02 14:36:59,514 Stage-1 map = 54%,  reduce = 0%, Cumulative CPU 605.87 sec
2016-10-02 14:37:00,582 Stage-1 map = 56%,  reduce = 0%, Cumulative CPU 619.13 sec
2016-10-02 14:37:01,642 Stage-1 map = 57%,  reduce = 0%, Cumulative CPU 627.41 sec
2016-10-02 14:37:02,684 Stage-1 map = 59%,  reduce = 0%, Cumulative CPU 641.84 sec
2016-10-02 14:37:06,905 Stage-1 map = 60%,  reduce = 0%, Cumulative CPU 655.26 sec
2016-10-02 14:37:12,150 Stage-1 map = 61%,  reduce = 0%, Cumulative CPU 692.42 sec
2016-10-02 14:37:15,288 Stage-1 map = 62%,  reduce = 0%, Cumulative CPU 727.93 sec
2016-10-02 14:37:16,337 Stage-1 map = 63%,  reduce = 0%, Cumulative CPU 739.69 sec
2016-10-02 14:37:17,388 Stage-1 map = 64%,  reduce = 0%, Cumulative CPU 744.27 sec
2016-10-02 14:37:19,471 Stage-1 map = 65%,  reduce = 0%, Cumulative CPU 755.95 sec
2016-10-02 14:37:20,503 Stage-1 map = 66%,  reduce = 0%, Cumulative CPU 761.24 sec
2016-10-02 14:37:22,619 Stage-1 map = 67%,  reduce = 0%, Cumulative CPU 772.69 sec
2016-10-02 14:37:23,647 Stage-1 map = 68%,  reduce = 0%, Cumulative CPU 779.22 sec
2016-10-02 14:37:24,675 Stage-1 map = 69%,  reduce = 0%, Cumulative CPU 786.38 sec
2016-10-02 14:37:25,725 Stage-1 map = 70%,  reduce = 0%, Cumulative CPU 794.38 sec
2016-10-02 14:37:26,754 Stage-1 map = 71%,  reduce = 0%, Cumulative CPU 803.15 sec
2016-10-02 14:37:27,779 Stage-1 map = 72%,  reduce = 0%, Cumulative CPU 812.28 sec
2016-10-02 14:37:29,828 Stage-1 map = 73%,  reduce = 0%, Cumulative CPU 820.2 sec
2016-10-02 14:37:30,871 Stage-1 map = 74%,  reduce = 0%, Cumulative CPU 828.91 sec
2016-10-02 14:37:33,986 Stage-1 map = 76%,  reduce = 0%, Cumulative CPU 848.65 sec
2016-10-02 14:37:35,023 Stage-1 map = 77%,  reduce = 0%, Cumulative CPU 852.65 sec
2016-10-02 14:37:36,051 Stage-1 map = 78%,  reduce = 0%, Cumulative CPU 860.11 sec
2016-10-02 14:37:38,147 Stage-1 map = 79%,  reduce = 0%, Cumulative CPU 882.85 sec
2016-10-02 14:37:39,185 Stage-1 map = 80%,  reduce = 0%, Cumulative CPU 887.97 sec
2016-10-02 14:37:41,284 Stage-1 map = 81%,  reduce = 0%, Cumulative CPU 913.27 sec
2016-10-02 14:37:43,405 Stage-1 map = 83%,  reduce = 0%, Cumulative CPU 924.73 sec
2016-10-02 14:37:44,457 Stage-1 map = 84%,  reduce = 0%, Cumulative CPU 934.68 sec
2016-10-02 14:37:45,531 Stage-1 map = 85%,  reduce = 0%, Cumulative CPU 945.19 sec
2016-10-02 14:37:46,581 Stage-1 map = 86%,  reduce = 0%, Cumulative CPU 956.7 sec
2016-10-02 14:37:49,678 Stage-1 map = 88%,  reduce = 0%, Cumulative CPU 989.44 sec
2016-10-02 14:37:51,747 Stage-1 map = 90%,  reduce = 0%, Cumulative CPU 1002.62 sec
2016-10-02 14:37:54,829 Stage-1 map = 91%,  reduce = 0%, Cumulative CPU 1020.09 sec
2016-10-02 14:37:55,860 Stage-1 map = 93%,  reduce = 0%, Cumulative CPU 1025.43 sec
2016-10-02 14:37:57,919 Stage-1 map = 94%,  reduce = 0%, Cumulative CPU 1036.05 sec
2016-10-02 14:37:58,954 Stage-1 map = 96%,  reduce = 0%, Cumulative CPU 1044.3 sec
2016-10-02 14:38:02,036 Stage-1 map = 97%,  reduce = 0%, Cumulative CPU 1056.19 sec
2016-10-02 14:38:04,090 Stage-1 map = 98%,  reduce = 0%, Cumulative CPU 1065.17 sec
2016-10-02 14:38:05,116 Stage-1 map = 99%,  reduce = 0%, Cumulative CPU 1073.04 sec
2016-10-02 14:38:07,164 Stage-1 map = 100%,  reduce = 0%, Cumulative CPU 1080.97 sec
2016-10-02 14:38:18,492 Stage-1 map = 100%,  reduce = 31%, Cumulative CPU 1111.31 sec
2016-10-02 14:38:19,520 Stage-1 map = 100%,  reduce = 39%, Cumulative CPU 1118.71 sec
2016-10-02 14:38:21,569 Stage-1 map = 100%,  reduce = 44%, Cumulative CPU 1130.89 sec
2016-10-02 14:38:22,595 Stage-1 map = 100%,  reduce = 45%, Cumulative CPU 1133.89 sec
2016-10-02 14:38:24,644 Stage-1 map = 100%,  reduce = 50%, Cumulative CPU 1145.99 sec
2016-10-02 14:38:25,670 Stage-1 map = 100%,  reduce = 51%, Cumulative CPU 1149.03 sec
2016-10-02 14:38:27,720 Stage-1 map = 100%,  reduce = 56%, Cumulative CPU 1161.23 sec
2016-10-02 14:38:28,745 Stage-1 map = 100%,  reduce = 57%, Cumulative CPU 1164.28 sec
2016-10-02 14:38:29,771 Stage-1 map = 100%,  reduce = 58%, Cumulative CPU 1167.32 sec
2016-10-02 14:38:30,799 Stage-1 map = 100%,  reduce = 62%, Cumulative CPU 1176.43 sec
2016-10-02 14:38:31,825 Stage-1 map = 100%,  reduce = 63%, Cumulative CPU 1179.48 sec
2016-10-02 14:38:32,856 Stage-1 map = 100%,  reduce = 64%, Cumulative CPU 1183.68 sec
2016-10-02 14:38:33,883 Stage-1 map = 100%,  reduce = 66%, Cumulative CPU 1195.27 sec
2016-10-02 14:38:34,909 Stage-1 map = 100%,  reduce = 67%, Cumulative CPU 1199.29 sec
2016-10-02 14:38:35,935 Stage-1 map = 100%,  reduce = 68%, Cumulative CPU 1205.64 sec
2016-10-02 14:38:36,962 Stage-1 map = 100%,  reduce = 69%, Cumulative CPU 1213.09 sec
2016-10-02 14:38:39,014 Stage-1 map = 100%,  reduce = 71%, Cumulative CPU 1225.83 sec
2016-10-02 14:38:41,062 Stage-1 map = 100%,  reduce = 72%, Cumulative CPU 1232.07 sec
2016-10-02 14:38:42,119 Stage-1 map = 100%,  reduce = 73%, Cumulative CPU 1244.53 sec
2016-10-02 14:38:44,169 Stage-1 map = 100%,  reduce = 74%, Cumulative CPU 1247.63 sec
2016-10-02 14:38:45,196 Stage-1 map = 100%,  reduce = 76%, Cumulative CPU 1259.96 sec
2016-10-02 14:38:48,269 Stage-1 map = 100%,  reduce = 78%, Cumulative CPU 1275.5 sec
2016-10-02 14:38:50,320 Stage-1 map = 100%,  reduce = 79%, Cumulative CPU 1278.59 sec
2016-10-02 14:38:51,346 Stage-1 map = 100%,  reduce = 81%, Cumulative CPU 1290.89 sec
2016-10-02 14:38:54,420 Stage-1 map = 100%,  reduce = 83%, Cumulative CPU 1306.31 sec
2016-10-02 14:38:57,492 Stage-1 map = 100%,  reduce = 85%, Cumulative CPU 1321.7 sec
2016-10-02 14:38:59,541 Stage-1 map = 100%,  reduce = 86%, Cumulative CPU 1324.76 sec
2016-10-02 14:39:00,566 Stage-1 map = 100%,  reduce = 88%, Cumulative CPU 1337.09 sec
2016-10-02 14:39:03,646 Stage-1 map = 100%,  reduce = 90%, Cumulative CPU 1352.46 sec
2016-10-02 14:39:06,732 Stage-1 map = 100%,  reduce = 92%, Cumulative CPU 1367.75 sec
2016-10-02 14:39:08,784 Stage-1 map = 100%,  reduce = 93%, Cumulative CPU 1370.82 sec
2016-10-02 14:39:09,816 Stage-1 map = 100%,  reduce = 95%, Cumulative CPU 1383.1 sec
2016-10-02 14:39:12,887 Stage-1 map = 100%,  reduce = 97%, Cumulative CPU 1398.54 sec
2016-10-02 14:39:14,936 Stage-1 map = 100%,  reduce = 98%, Cumulative CPU 1403.67 sec
2016-10-02 14:39:15,962 Stage-1 map = 100%,  reduce = 99%, Cumulative CPU 1413.21 sec
2016-10-02 14:39:18,012 Stage-1 map = 100%,  reduce = 100%, Cumulative CPU 1416.85 sec
MapReduce Total cumulative CPU time: 23 minutes 36 seconds 850 msec
Ended Job = job_1475401111718_0224
SLF4J: Class path contains multiple SLF4J bindings.
SLF4J: Found binding in [jar:file:/home/ubuntu/software/tez-0.7.1-SNAPSHOT-minimal/lib/slf4j-log4j12-1.7.5.jar!/org/slf4j/impl/StaticLoggerBinder.class]
SLF4J: Found binding in [jar:file:/home/ubuntu/software/hadoop-2.6.0/share/hadoop/common/lib/slf4j-log4j12-1.7.5.jar!/org/slf4j/impl/StaticLoggerBinder.class]
SLF4J: See http://www.slf4j.org/codes.html#multiple_bindings for an explanation.
SLF4J: Actual binding is of type [org.slf4j.impl.Log4jLoggerFactory]
Execution log at: /tmp/ubuntu/ubuntu_20161002143529_3183d6d5-cabe-42ac-9b0e-5f3b24b107b0.log
2016-10-02 14:39:22	Starting to launch local task to process map join;	maximum memory = 932184064
2016-10-02 14:39:23	Dump the side-table for tag: 1 with group count: 144 into file: file:/tmp/ubuntu/d686437c-f286-4892-a77e-aec40c83b9fb/hive_2016-10-02_14-35-29_335_8436695677375108358-1/-local-10017/HashTable-Stage-17/MapJoin-mapfile41--.hashtable
2016-10-02 14:39:23	Uploaded 1 File to: file:/tmp/ubuntu/d686437c-f286-4892-a77e-aec40c83b9fb/hive_2016-10-02_14-35-29_335_8436695677375108358-1/-local-10017/HashTable-Stage-17/MapJoin-mapfile41--.hashtable (13095 bytes)
2016-10-02 14:39:23	End of local task; Time Taken: 1.24 sec.
Execution completed successfully
MapredLocal task succeeded
Launching Job 2 out of 10
Number of reduce tasks is set to 0 since there's no reduce operator
Starting Job = job_1475401111718_0225, Tracking URL = http://vm1:8088/proxy/application_1475401111718_0225/
Kill Command = /home/ubuntu/software/hadoop-2.6.0/bin/hadoop job  -kill job_1475401111718_0225
Hadoop job information for Stage-17: number of mappers: 4; number of reducers: 0
2016-10-02 14:39:29,670 Stage-17 map = 0%,  reduce = 0%
2016-10-02 14:39:49,303 Stage-17 map = 25%,  reduce = 0%, Cumulative CPU 48.37 sec
2016-10-02 14:39:51,372 Stage-17 map = 75%,  reduce = 0%, Cumulative CPU 57.63 sec
2016-10-02 14:39:53,458 Stage-17 map = 88%,  reduce = 0%, Cumulative CPU 60.89 sec
2016-10-02 14:40:02,730 Stage-17 map = 100%,  reduce = 0%, Cumulative CPU 70.08 sec
MapReduce Total cumulative CPU time: 1 minutes 10 seconds 80 msec
Ended Job = job_1475401111718_0225
Stage-23 is selected by condition resolver.
Stage-24 is filtered out by condition resolver.
Stage-3 is filtered out by condition resolver.
SLF4J: Class path contains multiple SLF4J bindings.
SLF4J: Found binding in [jar:file:/home/ubuntu/software/tez-0.7.1-SNAPSHOT-minimal/lib/slf4j-log4j12-1.7.5.jar!/org/slf4j/impl/StaticLoggerBinder.class]
SLF4J: Found binding in [jar:file:/home/ubuntu/software/hadoop-2.6.0/share/hadoop/common/lib/slf4j-log4j12-1.7.5.jar!/org/slf4j/impl/StaticLoggerBinder.class]
SLF4J: See http://www.slf4j.org/codes.html#multiple_bindings for an explanation.
SLF4J: Actual binding is of type [org.slf4j.impl.Log4jLoggerFactory]
Execution log at: /tmp/ubuntu/ubuntu_20161002143529_3183d6d5-cabe-42ac-9b0e-5f3b24b107b0.log
2016-10-02 14:40:07	Starting to launch local task to process map join;	maximum memory = 932184064
2016-10-02 14:40:09	Dump the side-table for tag: 1 with group count: 73049 into file: file:/tmp/ubuntu/d686437c-f286-4892-a77e-aec40c83b9fb/hive_2016-10-02_14-35-29_335_8436695677375108358-1/-local-10013/HashTable-Stage-14/MapJoin-mapfile21--.hashtable
2016-10-02 14:40:09	Uploaded 1 File to: file:/tmp/ubuntu/d686437c-f286-4892-a77e-aec40c83b9fb/hive_2016-10-02_14-35-29_335_8436695677375108358-1/-local-10013/HashTable-Stage-14/MapJoin-mapfile21--.hashtable (1541779 bytes)
2016-10-02 14:40:09	End of local task; Time Taken: 1.785 sec.
Execution completed successfully
MapredLocal task succeeded
Launching Job 4 out of 10
Number of reduce tasks is set to 0 since there's no reduce operator
Starting Job = job_1475401111718_0226, Tracking URL = http://vm1:8088/proxy/application_1475401111718_0226/
Kill Command = /home/ubuntu/software/hadoop-2.6.0/bin/hadoop job  -kill job_1475401111718_0226
Hadoop job information for Stage-14: number of mappers: 4; number of reducers: 0
2016-10-02 14:40:16,149 Stage-14 map = 0%,  reduce = 0%
2016-10-02 14:40:34,716 Stage-14 map = 8%,  reduce = 0%, Cumulative CPU 46.58 sec
2016-10-02 14:40:37,804 Stage-14 map = 34%,  reduce = 0%, Cumulative CPU 58.25 sec
2016-10-02 14:40:40,887 Stage-14 map = 44%,  reduce = 0%, Cumulative CPU 69.84 sec
2016-10-02 14:40:43,992 Stage-14 map = 55%,  reduce = 0%, Cumulative CPU 81.51 sec
2016-10-02 14:40:47,092 Stage-14 map = 83%,  reduce = 0%, Cumulative CPU 91.29 sec
2016-10-02 14:40:51,213 Stage-14 map = 90%,  reduce = 0%, Cumulative CPU 99.3 sec
2016-10-02 14:40:54,293 Stage-14 map = 100%,  reduce = 0%, Cumulative CPU 104.09 sec
MapReduce Total cumulative CPU time: 1 minutes 44 seconds 90 msec
Ended Job = job_1475401111718_0226
Stage-21 is selected by condition resolver.
Stage-22 is filtered out by condition resolver.
Stage-4 is filtered out by condition resolver.
SLF4J: Class path contains multiple SLF4J bindings.
SLF4J: Found binding in [jar:file:/home/ubuntu/software/tez-0.7.1-SNAPSHOT-minimal/lib/slf4j-log4j12-1.7.5.jar!/org/slf4j/impl/StaticLoggerBinder.class]
SLF4J: Found binding in [jar:file:/home/ubuntu/software/hadoop-2.6.0/share/hadoop/common/lib/slf4j-log4j12-1.7.5.jar!/org/slf4j/impl/StaticLoggerBinder.class]
SLF4J: See http://www.slf4j.org/codes.html#multiple_bindings for an explanation.
SLF4J: Actual binding is of type [org.slf4j.impl.Log4jLoggerFactory]
Execution log at: /tmp/ubuntu/ubuntu_20161002143529_3183d6d5-cabe-42ac-9b0e-5f3b24b107b0.log
2016-10-02 14:40:59	Starting to launch local task to process map join;	maximum memory = 932184064
2016-10-02 14:41:00	Dump the side-table for tag: 1 with group count: 30 into file: file:/tmp/ubuntu/d686437c-f286-4892-a77e-aec40c83b9fb/hive_2016-10-02_14-35-29_335_8436695677375108358-1/-local-10009/HashTable-Stage-11/MapJoin-mapfile01--.hashtable
2016-10-02 14:41:00	Uploaded 1 File to: file:/tmp/ubuntu/d686437c-f286-4892-a77e-aec40c83b9fb/hive_2016-10-02_14-35-29_335_8436695677375108358-1/-local-10009/HashTable-Stage-11/MapJoin-mapfile01--.hashtable (893 bytes)
2016-10-02 14:41:00	End of local task; Time Taken: 1.414 sec.
Execution completed successfully
MapredLocal task succeeded
Launching Job 6 out of 10
Number of reduce tasks is set to 0 since there's no reduce operator
Starting Job = job_1475401111718_0227, Tracking URL = http://vm1:8088/proxy/application_1475401111718_0227/
Kill Command = /home/ubuntu/software/hadoop-2.6.0/bin/hadoop job  -kill job_1475401111718_0227
Hadoop job information for Stage-11: number of mappers: 4; number of reducers: 0
2016-10-02 14:41:06,110 Stage-11 map = 0%,  reduce = 0%
2016-10-02 14:41:18,584 Stage-11 map = 26%,  reduce = 0%, Cumulative CPU 23.33 sec
2016-10-02 14:41:21,700 Stage-11 map = 81%,  reduce = 0%, Cumulative CPU 34.62 sec
2016-10-02 14:41:23,754 Stage-11 map = 100%,  reduce = 0%, Cumulative CPU 38.34 sec
MapReduce Total cumulative CPU time: 38 seconds 340 msec
Ended Job = job_1475401111718_0227
Launching Job 7 out of 10
Number of reduce tasks not specified. Defaulting to jobconf value of: 5
In order to change the average load for a reducer (in bytes):
  set hive.exec.reducers.bytes.per.reducer=<number>
In order to limit the maximum number of reducers:
  set hive.exec.reducers.max=<number>
In order to set a constant number of reducers:
  set mapreduce.job.reduces=<number>
Starting Job = job_1475401111718_0228, Tracking URL = http://vm1:8088/proxy/application_1475401111718_0228/
Kill Command = /home/ubuntu/software/hadoop-2.6.0/bin/hadoop job  -kill job_1475401111718_0228
Hadoop job information for Stage-5: number of mappers: 1; number of reducers: 5
2016-10-02 14:41:30,701 Stage-5 map = 0%,  reduce = 0%
2016-10-02 14:41:35,884 Stage-5 map = 100%,  reduce = 0%, Cumulative CPU 1.25 sec
2016-10-02 14:41:41,056 Stage-5 map = 100%,  reduce = 40%, Cumulative CPU 3.69 sec
2016-10-02 14:41:42,092 Stage-5 map = 100%,  reduce = 80%, Cumulative CPU 6.16 sec
2016-10-02 14:41:43,127 Stage-5 map = 100%,  reduce = 100%, Cumulative CPU 7.4 sec
MapReduce Total cumulative CPU time: 7 seconds 400 msec
Ended Job = job_1475401111718_0228
Launching Job 8 out of 10
Number of reduce tasks determined at compile time: 1
In order to change the average load for a reducer (in bytes):
  set hive.exec.reducers.bytes.per.reducer=<number>
In order to limit the maximum number of reducers:
  set hive.exec.reducers.max=<number>
In order to set a constant number of reducers:
  set mapreduce.job.reduces=<number>
Starting Job = job_1475401111718_0229, Tracking URL = http://vm1:8088/proxy/application_1475401111718_0229/
Kill Command = /home/ubuntu/software/hadoop-2.6.0/bin/hadoop job  -kill job_1475401111718_0229
Hadoop job information for Stage-6: number of mappers: 4; number of reducers: 1
2016-10-02 14:41:49,979 Stage-6 map = 0%,  reduce = 0%
2016-10-02 14:41:57,268 Stage-6 map = 100%,  reduce = 0%, Cumulative CPU 5.1 sec
2016-10-02 14:42:03,420 Stage-6 map = 100%,  reduce = 100%, Cumulative CPU 6.53 sec
MapReduce Total cumulative CPU time: 6 seconds 530 msec
Ended Job = job_1475401111718_0229
MapReduce Jobs Launched: 
Stage-Stage-1: Map: 82  Reduce: 5   Cumulative CPU: 1416.85 sec   HDFS Read: 21844441959 HDFS Write: 490200654 SUCCESS
Stage-Stage-17: Map: 4   Cumulative CPU: 70.08 sec   HDFS Read: 490237823 HDFS Write: 1194922443 SUCCESS
Stage-Stage-14: Map: 4   Cumulative CPU: 104.09 sec   HDFS Read: 1194976164 HDFS Write: 1234832771 SUCCESS
Stage-Stage-11: Map: 4   Cumulative CPU: 38.34 sec   HDFS Read: 1234921876 HDFS Write: 27059 SUCCESS
Stage-Stage-5: Map: 1  Reduce: 5   Cumulative CPU: 7.4 sec   HDFS Read: 69474 HDFS Write: 7647 SUCCESS
Stage-Stage-6: Map: 4  Reduce: 1   Cumulative CPU: 6.53 sec   HDFS Read: 34171 HDFS Write: 6427 SUCCESS
Total MapReduce CPU Time Spent: 27 minutes 23 seconds 290 msec
OK
Time taken: 395.182 seconds, Fetched: 72 row(s)
48.49user 4.34system 6:43.06elapsed 13%CPU (0avgtext+0avgdata 1152912maxresident)k
114344inputs+472472outputs (110major+210147minor)pagefaults 0swaps
