
Logging initialized using configuration in jar:file:/home/ubuntu/software/hive-1.2.1/lib/hive-common-1.2.1.jar!/hive-log4j.properties
Hive history file=/tmp/ubuntu/hive_job_log_c7b60f3b-d1ed-4fb4-a57d-3c552084acbf_1405933329.txt
SLF4J: Class path contains multiple SLF4J bindings.
SLF4J: Found binding in [jar:file:/home/ubuntu/software/tez-0.7.1-SNAPSHOT-minimal/lib/slf4j-log4j12-1.7.5.jar!/org/slf4j/impl/StaticLoggerBinder.class]
SLF4J: Found binding in [jar:file:/home/ubuntu/software/hadoop-2.6.0/share/hadoop/common/lib/slf4j-log4j12-1.7.5.jar!/org/slf4j/impl/StaticLoggerBinder.class]
SLF4J: See http://www.slf4j.org/codes.html#multiple_bindings for an explanation.
SLF4J: Actual binding is of type [org.slf4j.impl.Log4jLoggerFactory]
OK
Time taken: 0.956 seconds
Query ID = ubuntu_20161002133524_5a23d62d-487b-4c6a-807e-657c5f375d8b
Total jobs = 1
Launching Job 1 out of 1


Status: Running (Executing on YARN cluster with App id application_1475401111718_0192)

Map 1: -/-	Map 5: -/-	Map 6: -/-	Map 7: -/-	Map 8: -/-	Reducer 2: 0/3	Reducer 3: 0/1	Reducer 4: 0/1	
Map 1: 0/39	Map 5: 0/50	Map 6: 0/1	Map 7: 0/1	Map 8: 0/1	Reducer 2: 0/3	Reducer 3: 0/1	Reducer 4: 0/1	
Map 1: 0/39	Map 5: 0/50	Map 6: 0(+1)/1	Map 7: 0/1	Map 8: 0/1	Reducer 2: 0/3	Reducer 3: 0/1	Reducer 4: 0/1	
Map 1: 0/39	Map 5: 0(+1)/50	Map 6: 0(+1)/1	Map 7: 0(+1)/1	Map 8: 0(+1)/1	Reducer 2: 0/3	Reducer 3: 0/1	Reducer 4: 0/1	
Map 1: 0/39	Map 5: 0(+1)/50	Map 6: 0(+1)/1	Map 7: 0(+1)/1	Map 8: 0(+1)/1	Reducer 2: 0/3	Reducer 3: 0/1	Reducer 4: 0/1	
Map 1: 0/39	Map 5: 0(+1)/50	Map 6: 1/1	Map 7: 0(+1)/1	Map 8: 0(+1)/1	Reducer 2: 0/3	Reducer 3: 0/1	Reducer 4: 0/1	
Map 1: 0/39	Map 5: 0(+2)/50	Map 6: 1/1	Map 7: 0(+1)/1	Map 8: 0(+1)/1	Reducer 2: 0/3	Reducer 3: 0/1	Reducer 4: 0/1	
Map 1: 0/39	Map 5: 0(+2)/50	Map 6: 1/1	Map 7: 0(+1)/1	Map 8: 1/1	Reducer 2: 0/3	Reducer 3: 0/1	Reducer 4: 0/1	
Map 1: 0/39	Map 5: 0(+3)/50	Map 6: 1/1	Map 7: 0(+1)/1	Map 8: 1/1	Reducer 2: 0/3	Reducer 3: 0/1	Reducer 4: 0/1	
Map 1: 0/39	Map 5: 0(+4)/50	Map 6: 1/1	Map 7: 1/1	Map 8: 1/1	Reducer 2: 0/3	Reducer 3: 0/1	Reducer 4: 0/1	
Map 1: 0/39	Map 5: 0(+8)/50	Map 6: 1/1	Map 7: 1/1	Map 8: 1/1	Reducer 2: 0/3	Reducer 3: 0/1	Reducer 4: 0/1	
Map 1: 0/39	Map 5: 0(+16)/50	Map 6: 1/1	Map 7: 1/1	Map 8: 1/1	Reducer 2: 0/3	Reducer 3: 0/1	Reducer 4: 0/1	
Map 1: 0/39	Map 5: 1(+15)/50	Map 6: 1/1	Map 7: 1/1	Map 8: 1/1	Reducer 2: 0/3	Reducer 3: 0/1	Reducer 4: 0/1	
Map 1: 0/39	Map 5: 1(+16)/50	Map 6: 1/1	Map 7: 1/1	Map 8: 1/1	Reducer 2: 0/3	Reducer 3: 0/1	Reducer 4: 0/1	
Map 1: 0/39	Map 5: 2(+16)/50	Map 6: 1/1	Map 7: 1/1	Map 8: 1/1	Reducer 2: 0/3	Reducer 3: 0/1	Reducer 4: 0/1	
Map 1: 0/39	Map 5: 3(+16)/50	Map 6: 1/1	Map 7: 1/1	Map 8: 1/1	Reducer 2: 0/3	Reducer 3: 0/1	Reducer 4: 0/1	
Map 1: 0/39	Map 5: 4(+15)/50	Map 6: 1/1	Map 7: 1/1	Map 8: 1/1	Reducer 2: 0/3	Reducer 3: 0/1	Reducer 4: 0/1	
Map 1: 0/39	Map 5: 4(+16)/50	Map 6: 1/1	Map 7: 1/1	Map 8: 1/1	Reducer 2: 0/3	Reducer 3: 0/1	Reducer 4: 0/1	
Map 1: 0/39	Map 5: 5(+15)/50	Map 6: 1/1	Map 7: 1/1	Map 8: 1/1	Reducer 2: 0/3	Reducer 3: 0/1	Reducer 4: 0/1	
Map 1: 0/39	Map 5: 5(+16)/50	Map 6: 1/1	Map 7: 1/1	Map 8: 1/1	Reducer 2: 0/3	Reducer 3: 0/1	Reducer 4: 0/1	
Map 1: 0/39	Map 5: 7(+16)/50	Map 6: 1/1	Map 7: 1/1	Map 8: 1/1	Reducer 2: 0/3	Reducer 3: 0/1	Reducer 4: 0/1	
Map 1: 0/39	Map 5: 8(+15)/50	Map 6: 1/1	Map 7: 1/1	Map 8: 1/1	Reducer 2: 0/3	Reducer 3: 0/1	Reducer 4: 0/1	
Map 1: 0/39	Map 5: 8(+16)/50	Map 6: 1/1	Map 7: 1/1	Map 8: 1/1	Reducer 2: 0/3	Reducer 3: 0/1	Reducer 4: 0/1	
Map 1: 0/39	Map 5: 9(+16)/50	Map 6: 1/1	Map 7: 1/1	Map 8: 1/1	Reducer 2: 0/3	Reducer 3: 0/1	Reducer 4: 0/1	
Map 1: 0/39	Map 5: 11(+15)/50	Map 6: 1/1	Map 7: 1/1	Map 8: 1/1	Reducer 2: 0/3	Reducer 3: 0/1	Reducer 4: 0/1	
Map 1: 0/39	Map 5: 11(+16)/50	Map 6: 1/1	Map 7: 1/1	Map 8: 1/1	Reducer 2: 0/3	Reducer 3: 0/1	Reducer 4: 0/1	
Map 1: 0(+1)/39	Map 5: 12(+15)/50	Map 6: 1/1	Map 7: 1/1	Map 8: 1/1	Reducer 2: 0/3	Reducer 3: 0/1	Reducer 4: 0/1	
Map 1: 0(+1)/39	Map 5: 13(+14)/50	Map 6: 1/1	Map 7: 1/1	Map 8: 1/1	Reducer 2: 0/3	Reducer 3: 0/1	Reducer 4: 0/1	
Map 1: 0(+2)/39	Map 5: 13(+14)/50	Map 6: 1/1	Map 7: 1/1	Map 8: 1/1	Reducer 2: 0/3	Reducer 3: 0/1	Reducer 4: 0/1	
Map 1: 0(+2)/39	Map 5: 17(+10)/50	Map 6: 1/1	Map 7: 1/1	Map 8: 1/1	Reducer 2: 0/3	Reducer 3: 0/1	Reducer 4: 0/1	
Map 1: 0(+3)/39	Map 5: 18(+11)/50	Map 6: 1/1	Map 7: 1/1	Map 8: 1/1	Reducer 2: 0/3	Reducer 3: 0/1	Reducer 4: 0/1	
Map 1: 0(+4)/39	Map 5: 22(+9)/50	Map 6: 1/1	Map 7: 1/1	Map 8: 1/1	Reducer 2: 0/3	Reducer 3: 0/1	Reducer 4: 0/1	
Map 1: 0(+4)/39	Map 5: 23(+11)/50	Map 6: 1/1	Map 7: 1/1	Map 8: 1/1	Reducer 2: 0/3	Reducer 3: 0/1	Reducer 4: 0/1	
Map 1: 0(+4)/39	Map 5: 27(+8)/50	Map 6: 1/1	Map 7: 1/1	Map 8: 1/1	Reducer 2: 0/3	Reducer 3: 0/1	Reducer 4: 0/1	
Map 1: 0(+4)/39	Map 5: 27(+12)/50	Map 6: 1/1	Map 7: 1/1	Map 8: 1/1	Reducer 2: 0/3	Reducer 3: 0/1	Reducer 4: 0/1	
Map 1: 0(+4)/39	Map 5: 28(+12)/50	Map 6: 1/1	Map 7: 1/1	Map 8: 1/1	Reducer 2: 0/3	Reducer 3: 0/1	Reducer 4: 0/1	
Map 1: 0(+4)/39	Map 5: 29(+12)/50	Map 6: 1/1	Map 7: 1/1	Map 8: 1/1	Reducer 2: 0/3	Reducer 3: 0/1	Reducer 4: 0/1	
Map 1: 0(+4)/39	Map 5: 32(+10)/50	Map 6: 1/1	Map 7: 1/1	Map 8: 1/1	Reducer 2: 0/3	Reducer 3: 0/1	Reducer 4: 0/1	
Map 1: 0(+7)/39	Map 5: 35(+9)/50	Map 6: 1/1	Map 7: 1/1	Map 8: 1/1	Reducer 2: 0/3	Reducer 3: 0/1	Reducer 4: 0/1	
Map 1: 0(+8)/39	Map 5: 37(+7)/50	Map 6: 1/1	Map 7: 1/1	Map 8: 1/1	Reducer 2: 0/3	Reducer 3: 0/1	Reducer 4: 0/1	
Map 1: 0(+8)/39	Map 5: 39(+8)/50	Map 6: 1/1	Map 7: 1/1	Map 8: 1/1	Reducer 2: 0/3	Reducer 3: 0/1	Reducer 4: 0/1	
Map 1: 0(+8)/39	Map 5: 40(+7)/50	Map 6: 1/1	Map 7: 1/1	Map 8: 1/1	Reducer 2: 0/3	Reducer 3: 0/1	Reducer 4: 0/1	
Map 1: 0(+8)/39	Map 5: 41(+7)/50	Map 6: 1/1	Map 7: 1/1	Map 8: 1/1	Reducer 2: 0/3	Reducer 3: 0/1	Reducer 4: 0/1	
Map 1: 0(+8)/39	Map 5: 42(+7)/50	Map 6: 1/1	Map 7: 1/1	Map 8: 1/1	Reducer 2: 0/3	Reducer 3: 0/1	Reducer 4: 0/1	
Map 1: 0(+9)/39	Map 5: 45(+5)/50	Map 6: 1/1	Map 7: 1/1	Map 8: 1/1	Reducer 2: 0/3	Reducer 3: 0/1	Reducer 4: 0/1	
Map 1: 0(+11)/39	Map 5: 46(+4)/50	Map 6: 1/1	Map 7: 1/1	Map 8: 1/1	Reducer 2: 0/3	Reducer 3: 0/1	Reducer 4: 0/1	
Map 1: 0(+12)/39	Map 5: 46(+4)/50	Map 6: 1/1	Map 7: 1/1	Map 8: 1/1	Reducer 2: 0/3	Reducer 3: 0/1	Reducer 4: 0/1	
Map 1: 0(+13)/39	Map 5: 47(+3)/50	Map 6: 1/1	Map 7: 1/1	Map 8: 1/1	Reducer 2: 0/3	Reducer 3: 0/1	Reducer 4: 0/1	
Map 1: 0(+13)/39	Map 5: 48(+2)/50	Map 6: 1/1	Map 7: 1/1	Map 8: 1/1	Reducer 2: 0/3	Reducer 3: 0/1	Reducer 4: 0/1	
Map 1: 0(+16)/39	Map 5: 50/50	Map 6: 1/1	Map 7: 1/1	Map 8: 1/1	Reducer 2: 0/3	Reducer 3: 0/1	Reducer 4: 0/1	
Map 1: 0(+16)/39	Map 5: 50/50	Map 6: 1/1	Map 7: 1/1	Map 8: 1/1	Reducer 2: 0/3	Reducer 3: 0/1	Reducer 4: 0/1	
Map 1: 0(+16)/39	Map 5: 50/50	Map 6: 1/1	Map 7: 1/1	Map 8: 1/1	Reducer 2: 0/3	Reducer 3: 0/1	Reducer 4: 0/1	
Map 1: 0(+16)/39	Map 5: 50/50	Map 6: 1/1	Map 7: 1/1	Map 8: 1/1	Reducer 2: 0/3	Reducer 3: 0/1	Reducer 4: 0/1	
Map 1: 0(+16)/39	Map 5: 50/50	Map 6: 1/1	Map 7: 1/1	Map 8: 1/1	Reducer 2: 0/3	Reducer 3: 0/1	Reducer 4: 0/1	
Map 1: 0(+16)/39	Map 5: 50/50	Map 6: 1/1	Map 7: 1/1	Map 8: 1/1	Reducer 2: 0/3	Reducer 3: 0/1	Reducer 4: 0/1	
Map 1: 0(+16)/39	Map 5: 50/50	Map 6: 1/1	Map 7: 1/1	Map 8: 1/1	Reducer 2: 0/3	Reducer 3: 0/1	Reducer 4: 0/1	
Map 1: 0(+16)/39	Map 5: 50/50	Map 6: 1/1	Map 7: 1/1	Map 8: 1/1	Reducer 2: 0/3	Reducer 3: 0/1	Reducer 4: 0/1	
Map 1: 0(+16)/39	Map 5: 50/50	Map 6: 1/1	Map 7: 1/1	Map 8: 1/1	Reducer 2: 0/3	Reducer 3: 0/1	Reducer 4: 0/1	
Map 1: 1(+16)/39	Map 5: 50/50	Map 6: 1/1	Map 7: 1/1	Map 8: 1/1	Reducer 2: 0/3	Reducer 3: 0/1	Reducer 4: 0/1	
Map 1: 1(+16)/39	Map 5: 50/50	Map 6: 1/1	Map 7: 1/1	Map 8: 1/1	Reducer 2: 0/3	Reducer 3: 0/1	Reducer 4: 0/1	
Map 1: 2(+16)/39	Map 5: 50/50	Map 6: 1/1	Map 7: 1/1	Map 8: 1/1	Reducer 2: 0/3	Reducer 3: 0/1	Reducer 4: 0/1	
Map 1: 3(+16)/39	Map 5: 50/50	Map 6: 1/1	Map 7: 1/1	Map 8: 1/1	Reducer 2: 0/3	Reducer 3: 0/1	Reducer 4: 0/1	
Map 1: 4(+16)/39	Map 5: 50/50	Map 6: 1/1	Map 7: 1/1	Map 8: 1/1	Reducer 2: 0/3	Reducer 3: 0/1	Reducer 4: 0/1	
Map 1: 5(+16)/39	Map 5: 50/50	Map 6: 1/1	Map 7: 1/1	Map 8: 1/1	Reducer 2: 0/3	Reducer 3: 0/1	Reducer 4: 0/1	
Map 1: 6(+16)/39	Map 5: 50/50	Map 6: 1/1	Map 7: 1/1	Map 8: 1/1	Reducer 2: 0/3	Reducer 3: 0/1	Reducer 4: 0/1	
Map 1: 7(+15)/39	Map 5: 50/50	Map 6: 1/1	Map 7: 1/1	Map 8: 1/1	Reducer 2: 0/3	Reducer 3: 0/1	Reducer 4: 0/1	
Map 1: 7(+14)/39	Map 5: 50/50	Map 6: 1/1	Map 7: 1/1	Map 8: 1/1	Reducer 2: 0/3	Reducer 3: 0/1	Reducer 4: 0/1	
Map 1: 8(+14)/39	Map 5: 50/50	Map 6: 1/1	Map 7: 1/1	Map 8: 1/1	Reducer 2: 0/3	Reducer 3: 0/1	Reducer 4: 0/1	
Map 1: 9(+14)/39	Map 5: 50/50	Map 6: 1/1	Map 7: 1/1	Map 8: 1/1	Reducer 2: 0/3	Reducer 3: 0/1	Reducer 4: 0/1	
Map 1: 9(+15)/39	Map 5: 50/50	Map 6: 1/1	Map 7: 1/1	Map 8: 1/1	Reducer 2: 0/3	Reducer 3: 0/1	Reducer 4: 0/1	
Map 1: 10(+15)/39	Map 5: 50/50	Map 6: 1/1	Map 7: 1/1	Map 8: 1/1	Reducer 2: 0/3	Reducer 3: 0/1	Reducer 4: 0/1	
Map 1: 11(+15)/39	Map 5: 50/50	Map 6: 1/1	Map 7: 1/1	Map 8: 1/1	Reducer 2: 0/3	Reducer 3: 0/1	Reducer 4: 0/1	
Map 1: 12(+15)/39	Map 5: 50/50	Map 6: 1/1	Map 7: 1/1	Map 8: 1/1	Reducer 2: 0/3	Reducer 3: 0/1	Reducer 4: 0/1	
Map 1: 13(+14)/39	Map 5: 50/50	Map 6: 1/1	Map 7: 1/1	Map 8: 1/1	Reducer 2: 0/3	Reducer 3: 0/1	Reducer 4: 0/1	
Map 1: 13(+15)/39	Map 5: 50/50	Map 6: 1/1	Map 7: 1/1	Map 8: 1/1	Reducer 2: 0/3	Reducer 3: 0/1	Reducer 4: 0/1	
Map 1: 13(+16)/39	Map 5: 50/50	Map 6: 1/1	Map 7: 1/1	Map 8: 1/1	Reducer 2: 0/3	Reducer 3: 0/1	Reducer 4: 0/1	
Map 1: 14(+16)/39	Map 5: 50/50	Map 6: 1/1	Map 7: 1/1	Map 8: 1/1	Reducer 2: 0/3	Reducer 3: 0/1	Reducer 4: 0/1	
Map 1: 15(+16)/39	Map 5: 50/50	Map 6: 1/1	Map 7: 1/1	Map 8: 1/1	Reducer 2: 0/3	Reducer 3: 0/1	Reducer 4: 0/1	
Map 1: 16(+16)/39	Map 5: 50/50	Map 6: 1/1	Map 7: 1/1	Map 8: 1/1	Reducer 2: 0/3	Reducer 3: 0/1	Reducer 4: 0/1	
Map 1: 16(+16)/39	Map 5: 50/50	Map 6: 1/1	Map 7: 1/1	Map 8: 1/1	Reducer 2: 0/3	Reducer 3: 0/1	Reducer 4: 0/1	
Map 1: 16(+16)/39	Map 5: 50/50	Map 6: 1/1	Map 7: 1/1	Map 8: 1/1	Reducer 2: 0/3	Reducer 3: 0/1	Reducer 4: 0/1	
Map 1: 16(+16)/39	Map 5: 50/50	Map 6: 1/1	Map 7: 1/1	Map 8: 1/1	Reducer 2: 0/3	Reducer 3: 0/1	Reducer 4: 0/1	
Map 1: 17(+15)/39	Map 5: 50/50	Map 6: 1/1	Map 7: 1/1	Map 8: 1/1	Reducer 2: 0/3	Reducer 3: 0/1	Reducer 4: 0/1	
Map 1: 17(+16)/39	Map 5: 50/50	Map 6: 1/1	Map 7: 1/1	Map 8: 1/1	Reducer 2: 0/3	Reducer 3: 0/1	Reducer 4: 0/1	
Map 1: 18(+15)/39	Map 5: 50/50	Map 6: 1/1	Map 7: 1/1	Map 8: 1/1	Reducer 2: 0/3	Reducer 3: 0/1	Reducer 4: 0/1	
Map 1: 18(+16)/39	Map 5: 50/50	Map 6: 1/1	Map 7: 1/1	Map 8: 1/1	Reducer 2: 0/3	Reducer 3: 0/1	Reducer 4: 0/1	
Map 1: 18(+16)/39	Map 5: 50/50	Map 6: 1/1	Map 7: 1/1	Map 8: 1/1	Reducer 2: 0/3	Reducer 3: 0/1	Reducer 4: 0/1	
Map 1: 18(+16)/39	Map 5: 50/50	Map 6: 1/1	Map 7: 1/1	Map 8: 1/1	Reducer 2: 0/3	Reducer 3: 0/1	Reducer 4: 0/1	
Map 1: 19(+16)/39	Map 5: 50/50	Map 6: 1/1	Map 7: 1/1	Map 8: 1/1	Reducer 2: 0/3	Reducer 3: 0/1	Reducer 4: 0/1	
Map 1: 20(+15)/39	Map 5: 50/50	Map 6: 1/1	Map 7: 1/1	Map 8: 1/1	Reducer 2: 0/3	Reducer 3: 0/1	Reducer 4: 0/1	
Map 1: 21(+14)/39	Map 5: 50/50	Map 6: 1/1	Map 7: 1/1	Map 8: 1/1	Reducer 2: 0/3	Reducer 3: 0/1	Reducer 4: 0/1	
Map 1: 21(+15)/39	Map 5: 50/50	Map 6: 1/1	Map 7: 1/1	Map 8: 1/1	Reducer 2: 0/3	Reducer 3: 0/1	Reducer 4: 0/1	
Map 1: 21(+16)/39	Map 5: 50/50	Map 6: 1/1	Map 7: 1/1	Map 8: 1/1	Reducer 2: 0/3	Reducer 3: 0/1	Reducer 4: 0/1	
Map 1: 21(+16)/39	Map 5: 50/50	Map 6: 1/1	Map 7: 1/1	Map 8: 1/1	Reducer 2: 0/3	Reducer 3: 0/1	Reducer 4: 0/1	
Map 1: 22(+15)/39	Map 5: 50/50	Map 6: 1/1	Map 7: 1/1	Map 8: 1/1	Reducer 2: 0/3	Reducer 3: 0/1	Reducer 4: 0/1	
Map 1: 23(+14)/39	Map 5: 50/50	Map 6: 1/1	Map 7: 1/1	Map 8: 1/1	Reducer 2: 0/3	Reducer 3: 0/1	Reducer 4: 0/1	
Map 1: 23(+15)/39	Map 5: 50/50	Map 6: 1/1	Map 7: 1/1	Map 8: 1/1	Reducer 2: 0/3	Reducer 3: 0/1	Reducer 4: 0/1	
Map 1: 24(+14)/39	Map 5: 50/50	Map 6: 1/1	Map 7: 1/1	Map 8: 1/1	Reducer 2: 0/3	Reducer 3: 0/1	Reducer 4: 0/1	
Map 1: 25(+13)/39	Map 5: 50/50	Map 6: 1/1	Map 7: 1/1	Map 8: 1/1	Reducer 2: 0/3	Reducer 3: 0/1	Reducer 4: 0/1	
Map 1: 25(+14)/39	Map 5: 50/50	Map 6: 1/1	Map 7: 1/1	Map 8: 1/1	Reducer 2: 0/3	Reducer 3: 0/1	Reducer 4: 0/1	
Map 1: 26(+13)/39	Map 5: 50/50	Map 6: 1/1	Map 7: 1/1	Map 8: 1/1	Reducer 2: 0/3	Reducer 3: 0/1	Reducer 4: 0/1	
Map 1: 26(+13)/39	Map 5: 50/50	Map 6: 1/1	Map 7: 1/1	Map 8: 1/1	Reducer 2: 0/3	Reducer 3: 0/1	Reducer 4: 0/1	
Map 1: 27(+12)/39	Map 5: 50/50	Map 6: 1/1	Map 7: 1/1	Map 8: 1/1	Reducer 2: 0/3	Reducer 3: 0/1	Reducer 4: 0/1	
Map 1: 27(+12)/39	Map 5: 50/50	Map 6: 1/1	Map 7: 1/1	Map 8: 1/1	Reducer 2: 0/3	Reducer 3: 0/1	Reducer 4: 0/1	
Map 1: 27(+12)/39	Map 5: 50/50	Map 6: 1/1	Map 7: 1/1	Map 8: 1/1	Reducer 2: 0/3	Reducer 3: 0/1	Reducer 4: 0/1	
Map 1: 28(+11)/39	Map 5: 50/50	Map 6: 1/1	Map 7: 1/1	Map 8: 1/1	Reducer 2: 0/3	Reducer 3: 0/1	Reducer 4: 0/1	
Map 1: 29(+10)/39	Map 5: 50/50	Map 6: 1/1	Map 7: 1/1	Map 8: 1/1	Reducer 2: 0/3	Reducer 3: 0/1	Reducer 4: 0/1	
Map 1: 30(+9)/39	Map 5: 50/50	Map 6: 1/1	Map 7: 1/1	Map 8: 1/1	Reducer 2: 0/3	Reducer 3: 0/1	Reducer 4: 0/1	
Map 1: 31(+8)/39	Map 5: 50/50	Map 6: 1/1	Map 7: 1/1	Map 8: 1/1	Reducer 2: 0/3	Reducer 3: 0/1	Reducer 4: 0/1	
Map 1: 32(+7)/39	Map 5: 50/50	Map 6: 1/1	Map 7: 1/1	Map 8: 1/1	Reducer 2: 0/3	Reducer 3: 0/1	Reducer 4: 0/1	
Map 1: 33(+6)/39	Map 5: 50/50	Map 6: 1/1	Map 7: 1/1	Map 8: 1/1	Reducer 2: 0/3	Reducer 3: 0/1	Reducer 4: 0/1	
Map 1: 34(+5)/39	Map 5: 50/50	Map 6: 1/1	Map 7: 1/1	Map 8: 1/1	Reducer 2: 0/3	Reducer 3: 0/1	Reducer 4: 0/1	
Map 1: 35(+4)/39	Map 5: 50/50	Map 6: 1/1	Map 7: 1/1	Map 8: 1/1	Reducer 2: 0/3	Reducer 3: 0/1	Reducer 4: 0/1	
Map 1: 36(+3)/39	Map 5: 50/50	Map 6: 1/1	Map 7: 1/1	Map 8: 1/1	Reducer 2: 0/3	Reducer 3: 0/1	Reducer 4: 0/1	
Map 1: 37(+2)/39	Map 5: 50/50	Map 6: 1/1	Map 7: 1/1	Map 8: 1/1	Reducer 2: 0/3	Reducer 3: 0/1	Reducer 4: 0/1	
Map 1: 38(+1)/39	Map 5: 50/50	Map 6: 1/1	Map 7: 1/1	Map 8: 1/1	Reducer 2: 0/3	Reducer 3: 0/1	Reducer 4: 0/1	
Map 1: 39/39	Map 5: 50/50	Map 6: 1/1	Map 7: 1/1	Map 8: 1/1	Reducer 2: 0/3	Reducer 3: 0/1	Reducer 4: 0/1	
Map 1: 39/39	Map 5: 50/50	Map 6: 1/1	Map 7: 1/1	Map 8: 1/1	Reducer 2: 0(+3)/3	Reducer 3: 0/1	Reducer 4: 0/1	
Map 1: 39/39	Map 5: 50/50	Map 6: 1/1	Map 7: 1/1	Map 8: 1/1	Reducer 2: 0(+3)/3	Reducer 3: 0/1	Reducer 4: 0/1	
Map 1: 39/39	Map 5: 50/50	Map 6: 1/1	Map 7: 1/1	Map 8: 1/1	Reducer 2: 0(+3)/3	Reducer 3: 0/1	Reducer 4: 0/1	
Map 1: 39/39	Map 5: 50/50	Map 6: 1/1	Map 7: 1/1	Map 8: 1/1	Reducer 2: 0(+3)/3	Reducer 3: 0/1	Reducer 4: 0/1	
Map 1: 39/39	Map 5: 50/50	Map 6: 1/1	Map 7: 1/1	Map 8: 1/1	Reducer 2: 0(+3)/3	Reducer 3: 0/1	Reducer 4: 0/1	
Map 1: 39/39	Map 5: 50/50	Map 6: 1/1	Map 7: 1/1	Map 8: 1/1	Reducer 2: 0(+3)/3	Reducer 3: 0/1	Reducer 4: 0/1	
Map 1: 39/39	Map 5: 50/50	Map 6: 1/1	Map 7: 1/1	Map 8: 1/1	Reducer 2: 0(+3)/3	Reducer 3: 0/1	Reducer 4: 0/1	
Map 1: 39/39	Map 5: 50/50	Map 6: 1/1	Map 7: 1/1	Map 8: 1/1	Reducer 2: 0(+3)/3	Reducer 3: 0/1	Reducer 4: 0/1	
Map 1: 39/39	Map 5: 50/50	Map 6: 1/1	Map 7: 1/1	Map 8: 1/1	Reducer 2: 0(+3)/3	Reducer 3: 0/1	Reducer 4: 0/1	
Map 1: 39/39	Map 5: 50/50	Map 6: 1/1	Map 7: 1/1	Map 8: 1/1	Reducer 2: 0(+3)/3	Reducer 3: 0/1	Reducer 4: 0/1	
Map 1: 39/39	Map 5: 50/50	Map 6: 1/1	Map 7: 1/1	Map 8: 1/1	Reducer 2: 0(+3)/3	Reducer 3: 0/1	Reducer 4: 0/1	
Map 1: 39/39	Map 5: 50/50	Map 6: 1/1	Map 7: 1/1	Map 8: 1/1	Reducer 2: 0(+3)/3	Reducer 3: 0/1	Reducer 4: 0/1	
Map 1: 39/39	Map 5: 50/50	Map 6: 1/1	Map 7: 1/1	Map 8: 1/1	Reducer 2: 0(+3)/3	Reducer 3: 0/1	Reducer 4: 0/1	
Map 1: 39/39	Map 5: 50/50	Map 6: 1/1	Map 7: 1/1	Map 8: 1/1	Reducer 2: 0(+3)/3	Reducer 3: 0/1	Reducer 4: 0/1	
Map 1: 39/39	Map 5: 50/50	Map 6: 1/1	Map 7: 1/1	Map 8: 1/1	Reducer 2: 0(+3)/3	Reducer 3: 0/1	Reducer 4: 0/1	
Map 1: 39/39	Map 5: 50/50	Map 6: 1/1	Map 7: 1/1	Map 8: 1/1	Reducer 2: 0(+3)/3	Reducer 3: 0/1	Reducer 4: 0/1	
Map 1: 39/39	Map 5: 50/50	Map 6: 1/1	Map 7: 1/1	Map 8: 1/1	Reducer 2: 0(+3)/3	Reducer 3: 0/1	Reducer 4: 0/1	
Map 1: 39/39	Map 5: 50/50	Map 6: 1/1	Map 7: 1/1	Map 8: 1/1	Reducer 2: 0(+3)/3	Reducer 3: 0/1	Reducer 4: 0/1	
Map 1: 39/39	Map 5: 50/50	Map 6: 1/1	Map 7: 1/1	Map 8: 1/1	Reducer 2: 0(+3)/3	Reducer 3: 0/1	Reducer 4: 0/1	
Map 1: 39/39	Map 5: 50/50	Map 6: 1/1	Map 7: 1/1	Map 8: 1/1	Reducer 2: 0(+3)/3	Reducer 3: 0/1	Reducer 4: 0/1	
Map 1: 39/39	Map 5: 50/50	Map 6: 1/1	Map 7: 1/1	Map 8: 1/1	Reducer 2: 0(+3)/3	Reducer 3: 0/1	Reducer 4: 0/1	
Map 1: 39/39	Map 5: 50/50	Map 6: 1/1	Map 7: 1/1	Map 8: 1/1	Reducer 2: 0(+3)/3	Reducer 3: 0/1	Reducer 4: 0/1	
Map 1: 39/39	Map 5: 50/50	Map 6: 1/1	Map 7: 1/1	Map 8: 1/1	Reducer 2: 0(+3)/3	Reducer 3: 0/1	Reducer 4: 0/1	
Map 1: 39/39	Map 5: 50/50	Map 6: 1/1	Map 7: 1/1	Map 8: 1/1	Reducer 2: 0(+3)/3	Reducer 3: 0/1	Reducer 4: 0/1	
Map 1: 39/39	Map 5: 50/50	Map 6: 1/1	Map 7: 1/1	Map 8: 1/1	Reducer 2: 0(+3)/3	Reducer 3: 0/1	Reducer 4: 0/1	
Map 1: 39/39	Map 5: 50/50	Map 6: 1/1	Map 7: 1/1	Map 8: 1/1	Reducer 2: 0(+3)/3	Reducer 3: 0/1	Reducer 4: 0/1	
Map 1: 39/39	Map 5: 50/50	Map 6: 1/1	Map 7: 1/1	Map 8: 1/1	Reducer 2: 0(+3)/3	Reducer 3: 0/1	Reducer 4: 0/1	
Map 1: 39/39	Map 5: 50/50	Map 6: 1/1	Map 7: 1/1	Map 8: 1/1	Reducer 2: 0(+3)/3	Reducer 3: 0/1	Reducer 4: 0/1	
Map 1: 39/39	Map 5: 50/50	Map 6: 1/1	Map 7: 1/1	Map 8: 1/1	Reducer 2: 0(+3)/3	Reducer 3: 0/1	Reducer 4: 0/1	
Map 1: 39/39	Map 5: 50/50	Map 6: 1/1	Map 7: 1/1	Map 8: 1/1	Reducer 2: 0(+3)/3	Reducer 3: 0/1	Reducer 4: 0/1	
Map 1: 39/39	Map 5: 50/50	Map 6: 1/1	Map 7: 1/1	Map 8: 1/1	Reducer 2: 0(+3)/3	Reducer 3: 0/1	Reducer 4: 0/1	
Map 1: 39/39	Map 5: 50/50	Map 6: 1/1	Map 7: 1/1	Map 8: 1/1	Reducer 2: 0(+3)/3	Reducer 3: 0/1	Reducer 4: 0/1	
Map 1: 39/39	Map 5: 50/50	Map 6: 1/1	Map 7: 1/1	Map 8: 1/1	Reducer 2: 0(+3)/3	Reducer 3: 0/1	Reducer 4: 0/1	
Map 1: 39/39	Map 5: 50/50	Map 6: 1/1	Map 7: 1/1	Map 8: 1/1	Reducer 2: 0(+3)/3	Reducer 3: 0/1	Reducer 4: 0/1	
Map 1: 39/39	Map 5: 50/50	Map 6: 1/1	Map 7: 1/1	Map 8: 1/1	Reducer 2: 0(+3)/3	Reducer 3: 0/1	Reducer 4: 0/1	
Map 1: 39/39	Map 5: 50/50	Map 6: 1/1	Map 7: 1/1	Map 8: 1/1	Reducer 2: 0(+3)/3	Reducer 3: 0/1	Reducer 4: 0/1	
Map 1: 39/39	Map 5: 50/50	Map 6: 1/1	Map 7: 1/1	Map 8: 1/1	Reducer 2: 0(+3)/3	Reducer 3: 0/1	Reducer 4: 0/1	
Map 1: 39/39	Map 5: 50/50	Map 6: 1/1	Map 7: 1/1	Map 8: 1/1	Reducer 2: 0(+3)/3	Reducer 3: 0/1	Reducer 4: 0/1	
Map 1: 39/39	Map 5: 50/50	Map 6: 1/1	Map 7: 1/1	Map 8: 1/1	Reducer 2: 0(+3)/3	Reducer 3: 0/1	Reducer 4: 0/1	
Map 1: 39/39	Map 5: 50/50	Map 6: 1/1	Map 7: 1/1	Map 8: 1/1	Reducer 2: 0(+3)/3	Reducer 3: 0/1	Reducer 4: 0/1	
Map 1: 39/39	Map 5: 50/50	Map 6: 1/1	Map 7: 1/1	Map 8: 1/1	Reducer 2: 0(+3)/3	Reducer 3: 0/1	Reducer 4: 0/1	
Map 1: 39/39	Map 5: 50/50	Map 6: 1/1	Map 7: 1/1	Map 8: 1/1	Reducer 2: 0(+3)/3	Reducer 3: 0/1	Reducer 4: 0/1	
Map 1: 39/39	Map 5: 50/50	Map 6: 1/1	Map 7: 1/1	Map 8: 1/1	Reducer 2: 0(+3)/3	Reducer 3: 0/1	Reducer 4: 0/1	
Map 1: 39/39	Map 5: 50/50	Map 6: 1/1	Map 7: 1/1	Map 8: 1/1	Reducer 2: 0(+3)/3	Reducer 3: 0/1	Reducer 4: 0/1	
Map 1: 39/39	Map 5: 50/50	Map 6: 1/1	Map 7: 1/1	Map 8: 1/1	Reducer 2: 0(+3)/3	Reducer 3: 0/1	Reducer 4: 0/1	
Map 1: 39/39	Map 5: 50/50	Map 6: 1/1	Map 7: 1/1	Map 8: 1/1	Reducer 2: 0(+3)/3	Reducer 3: 0/1	Reducer 4: 0/1	
Map 1: 39/39	Map 5: 50/50	Map 6: 1/1	Map 7: 1/1	Map 8: 1/1	Reducer 2: 0(+3)/3	Reducer 3: 0/1	Reducer 4: 0/1	
Map 1: 39/39	Map 5: 50/50	Map 6: 1/1	Map 7: 1/1	Map 8: 1/1	Reducer 2: 0(+3)/3	Reducer 3: 0/1	Reducer 4: 0/1	
Map 1: 39/39	Map 5: 50/50	Map 6: 1/1	Map 7: 1/1	Map 8: 1/1	Reducer 2: 0(+3)/3	Reducer 3: 0/1	Reducer 4: 0/1	
Map 1: 39/39	Map 5: 50/50	Map 6: 1/1	Map 7: 1/1	Map 8: 1/1	Reducer 2: 0(+3)/3	Reducer 3: 0/1	Reducer 4: 0/1	
Map 1: 39/39	Map 5: 50/50	Map 6: 1/1	Map 7: 1/1	Map 8: 1/1	Reducer 2: 0(+3)/3	Reducer 3: 0/1	Reducer 4: 0/1	
Map 1: 39/39	Map 5: 50/50	Map 6: 1/1	Map 7: 1/1	Map 8: 1/1	Reducer 2: 0(+3)/3	Reducer 3: 0/1	Reducer 4: 0/1	
Map 1: 39/39	Map 5: 50/50	Map 6: 1/1	Map 7: 1/1	Map 8: 1/1	Reducer 2: 0(+3)/3	Reducer 3: 0/1	Reducer 4: 0/1	
Map 1: 39/39	Map 5: 50/50	Map 6: 1/1	Map 7: 1/1	Map 8: 1/1	Reducer 2: 0(+3)/3	Reducer 3: 0/1	Reducer 4: 0/1	
Map 1: 39/39	Map 5: 50/50	Map 6: 1/1	Map 7: 1/1	Map 8: 1/1	Reducer 2: 1(+2)/3	Reducer 3: 0/1	Reducer 4: 0/1	
Map 1: 39/39	Map 5: 50/50	Map 6: 1/1	Map 7: 1/1	Map 8: 1/1	Reducer 2: 1(+2)/3	Reducer 3: 0/1	Reducer 4: 0/1	
Map 1: 39/39	Map 5: 50/50	Map 6: 1/1	Map 7: 1/1	Map 8: 1/1	Reducer 2: 2(+1)/3	Reducer 3: 0/1	Reducer 4: 0/1	
Map 1: 39/39	Map 5: 50/50	Map 6: 1/1	Map 7: 1/1	Map 8: 1/1	Reducer 2: 2(+1)/3	Reducer 3: 0/1	Reducer 4: 0/1	
Map 1: 39/39	Map 5: 50/50	Map 6: 1/1	Map 7: 1/1	Map 8: 1/1	Reducer 2: 3/3	Reducer 3: 0(+1)/1	Reducer 4: 0/1	
Map 1: 39/39	Map 5: 50/50	Map 6: 1/1	Map 7: 1/1	Map 8: 1/1	Reducer 2: 3/3	Reducer 3: 1/1	Reducer 4: 0(+1)/1	
Map 1: 39/39	Map 5: 50/50	Map 6: 1/1	Map 7: 1/1	Map 8: 1/1	Reducer 2: 3/3	Reducer 3: 1/1	Reducer 4: 1/1	
OK
Time taken: 310.068 seconds, Fetched: 72 row(s)
17.92user 1.05system 5:32.56elapsed 5%CPU (0avgtext+0avgdata 711084maxresident)k
114456inputs+1680outputs (112major+70475minor)pagefaults 0swaps
