
Logging initialized using configuration in jar:file:/home/ubuntu/software/hive-1.2.1/lib/hive-common-1.2.1.jar!/hive-log4j.properties
Hive history file=/tmp/ubuntu/hive_job_log_84859681-11b9-4361-a4d1-2bc70b0ebed7_256871164.txt
SLF4J: Class path contains multiple SLF4J bindings.
SLF4J: Found binding in [jar:file:/home/ubuntu/software/tez-0.7.1-SNAPSHOT-minimal/lib/slf4j-log4j12-1.7.5.jar!/org/slf4j/impl/StaticLoggerBinder.class]
SLF4J: Found binding in [jar:file:/home/ubuntu/software/hadoop-2.6.0/share/hadoop/common/lib/slf4j-log4j12-1.7.5.jar!/org/slf4j/impl/StaticLoggerBinder.class]
SLF4J: See http://www.slf4j.org/codes.html#multiple_bindings for an explanation.
SLF4J: Actual binding is of type [org.slf4j.impl.Log4jLoggerFactory]
OK
Time taken: 0.95 seconds
Query ID = ubuntu_20161002101101_bd99a664-2205-475b-90a2-9779495827ed
Total jobs = 1
Launching Job 1 out of 1


Status: Running (Executing on YARN cluster with App id application_1475401111718_0012)

Map 1: -/-	Map 4: -/-	Map 5: -/-	Map 6: -/-	Reducer 2: 0/1	Reducer 3: 0/1	
Map 1: 0/26	Map 4: 0/1	Map 5: 0/1	Map 6: 0/1	Reducer 2: 0/1	Reducer 3: 0/1	
Map 1: 0(+1)/26	Map 4: 0(+1)/1	Map 5: 0(+1)/1	Map 6: 0(+1)/1	Reducer 2: 0/1	Reducer 3: 0/1	
Map 1: 0(+1)/26	Map 4: 0(+1)/1	Map 5: 0(+1)/1	Map 6: 0(+1)/1	Reducer 2: 0/1	Reducer 3: 0/1	
Map 1: 0(+1)/26	Map 4: 1/1	Map 5: 0(+1)/1	Map 6: 0(+1)/1	Reducer 2: 0/1	Reducer 3: 0/1	
Map 1: 0(+2)/26	Map 4: 1/1	Map 5: 0(+1)/1	Map 6: 0(+1)/1	Reducer 2: 0/1	Reducer 3: 0/1	
Map 1: 0(+2)/26	Map 4: 1/1	Map 5: 0(+1)/1	Map 6: 1/1	Reducer 2: 0/1	Reducer 3: 0/1	
Map 1: 0(+3)/26	Map 4: 1/1	Map 5: 1/1	Map 6: 1/1	Reducer 2: 0/1	Reducer 3: 0/1	
Map 1: 0(+4)/26	Map 4: 1/1	Map 5: 1/1	Map 6: 1/1	Reducer 2: 0/1	Reducer 3: 0/1	
Map 1: 0(+8)/26	Map 4: 1/1	Map 5: 1/1	Map 6: 1/1	Reducer 2: 0/1	Reducer 3: 0/1	
Map 1: 0(+12)/26	Map 4: 1/1	Map 5: 1/1	Map 6: 1/1	Reducer 2: 0/1	Reducer 3: 0/1	
Map 1: 0(+16)/26	Map 4: 1/1	Map 5: 1/1	Map 6: 1/1	Reducer 2: 0/1	Reducer 3: 0/1	
Map 1: 0(+16)/26	Map 4: 1/1	Map 5: 1/1	Map 6: 1/1	Reducer 2: 0/1	Reducer 3: 0/1	
Map 1: 1(+15)/26	Map 4: 1/1	Map 5: 1/1	Map 6: 1/1	Reducer 2: 0/1	Reducer 3: 0/1	
Map 1: 2(+16)/26	Map 4: 1/1	Map 5: 1/1	Map 6: 1/1	Reducer 2: 0/1	Reducer 3: 0/1	
Map 1: 3(+15)/26	Map 4: 1/1	Map 5: 1/1	Map 6: 1/1	Reducer 2: 0/1	Reducer 3: 0/1	
Map 1: 4(+15)/26	Map 4: 1/1	Map 5: 1/1	Map 6: 1/1	Reducer 2: 0/1	Reducer 3: 0/1	
Map 1: 4(+15)/26	Map 4: 1/1	Map 5: 1/1	Map 6: 1/1	Reducer 2: 0/1	Reducer 3: 0/1	
Map 1: 4(+16)/26	Map 4: 1/1	Map 5: 1/1	Map 6: 1/1	Reducer 2: 0/1	Reducer 3: 0/1	
Map 1: 6(+14)/26	Map 4: 1/1	Map 5: 1/1	Map 6: 1/1	Reducer 2: 0/1	Reducer 3: 0/1	
Map 1: 10(+10)/26	Map 4: 1/1	Map 5: 1/1	Map 6: 1/1	Reducer 2: 0/1	Reducer 3: 0/1	
Map 1: 11(+9)/26	Map 4: 1/1	Map 5: 1/1	Map 6: 1/1	Reducer 2: 0/1	Reducer 3: 0/1	
Map 1: 12(+8)/26	Map 4: 1/1	Map 5: 1/1	Map 6: 1/1	Reducer 2: 0/1	Reducer 3: 0/1	
Map 1: 14(+7)/26	Map 4: 1/1	Map 5: 1/1	Map 6: 1/1	Reducer 2: 0/1	Reducer 3: 0/1	
Map 1: 15(+6)/26	Map 4: 1/1	Map 5: 1/1	Map 6: 1/1	Reducer 2: 0/1	Reducer 3: 0/1	
Map 1: 17(+4)/26	Map 4: 1/1	Map 5: 1/1	Map 6: 1/1	Reducer 2: 0/1	Reducer 3: 0/1	
Map 1: 18(+5)/26	Map 4: 1/1	Map 5: 1/1	Map 6: 1/1	Reducer 2: 0/1	Reducer 3: 0/1	
Map 1: 19(+4)/26	Map 4: 1/1	Map 5: 1/1	Map 6: 1/1	Reducer 2: 0/1	Reducer 3: 0/1	
Map 1: 19(+7)/26	Map 4: 1/1	Map 5: 1/1	Map 6: 1/1	Reducer 2: 0/1	Reducer 3: 0/1	
Map 1: 19(+7)/26	Map 4: 1/1	Map 5: 1/1	Map 6: 1/1	Reducer 2: 0/1	Reducer 3: 0/1	
Map 1: 20(+6)/26	Map 4: 1/1	Map 5: 1/1	Map 6: 1/1	Reducer 2: 0/1	Reducer 3: 0/1	
Map 1: 21(+5)/26	Map 4: 1/1	Map 5: 1/1	Map 6: 1/1	Reducer 2: 0/1	Reducer 3: 0/1	
Map 1: 23(+3)/26	Map 4: 1/1	Map 5: 1/1	Map 6: 1/1	Reducer 2: 0/1	Reducer 3: 0/1	
Map 1: 25(+1)/26	Map 4: 1/1	Map 5: 1/1	Map 6: 1/1	Reducer 2: 0/1	Reducer 3: 0/1	
Map 1: 26/26	Map 4: 1/1	Map 5: 1/1	Map 6: 1/1	Reducer 2: 0(+1)/1	Reducer 3: 0/1	
Map 1: 26/26	Map 4: 1/1	Map 5: 1/1	Map 6: 1/1	Reducer 2: 1/1	Reducer 3: 0/1	
Map 1: 26/26	Map 4: 1/1	Map 5: 1/1	Map 6: 1/1	Reducer 2: 1/1	Reducer 3: 0(+1)/1	
Map 1: 26/26	Map 4: 1/1	Map 5: 1/1	Map 6: 1/1	Reducer 2: 1/1	Reducer 3: 1/1	
OK
Time taken: 41.149 seconds, Fetched: 100 row(s)
16.22user 0.94system 1:04.78elapsed 26%CPU (0avgtext+0avgdata 716008maxresident)k
114240inputs+960outputs (112major+84727minor)pagefaults 0swaps
