
Logging initialized using configuration in jar:file:/home/ubuntu/software/hive-1.2.1/lib/hive-common-1.2.1.jar!/hive-log4j.properties
Hive history file=/tmp/ubuntu/hive_job_log_11f941e8-4e93-410b-8c4c-07e2c46c5bd9_2131625701.txt
SLF4J: Class path contains multiple SLF4J bindings.
SLF4J: Found binding in [jar:file:/home/ubuntu/software/tez-0.7.1-SNAPSHOT-minimal/lib/slf4j-log4j12-1.7.5.jar!/org/slf4j/impl/StaticLoggerBinder.class]
SLF4J: Found binding in [jar:file:/home/ubuntu/software/hadoop-2.6.0/share/hadoop/common/lib/slf4j-log4j12-1.7.5.jar!/org/slf4j/impl/StaticLoggerBinder.class]
SLF4J: See http://www.slf4j.org/codes.html#multiple_bindings for an explanation.
SLF4J: Actual binding is of type [org.slf4j.impl.Log4jLoggerFactory]
OK
Time taken: 0.871 seconds
Query ID = ubuntu_20161002234156_b950a33b-7745-4e5c-b9a1-7c367c4564f6
Total jobs = 8
Stage-16 is selected by condition resolver.
Stage-1 is filtered out by condition resolver.
SLF4J: Class path contains multiple SLF4J bindings.
SLF4J: Found binding in [jar:file:/home/ubuntu/software/tez-0.7.1-SNAPSHOT-minimal/lib/slf4j-log4j12-1.7.5.jar!/org/slf4j/impl/StaticLoggerBinder.class]
SLF4J: Found binding in [jar:file:/home/ubuntu/software/hadoop-2.6.0/share/hadoop/common/lib/slf4j-log4j12-1.7.5.jar!/org/slf4j/impl/StaticLoggerBinder.class]
SLF4J: See http://www.slf4j.org/codes.html#multiple_bindings for an explanation.
SLF4J: Actual binding is of type [org.slf4j.impl.Log4jLoggerFactory]
Execution log at: /tmp/ubuntu/ubuntu_20161002234156_b950a33b-7745-4e5c-b9a1-7c367c4564f6.log
2016-10-02 23:42:01	Starting to launch local task to process map join;	maximum memory = 932184064
2016-10-02 23:42:03	Dump the side-table for tag: 1 with group count: 18445 into file: file:/tmp/ubuntu/11f941e8-4e93-410b-8c4c-07e2c46c5bd9/hive_2016-10-02_23-41-56_328_5370628327223535216-1/-local-10012/HashTable-Stage-11/MapJoin-mapfile21--.hashtable
2016-10-02 23:42:03	Uploaded 1 File to: file:/tmp/ubuntu/11f941e8-4e93-410b-8c4c-07e2c46c5bd9/hive_2016-10-02_23-41-56_328_5370628327223535216-1/-local-10012/HashTable-Stage-11/MapJoin-mapfile21--.hashtable (2960337 bytes)
2016-10-02 23:42:03	End of local task; Time Taken: 2.338 sec.
Execution completed successfully
MapredLocal task succeeded
Launching Job 2 out of 8
Number of reduce tasks is set to 0 since there's no reduce operator
Starting Job = job_1475449732703_0046, Tracking URL = http://vm1:8088/proxy/application_1475449732703_0046/
Kill Command = /home/ubuntu/software/hadoop-2.6.0/bin/hadoop job  -kill job_1475449732703_0046
Hadoop job information for Stage-11: number of mappers: 26; number of reducers: 0
2016-10-02 23:42:11,719 Stage-11 map = 0%,  reduce = 0%
2016-10-02 23:42:24,319 Stage-11 map = 3%,  reduce = 0%, Cumulative CPU 57.58 sec
2016-10-02 23:42:29,488 Stage-11 map = 9%,  reduce = 0%, Cumulative CPU 91.12 sec
2016-10-02 23:42:30,521 Stage-11 map = 25%,  reduce = 0%, Cumulative CPU 99.68 sec
2016-10-02 23:42:31,553 Stage-11 map = 29%,  reduce = 0%, Cumulative CPU 101.88 sec
2016-10-02 23:42:33,614 Stage-11 map = 34%,  reduce = 0%, Cumulative CPU 114.95 sec
2016-10-02 23:42:37,748 Stage-11 map = 38%,  reduce = 0%, Cumulative CPU 127.22 sec
2016-10-02 23:42:38,792 Stage-11 map = 41%,  reduce = 0%, Cumulative CPU 129.01 sec
2016-10-02 23:42:39,830 Stage-11 map = 55%,  reduce = 0%, Cumulative CPU 136.5 sec
2016-10-02 23:42:40,859 Stage-11 map = 56%,  reduce = 0%, Cumulative CPU 136.65 sec
2016-10-02 23:42:41,902 Stage-11 map = 60%,  reduce = 0%, Cumulative CPU 137.07 sec
2016-10-02 23:42:42,937 Stage-11 map = 62%,  reduce = 0%, Cumulative CPU 137.42 sec
2016-10-02 23:42:48,090 Stage-11 map = 66%,  reduce = 0%, Cumulative CPU 152.27 sec
2016-10-02 23:42:50,154 Stage-11 map = 69%,  reduce = 0%, Cumulative CPU 186.28 sec
2016-10-02 23:42:51,183 Stage-11 map = 71%,  reduce = 0%, Cumulative CPU 187.02 sec
2016-10-02 23:42:52,211 Stage-11 map = 74%,  reduce = 0%, Cumulative CPU 193.55 sec
2016-10-02 23:42:53,240 Stage-11 map = 78%,  reduce = 0%, Cumulative CPU 196.53 sec
2016-10-02 23:42:54,271 Stage-11 map = 79%,  reduce = 0%, Cumulative CPU 197.34 sec
2016-10-02 23:42:55,304 Stage-11 map = 83%,  reduce = 0%, Cumulative CPU 202.98 sec
2016-10-02 23:42:57,360 Stage-11 map = 85%,  reduce = 0%, Cumulative CPU 206.51 sec
2016-10-02 23:42:58,390 Stage-11 map = 87%,  reduce = 0%, Cumulative CPU 209.85 sec
2016-10-02 23:43:00,444 Stage-11 map = 93%,  reduce = 0%, Cumulative CPU 214.39 sec
2016-10-02 23:43:01,471 Stage-11 map = 95%,  reduce = 0%, Cumulative CPU 214.9 sec
2016-10-02 23:43:02,501 Stage-11 map = 97%,  reduce = 0%, Cumulative CPU 217.4 sec
2016-10-02 23:43:03,529 Stage-11 map = 99%,  reduce = 0%, Cumulative CPU 217.99 sec
2016-10-02 23:43:04,559 Stage-11 map = 100%,  reduce = 0%, Cumulative CPU 219.42 sec
MapReduce Total cumulative CPU time: 3 minutes 39 seconds 420 msec
Ended Job = job_1475449732703_0046
Stage-14 is selected by condition resolver.
Stage-15 is filtered out by condition resolver.
Stage-2 is filtered out by condition resolver.
SLF4J: Class path contains multiple SLF4J bindings.
SLF4J: Found binding in [jar:file:/home/ubuntu/software/tez-0.7.1-SNAPSHOT-minimal/lib/slf4j-log4j12-1.7.5.jar!/org/slf4j/impl/StaticLoggerBinder.class]
SLF4J: Found binding in [jar:file:/home/ubuntu/software/hadoop-2.6.0/share/hadoop/common/lib/slf4j-log4j12-1.7.5.jar!/org/slf4j/impl/StaticLoggerBinder.class]
SLF4J: See http://www.slf4j.org/codes.html#multiple_bindings for an explanation.
SLF4J: Actual binding is of type [org.slf4j.impl.Log4jLoggerFactory]
Execution log at: /tmp/ubuntu/ubuntu_20161002234156_b950a33b-7745-4e5c-b9a1-7c367c4564f6.log
2016-10-02 23:43:08	Starting to launch local task to process map join;	maximum memory = 932184064
2016-10-02 23:43:09	Dump the side-table for tag: 1 with group count: 31 into file: file:/tmp/ubuntu/11f941e8-4e93-410b-8c4c-07e2c46c5bd9/hive_2016-10-02_23-41-56_328_5370628327223535216-1/-local-10008/HashTable-Stage-8/MapJoin-mapfile01--.hashtable
2016-10-02 23:43:09	Uploaded 1 File to: file:/tmp/ubuntu/11f941e8-4e93-410b-8c4c-07e2c46c5bd9/hive_2016-10-02_23-41-56_328_5370628327223535216-1/-local-10008/HashTable-Stage-8/MapJoin-mapfile01--.hashtable (1288 bytes)
2016-10-02 23:43:09	End of local task; Time Taken: 1.497 sec.
Execution completed successfully
MapredLocal task succeeded
Launching Job 4 out of 8
Number of reduce tasks is set to 0 since there's no reduce operator
Starting Job = job_1475449732703_0047, Tracking URL = http://vm1:8088/proxy/application_1475449732703_0047/
Kill Command = /home/ubuntu/software/hadoop-2.6.0/bin/hadoop job  -kill job_1475449732703_0047
Hadoop job information for Stage-8: number of mappers: 7; number of reducers: 0
2016-10-02 23:43:16,529 Stage-8 map = 0%,  reduce = 0%
2016-10-02 23:43:23,836 Stage-8 map = 14%,  reduce = 0%, Cumulative CPU 4.13 sec
2016-10-02 23:43:26,944 Stage-8 map = 43%,  reduce = 0%, Cumulative CPU 18.86 sec
2016-10-02 23:43:29,034 Stage-8 map = 72%,  reduce = 0%, Cumulative CPU 42.43 sec
2016-10-02 23:43:31,100 Stage-8 map = 100%,  reduce = 0%, Cumulative CPU 51.57 sec
MapReduce Total cumulative CPU time: 51 seconds 570 msec
Ended Job = job_1475449732703_0047
Launching Job 5 out of 8
Number of reduce tasks not specified. Defaulting to jobconf value of: 5
In order to change the average load for a reducer (in bytes):
  set hive.exec.reducers.bytes.per.reducer=<number>
In order to limit the maximum number of reducers:
  set hive.exec.reducers.max=<number>
In order to set a constant number of reducers:
  set mapreduce.job.reduces=<number>
Starting Job = job_1475449732703_0048, Tracking URL = http://vm1:8088/proxy/application_1475449732703_0048/
Kill Command = /home/ubuntu/software/hadoop-2.6.0/bin/hadoop job  -kill job_1475449732703_0048
Hadoop job information for Stage-3: number of mappers: 4; number of reducers: 5
2016-10-02 23:43:37,912 Stage-3 map = 0%,  reduce = 0%
2016-10-02 23:43:46,198 Stage-3 map = 75%,  reduce = 0%, Cumulative CPU 6.11 sec
2016-10-02 23:43:47,233 Stage-3 map = 100%,  reduce = 0%, Cumulative CPU 9.15 sec
2016-10-02 23:43:52,390 Stage-3 map = 100%,  reduce = 80%, Cumulative CPU 18.32 sec
2016-10-02 23:43:53,430 Stage-3 map = 100%,  reduce = 100%, Cumulative CPU 20.57 sec
MapReduce Total cumulative CPU time: 20 seconds 570 msec
Ended Job = job_1475449732703_0048
Launching Job 6 out of 8
Number of reduce tasks not specified. Defaulting to jobconf value of: 5
In order to change the average load for a reducer (in bytes):
  set hive.exec.reducers.bytes.per.reducer=<number>
In order to limit the maximum number of reducers:
  set hive.exec.reducers.max=<number>
In order to set a constant number of reducers:
  set mapreduce.job.reduces=<number>
Starting Job = job_1475449732703_0049, Tracking URL = http://vm1:8088/proxy/application_1475449732703_0049/
Kill Command = /home/ubuntu/software/hadoop-2.6.0/bin/hadoop job  -kill job_1475449732703_0049
Hadoop job information for Stage-4: number of mappers: 4; number of reducers: 5
2016-10-02 23:43:59,200 Stage-4 map = 0%,  reduce = 0%
2016-10-02 23:44:07,463 Stage-4 map = 75%,  reduce = 0%, Cumulative CPU 5.35 sec
2016-10-02 23:44:08,504 Stage-4 map = 100%,  reduce = 0%, Cumulative CPU 7.44 sec
2016-10-02 23:44:13,679 Stage-4 map = 100%,  reduce = 20%, Cumulative CPU 9.31 sec
2016-10-02 23:44:14,723 Stage-4 map = 100%,  reduce = 80%, Cumulative CPU 15.98 sec
2016-10-02 23:44:15,762 Stage-4 map = 100%,  reduce = 100%, Cumulative CPU 18.34 sec
MapReduce Total cumulative CPU time: 18 seconds 340 msec
Ended Job = job_1475449732703_0049
Launching Job 7 out of 8
Number of reduce tasks determined at compile time: 1
In order to change the average load for a reducer (in bytes):
  set hive.exec.reducers.bytes.per.reducer=<number>
In order to limit the maximum number of reducers:
  set hive.exec.reducers.max=<number>
In order to set a constant number of reducers:
  set mapreduce.job.reduces=<number>
Starting Job = job_1475449732703_0050, Tracking URL = http://vm1:8088/proxy/application_1475449732703_0050/
Kill Command = /home/ubuntu/software/hadoop-2.6.0/bin/hadoop job  -kill job_1475449732703_0050
Hadoop job information for Stage-5: number of mappers: 4; number of reducers: 1
2016-10-02 23:44:21,622 Stage-5 map = 0%,  reduce = 0%
2016-10-02 23:44:28,902 Stage-5 map = 75%,  reduce = 0%, Cumulative CPU 5.06 sec
2016-10-02 23:44:29,938 Stage-5 map = 100%,  reduce = 0%, Cumulative CPU 7.01 sec
2016-10-02 23:44:35,116 Stage-5 map = 100%,  reduce = 100%, Cumulative CPU 8.58 sec
MapReduce Total cumulative CPU time: 8 seconds 580 msec
Ended Job = job_1475449732703_0050
MapReduce Jobs Launched: 
Stage-Stage-11: Map: 26   Cumulative CPU: 219.42 sec   HDFS Read: 7607676612 HDFS Write: 1850142725 SUCCESS
Stage-Stage-8: Map: 7   Cumulative CPU: 51.57 sec   HDFS Read: 1850232868 HDFS Write: 8208672 SUCCESS
Stage-Stage-3: Map: 4  Reduce: 5   Cumulative CPU: 20.57 sec   HDFS Read: 8235278 HDFS Write: 1533462 SUCCESS
Stage-Stage-4: Map: 4  Reduce: 5   Cumulative CPU: 18.34 sec   HDFS Read: 1574536 HDFS Write: 1608066 SUCCESS
Stage-Stage-5: Map: 4  Reduce: 1   Cumulative CPU: 8.58 sec   HDFS Read: 1622456 HDFS Write: 18517 SUCCESS
Total MapReduce CPU Time Spent: 5 minutes 18 seconds 480 msec
OK
Time taken: 159.91 seconds, Fetched: 100 row(s)
33.26user 2.81system 2:46.04elapsed 21%CPU (0avgtext+0avgdata 1137640maxresident)k
115632inputs+314944outputs (110major+160201minor)pagefaults 0swaps
