
Logging initialized using configuration in jar:file:/home/ubuntu/software/hive-1.2.1/lib/hive-common-1.2.1.jar!/hive-log4j.properties
Hive history file=/tmp/ubuntu/hive_job_log_ee1721f1-9630-4efe-92b2-5a8dee58f6db_1417464493.txt
SLF4J: Class path contains multiple SLF4J bindings.
SLF4J: Found binding in [jar:file:/home/ubuntu/software/tez-0.7.1-SNAPSHOT-minimal/lib/slf4j-log4j12-1.7.5.jar!/org/slf4j/impl/StaticLoggerBinder.class]
SLF4J: Found binding in [jar:file:/home/ubuntu/software/hadoop-2.6.0/share/hadoop/common/lib/slf4j-log4j12-1.7.5.jar!/org/slf4j/impl/StaticLoggerBinder.class]
SLF4J: See http://www.slf4j.org/codes.html#multiple_bindings for an explanation.
SLF4J: Actual binding is of type [org.slf4j.impl.Log4jLoggerFactory]
OK
Time taken: 1.12 seconds
Query ID = ubuntu_20161002104258_8e8ce8e2-f5c4-41f6-976d-73e6a6b78cd2
Total jobs = 9
SLF4J: Class path contains multiple SLF4J bindings.
SLF4J: Found binding in [jar:file:/home/ubuntu/software/tez-0.7.1-SNAPSHOT-minimal/lib/slf4j-log4j12-1.7.5.jar!/org/slf4j/impl/StaticLoggerBinder.class]
SLF4J: Found binding in [jar:file:/home/ubuntu/software/hadoop-2.6.0/share/hadoop/common/lib/slf4j-log4j12-1.7.5.jar!/org/slf4j/impl/StaticLoggerBinder.class]
SLF4J: See http://www.slf4j.org/codes.html#multiple_bindings for an explanation.
SLF4J: Actual binding is of type [org.slf4j.impl.Log4jLoggerFactory]
Execution log at: /tmp/ubuntu/ubuntu_20161002104258_8e8ce8e2-f5c4-41f6-976d-73e6a6b78cd2.log
2016-10-02 10:43:04	Starting to launch local task to process map join;	maximum memory = 932184064
2016-10-02 10:43:05	Dump the side-table for tag: 1 with group count: 7 into file: file:/tmp/ubuntu/ee1721f1-9630-4efe-92b2-5a8dee58f6db/hive_2016-10-02_10-42-58_451_3305973606522258035-1/-local-10016/HashTable-Stage-15/MapJoin-mapfile41--.hashtable
2016-10-02 10:43:05	Uploaded 1 File to: file:/tmp/ubuntu/ee1721f1-9630-4efe-92b2-5a8dee58f6db/hive_2016-10-02_10-42-58_451_3305973606522258035-1/-local-10016/HashTable-Stage-15/MapJoin-mapfile41--.hashtable (504 bytes)
2016-10-02 10:43:05	End of local task; Time Taken: 1.557 sec.
Execution completed successfully
MapredLocal task succeeded
Launching Job 1 out of 9
Number of reduce tasks is set to 0 since there's no reduce operator
Starting Job = job_1475401111718_0043, Tracking URL = http://vm1:8088/proxy/application_1475401111718_0043/
Kill Command = /home/ubuntu/software/hadoop-2.6.0/bin/hadoop job  -kill job_1475401111718_0043
Hadoop job information for Stage-15: number of mappers: 5; number of reducers: 0
2016-10-02 10:43:16,954 Stage-15 map = 0%,  reduce = 0%
2016-10-02 10:43:31,525 Stage-15 map = 2%,  reduce = 0%, Cumulative CPU 33.36 sec
2016-10-02 10:43:34,679 Stage-15 map = 12%,  reduce = 0%, Cumulative CPU 48.14 sec
2016-10-02 10:43:40,908 Stage-15 map = 22%,  reduce = 0%, Cumulative CPU 77.91 sec
2016-10-02 10:43:42,980 Stage-15 map = 24%,  reduce = 0%, Cumulative CPU 81.0 sec
2016-10-02 10:43:44,023 Stage-15 map = 32%,  reduce = 0%, Cumulative CPU 92.57 sec
2016-10-02 10:43:46,106 Stage-15 map = 34%,  reduce = 0%, Cumulative CPU 95.64 sec
2016-10-02 10:43:49,213 Stage-15 map = 38%,  reduce = 0%, Cumulative CPU 115.99 sec
2016-10-02 10:43:50,256 Stage-15 map = 43%,  reduce = 0%, Cumulative CPU 121.94 sec
2016-10-02 10:43:52,335 Stage-15 map = 51%,  reduce = 0%, Cumulative CPU 136.69 sec
2016-10-02 10:43:55,448 Stage-15 map = 55%,  reduce = 0%, Cumulative CPU 151.39 sec
2016-10-02 10:43:58,557 Stage-15 map = 63%,  reduce = 0%, Cumulative CPU 165.56 sec
2016-10-02 10:44:01,652 Stage-15 map = 71%,  reduce = 0%, Cumulative CPU 180.16 sec
2016-10-02 10:44:04,762 Stage-15 map = 75%,  reduce = 0%, Cumulative CPU 194.35 sec
2016-10-02 10:44:06,828 Stage-15 map = 77%,  reduce = 0%, Cumulative CPU 195.8 sec
2016-10-02 10:44:07,865 Stage-15 map = 81%,  reduce = 0%, Cumulative CPU 207.0 sec
2016-10-02 10:44:10,972 Stage-15 map = 89%,  reduce = 0%, Cumulative CPU 218.48 sec
2016-10-02 10:44:13,055 Stage-15 map = 91%,  reduce = 0%, Cumulative CPU 220.95 sec
2016-10-02 10:44:14,102 Stage-15 map = 93%,  reduce = 0%, Cumulative CPU 227.13 sec
2016-10-02 10:44:17,217 Stage-15 map = 95%,  reduce = 0%, Cumulative CPU 233.32 sec
2016-10-02 10:44:18,278 Stage-15 map = 96%,  reduce = 0%, Cumulative CPU 234.76 sec
2016-10-02 10:44:20,352 Stage-15 map = 98%,  reduce = 0%, Cumulative CPU 237.22 sec
2016-10-02 10:44:22,429 Stage-15 map = 100%,  reduce = 0%, Cumulative CPU 239.95 sec
MapReduce Total cumulative CPU time: 3 minutes 59 seconds 950 msec
Ended Job = job_1475401111718_0043
Stage-18 is selected by condition resolver.
Stage-19 is filtered out by condition resolver.
Stage-2 is filtered out by condition resolver.
SLF4J: Class path contains multiple SLF4J bindings.
SLF4J: Found binding in [jar:file:/home/ubuntu/software/tez-0.7.1-SNAPSHOT-minimal/lib/slf4j-log4j12-1.7.5.jar!/org/slf4j/impl/StaticLoggerBinder.class]
SLF4J: Found binding in [jar:file:/home/ubuntu/software/hadoop-2.6.0/share/hadoop/common/lib/slf4j-log4j12-1.7.5.jar!/org/slf4j/impl/StaticLoggerBinder.class]
SLF4J: See http://www.slf4j.org/codes.html#multiple_bindings for an explanation.
SLF4J: Actual binding is of type [org.slf4j.impl.Log4jLoggerFactory]
Execution log at: /tmp/ubuntu/ubuntu_20161002104258_8e8ce8e2-f5c4-41f6-976d-73e6a6b78cd2.log
2016-10-02 10:44:27	Starting to launch local task to process map join;	maximum memory = 932184064
2016-10-02 10:44:31	Dump the side-table for tag: 1 with group count: 3863 into file: file:/tmp/ubuntu/ee1721f1-9630-4efe-92b2-5a8dee58f6db/hive_2016-10-02_10-42-58_451_3305973606522258035-1/-local-10012/HashTable-Stage-12/MapJoin-mapfile21--.hashtable
2016-10-02 10:44:32	Uploaded 1 File to: file:/tmp/ubuntu/ee1721f1-9630-4efe-92b2-5a8dee58f6db/hive_2016-10-02_10-42-58_451_3305973606522258035-1/-local-10012/HashTable-Stage-12/MapJoin-mapfile21--.hashtable (163270 bytes)
2016-10-02 10:44:32	End of local task; Time Taken: 4.581 sec.
Execution completed successfully
MapredLocal task succeeded
Launching Job 3 out of 9
Number of reduce tasks is set to 0 since there's no reduce operator
Starting Job = job_1475401111718_0044, Tracking URL = http://vm1:8088/proxy/application_1475401111718_0044/
Kill Command = /home/ubuntu/software/hadoop-2.6.0/bin/hadoop job  -kill job_1475401111718_0044
Hadoop job information for Stage-12: number of mappers: 10; number of reducers: 0
2016-10-02 10:44:37,662 Stage-12 map = 0%,  reduce = 0%
2016-10-02 10:44:49,112 Stage-12 map = 10%,  reduce = 0%, Cumulative CPU 10.13 sec
2016-10-02 10:44:53,416 Stage-12 map = 21%,  reduce = 0%, Cumulative CPU 56.0 sec
2016-10-02 10:44:55,524 Stage-12 map = 26%,  reduce = 0%, Cumulative CPU 68.21 sec
2016-10-02 10:44:59,724 Stage-12 map = 60%,  reduce = 0%, Cumulative CPU 118.1 sec
2016-10-02 10:45:00,759 Stage-12 map = 65%,  reduce = 0%, Cumulative CPU 119.73 sec
2016-10-02 10:45:02,827 Stage-12 map = 72%,  reduce = 0%, Cumulative CPU 137.72 sec
2016-10-02 10:45:03,859 Stage-12 map = 77%,  reduce = 0%, Cumulative CPU 138.45 sec
2016-10-02 10:45:04,888 Stage-12 map = 82%,  reduce = 0%, Cumulative CPU 140.04 sec
2016-10-02 10:45:05,919 Stage-12 map = 91%,  reduce = 0%, Cumulative CPU 151.66 sec
2016-10-02 10:45:06,950 Stage-12 map = 95%,  reduce = 0%, Cumulative CPU 151.86 sec
2016-10-02 10:45:07,982 Stage-12 map = 100%,  reduce = 0%, Cumulative CPU 153.48 sec
MapReduce Total cumulative CPU time: 2 minutes 33 seconds 480 msec
Ended Job = job_1475401111718_0044
Stage-16 is selected by condition resolver.
Stage-17 is filtered out by condition resolver.
Stage-3 is filtered out by condition resolver.
SLF4J: Class path contains multiple SLF4J bindings.
SLF4J: Found binding in [jar:file:/home/ubuntu/software/tez-0.7.1-SNAPSHOT-minimal/lib/slf4j-log4j12-1.7.5.jar!/org/slf4j/impl/StaticLoggerBinder.class]
SLF4J: Found binding in [jar:file:/home/ubuntu/software/hadoop-2.6.0/share/hadoop/common/lib/slf4j-log4j12-1.7.5.jar!/org/slf4j/impl/StaticLoggerBinder.class]
SLF4J: See http://www.slf4j.org/codes.html#multiple_bindings for an explanation.
SLF4J: Actual binding is of type [org.slf4j.impl.Log4jLoggerFactory]
Execution log at: /tmp/ubuntu/ubuntu_20161002104258_8e8ce8e2-f5c4-41f6-976d-73e6a6b78cd2.log
2016-10-02 10:45:11	Starting to launch local task to process map join;	maximum memory = 932184064
2016-10-02 10:45:13	Dump the side-table for tag: 1 with group count: 60 into file: file:/tmp/ubuntu/ee1721f1-9630-4efe-92b2-5a8dee58f6db/hive_2016-10-02_10-42-58_451_3305973606522258035-1/-local-10008/HashTable-Stage-9/MapJoin-mapfile01--.hashtable
2016-10-02 10:45:13	Uploaded 1 File to: file:/tmp/ubuntu/ee1721f1-9630-4efe-92b2-5a8dee58f6db/hive_2016-10-02_10-42-58_451_3305973606522258035-1/-local-10008/HashTable-Stage-9/MapJoin-mapfile01--.hashtable (2248 bytes)
2016-10-02 10:45:13	End of local task; Time Taken: 1.684 sec.
Execution completed successfully
MapredLocal task succeeded
Launching Job 5 out of 9
Number of reduce tasks is set to 0 since there's no reduce operator
Starting Job = job_1475401111718_0045, Tracking URL = http://vm1:8088/proxy/application_1475401111718_0045/
Kill Command = /home/ubuntu/software/hadoop-2.6.0/bin/hadoop job  -kill job_1475401111718_0045
Hadoop job information for Stage-9: number of mappers: 3; number of reducers: 0
2016-10-02 10:45:19,214 Stage-9 map = 0%,  reduce = 0%
2016-10-02 10:45:28,475 Stage-9 map = 33%,  reduce = 0%, Cumulative CPU 3.83 sec
2016-10-02 10:45:31,552 Stage-9 map = 100%,  reduce = 0%, Cumulative CPU 20.61 sec
MapReduce Total cumulative CPU time: 20 seconds 610 msec
Ended Job = job_1475401111718_0045
Launching Job 6 out of 9
Number of reduce tasks not specified. Defaulting to jobconf value of: 5
In order to change the average load for a reducer (in bytes):
  set hive.exec.reducers.bytes.per.reducer=<number>
In order to limit the maximum number of reducers:
  set hive.exec.reducers.max=<number>
In order to set a constant number of reducers:
  set mapreduce.job.reduces=<number>
Starting Job = job_1475401111718_0046, Tracking URL = http://vm1:8088/proxy/application_1475401111718_0046/
Kill Command = /home/ubuntu/software/hadoop-2.6.0/bin/hadoop job  -kill job_1475401111718_0046
Hadoop job information for Stage-4: number of mappers: 1; number of reducers: 5
2016-10-02 10:45:37,339 Stage-4 map = 0%,  reduce = 0%
2016-10-02 10:45:43,552 Stage-4 map = 100%,  reduce = 0%, Cumulative CPU 2.89 sec
2016-10-02 10:45:49,789 Stage-4 map = 100%,  reduce = 20%, Cumulative CPU 5.4 sec
2016-10-02 10:45:50,832 Stage-4 map = 100%,  reduce = 60%, Cumulative CPU 10.41 sec
2016-10-02 10:45:51,885 Stage-4 map = 100%,  reduce = 100%, Cumulative CPU 15.55 sec
MapReduce Total cumulative CPU time: 15 seconds 550 msec
Ended Job = job_1475401111718_0046
Launching Job 7 out of 9
Number of reduce tasks determined at compile time: 1
In order to change the average load for a reducer (in bytes):
  set hive.exec.reducers.bytes.per.reducer=<number>
In order to limit the maximum number of reducers:
  set hive.exec.reducers.max=<number>
In order to set a constant number of reducers:
  set mapreduce.job.reduces=<number>
Starting Job = job_1475401111718_0047, Tracking URL = http://vm1:8088/proxy/application_1475401111718_0047/
Kill Command = /home/ubuntu/software/hadoop-2.6.0/bin/hadoop job  -kill job_1475401111718_0047
Hadoop job information for Stage-5: number of mappers: 4; number of reducers: 1
2016-10-02 10:45:58,780 Stage-5 map = 0%,  reduce = 0%
2016-10-02 10:46:06,990 Stage-5 map = 100%,  reduce = 0%, Cumulative CPU 7.07 sec
2016-10-02 10:46:14,174 Stage-5 map = 100%,  reduce = 100%, Cumulative CPU 8.82 sec
MapReduce Total cumulative CPU time: 8 seconds 820 msec
Ended Job = job_1475401111718_0047
MapReduce Jobs Launched: 
Stage-Stage-15: Map: 5   Cumulative CPU: 239.95 sec   HDFS Read: 1164950191 HDFS Write: 2535951899 SUCCESS
Stage-Stage-12: Map: 10   Cumulative CPU: 153.48 sec   HDFS Read: 2536061785 HDFS Write: 246864684 SUCCESS
Stage-Stage-9: Map: 3   Cumulative CPU: 20.61 sec   HDFS Read: 246905438 HDFS Write: 1432253 SUCCESS
Stage-Stage-4: Map: 1  Reduce: 5   Cumulative CPU: 15.55 sec   HDFS Read: 1459375 HDFS Write: 432708 SUCCESS
Stage-Stage-5: Map: 4  Reduce: 1   Cumulative CPU: 8.82 sec   HDFS Read: 446985 HDFS Write: 2799 SUCCESS
Total MapReduce CPU Time Spent: 7 minutes 18 seconds 410 msec
OK
Time taken: 196.805 seconds, Fetched: 100 row(s)
42.98user 3.91system 3:24.26elapsed 22%CPU (0avgtext+0avgdata 735344maxresident)k
114808inputs+458808outputs (110major+194635minor)pagefaults 0swaps
