
Logging initialized using configuration in jar:file:/home/ubuntu/software/hive-1.2.1/lib/hive-common-1.2.1.jar!/hive-log4j.properties
Hive history file=/tmp/ubuntu/hive_job_log_8a93b0eb-925b-4660-8df7-d1ee912f3374_1659562671.txt
SLF4J: Class path contains multiple SLF4J bindings.
SLF4J: Found binding in [jar:file:/home/ubuntu/software/tez-0.7.1-SNAPSHOT-minimal/lib/slf4j-log4j12-1.7.5.jar!/org/slf4j/impl/StaticLoggerBinder.class]
SLF4J: Found binding in [jar:file:/home/ubuntu/software/hadoop-2.6.0/share/hadoop/common/lib/slf4j-log4j12-1.7.5.jar!/org/slf4j/impl/StaticLoggerBinder.class]
SLF4J: See http://www.slf4j.org/codes.html#multiple_bindings for an explanation.
SLF4J: Actual binding is of type [org.slf4j.impl.Log4jLoggerFactory]
OK
Time taken: 1.028 seconds
Query ID = ubuntu_20161002165235_e7621eff-5fb0-4210-81f5-0d078ca66cc4
Total jobs = 9
SLF4J: Class path contains multiple SLF4J bindings.
SLF4J: Found binding in [jar:file:/home/ubuntu/software/tez-0.7.1-SNAPSHOT-minimal/lib/slf4j-log4j12-1.7.5.jar!/org/slf4j/impl/StaticLoggerBinder.class]
SLF4J: Found binding in [jar:file:/home/ubuntu/software/hadoop-2.6.0/share/hadoop/common/lib/slf4j-log4j12-1.7.5.jar!/org/slf4j/impl/StaticLoggerBinder.class]
SLF4J: See http://www.slf4j.org/codes.html#multiple_bindings for an explanation.
SLF4J: Actual binding is of type [org.slf4j.impl.Log4jLoggerFactory]
Execution log at: /tmp/ubuntu/ubuntu_20161002165235_e7621eff-5fb0-4210-81f5-0d078ca66cc4.log
2016-10-02 16:52:41	Starting to launch local task to process map join;	maximum memory = 932184064
2016-10-02 16:52:42	Dump the side-table for tag: 1 with group count: 7 into file: file:/tmp/ubuntu/8a93b0eb-925b-4660-8df7-d1ee912f3374/hive_2016-10-02_16-52-35_676_349933645195883822-1/-local-10016/HashTable-Stage-15/MapJoin-mapfile41--.hashtable
2016-10-02 16:52:42	Uploaded 1 File to: file:/tmp/ubuntu/8a93b0eb-925b-4660-8df7-d1ee912f3374/hive_2016-10-02_16-52-35_676_349933645195883822-1/-local-10016/HashTable-Stage-15/MapJoin-mapfile41--.hashtable (504 bytes)
2016-10-02 16:52:42	End of local task; Time Taken: 1.347 sec.
Execution completed successfully
MapredLocal task succeeded
Launching Job 1 out of 9
Number of reduce tasks is set to 0 since there's no reduce operator
Starting Job = job_1475426732253_0006, Tracking URL = http://vm1:8088/proxy/application_1475426732253_0006/
Kill Command = /home/ubuntu/software/hadoop-2.6.0/bin/hadoop job  -kill job_1475426732253_0006
Hadoop job information for Stage-15: number of mappers: 5; number of reducers: 0
2016-10-02 16:52:53,981 Stage-15 map = 0%,  reduce = 0%
2016-10-02 16:53:05,411 Stage-15 map = 2%,  reduce = 0%, Cumulative CPU 7.22 sec
2016-10-02 16:53:09,554 Stage-15 map = 10%,  reduce = 0%, Cumulative CPU 44.62 sec
2016-10-02 16:53:11,655 Stage-15 map = 12%,  reduce = 0%, Cumulative CPU 47.66 sec
2016-10-02 16:53:14,761 Stage-15 map = 14%,  reduce = 0%, Cumulative CPU 62.36 sec
2016-10-02 16:53:15,797 Stage-15 map = 22%,  reduce = 0%, Cumulative CPU 73.8 sec
2016-10-02 16:53:17,868 Stage-15 map = 24%,  reduce = 0%, Cumulative CPU 76.81 sec
2016-10-02 16:53:18,902 Stage-15 map = 30%,  reduce = 0%, Cumulative CPU 88.17 sec
2016-10-02 16:53:22,005 Stage-15 map = 32%,  reduce = 0%, Cumulative CPU 103.02 sec
2016-10-02 16:53:24,074 Stage-15 map = 34%,  reduce = 0%, Cumulative CPU 106.11 sec
2016-10-02 16:53:25,111 Stage-15 map = 43%,  reduce = 0%, Cumulative CPU 117.26 sec
2016-10-02 16:53:27,181 Stage-15 map = 44%,  reduce = 0%, Cumulative CPU 120.28 sec
2016-10-02 16:53:28,225 Stage-15 map = 48%,  reduce = 0%, Cumulative CPU 131.81 sec
2016-10-02 16:53:31,321 Stage-15 map = 53%,  reduce = 0%, Cumulative CPU 146.49 sec
2016-10-02 16:53:33,386 Stage-15 map = 55%,  reduce = 0%, Cumulative CPU 149.54 sec
2016-10-02 16:53:34,424 Stage-15 map = 63%,  reduce = 0%, Cumulative CPU 161.01 sec
2016-10-02 16:53:36,503 Stage-15 map = 65%,  reduce = 0%, Cumulative CPU 164.03 sec
2016-10-02 16:53:39,614 Stage-15 map = 68%,  reduce = 0%, Cumulative CPU 178.84 sec
2016-10-02 16:53:40,657 Stage-15 map = 75%,  reduce = 0%, Cumulative CPU 189.4 sec
2016-10-02 16:53:42,729 Stage-15 map = 80%,  reduce = 0%, Cumulative CPU 200.77 sec
2016-10-02 16:53:43,765 Stage-15 map = 81%,  reduce = 0%, Cumulative CPU 203.69 sec
2016-10-02 16:53:44,804 Stage-15 map = 83%,  reduce = 0%, Cumulative CPU 206.75 sec
2016-10-02 16:53:45,837 Stage-15 map = 87%,  reduce = 0%, Cumulative CPU 212.48 sec
2016-10-02 16:53:46,870 Stage-15 map = 89%,  reduce = 0%, Cumulative CPU 216.91 sec
2016-10-02 16:53:48,935 Stage-15 map = 91%,  reduce = 0%, Cumulative CPU 219.98 sec
2016-10-02 16:53:49,970 Stage-15 map = 93%,  reduce = 0%, Cumulative CPU 222.99 sec
2016-10-02 16:53:53,097 Stage-15 map = 95%,  reduce = 0%, Cumulative CPU 229.15 sec
2016-10-02 16:53:55,166 Stage-15 map = 98%,  reduce = 0%, Cumulative CPU 234.25 sec
2016-10-02 16:53:58,261 Stage-15 map = 100%,  reduce = 0%, Cumulative CPU 237.08 sec
MapReduce Total cumulative CPU time: 3 minutes 57 seconds 80 msec
Ended Job = job_1475426732253_0006
Stage-18 is selected by condition resolver.
Stage-19 is filtered out by condition resolver.
Stage-2 is filtered out by condition resolver.
SLF4J: Class path contains multiple SLF4J bindings.
SLF4J: Found binding in [jar:file:/home/ubuntu/software/tez-0.7.1-SNAPSHOT-minimal/lib/slf4j-log4j12-1.7.5.jar!/org/slf4j/impl/StaticLoggerBinder.class]
SLF4J: Found binding in [jar:file:/home/ubuntu/software/hadoop-2.6.0/share/hadoop/common/lib/slf4j-log4j12-1.7.5.jar!/org/slf4j/impl/StaticLoggerBinder.class]
SLF4J: See http://www.slf4j.org/codes.html#multiple_bindings for an explanation.
SLF4J: Actual binding is of type [org.slf4j.impl.Log4jLoggerFactory]
Execution log at: /tmp/ubuntu/ubuntu_20161002165235_e7621eff-5fb0-4210-81f5-0d078ca66cc4.log
2016-10-02 16:54:02	Starting to launch local task to process map join;	maximum memory = 932184064
2016-10-02 16:54:06	Dump the side-table for tag: 1 with group count: 3863 into file: file:/tmp/ubuntu/8a93b0eb-925b-4660-8df7-d1ee912f3374/hive_2016-10-02_16-52-35_676_349933645195883822-1/-local-10012/HashTable-Stage-12/MapJoin-mapfile21--.hashtable
2016-10-02 16:54:06	Uploaded 1 File to: file:/tmp/ubuntu/8a93b0eb-925b-4660-8df7-d1ee912f3374/hive_2016-10-02_16-52-35_676_349933645195883822-1/-local-10012/HashTable-Stage-12/MapJoin-mapfile21--.hashtable (163270 bytes)
2016-10-02 16:54:06	End of local task; Time Taken: 4.651 sec.
Execution completed successfully
MapredLocal task succeeded
Launching Job 3 out of 9
Number of reduce tasks is set to 0 since there's no reduce operator
Starting Job = job_1475426732253_0007, Tracking URL = http://vm1:8088/proxy/application_1475426732253_0007/
Kill Command = /home/ubuntu/software/hadoop-2.6.0/bin/hadoop job  -kill job_1475426732253_0007
Hadoop job information for Stage-12: number of mappers: 10; number of reducers: 0
2016-10-02 16:54:13,402 Stage-12 map = 0%,  reduce = 0%
2016-10-02 16:54:21,661 Stage-12 map = 10%,  reduce = 0%, Cumulative CPU 4.41 sec
2016-10-02 16:54:25,785 Stage-12 map = 11%,  reduce = 0%, Cumulative CPU 35.69 sec
2016-10-02 16:54:29,926 Stage-12 map = 16%,  reduce = 0%, Cumulative CPU 71.41 sec
2016-10-02 16:54:31,989 Stage-12 map = 30%,  reduce = 0%, Cumulative CPU 92.61 sec
2016-10-02 16:54:33,018 Stage-12 map = 35%,  reduce = 0%, Cumulative CPU 95.88 sec
2016-10-02 16:54:35,075 Stage-12 map = 57%,  reduce = 0%, Cumulative CPU 117.03 sec
2016-10-02 16:54:36,105 Stage-12 map = 66%,  reduce = 0%, Cumulative CPU 118.02 sec
2016-10-02 16:54:39,194 Stage-12 map = 80%,  reduce = 0%, Cumulative CPU 138.71 sec
2016-10-02 16:54:40,225 Stage-12 map = 90%,  reduce = 0%, Cumulative CPU 142.14 sec
2016-10-02 16:54:41,255 Stage-12 map = 95%,  reduce = 0%, Cumulative CPU 145.1 sec
2016-10-02 16:54:46,403 Stage-12 map = 100%,  reduce = 0%, Cumulative CPU 150.13 sec
MapReduce Total cumulative CPU time: 2 minutes 30 seconds 130 msec
Ended Job = job_1475426732253_0007
Stage-16 is selected by condition resolver.
Stage-17 is filtered out by condition resolver.
Stage-3 is filtered out by condition resolver.
SLF4J: Class path contains multiple SLF4J bindings.
SLF4J: Found binding in [jar:file:/home/ubuntu/software/tez-0.7.1-SNAPSHOT-minimal/lib/slf4j-log4j12-1.7.5.jar!/org/slf4j/impl/StaticLoggerBinder.class]
SLF4J: Found binding in [jar:file:/home/ubuntu/software/hadoop-2.6.0/share/hadoop/common/lib/slf4j-log4j12-1.7.5.jar!/org/slf4j/impl/StaticLoggerBinder.class]
SLF4J: See http://www.slf4j.org/codes.html#multiple_bindings for an explanation.
SLF4J: Actual binding is of type [org.slf4j.impl.Log4jLoggerFactory]
Execution log at: /tmp/ubuntu/ubuntu_20161002165235_e7621eff-5fb0-4210-81f5-0d078ca66cc4.log
2016-10-02 16:54:50	Starting to launch local task to process map join;	maximum memory = 932184064
2016-10-02 16:54:51	Dump the side-table for tag: 1 with group count: 60 into file: file:/tmp/ubuntu/8a93b0eb-925b-4660-8df7-d1ee912f3374/hive_2016-10-02_16-52-35_676_349933645195883822-1/-local-10008/HashTable-Stage-9/MapJoin-mapfile01--.hashtable
2016-10-02 16:54:51	Uploaded 1 File to: file:/tmp/ubuntu/8a93b0eb-925b-4660-8df7-d1ee912f3374/hive_2016-10-02_16-52-35_676_349933645195883822-1/-local-10008/HashTable-Stage-9/MapJoin-mapfile01--.hashtable (2248 bytes)
2016-10-02 16:54:51	End of local task; Time Taken: 1.623 sec.
Execution completed successfully
MapredLocal task succeeded
Launching Job 5 out of 9
Number of reduce tasks is set to 0 since there's no reduce operator
Starting Job = job_1475426732253_0008, Tracking URL = http://vm1:8088/proxy/application_1475426732253_0008/
Kill Command = /home/ubuntu/software/hadoop-2.6.0/bin/hadoop job  -kill job_1475426732253_0008
Hadoop job information for Stage-9: number of mappers: 3; number of reducers: 0
2016-10-02 16:54:58,410 Stage-9 map = 0%,  reduce = 0%
2016-10-02 16:55:08,756 Stage-9 map = 33%,  reduce = 0%, Cumulative CPU 6.34 sec
2016-10-02 16:55:09,794 Stage-9 map = 76%,  reduce = 0%, Cumulative CPU 20.68 sec
2016-10-02 16:55:10,827 Stage-9 map = 100%,  reduce = 0%, Cumulative CPU 23.69 sec
MapReduce Total cumulative CPU time: 23 seconds 690 msec
Ended Job = job_1475426732253_0008
Launching Job 6 out of 9
Number of reduce tasks not specified. Defaulting to jobconf value of: 20
In order to change the average load for a reducer (in bytes):
  set hive.exec.reducers.bytes.per.reducer=<number>
In order to limit the maximum number of reducers:
  set hive.exec.reducers.max=<number>
In order to set a constant number of reducers:
  set mapreduce.job.reduces=<number>
Starting Job = job_1475426732253_0009, Tracking URL = http://vm1:8088/proxy/application_1475426732253_0009/
Kill Command = /home/ubuntu/software/hadoop-2.6.0/bin/hadoop job  -kill job_1475426732253_0009
Hadoop job information for Stage-4: number of mappers: 1; number of reducers: 20
2016-10-02 16:55:16,728 Stage-4 map = 0%,  reduce = 0%
2016-10-02 16:55:22,930 Stage-4 map = 100%,  reduce = 0%, Cumulative CPU 3.07 sec
2016-10-02 16:55:30,208 Stage-4 map = 100%,  reduce = 5%, Cumulative CPU 5.29 sec
2016-10-02 16:55:31,263 Stage-4 map = 100%,  reduce = 20%, Cumulative CPU 11.64 sec
2016-10-02 16:55:32,319 Stage-4 map = 100%,  reduce = 40%, Cumulative CPU 19.97 sec
2016-10-02 16:55:33,369 Stage-4 map = 100%,  reduce = 55%, Cumulative CPU 26.22 sec
2016-10-02 16:55:34,418 Stage-4 map = 100%,  reduce = 80%, Cumulative CPU 36.86 sec
2016-10-02 16:55:36,493 Stage-4 map = 100%,  reduce = 95%, Cumulative CPU 42.7 sec
2016-10-02 16:55:37,527 Stage-4 map = 100%,  reduce = 100%, Cumulative CPU 44.76 sec
MapReduce Total cumulative CPU time: 44 seconds 760 msec
Ended Job = job_1475426732253_0009
Launching Job 7 out of 9
Number of reduce tasks determined at compile time: 1
In order to change the average load for a reducer (in bytes):
  set hive.exec.reducers.bytes.per.reducer=<number>
In order to limit the maximum number of reducers:
  set hive.exec.reducers.max=<number>
In order to set a constant number of reducers:
  set mapreduce.job.reduces=<number>
Starting Job = job_1475426732253_0010, Tracking URL = http://vm1:8088/proxy/application_1475426732253_0010/
Kill Command = /home/ubuntu/software/hadoop-2.6.0/bin/hadoop job  -kill job_1475426732253_0010
Hadoop job information for Stage-5: number of mappers: 4; number of reducers: 1
2016-10-02 16:55:43,411 Stage-5 map = 0%,  reduce = 0%
2016-10-02 16:55:51,706 Stage-5 map = 100%,  reduce = 0%, Cumulative CPU 7.22 sec
2016-10-02 16:55:57,921 Stage-5 map = 100%,  reduce = 100%, Cumulative CPU 8.86 sec
MapReduce Total cumulative CPU time: 8 seconds 860 msec
Ended Job = job_1475426732253_0010
MapReduce Jobs Launched: 
Stage-Stage-15: Map: 5   Cumulative CPU: 237.08 sec   HDFS Read: 1164950176 HDFS Write: 2535951899 SUCCESS
Stage-Stage-12: Map: 10   Cumulative CPU: 150.13 sec   HDFS Read: 2536061722 HDFS Write: 246864684 SUCCESS
Stage-Stage-9: Map: 3   Cumulative CPU: 23.69 sec   HDFS Read: 246905416 HDFS Write: 2140611 SUCCESS
Stage-Stage-4: Map: 1  Reduce: 20   Cumulative CPU: 44.76 sec   HDFS Read: 2238764 HDFS Write: 433988 SUCCESS
Stage-Stage-5: Map: 4  Reduce: 1   Cumulative CPU: 8.86 sec   HDFS Read: 452092 HDFS Write: 2799 SUCCESS
Total MapReduce CPU Time Spent: 7 minutes 44 seconds 520 msec
OK
Time taken: 203.351 seconds, Fetched: 100 row(s)
43.12user 3.74system 3:30.65elapsed 22%CPU (0avgtext+0avgdata 738440maxresident)k
114528inputs+459984outputs (109major+205597minor)pagefaults 0swaps
