
Logging initialized using configuration in jar:file:/home/ubuntu/software/hive-1.2.1/lib/hive-common-1.2.1.jar!/hive-log4j.properties
Hive history file=/tmp/ubuntu/hive_job_log_c7e1b5cd-3439-4d36-af6d-99e6d40cc256_1674097520.txt
SLF4J: Class path contains multiple SLF4J bindings.
SLF4J: Found binding in [jar:file:/home/ubuntu/software/tez-0.7.1-SNAPSHOT-minimal/lib/slf4j-log4j12-1.7.5.jar!/org/slf4j/impl/StaticLoggerBinder.class]
SLF4J: Found binding in [jar:file:/home/ubuntu/software/hadoop-2.6.0/share/hadoop/common/lib/slf4j-log4j12-1.7.5.jar!/org/slf4j/impl/StaticLoggerBinder.class]
SLF4J: See http://www.slf4j.org/codes.html#multiple_bindings for an explanation.
SLF4J: Actual binding is of type [org.slf4j.impl.Log4jLoggerFactory]
OK
Time taken: 0.882 seconds
Query ID = ubuntu_20161002233541_00f41d5c-c50a-4851-ade4-a1a3b32ca105
Total jobs = 8
Stage-16 is selected by condition resolver.
Stage-1 is filtered out by condition resolver.
SLF4J: Class path contains multiple SLF4J bindings.
SLF4J: Found binding in [jar:file:/home/ubuntu/software/tez-0.7.1-SNAPSHOT-minimal/lib/slf4j-log4j12-1.7.5.jar!/org/slf4j/impl/StaticLoggerBinder.class]
SLF4J: Found binding in [jar:file:/home/ubuntu/software/hadoop-2.6.0/share/hadoop/common/lib/slf4j-log4j12-1.7.5.jar!/org/slf4j/impl/StaticLoggerBinder.class]
SLF4J: See http://www.slf4j.org/codes.html#multiple_bindings for an explanation.
SLF4J: Actual binding is of type [org.slf4j.impl.Log4jLoggerFactory]
Execution log at: /tmp/ubuntu/ubuntu_20161002233541_00f41d5c-c50a-4851-ade4-a1a3b32ca105.log
2016-10-02 23:35:47	Starting to launch local task to process map join;	maximum memory = 932184064
2016-10-02 23:35:48	Dump the side-table for tag: 1 with group count: 18445 into file: file:/tmp/ubuntu/c7e1b5cd-3439-4d36-af6d-99e6d40cc256/hive_2016-10-02_23-35-41_780_5844274458379089939-1/-local-10012/HashTable-Stage-11/MapJoin-mapfile21--.hashtable
2016-10-02 23:35:49	Uploaded 1 File to: file:/tmp/ubuntu/c7e1b5cd-3439-4d36-af6d-99e6d40cc256/hive_2016-10-02_23-35-41_780_5844274458379089939-1/-local-10012/HashTable-Stage-11/MapJoin-mapfile21--.hashtable (2960337 bytes)
2016-10-02 23:35:49	End of local task; Time Taken: 2.025 sec.
Execution completed successfully
MapredLocal task succeeded
Launching Job 2 out of 8
Number of reduce tasks is set to 0 since there's no reduce operator
Starting Job = job_1475449732703_0036, Tracking URL = http://vm1:8088/proxy/application_1475449732703_0036/
Kill Command = /home/ubuntu/software/hadoop-2.6.0/bin/hadoop job  -kill job_1475449732703_0036
Hadoop job information for Stage-11: number of mappers: 26; number of reducers: 0
2016-10-02 23:35:58,439 Stage-11 map = 0%,  reduce = 0%
2016-10-02 23:36:11,014 Stage-11 map = 2%,  reduce = 0%, Cumulative CPU 32.31 sec
2016-10-02 23:36:12,060 Stage-11 map = 3%,  reduce = 0%, Cumulative CPU 74.95 sec
2016-10-02 23:36:16,249 Stage-11 map = 7%,  reduce = 0%, Cumulative CPU 89.22 sec
2016-10-02 23:36:17,283 Stage-11 map = 18%,  reduce = 0%, Cumulative CPU 93.64 sec
2016-10-02 23:36:18,329 Stage-11 map = 31%,  reduce = 0%, Cumulative CPU 100.05 sec
2016-10-02 23:36:20,395 Stage-11 map = 32%,  reduce = 0%, Cumulative CPU 106.15 sec
2016-10-02 23:36:21,430 Stage-11 map = 34%,  reduce = 0%, Cumulative CPU 113.3 sec
2016-10-02 23:36:25,561 Stage-11 map = 41%,  reduce = 0%, Cumulative CPU 125.63 sec
2016-10-02 23:36:26,611 Stage-11 map = 55%,  reduce = 0%, Cumulative CPU 132.08 sec
2016-10-02 23:36:28,687 Stage-11 map = 56%,  reduce = 0%, Cumulative CPU 132.56 sec
2016-10-02 23:36:30,757 Stage-11 map = 62%,  reduce = 0%, Cumulative CPU 135.52 sec
2016-10-02 23:36:36,951 Stage-11 map = 66%,  reduce = 0%, Cumulative CPU 166.39 sec
2016-10-02 23:36:37,987 Stage-11 map = 69%,  reduce = 0%, Cumulative CPU 182.55 sec
2016-10-02 23:36:39,021 Stage-11 map = 73%,  reduce = 0%, Cumulative CPU 189.8 sec
2016-10-02 23:36:40,057 Stage-11 map = 74%,  reduce = 0%, Cumulative CPU 191.37 sec
2016-10-02 23:36:41,091 Stage-11 map = 75%,  reduce = 0%, Cumulative CPU 194.5 sec
2016-10-02 23:36:42,129 Stage-11 map = 77%,  reduce = 0%, Cumulative CPU 197.14 sec
2016-10-02 23:36:43,167 Stage-11 map = 79%,  reduce = 0%, Cumulative CPU 199.32 sec
2016-10-02 23:36:44,208 Stage-11 map = 85%,  reduce = 0%, Cumulative CPU 204.65 sec
2016-10-02 23:36:45,240 Stage-11 map = 90%,  reduce = 0%, Cumulative CPU 207.04 sec
2016-10-02 23:36:46,284 Stage-11 map = 93%,  reduce = 0%, Cumulative CPU 210.28 sec
2016-10-02 23:36:47,318 Stage-11 map = 95%,  reduce = 0%, Cumulative CPU 213.62 sec
2016-10-02 23:36:48,351 Stage-11 map = 97%,  reduce = 0%, Cumulative CPU 213.8 sec
2016-10-02 23:36:49,386 Stage-11 map = 98%,  reduce = 0%, Cumulative CPU 214.87 sec
2016-10-02 23:36:50,420 Stage-11 map = 100%,  reduce = 0%, Cumulative CPU 216.77 sec
MapReduce Total cumulative CPU time: 3 minutes 36 seconds 770 msec
Ended Job = job_1475449732703_0036
Stage-14 is selected by condition resolver.
Stage-15 is filtered out by condition resolver.
Stage-2 is filtered out by condition resolver.
SLF4J: Class path contains multiple SLF4J bindings.
SLF4J: Found binding in [jar:file:/home/ubuntu/software/tez-0.7.1-SNAPSHOT-minimal/lib/slf4j-log4j12-1.7.5.jar!/org/slf4j/impl/StaticLoggerBinder.class]
SLF4J: Found binding in [jar:file:/home/ubuntu/software/hadoop-2.6.0/share/hadoop/common/lib/slf4j-log4j12-1.7.5.jar!/org/slf4j/impl/StaticLoggerBinder.class]
SLF4J: See http://www.slf4j.org/codes.html#multiple_bindings for an explanation.
SLF4J: Actual binding is of type [org.slf4j.impl.Log4jLoggerFactory]
Execution log at: /tmp/ubuntu/ubuntu_20161002233541_00f41d5c-c50a-4851-ade4-a1a3b32ca105.log
2016-10-02 23:36:54	Starting to launch local task to process map join;	maximum memory = 932184064
2016-10-02 23:36:55	Dump the side-table for tag: 1 with group count: 31 into file: file:/tmp/ubuntu/c7e1b5cd-3439-4d36-af6d-99e6d40cc256/hive_2016-10-02_23-35-41_780_5844274458379089939-1/-local-10008/HashTable-Stage-8/MapJoin-mapfile01--.hashtable
2016-10-02 23:36:55	Uploaded 1 File to: file:/tmp/ubuntu/c7e1b5cd-3439-4d36-af6d-99e6d40cc256/hive_2016-10-02_23-35-41_780_5844274458379089939-1/-local-10008/HashTable-Stage-8/MapJoin-mapfile01--.hashtable (1288 bytes)
2016-10-02 23:36:55	End of local task; Time Taken: 1.436 sec.
Execution completed successfully
MapredLocal task succeeded
Launching Job 4 out of 8
Number of reduce tasks is set to 0 since there's no reduce operator
Starting Job = job_1475449732703_0037, Tracking URL = http://vm1:8088/proxy/application_1475449732703_0037/
Kill Command = /home/ubuntu/software/hadoop-2.6.0/bin/hadoop job  -kill job_1475449732703_0037
Hadoop job information for Stage-8: number of mappers: 7; number of reducers: 0
2016-10-02 23:37:00,960 Stage-8 map = 0%,  reduce = 0%
2016-10-02 23:37:10,196 Stage-8 map = 14%,  reduce = 0%, Cumulative CPU 6.83 sec
2016-10-02 23:37:11,231 Stage-8 map = 43%,  reduce = 0%, Cumulative CPU 22.21 sec
2016-10-02 23:37:12,269 Stage-8 map = 57%,  reduce = 0%, Cumulative CPU 26.65 sec
2016-10-02 23:37:13,303 Stage-8 map = 82%,  reduce = 0%, Cumulative CPU 44.95 sec
2016-10-02 23:37:14,332 Stage-8 map = 90%,  reduce = 0%, Cumulative CPU 46.51 sec
2016-10-02 23:37:15,366 Stage-8 map = 100%,  reduce = 0%, Cumulative CPU 49.9 sec
MapReduce Total cumulative CPU time: 49 seconds 900 msec
Ended Job = job_1475449732703_0037
Launching Job 5 out of 8
Number of reduce tasks not specified. Defaulting to jobconf value of: 5
In order to change the average load for a reducer (in bytes):
  set hive.exec.reducers.bytes.per.reducer=<number>
In order to limit the maximum number of reducers:
  set hive.exec.reducers.max=<number>
In order to set a constant number of reducers:
  set mapreduce.job.reduces=<number>
Starting Job = job_1475449732703_0038, Tracking URL = http://vm1:8088/proxy/application_1475449732703_0038/
Kill Command = /home/ubuntu/software/hadoop-2.6.0/bin/hadoop job  -kill job_1475449732703_0038
Hadoop job information for Stage-3: number of mappers: 4; number of reducers: 5
2016-10-02 23:37:21,100 Stage-3 map = 0%,  reduce = 0%
2016-10-02 23:37:29,383 Stage-3 map = 75%,  reduce = 0%, Cumulative CPU 6.45 sec
2016-10-02 23:37:30,419 Stage-3 map = 100%,  reduce = 0%, Cumulative CPU 9.43 sec
2016-10-02 23:37:35,605 Stage-3 map = 100%,  reduce = 60%, Cumulative CPU 16.23 sec
2016-10-02 23:37:36,646 Stage-3 map = 100%,  reduce = 80%, Cumulative CPU 18.58 sec
2016-10-02 23:37:37,685 Stage-3 map = 100%,  reduce = 100%, Cumulative CPU 20.87 sec
MapReduce Total cumulative CPU time: 20 seconds 870 msec
Ended Job = job_1475449732703_0038
Launching Job 6 out of 8
Number of reduce tasks not specified. Defaulting to jobconf value of: 5
In order to change the average load for a reducer (in bytes):
  set hive.exec.reducers.bytes.per.reducer=<number>
In order to limit the maximum number of reducers:
  set hive.exec.reducers.max=<number>
In order to set a constant number of reducers:
  set mapreduce.job.reduces=<number>
Starting Job = job_1475449732703_0039, Tracking URL = http://vm1:8088/proxy/application_1475449732703_0039/
Kill Command = /home/ubuntu/software/hadoop-2.6.0/bin/hadoop job  -kill job_1475449732703_0039
Hadoop job information for Stage-4: number of mappers: 4; number of reducers: 5
2016-10-02 23:37:43,494 Stage-4 map = 0%,  reduce = 0%
2016-10-02 23:37:51,795 Stage-4 map = 75%,  reduce = 0%, Cumulative CPU 5.34 sec
2016-10-02 23:37:52,834 Stage-4 map = 100%,  reduce = 0%, Cumulative CPU 7.43 sec
2016-10-02 23:37:58,006 Stage-4 map = 100%,  reduce = 40%, Cumulative CPU 11.4 sec
2016-10-02 23:37:59,045 Stage-4 map = 100%,  reduce = 80%, Cumulative CPU 15.98 sec
2016-10-02 23:38:00,086 Stage-4 map = 100%,  reduce = 100%, Cumulative CPU 18.36 sec
MapReduce Total cumulative CPU time: 18 seconds 360 msec
Ended Job = job_1475449732703_0039
Launching Job 7 out of 8
Number of reduce tasks determined at compile time: 1
In order to change the average load for a reducer (in bytes):
  set hive.exec.reducers.bytes.per.reducer=<number>
In order to limit the maximum number of reducers:
  set hive.exec.reducers.max=<number>
In order to set a constant number of reducers:
  set mapreduce.job.reduces=<number>
Starting Job = job_1475449732703_0040, Tracking URL = http://vm1:8088/proxy/application_1475449732703_0040/
Kill Command = /home/ubuntu/software/hadoop-2.6.0/bin/hadoop job  -kill job_1475449732703_0040
Hadoop job information for Stage-5: number of mappers: 4; number of reducers: 1
2016-10-02 23:38:05,788 Stage-5 map = 0%,  reduce = 0%
2016-10-02 23:38:14,037 Stage-5 map = 100%,  reduce = 0%, Cumulative CPU 7.36 sec
2016-10-02 23:38:20,220 Stage-5 map = 100%,  reduce = 100%, Cumulative CPU 9.2 sec
MapReduce Total cumulative CPU time: 9 seconds 200 msec
Ended Job = job_1475449732703_0040
MapReduce Jobs Launched: 
Stage-Stage-11: Map: 26   Cumulative CPU: 216.77 sec   HDFS Read: 7607676612 HDFS Write: 1850142725 SUCCESS
Stage-Stage-8: Map: 7   Cumulative CPU: 49.9 sec   HDFS Read: 1850232868 HDFS Write: 8220283 SUCCESS
Stage-Stage-3: Map: 4  Reduce: 5   Cumulative CPU: 20.87 sec   HDFS Read: 8246889 HDFS Write: 1533462 SUCCESS
Stage-Stage-4: Map: 4  Reduce: 5   Cumulative CPU: 18.36 sec   HDFS Read: 1574536 HDFS Write: 1608066 SUCCESS
Stage-Stage-5: Map: 4  Reduce: 1   Cumulative CPU: 9.2 sec   HDFS Read: 1622456 HDFS Write: 18517 SUCCESS
Total MapReduce CPU Time Spent: 5 minutes 15 seconds 100 msec
OK
Time taken: 159.539 seconds, Fetched: 100 row(s)
33.63user 2.74system 2:45.57elapsed 21%CPU (0avgtext+0avgdata 739496maxresident)k
115232inputs+315048outputs (110major+149429minor)pagefaults 0swaps
