
Logging initialized using configuration in jar:file:/home/ubuntu/software/hive-1.2.1/lib/hive-common-1.2.1.jar!/hive-log4j.properties
Hive history file=/tmp/ubuntu/hive_job_log_1d8904cb-84b6-45de-a7a7-996def33da86_1777455007.txt
SLF4J: Class path contains multiple SLF4J bindings.
SLF4J: Found binding in [jar:file:/home/ubuntu/software/tez-0.7.1-SNAPSHOT-minimal/lib/slf4j-log4j12-1.7.5.jar!/org/slf4j/impl/StaticLoggerBinder.class]
SLF4J: Found binding in [jar:file:/home/ubuntu/software/hadoop-2.6.0/share/hadoop/common/lib/slf4j-log4j12-1.7.5.jar!/org/slf4j/impl/StaticLoggerBinder.class]
SLF4J: See http://www.slf4j.org/codes.html#multiple_bindings for an explanation.
SLF4J: Actual binding is of type [org.slf4j.impl.Log4jLoggerFactory]
OK
Time taken: 1.161 seconds
Query ID = ubuntu_20161002140744_434393e7-e3ce-4020-a155-d2485832295e
Total jobs = 10
Stage-1 is selected by condition resolver.
Launching Job 1 out of 10
Number of reduce tasks not specified. Defaulting to jobconf value of: 10
In order to change the average load for a reducer (in bytes):
  set hive.exec.reducers.bytes.per.reducer=<number>
In order to limit the maximum number of reducers:
  set hive.exec.reducers.max=<number>
In order to set a constant number of reducers:
  set mapreduce.job.reduces=<number>
Starting Job = job_1475401111718_0206, Tracking URL = http://vm1:8088/proxy/application_1475401111718_0206/
Kill Command = /home/ubuntu/software/hadoop-2.6.0/bin/hadoop job  -kill job_1475401111718_0206
Hadoop job information for Stage-1: number of mappers: 82; number of reducers: 10
2016-10-02 14:07:57,461 Stage-1 map = 0%,  reduce = 0%
2016-10-02 14:08:11,262 Stage-1 map = 1%,  reduce = 0%, Cumulative CPU 53.19 sec
2016-10-02 14:08:14,403 Stage-1 map = 2%,  reduce = 0%, Cumulative CPU 84.69 sec
2016-10-02 14:08:15,477 Stage-1 map = 3%,  reduce = 0%, Cumulative CPU 93.9 sec
2016-10-02 14:08:16,524 Stage-1 map = 5%,  reduce = 0%, Cumulative CPU 98.57 sec
2016-10-02 14:08:18,632 Stage-1 map = 7%,  reduce = 0%, Cumulative CPU 112.05 sec
2016-10-02 14:08:21,785 Stage-1 map = 9%,  reduce = 0%, Cumulative CPU 131.57 sec
2016-10-02 14:08:22,839 Stage-1 map = 10%,  reduce = 0%, Cumulative CPU 137.67 sec
2016-10-02 14:08:23,939 Stage-1 map = 12%,  reduce = 0%, Cumulative CPU 144.82 sec
2016-10-02 14:08:25,020 Stage-1 map = 13%,  reduce = 0%, Cumulative CPU 160.36 sec
2016-10-02 14:08:26,092 Stage-1 map = 14%,  reduce = 0%, Cumulative CPU 174.73 sec
2016-10-02 14:08:27,158 Stage-1 map = 17%,  reduce = 0%, Cumulative CPU 200.71 sec
2016-10-02 14:08:29,277 Stage-1 map = 19%,  reduce = 0%, Cumulative CPU 211.36 sec
2016-10-02 14:08:30,335 Stage-1 map = 20%,  reduce = 0%, Cumulative CPU 214.46 sec
2016-10-02 14:08:39,767 Stage-1 map = 21%,  reduce = 0%, Cumulative CPU 287.92 sec
2016-10-02 14:08:40,808 Stage-1 map = 22%,  reduce = 0%, Cumulative CPU 296.58 sec
2016-10-02 14:08:41,866 Stage-1 map = 23%,  reduce = 0%, Cumulative CPU 300.92 sec
2016-10-02 14:08:44,996 Stage-1 map = 24%,  reduce = 0%, Cumulative CPU 321.99 sec
2016-10-02 14:08:46,051 Stage-1 map = 26%,  reduce = 0%, Cumulative CPU 330.51 sec
2016-10-02 14:08:47,129 Stage-1 map = 27%,  reduce = 0%, Cumulative CPU 340.1 sec
2016-10-02 14:08:48,184 Stage-1 map = 29%,  reduce = 0%, Cumulative CPU 354.76 sec
2016-10-02 14:08:49,224 Stage-1 map = 30%,  reduce = 0%, Cumulative CPU 364.58 sec
2016-10-02 14:08:50,330 Stage-1 map = 32%,  reduce = 0%, Cumulative CPU 381.01 sec
2016-10-02 14:08:51,392 Stage-1 map = 34%,  reduce = 0%, Cumulative CPU 397.02 sec
2016-10-02 14:08:52,442 Stage-1 map = 36%,  reduce = 0%, Cumulative CPU 405.29 sec
2016-10-02 14:08:53,496 Stage-1 map = 37%,  reduce = 0%, Cumulative CPU 414.68 sec
2016-10-02 14:08:54,535 Stage-1 map = 39%,  reduce = 0%, Cumulative CPU 421.66 sec
2016-10-02 14:09:06,088 Stage-1 map = 40%,  reduce = 0%, Cumulative CPU 493.42 sec
2016-10-02 14:09:07,131 Stage-1 map = 41%,  reduce = 0%, Cumulative CPU 497.97 sec
2016-10-02 14:09:08,173 Stage-1 map = 42%,  reduce = 0%, Cumulative CPU 504.38 sec
2016-10-02 14:09:11,337 Stage-1 map = 43%,  reduce = 0%, Cumulative CPU 521.98 sec
2016-10-02 14:09:12,393 Stage-1 map = 44%,  reduce = 0%, Cumulative CPU 530.31 sec
2016-10-02 14:09:13,442 Stage-1 map = 45%,  reduce = 0%, Cumulative CPU 534.81 sec
2016-10-02 14:09:14,498 Stage-1 map = 47%,  reduce = 0%, Cumulative CPU 542.97 sec
2016-10-02 14:09:15,550 Stage-1 map = 48%,  reduce = 0%, Cumulative CPU 557.67 sec
2016-10-02 14:09:16,626 Stage-1 map = 50%,  reduce = 0%, Cumulative CPU 567.67 sec
2016-10-02 14:09:17,689 Stage-1 map = 52%,  reduce = 0%, Cumulative CPU 582.9 sec
2016-10-02 14:09:18,737 Stage-1 map = 53%,  reduce = 0%, Cumulative CPU 591.12 sec
2016-10-02 14:09:19,828 Stage-1 map = 54%,  reduce = 0%, Cumulative CPU 598.86 sec
2016-10-02 14:09:20,915 Stage-1 map = 56%,  reduce = 0%, Cumulative CPU 614.21 sec
2016-10-02 14:09:22,048 Stage-1 map = 57%,  reduce = 0%, Cumulative CPU 619.22 sec
2016-10-02 14:09:24,154 Stage-1 map = 59%,  reduce = 0%, Cumulative CPU 631.81 sec
2016-10-02 14:09:31,480 Stage-1 map = 60%,  reduce = 0%, Cumulative CPU 678.6 sec
2016-10-02 14:09:32,520 Stage-1 map = 61%,  reduce = 0%, Cumulative CPU 690.36 sec
2016-10-02 14:09:35,642 Stage-1 map = 62%,  reduce = 0%, Cumulative CPU 722.96 sec
2016-10-02 14:09:37,726 Stage-1 map = 63%,  reduce = 0%, Cumulative CPU 729.12 sec
2016-10-02 14:09:39,862 Stage-1 map = 64%,  reduce = 0%, Cumulative CPU 739.09 sec
2016-10-02 14:09:40,896 Stage-1 map = 65%,  reduce = 0%, Cumulative CPU 747.89 sec
2016-10-02 14:09:41,933 Stage-1 map = 66%,  reduce = 0%, Cumulative CPU 756.46 sec
2016-10-02 14:09:42,970 Stage-1 map = 67%,  reduce = 0%, Cumulative CPU 761.49 sec
2016-10-02 14:09:44,005 Stage-1 map = 68%,  reduce = 0%, Cumulative CPU 773.26 sec
2016-10-02 14:09:45,057 Stage-1 map = 70%,  reduce = 0%, Cumulative CPU 783.92 sec
2016-10-02 14:09:47,161 Stage-1 map = 71%,  reduce = 0%, Cumulative CPU 792.17 sec
2016-10-02 14:09:50,288 Stage-1 map = 72%,  reduce = 0%, Cumulative CPU 808.82 sec
2016-10-02 14:09:52,379 Stage-1 map = 73%,  reduce = 0%, Cumulative CPU 823.3 sec
2016-10-02 14:09:53,454 Stage-1 map = 74%,  reduce = 0%, Cumulative CPU 833.73 sec
2016-10-02 14:09:54,509 Stage-1 map = 75%,  reduce = 0%, Cumulative CPU 836.67 sec
2016-10-02 14:09:55,565 Stage-1 map = 77%,  reduce = 0%, Cumulative CPU 854.22 sec
2016-10-02 14:09:57,683 Stage-1 map = 78%,  reduce = 0%, Cumulative CPU 869.15 sec
2016-10-02 14:09:58,733 Stage-1 map = 80%,  reduce = 0%, Cumulative CPU 877.37 sec
2016-10-02 14:10:00,828 Stage-1 map = 81%,  reduce = 0%, Cumulative CPU 886.2 sec
2016-10-02 14:10:04,006 Stage-1 map = 82%,  reduce = 0%, Cumulative CPU 911.38 sec
2016-10-02 14:10:05,085 Stage-1 map = 83%,  reduce = 0%, Cumulative CPU 922.38 sec
2016-10-02 14:10:06,160 Stage-1 map = 84%,  reduce = 0%, Cumulative CPU 932.19 sec
2016-10-02 14:10:08,236 Stage-1 map = 86%,  reduce = 0%, Cumulative CPU 949.85 sec
2016-10-02 14:10:09,267 Stage-1 map = 87%,  reduce = 0%, Cumulative CPU 965.52 sec
2016-10-02 14:10:11,337 Stage-1 map = 88%,  reduce = 0%, Cumulative CPU 978.13 sec
2016-10-02 14:10:15,483 Stage-1 map = 89%,  reduce = 0%, Cumulative CPU 994.56 sec
2016-10-02 14:10:17,565 Stage-1 map = 91%,  reduce = 0%, Cumulative CPU 1005.59 sec
2016-10-02 14:10:18,602 Stage-1 map = 92%,  reduce = 0%, Cumulative CPU 1013.37 sec
2016-10-02 14:10:19,639 Stage-1 map = 93%,  reduce = 0%, Cumulative CPU 1017.87 sec
2016-10-02 14:10:20,670 Stage-1 map = 94%,  reduce = 0%, Cumulative CPU 1030.67 sec
2016-10-02 14:10:21,719 Stage-1 map = 95%,  reduce = 0%, Cumulative CPU 1036.24 sec
2016-10-02 14:10:22,759 Stage-1 map = 96%,  reduce = 0%, Cumulative CPU 1037.87 sec
2016-10-02 14:10:26,919 Stage-1 map = 97%,  reduce = 0%, Cumulative CPU 1052.12 sec
2016-10-02 14:10:27,953 Stage-1 map = 98%,  reduce = 0%, Cumulative CPU 1059.56 sec
2016-10-02 14:10:28,991 Stage-1 map = 99%,  reduce = 0%, Cumulative CPU 1063.88 sec
2016-10-02 14:10:32,088 Stage-1 map = 100%,  reduce = 0%, Cumulative CPU 1073.49 sec
2016-10-02 14:10:43,573 Stage-1 map = 100%,  reduce = 18%, Cumulative CPU 1098.48 sec
2016-10-02 14:10:44,638 Stage-1 map = 100%,  reduce = 28%, Cumulative CPU 1111.72 sec
2016-10-02 14:10:45,677 Stage-1 map = 100%,  reduce = 37%, Cumulative CPU 1124.24 sec
2016-10-02 14:10:46,718 Stage-1 map = 100%,  reduce = 51%, Cumulative CPU 1143.21 sec
2016-10-02 14:10:47,769 Stage-1 map = 100%,  reduce = 53%, Cumulative CPU 1155.82 sec
2016-10-02 14:10:48,808 Stage-1 map = 100%,  reduce = 56%, Cumulative CPU 1162.35 sec
2016-10-02 14:10:49,871 Stage-1 map = 100%,  reduce = 62%, Cumulative CPU 1181.28 sec
2016-10-02 14:10:50,911 Stage-1 map = 100%,  reduce = 63%, Cumulative CPU 1188.84 sec
2016-10-02 14:10:51,962 Stage-1 map = 100%,  reduce = 65%, Cumulative CPU 1196.52 sec
2016-10-02 14:10:52,994 Stage-1 map = 100%,  reduce = 68%, Cumulative CPU 1220.58 sec
2016-10-02 14:10:54,034 Stage-1 map = 100%,  reduce = 69%, Cumulative CPU 1227.93 sec
2016-10-02 14:10:55,073 Stage-1 map = 100%,  reduce = 71%, Cumulative CPU 1240.98 sec
2016-10-02 14:10:56,110 Stage-1 map = 100%,  reduce = 73%, Cumulative CPU 1253.39 sec
2016-10-02 14:10:57,142 Stage-1 map = 100%,  reduce = 74%, Cumulative CPU 1259.56 sec
2016-10-02 14:10:58,174 Stage-1 map = 100%,  reduce = 75%, Cumulative CPU 1271.78 sec
2016-10-02 14:10:59,206 Stage-1 map = 100%,  reduce = 77%, Cumulative CPU 1284.02 sec
2016-10-02 14:11:00,272 Stage-1 map = 100%,  reduce = 78%, Cumulative CPU 1290.09 sec
2016-10-02 14:11:01,304 Stage-1 map = 100%,  reduce = 81%, Cumulative CPU 1308.56 sec
2016-10-02 14:11:02,337 Stage-1 map = 100%,  reduce = 82%, Cumulative CPU 1314.74 sec
2016-10-02 14:11:03,372 Stage-1 map = 100%,  reduce = 83%, Cumulative CPU 1320.88 sec
2016-10-02 14:11:04,404 Stage-1 map = 100%,  reduce = 86%, Cumulative CPU 1339.02 sec
2016-10-02 14:11:05,441 Stage-1 map = 100%,  reduce = 87%, Cumulative CPU 1345.15 sec
2016-10-02 14:11:06,479 Stage-1 map = 100%,  reduce = 88%, Cumulative CPU 1351.27 sec
2016-10-02 14:11:07,517 Stage-1 map = 100%,  reduce = 91%, Cumulative CPU 1369.56 sec
2016-10-02 14:11:08,555 Stage-1 map = 100%,  reduce = 93%, Cumulative CPU 1381.77 sec
2016-10-02 14:11:09,594 Stage-1 map = 100%,  reduce = 94%, Cumulative CPU 1384.79 sec
2016-10-02 14:11:10,639 Stage-1 map = 100%,  reduce = 97%, Cumulative CPU 1401.73 sec
2016-10-02 14:11:11,671 Stage-1 map = 100%,  reduce = 98%, Cumulative CPU 1412.71 sec
2016-10-02 14:11:12,711 Stage-1 map = 100%,  reduce = 99%, Cumulative CPU 1419.64 sec
2016-10-02 14:11:13,746 Stage-1 map = 100%,  reduce = 100%, Cumulative CPU 1423.51 sec
MapReduce Total cumulative CPU time: 23 minutes 43 seconds 510 msec
Ended Job = job_1475401111718_0206
SLF4J: Class path contains multiple SLF4J bindings.
SLF4J: Found binding in [jar:file:/home/ubuntu/software/tez-0.7.1-SNAPSHOT-minimal/lib/slf4j-log4j12-1.7.5.jar!/org/slf4j/impl/StaticLoggerBinder.class]
SLF4J: Found binding in [jar:file:/home/ubuntu/software/hadoop-2.6.0/share/hadoop/common/lib/slf4j-log4j12-1.7.5.jar!/org/slf4j/impl/StaticLoggerBinder.class]
SLF4J: See http://www.slf4j.org/codes.html#multiple_bindings for an explanation.
SLF4J: Actual binding is of type [org.slf4j.impl.Log4jLoggerFactory]
Execution log at: /tmp/ubuntu/ubuntu_20161002140744_434393e7-e3ce-4020-a155-d2485832295e.log
2016-10-02 14:11:18	Starting to launch local task to process map join;	maximum memory = 932184064
2016-10-02 14:11:20	Dump the side-table for tag: 1 with group count: 144 into file: file:/tmp/ubuntu/1d8904cb-84b6-45de-a7a7-996def33da86/hive_2016-10-02_14-07-44_946_2986156524041025402-1/-local-10017/HashTable-Stage-17/MapJoin-mapfile41--.hashtable
2016-10-02 14:11:20	Uploaded 1 File to: file:/tmp/ubuntu/1d8904cb-84b6-45de-a7a7-996def33da86/hive_2016-10-02_14-07-44_946_2986156524041025402-1/-local-10017/HashTable-Stage-17/MapJoin-mapfile41--.hashtable (13095 bytes)
2016-10-02 14:11:20	End of local task; Time Taken: 1.281 sec.
Execution completed successfully
MapredLocal task succeeded
Launching Job 2 out of 10
Number of reduce tasks is set to 0 since there's no reduce operator
Starting Job = job_1475401111718_0207, Tracking URL = http://vm1:8088/proxy/application_1475401111718_0207/
Kill Command = /home/ubuntu/software/hadoop-2.6.0/bin/hadoop job  -kill job_1475401111718_0207
Hadoop job information for Stage-17: number of mappers: 4; number of reducers: 0
2016-10-02 14:11:26,689 Stage-17 map = 0%,  reduce = 0%
2016-10-02 14:11:42,341 Stage-17 map = 17%,  reduce = 0%, Cumulative CPU 34.5 sec
2016-10-02 14:11:45,447 Stage-17 map = 42%,  reduce = 0%, Cumulative CPU 46.27 sec
2016-10-02 14:11:49,575 Stage-17 map = 67%,  reduce = 0%, Cumulative CPU 59.76 sec
2016-10-02 14:11:51,645 Stage-17 map = 83%,  reduce = 0%, Cumulative CPU 65.95 sec
2016-10-02 14:11:54,733 Stage-17 map = 100%,  reduce = 0%, Cumulative CPU 73.42 sec
MapReduce Total cumulative CPU time: 1 minutes 13 seconds 420 msec
Ended Job = job_1475401111718_0207
Stage-23 is selected by condition resolver.
Stage-24 is filtered out by condition resolver.
Stage-3 is filtered out by condition resolver.
SLF4J: Class path contains multiple SLF4J bindings.
SLF4J: Found binding in [jar:file:/home/ubuntu/software/tez-0.7.1-SNAPSHOT-minimal/lib/slf4j-log4j12-1.7.5.jar!/org/slf4j/impl/StaticLoggerBinder.class]
SLF4J: Found binding in [jar:file:/home/ubuntu/software/hadoop-2.6.0/share/hadoop/common/lib/slf4j-log4j12-1.7.5.jar!/org/slf4j/impl/StaticLoggerBinder.class]
SLF4J: See http://www.slf4j.org/codes.html#multiple_bindings for an explanation.
SLF4J: Actual binding is of type [org.slf4j.impl.Log4jLoggerFactory]
Execution log at: /tmp/ubuntu/ubuntu_20161002140744_434393e7-e3ce-4020-a155-d2485832295e.log
2016-10-02 14:11:58	Starting to launch local task to process map join;	maximum memory = 932184064
2016-10-02 14:12:00	Dump the side-table for tag: 1 with group count: 73049 into file: file:/tmp/ubuntu/1d8904cb-84b6-45de-a7a7-996def33da86/hive_2016-10-02_14-07-44_946_2986156524041025402-1/-local-10013/HashTable-Stage-14/MapJoin-mapfile21--.hashtable
2016-10-02 14:12:00	Uploaded 1 File to: file:/tmp/ubuntu/1d8904cb-84b6-45de-a7a7-996def33da86/hive_2016-10-02_14-07-44_946_2986156524041025402-1/-local-10013/HashTable-Stage-14/MapJoin-mapfile21--.hashtable (1541779 bytes)
2016-10-02 14:12:00	End of local task; Time Taken: 1.811 sec.
Execution completed successfully
MapredLocal task succeeded
Launching Job 4 out of 10
Number of reduce tasks is set to 0 since there's no reduce operator
Starting Job = job_1475401111718_0208, Tracking URL = http://vm1:8088/proxy/application_1475401111718_0208/
Kill Command = /home/ubuntu/software/hadoop-2.6.0/bin/hadoop job  -kill job_1475401111718_0208
Hadoop job information for Stage-14: number of mappers: 4; number of reducers: 0
2016-10-02 14:12:06,813 Stage-14 map = 0%,  reduce = 0%
2016-10-02 14:12:25,555 Stage-14 map = 13%,  reduce = 0%, Cumulative CPU 46.06 sec
2016-10-02 14:12:28,693 Stage-14 map = 40%,  reduce = 0%, Cumulative CPU 57.19 sec
2016-10-02 14:12:37,056 Stage-14 map = 51%,  reduce = 0%, Cumulative CPU 85.23 sec
2016-10-02 14:12:38,085 Stage-14 map = 83%,  reduce = 0%, Cumulative CPU 91.1 sec
2016-10-02 14:12:43,242 Stage-14 map = 91%,  reduce = 0%, Cumulative CPU 99.74 sec
2016-10-02 14:12:46,324 Stage-14 map = 100%,  reduce = 0%, Cumulative CPU 104.66 sec
MapReduce Total cumulative CPU time: 1 minutes 44 seconds 660 msec
Ended Job = job_1475401111718_0208
Stage-21 is selected by condition resolver.
Stage-22 is filtered out by condition resolver.
Stage-4 is filtered out by condition resolver.
SLF4J: Class path contains multiple SLF4J bindings.
SLF4J: Found binding in [jar:file:/home/ubuntu/software/tez-0.7.1-SNAPSHOT-minimal/lib/slf4j-log4j12-1.7.5.jar!/org/slf4j/impl/StaticLoggerBinder.class]
SLF4J: Found binding in [jar:file:/home/ubuntu/software/hadoop-2.6.0/share/hadoop/common/lib/slf4j-log4j12-1.7.5.jar!/org/slf4j/impl/StaticLoggerBinder.class]
SLF4J: See http://www.slf4j.org/codes.html#multiple_bindings for an explanation.
SLF4J: Actual binding is of type [org.slf4j.impl.Log4jLoggerFactory]
Execution log at: /tmp/ubuntu/ubuntu_20161002140744_434393e7-e3ce-4020-a155-d2485832295e.log
2016-10-02 14:12:51	Starting to launch local task to process map join;	maximum memory = 932184064
2016-10-02 14:12:52	Dump the side-table for tag: 1 with group count: 30 into file: file:/tmp/ubuntu/1d8904cb-84b6-45de-a7a7-996def33da86/hive_2016-10-02_14-07-44_946_2986156524041025402-1/-local-10009/HashTable-Stage-11/MapJoin-mapfile01--.hashtable
2016-10-02 14:12:52	Uploaded 1 File to: file:/tmp/ubuntu/1d8904cb-84b6-45de-a7a7-996def33da86/hive_2016-10-02_14-07-44_946_2986156524041025402-1/-local-10009/HashTable-Stage-11/MapJoin-mapfile01--.hashtable (893 bytes)
2016-10-02 14:12:52	End of local task; Time Taken: 1.549 sec.
Execution completed successfully
MapredLocal task succeeded
Launching Job 6 out of 10
Number of reduce tasks is set to 0 since there's no reduce operator
Starting Job = job_1475401111718_0209, Tracking URL = http://vm1:8088/proxy/application_1475401111718_0209/
Kill Command = /home/ubuntu/software/hadoop-2.6.0/bin/hadoop job  -kill job_1475401111718_0209
Hadoop job information for Stage-11: number of mappers: 4; number of reducers: 0
2016-10-02 14:13:06,789 Stage-11 map = 0%,  reduce = 0%
2016-10-02 14:13:19,314 Stage-11 map = 7%,  reduce = 0%, Cumulative CPU 6.16 sec
2016-10-02 14:13:20,364 Stage-11 map = 26%,  reduce = 0%, Cumulative CPU 23.43 sec
2016-10-02 14:13:21,419 Stage-11 map = 38%,  reduce = 0%, Cumulative CPU 25.1 sec
2016-10-02 14:13:22,456 Stage-11 map = 81%,  reduce = 0%, Cumulative CPU 33.92 sec
2016-10-02 14:13:23,489 Stage-11 map = 100%,  reduce = 0%, Cumulative CPU 36.39 sec
MapReduce Total cumulative CPU time: 36 seconds 390 msec
Ended Job = job_1475401111718_0209
Launching Job 7 out of 10
Number of reduce tasks not specified. Defaulting to jobconf value of: 10
In order to change the average load for a reducer (in bytes):
  set hive.exec.reducers.bytes.per.reducer=<number>
In order to limit the maximum number of reducers:
  set hive.exec.reducers.max=<number>
In order to set a constant number of reducers:
  set mapreduce.job.reduces=<number>
Starting Job = job_1475401111718_0210, Tracking URL = http://vm1:8088/proxy/application_1475401111718_0210/
Kill Command = /home/ubuntu/software/hadoop-2.6.0/bin/hadoop job  -kill job_1475401111718_0210
Hadoop job information for Stage-5: number of mappers: 1; number of reducers: 10
2016-10-02 14:13:30,502 Stage-5 map = 0%,  reduce = 0%
2016-10-02 14:13:35,646 Stage-5 map = 100%,  reduce = 0%, Cumulative CPU 1.27 sec
2016-10-02 14:13:41,838 Stage-5 map = 100%,  reduce = 30%, Cumulative CPU 5.14 sec
2016-10-02 14:13:42,872 Stage-5 map = 100%,  reduce = 60%, Cumulative CPU 8.93 sec
2016-10-02 14:13:43,909 Stage-5 map = 100%,  reduce = 90%, Cumulative CPU 12.71 sec
2016-10-02 14:13:44,941 Stage-5 map = 100%,  reduce = 100%, Cumulative CPU 14.02 sec
MapReduce Total cumulative CPU time: 14 seconds 20 msec
Ended Job = job_1475401111718_0210
Launching Job 8 out of 10
Number of reduce tasks determined at compile time: 1
In order to change the average load for a reducer (in bytes):
  set hive.exec.reducers.bytes.per.reducer=<number>
In order to limit the maximum number of reducers:
  set hive.exec.reducers.max=<number>
In order to set a constant number of reducers:
  set mapreduce.job.reduces=<number>
Starting Job = job_1475401111718_0211, Tracking URL = http://vm1:8088/proxy/application_1475401111718_0211/
Kill Command = /home/ubuntu/software/hadoop-2.6.0/bin/hadoop job  -kill job_1475401111718_0211
Hadoop job information for Stage-6: number of mappers: 4; number of reducers: 1
2016-10-02 14:13:50,724 Stage-6 map = 0%,  reduce = 0%
2016-10-02 14:13:58,936 Stage-6 map = 75%,  reduce = 0%, Cumulative CPU 3.84 sec
2016-10-02 14:13:59,964 Stage-6 map = 100%,  reduce = 0%, Cumulative CPU 5.15 sec
2016-10-02 14:14:05,092 Stage-6 map = 100%,  reduce = 100%, Cumulative CPU 6.55 sec
MapReduce Total cumulative CPU time: 6 seconds 550 msec
Ended Job = job_1475401111718_0211
MapReduce Jobs Launched: 
Stage-Stage-1: Map: 82  Reduce: 10   Cumulative CPU: 1423.51 sec   HDFS Read: 21844468714 HDFS Write: 490201654 SUCCESS
Stage-Stage-17: Map: 4   Cumulative CPU: 73.42 sec   HDFS Read: 490240108 HDFS Write: 1194924343 SUCCESS
Stage-Stage-14: Map: 4   Cumulative CPU: 104.66 sec   HDFS Read: 1194979658 HDFS Write: 1234830051 SUCCESS
Stage-Stage-11: Map: 4   Cumulative CPU: 36.39 sec   HDFS Read: 1234921172 HDFS Write: 27053 SUCCESS
Stage-Stage-5: Map: 1  Reduce: 10   Cumulative CPU: 14.02 sec   HDFS Read: 105603 HDFS Write: 8107 SUCCESS
Stage-Stage-6: Map: 4  Reduce: 1   Cumulative CPU: 6.55 sec   HDFS Read: 35916 HDFS Write: 6427 SUCCESS
Total MapReduce CPU Time Spent: 27 minutes 38 seconds 550 msec
OK
Time taken: 382.27 seconds, Fetched: 72 row(s)
48.99user 4.07system 6:30.27elapsed 13%CPU (0avgtext+0avgdata 1149328maxresident)k
113888inputs+472480outputs (110major+191287minor)pagefaults 0swaps
