
Logging initialized using configuration in jar:file:/home/ubuntu/software/hive-1.2.1/lib/hive-common-1.2.1.jar!/hive-log4j.properties
Hive history file=/tmp/ubuntu/hive_job_log_16d16b18-7e31-495c-810c-aaaa6b55c9ad_1736524825.txt
SLF4J: Class path contains multiple SLF4J bindings.
SLF4J: Found binding in [jar:file:/home/ubuntu/software/tez-0.7.1-SNAPSHOT-minimal/lib/slf4j-log4j12-1.7.5.jar!/org/slf4j/impl/StaticLoggerBinder.class]
SLF4J: Found binding in [jar:file:/home/ubuntu/software/hadoop-2.6.0/share/hadoop/common/lib/slf4j-log4j12-1.7.5.jar!/org/slf4j/impl/StaticLoggerBinder.class]
SLF4J: See http://www.slf4j.org/codes.html#multiple_bindings for an explanation.
SLF4J: Actual binding is of type [org.slf4j.impl.Log4jLoggerFactory]
OK
Time taken: 0.945 seconds
Query ID = ubuntu_20161002101532_89ce6422-698d-4946-aefb-f6c1e094fe5d
Total jobs = 1
Launching Job 1 out of 1


Status: Running (Executing on YARN cluster with App id application_1475401111718_0015)

Map 1: -/-	Map 4: -/-	Map 5: -/-	Map 6: -/-	Reducer 2: 0/1	Reducer 3: 0/1	
Map 1: 0/26	Map 4: 0/1	Map 5: 0/1	Map 6: 0/1	Reducer 2: 0/1	Reducer 3: 0/1	
Map 1: 0/26	Map 4: 0(+1)/1	Map 5: 0/1	Map 6: 0/1	Reducer 2: 0/1	Reducer 3: 0/1	
Map 1: 0(+1)/26	Map 4: 0(+1)/1	Map 5: 0(+1)/1	Map 6: 0(+1)/1	Reducer 2: 0/1	Reducer 3: 0/1	
Map 1: 0(+1)/26	Map 4: 0(+1)/1	Map 5: 0(+1)/1	Map 6: 0(+1)/1	Reducer 2: 0/1	Reducer 3: 0/1	
Map 1: 0(+1)/26	Map 4: 1/1	Map 5: 0(+1)/1	Map 6: 0(+1)/1	Reducer 2: 0/1	Reducer 3: 0/1	
Map 1: 0(+1)/26	Map 4: 1/1	Map 5: 0(+1)/1	Map 6: 1/1	Reducer 2: 0/1	Reducer 3: 0/1	
Map 1: 0(+1)/26	Map 4: 1/1	Map 5: 1/1	Map 6: 1/1	Reducer 2: 0/1	Reducer 3: 0/1	
Map 1: 0(+5)/26	Map 4: 1/1	Map 5: 1/1	Map 6: 1/1	Reducer 2: 0/1	Reducer 3: 0/1	
Map 1: 0(+6)/26	Map 4: 1/1	Map 5: 1/1	Map 6: 1/1	Reducer 2: 0/1	Reducer 3: 0/1	
Map 1: 0(+14)/26	Map 4: 1/1	Map 5: 1/1	Map 6: 1/1	Reducer 2: 0/1	Reducer 3: 0/1	
Map 1: 0(+15)/26	Map 4: 1/1	Map 5: 1/1	Map 6: 1/1	Reducer 2: 0/1	Reducer 3: 0/1	
Map 1: 0(+16)/26	Map 4: 1/1	Map 5: 1/1	Map 6: 1/1	Reducer 2: 0/1	Reducer 3: 0/1	
Map 1: 0(+16)/26	Map 4: 1/1	Map 5: 1/1	Map 6: 1/1	Reducer 2: 0/1	Reducer 3: 0/1	
Map 1: 1(+15)/26	Map 4: 1/1	Map 5: 1/1	Map 6: 1/1	Reducer 2: 0/1	Reducer 3: 0/1	
Map 1: 1(+16)/26	Map 4: 1/1	Map 5: 1/1	Map 6: 1/1	Reducer 2: 0/1	Reducer 3: 0/1	
Map 1: 2(+15)/26	Map 4: 1/1	Map 5: 1/1	Map 6: 1/1	Reducer 2: 0/1	Reducer 3: 0/1	
Map 1: 3(+14)/26	Map 4: 1/1	Map 5: 1/1	Map 6: 1/1	Reducer 2: 0/1	Reducer 3: 0/1	
Map 1: 4(+14)/26	Map 4: 1/1	Map 5: 1/1	Map 6: 1/1	Reducer 2: 0/1	Reducer 3: 0/1	
Map 1: 7(+11)/26	Map 4: 1/1	Map 5: 1/1	Map 6: 1/1	Reducer 2: 0/1	Reducer 3: 0/1	
Map 1: 8(+10)/26	Map 4: 1/1	Map 5: 1/1	Map 6: 1/1	Reducer 2: 0/1	Reducer 3: 0/1	
Map 1: 8(+11)/26	Map 4: 1/1	Map 5: 1/1	Map 6: 1/1	Reducer 2: 0/1	Reducer 3: 0/1	
Map 1: 8(+14)/26	Map 4: 1/1	Map 5: 1/1	Map 6: 1/1	Reducer 2: 0/1	Reducer 3: 0/1	
Map 1: 11(+12)/26	Map 4: 1/1	Map 5: 1/1	Map 6: 1/1	Reducer 2: 0/1	Reducer 3: 0/1	
Map 1: 12(+11)/26	Map 4: 1/1	Map 5: 1/1	Map 6: 1/1	Reducer 2: 0/1	Reducer 3: 0/1	
Map 1: 16(+7)/26	Map 4: 1/1	Map 5: 1/1	Map 6: 1/1	Reducer 2: 0/1	Reducer 3: 0/1	
Map 1: 16(+8)/26	Map 4: 1/1	Map 5: 1/1	Map 6: 1/1	Reducer 2: 0/1	Reducer 3: 0/1	
Map 1: 16(+10)/26	Map 4: 1/1	Map 5: 1/1	Map 6: 1/1	Reducer 2: 0/1	Reducer 3: 0/1	
Map 1: 17(+9)/26	Map 4: 1/1	Map 5: 1/1	Map 6: 1/1	Reducer 2: 0/1	Reducer 3: 0/1	
Map 1: 18(+8)/26	Map 4: 1/1	Map 5: 1/1	Map 6: 1/1	Reducer 2: 0/1	Reducer 3: 0/1	
Map 1: 20(+6)/26	Map 4: 1/1	Map 5: 1/1	Map 6: 1/1	Reducer 2: 0/1	Reducer 3: 0/1	
Map 1: 21(+5)/26	Map 4: 1/1	Map 5: 1/1	Map 6: 1/1	Reducer 2: 0/1	Reducer 3: 0/1	
Map 1: 22(+4)/26	Map 4: 1/1	Map 5: 1/1	Map 6: 1/1	Reducer 2: 0/1	Reducer 3: 0/1	
Map 1: 23(+3)/26	Map 4: 1/1	Map 5: 1/1	Map 6: 1/1	Reducer 2: 0/1	Reducer 3: 0/1	
Map 1: 24(+2)/26	Map 4: 1/1	Map 5: 1/1	Map 6: 1/1	Reducer 2: 0/1	Reducer 3: 0/1	
Map 1: 25(+1)/26	Map 4: 1/1	Map 5: 1/1	Map 6: 1/1	Reducer 2: 0/1	Reducer 3: 0/1	
Map 1: 26/26	Map 4: 1/1	Map 5: 1/1	Map 6: 1/1	Reducer 2: 0/1	Reducer 3: 0/1	
Map 1: 26/26	Map 4: 1/1	Map 5: 1/1	Map 6: 1/1	Reducer 2: 0(+1)/1	Reducer 3: 0/1	
Map 1: 26/26	Map 4: 1/1	Map 5: 1/1	Map 6: 1/1	Reducer 2: 1/1	Reducer 3: 0/1	
Map 1: 26/26	Map 4: 1/1	Map 5: 1/1	Map 6: 1/1	Reducer 2: 1/1	Reducer 3: 0(+1)/1	
Map 1: 26/26	Map 4: 1/1	Map 5: 1/1	Map 6: 1/1	Reducer 2: 1/1	Reducer 3: 1/1	
OK
Time taken: 49.053 seconds, Fetched: 100 row(s)
16.11user 0.99system 1:11.27elapsed 24%CPU (0avgtext+0avgdata 711348maxresident)k
113952inputs+912outputs (111major+82011minor)pagefaults 0swaps
