
Logging initialized using configuration in jar:file:/home/ubuntu/software/hive-1.2.1/lib/hive-common-1.2.1.jar!/hive-log4j.properties
Hive history file=/tmp/ubuntu/hive_job_log_de6921be-9803-4287-abd1-b657db8675d9_559212815.txt
SLF4J: Class path contains multiple SLF4J bindings.
SLF4J: Found binding in [jar:file:/home/ubuntu/software/tez-0.7.1-SNAPSHOT-minimal/lib/slf4j-log4j12-1.7.5.jar!/org/slf4j/impl/StaticLoggerBinder.class]
SLF4J: Found binding in [jar:file:/home/ubuntu/software/hadoop-2.6.0/share/hadoop/common/lib/slf4j-log4j12-1.7.5.jar!/org/slf4j/impl/StaticLoggerBinder.class]
SLF4J: See http://www.slf4j.org/codes.html#multiple_bindings for an explanation.
SLF4J: Actual binding is of type [org.slf4j.impl.Log4jLoggerFactory]
OK
Time taken: 1.035 seconds
Query ID = ubuntu_20161001082804_f019bbe9-068f-4f33-8c7c-7ae641bdb7e4
Total jobs = 1
Launching Job 1 out of 1


Status: Running (Executing on YARN cluster with App id application_1475271333482_0113)

Map 1: -/-	Map 5: -/-	Map 6: -/-	Map 7: -/-	Map 8: -/-	Reducer 2: 0/3	Reducer 3: 0/1	Reducer 4: 0/1	
Map 1: -/-	Map 5: 0/50	Map 6: 0/1	Map 7: 0/1	Map 8: 0/1	Reducer 2: 0/3	Reducer 3: 0/1	Reducer 4: 0/1	
Map 1: 0/39	Map 5: 0/50	Map 6: 0/1	Map 7: 0/1	Map 8: 0/1	Reducer 2: 0/3	Reducer 3: 0/1	Reducer 4: 0/1	
Map 1: 0/39	Map 5: 0(+1)/50	Map 6: 0/1	Map 7: 0(+1)/1	Map 8: 0/1	Reducer 2: 0/3	Reducer 3: 0/1	Reducer 4: 0/1	
Map 1: 0/39	Map 5: 0(+3)/50	Map 6: 0/1	Map 7: 0(+1)/1	Map 8: 0/1	Reducer 2: 0/3	Reducer 3: 0/1	Reducer 4: 0/1	
Map 1: 0/39	Map 5: 0(+3)/50	Map 6: 0/1	Map 7: 0(+1)/1	Map 8: 0/1	Reducer 2: 0/3	Reducer 3: 0/1	Reducer 4: 0/1	
Map 1: 0/39	Map 5: 0(+7)/50	Map 6: 0/1	Map 7: 0(+1)/1	Map 8: 0/1	Reducer 2: 0/3	Reducer 3: 0/1	Reducer 4: 0/1	
Map 1: 0/39	Map 5: 0(+11)/50	Map 6: 0/1	Map 7: 0(+1)/1	Map 8: 0/1	Reducer 2: 0/3	Reducer 3: 0/1	Reducer 4: 0/1	
Map 1: 0/39	Map 5: 0(+11)/50	Map 6: 0/1	Map 7: 0/1	Map 8: 0/1	Reducer 2: 0/3	Reducer 3: 0/1	Reducer 4: 0/1	
Map 1: 0/39	Map 5: 0(+11)/50	Map 6: 0/1	Map 7: 1/1	Map 8: 0/1	Reducer 2: 0/3	Reducer 3: 0/1	Reducer 4: 0/1	
Map 1: 0/39	Map 5: 0(+15)/50	Map 6: 0/1	Map 7: 1/1	Map 8: 0/1	Reducer 2: 0/3	Reducer 3: 0/1	Reducer 4: 0/1	
Map 1: 0/39	Map 5: 3(+12)/50	Map 6: 0/1	Map 7: 1/1	Map 8: 0/1	Reducer 2: 0/3	Reducer 3: 0/1	Reducer 4: 0/1	
Map 1: 0/39	Map 5: 3(+13)/50	Map 6: 0/1	Map 7: 1/1	Map 8: 0/1	Reducer 2: 0/3	Reducer 3: 0/1	Reducer 4: 0/1	
Map 1: 0/39	Map 5: 3(+15)/50	Map 6: 0/1	Map 7: 1/1	Map 8: 0/1	Reducer 2: 0/3	Reducer 3: 0/1	Reducer 4: 0/1	
Map 1: 0/39	Map 5: 3(+16)/50	Map 6: 0/1	Map 7: 1/1	Map 8: 0/1	Reducer 2: 0/3	Reducer 3: 0/1	Reducer 4: 0/1	
Map 1: 0/39	Map 5: 3(+16)/50	Map 6: 0/1	Map 7: 1/1	Map 8: 0/1	Reducer 2: 0/3	Reducer 3: 0/1	Reducer 4: 0/1	
Map 1: 0/39	Map 5: 4(+15)/50	Map 6: 0/1	Map 7: 1/1	Map 8: 0/1	Reducer 2: 0/3	Reducer 3: 0/1	Reducer 4: 0/1	
Map 1: 0/39	Map 5: 7(+12)/50	Map 6: 0/1	Map 7: 1/1	Map 8: 0/1	Reducer 2: 0/3	Reducer 3: 0/1	Reducer 4: 0/1	
Map 1: 0/39	Map 5: 8(+11)/50	Map 6: 0/1	Map 7: 1/1	Map 8: 0/1	Reducer 2: 0/3	Reducer 3: 0/1	Reducer 4: 0/1	
Map 1: 0/39	Map 5: 10(+9)/50	Map 6: 0/1	Map 7: 1/1	Map 8: 0/1	Reducer 2: 0/3	Reducer 3: 0/1	Reducer 4: 0/1	
Map 1: 0/39	Map 5: 14(+5)/50	Map 6: 0/1	Map 7: 1/1	Map 8: 0/1	Reducer 2: 0/3	Reducer 3: 0/1	Reducer 4: 0/1	
Map 1: 0/39	Map 5: 14(+7)/50	Map 6: 0/1	Map 7: 1/1	Map 8: 0/1	Reducer 2: 0/3	Reducer 3: 0/1	Reducer 4: 0/1	
Map 1: 0/39	Map 5: 15(+6)/50	Map 6: 0/1	Map 7: 1/1	Map 8: 0/1	Reducer 2: 0/3	Reducer 3: 0/1	Reducer 4: 0/1	
Map 1: 0/39	Map 5: 16(+5)/50	Map 6: 0/1	Map 7: 1/1	Map 8: 0/1	Reducer 2: 0/3	Reducer 3: 0/1	Reducer 4: 0/1	
Map 1: 0/39	Map 5: 19(+4)/50	Map 6: 0/1	Map 7: 1/1	Map 8: 0/1	Reducer 2: 0/3	Reducer 3: 0/1	Reducer 4: 0/1	
Map 1: 0/39	Map 5: 19(+7)/50	Map 6: 0/1	Map 7: 1/1	Map 8: 0/1	Reducer 2: 0/3	Reducer 3: 0/1	Reducer 4: 0/1	
Map 1: 0/39	Map 5: 19(+9)/50	Map 6: 0/1	Map 7: 1/1	Map 8: 0/1	Reducer 2: 0/3	Reducer 3: 0/1	Reducer 4: 0/1	
Map 1: 0/39	Map 5: 19(+10)/50	Map 6: 0/1	Map 7: 1/1	Map 8: 0/1	Reducer 2: 0/3	Reducer 3: 0/1	Reducer 4: 0/1	
Map 1: 0/39	Map 5: 19(+11)/50	Map 6: 0/1	Map 7: 1/1	Map 8: 0/1	Reducer 2: 0/3	Reducer 3: 0/1	Reducer 4: 0/1	
Map 1: 0/39	Map 5: 19(+12)/50	Map 6: 0/1	Map 7: 1/1	Map 8: 0/1	Reducer 2: 0/3	Reducer 3: 0/1	Reducer 4: 0/1	
Map 1: 0/39	Map 5: 19(+13)/50	Map 6: 0/1	Map 7: 1/1	Map 8: 0/1	Reducer 2: 0/3	Reducer 3: 0/1	Reducer 4: 0/1	
Map 1: 0/39	Map 5: 19(+14)/50	Map 6: 0/1	Map 7: 1/1	Map 8: 0/1	Reducer 2: 0/3	Reducer 3: 0/1	Reducer 4: 0/1	
Map 1: 0/39	Map 5: 19(+16)/50	Map 6: 0/1	Map 7: 1/1	Map 8: 0/1	Reducer 2: 0/3	Reducer 3: 0/1	Reducer 4: 0/1	
Map 1: 0/39	Map 5: 20(+15)/50	Map 6: 0/1	Map 7: 1/1	Map 8: 0/1	Reducer 2: 0/3	Reducer 3: 0/1	Reducer 4: 0/1	
Map 1: 0/39	Map 5: 21(+14)/50	Map 6: 0/1	Map 7: 1/1	Map 8: 0/1	Reducer 2: 0/3	Reducer 3: 0/1	Reducer 4: 0/1	
Map 1: 0/39	Map 5: 22(+13)/50	Map 6: 0/1	Map 7: 1/1	Map 8: 0/1	Reducer 2: 0/3	Reducer 3: 0/1	Reducer 4: 0/1	
Map 1: 0/39	Map 5: 23(+12)/50	Map 6: 0/1	Map 7: 1/1	Map 8: 0/1	Reducer 2: 0/3	Reducer 3: 0/1	Reducer 4: 0/1	
Map 1: 0/39	Map 5: 26(+9)/50	Map 6: 0/1	Map 7: 1/1	Map 8: 0/1	Reducer 2: 0/3	Reducer 3: 0/1	Reducer 4: 0/1	
Map 1: 0/39	Map 5: 27(+8)/50	Map 6: 0/1	Map 7: 1/1	Map 8: 0/1	Reducer 2: 0/3	Reducer 3: 0/1	Reducer 4: 0/1	
Map 1: 0/39	Map 5: 30(+5)/50	Map 6: 0/1	Map 7: 1/1	Map 8: 0/1	Reducer 2: 0/3	Reducer 3: 0/1	Reducer 4: 0/1	
Map 1: 0/39	Map 5: 31(+6)/50	Map 6: 0/1	Map 7: 1/1	Map 8: 0/1	Reducer 2: 0/3	Reducer 3: 0/1	Reducer 4: 0/1	
Map 1: 0/39	Map 5: 31(+7)/50	Map 6: 0/1	Map 7: 1/1	Map 8: 0/1	Reducer 2: 0/3	Reducer 3: 0/1	Reducer 4: 0/1	
Map 1: 0/39	Map 5: 32(+6)/50	Map 6: 0/1	Map 7: 1/1	Map 8: 0/1	Reducer 2: 0/3	Reducer 3: 0/1	Reducer 4: 0/1	
Map 1: 0/39	Map 5: 33(+6)/50	Map 6: 0/1	Map 7: 1/1	Map 8: 0/1	Reducer 2: 0/3	Reducer 3: 0/1	Reducer 4: 0/1	
Map 1: 0/39	Map 5: 33(+9)/50	Map 6: 0/1	Map 7: 1/1	Map 8: 0/1	Reducer 2: 0/3	Reducer 3: 0/1	Reducer 4: 0/1	
Map 1: 0/39	Map 5: 35(+8)/50	Map 6: 0/1	Map 7: 1/1	Map 8: 0/1	Reducer 2: 0/3	Reducer 3: 0/1	Reducer 4: 0/1	
Map 1: 0(+1)/39	Map 5: 35(+9)/50	Map 6: 0/1	Map 7: 1/1	Map 8: 0/1	Reducer 2: 0/3	Reducer 3: 0/1	Reducer 4: 0/1	
Map 1: 0(+2)/39	Map 5: 35(+11)/50	Map 6: 0/1	Map 7: 1/1	Map 8: 0/1	Reducer 2: 0/3	Reducer 3: 0/1	Reducer 4: 0/1	
Map 1: 0(+3)/39	Map 5: 35(+11)/50	Map 6: 0/1	Map 7: 1/1	Map 8: 0/1	Reducer 2: 0/3	Reducer 3: 0/1	Reducer 4: 0/1	
Map 1: 0(+3)/39	Map 5: 35(+12)/50	Map 6: 0/1	Map 7: 1/1	Map 8: 0/1	Reducer 2: 0/3	Reducer 3: 0/1	Reducer 4: 0/1	
Map 1: 0(+4)/39	Map 5: 35(+12)/50	Map 6: 0/1	Map 7: 1/1	Map 8: 0/1	Reducer 2: 0/3	Reducer 3: 0/1	Reducer 4: 0/1	
Map 1: 0(+4)/39	Map 5: 36(+11)/50	Map 6: 0/1	Map 7: 1/1	Map 8: 0/1	Reducer 2: 0/3	Reducer 3: 0/1	Reducer 4: 0/1	
Map 1: 0(+4)/39	Map 5: 37(+10)/50	Map 6: 0/1	Map 7: 1/1	Map 8: 0/1	Reducer 2: 0/3	Reducer 3: 0/1	Reducer 4: 0/1	
Map 1: 0(+4)/39	Map 5: 38(+9)/50	Map 6: 0/1	Map 7: 1/1	Map 8: 0/1	Reducer 2: 0/3	Reducer 3: 0/1	Reducer 4: 0/1	
Map 1: 0(+4)/39	Map 5: 39(+8)/50	Map 6: 0/1	Map 7: 1/1	Map 8: 0/1	Reducer 2: 0/3	Reducer 3: 0/1	Reducer 4: 0/1	
Map 1: 0(+5)/39	Map 5: 40(+7)/50	Map 6: 0/1	Map 7: 1/1	Map 8: 0/1	Reducer 2: 0/3	Reducer 3: 0/1	Reducer 4: 0/1	
Map 1: 0(+5)/39	Map 5: 42(+5)/50	Map 6: 0/1	Map 7: 1/1	Map 8: 0/1	Reducer 2: 0/3	Reducer 3: 0/1	Reducer 4: 0/1	
Map 1: 0(+5)/39	Map 5: 43(+4)/50	Map 6: 0/1	Map 7: 1/1	Map 8: 0/1	Reducer 2: 0/3	Reducer 3: 0/1	Reducer 4: 0/1	
Map 1: 0(+5)/39	Map 5: 44(+3)/50	Map 6: 0/1	Map 7: 1/1	Map 8: 0/1	Reducer 2: 0/3	Reducer 3: 0/1	Reducer 4: 0/1	
Map 1: 0(+6)/39	Map 5: 45(+2)/50	Map 6: 0/1	Map 7: 1/1	Map 8: 0/1	Reducer 2: 0/3	Reducer 3: 0/1	Reducer 4: 0/1	
Map 1: 0(+6)/39	Map 5: 46(+2)/50	Map 6: 0/1	Map 7: 1/1	Map 8: 0/1	Reducer 2: 0/3	Reducer 3: 0/1	Reducer 4: 0/1	
Map 1: 0(+6)/39	Map 5: 46(+2)/50	Map 6: 0/1	Map 7: 1/1	Map 8: 0(+1)/1	Reducer 2: 0/3	Reducer 3: 0/1	Reducer 4: 0/1	
Map 1: 0(+6)/39	Map 5: 46(+3)/50	Map 6: 0/1	Map 7: 1/1	Map 8: 0(+1)/1	Reducer 2: 0/3	Reducer 3: 0/1	Reducer 4: 0/1	
Map 1: 0(+7)/39	Map 5: 47(+2)/50	Map 6: 0/1	Map 7: 1/1	Map 8: 0(+1)/1	Reducer 2: 0/3	Reducer 3: 0/1	Reducer 4: 0/1	
Map 1: 0(+7)/39	Map 5: 47(+2)/50	Map 6: 0(+1)/1	Map 7: 1/1	Map 8: 0(+1)/1	Reducer 2: 0/3	Reducer 3: 0/1	Reducer 4: 0/1	
Map 1: 0(+7)/39	Map 5: 47(+3)/50	Map 6: 0(+1)/1	Map 7: 1/1	Map 8: 0(+1)/1	Reducer 2: 0/3	Reducer 3: 0/1	Reducer 4: 0/1	
Map 1: 0(+9)/39	Map 5: 47(+3)/50	Map 6: 0(+1)/1	Map 7: 1/1	Map 8: 0(+1)/1	Reducer 2: 0/3	Reducer 3: 0/1	Reducer 4: 0/1	
Map 1: 0(+10)/39	Map 5: 47(+3)/50	Map 6: 0(+1)/1	Map 7: 1/1	Map 8: 0(+1)/1	Reducer 2: 0/3	Reducer 3: 0/1	Reducer 4: 0/1	
Map 1: 0(+10)/39	Map 5: 47(+3)/50	Map 6: 0(+1)/1	Map 7: 1/1	Map 8: 1/1	Reducer 2: 0/3	Reducer 3: 0/1	Reducer 4: 0/1	
Map 1: 0(+11)/39	Map 5: 47(+3)/50	Map 6: 1/1	Map 7: 1/1	Map 8: 1/1	Reducer 2: 0/3	Reducer 3: 0/1	Reducer 4: 0/1	
Map 1: 0(+12)/39	Map 5: 47(+3)/50	Map 6: 1/1	Map 7: 1/1	Map 8: 1/1	Reducer 2: 0/3	Reducer 3: 0/1	Reducer 4: 0/1	
Map 1: 0(+12)/39	Map 5: 48(+2)/50	Map 6: 1/1	Map 7: 1/1	Map 8: 1/1	Reducer 2: 0/3	Reducer 3: 0/1	Reducer 4: 0/1	
Map 1: 0(+12)/39	Map 5: 49(+1)/50	Map 6: 1/1	Map 7: 1/1	Map 8: 1/1	Reducer 2: 0/3	Reducer 3: 0/1	Reducer 4: 0/1	
Map 1: 0(+13)/39	Map 5: 49(+1)/50	Map 6: 1/1	Map 7: 1/1	Map 8: 1/1	Reducer 2: 0/3	Reducer 3: 0/1	Reducer 4: 0/1	
Map 1: 0(+13)/39	Map 5: 50/50	Map 6: 1/1	Map 7: 1/1	Map 8: 1/1	Reducer 2: 0/3	Reducer 3: 0/1	Reducer 4: 0/1	
Map 1: 0(+14)/39	Map 5: 50/50	Map 6: 1/1	Map 7: 1/1	Map 8: 1/1	Reducer 2: 0/3	Reducer 3: 0/1	Reducer 4: 0/1	
Map 1: 0(+15)/39	Map 5: 50/50	Map 6: 1/1	Map 7: 1/1	Map 8: 1/1	Reducer 2: 0/3	Reducer 3: 0/1	Reducer 4: 0/1	
Map 1: 0(+16)/39	Map 5: 50/50	Map 6: 1/1	Map 7: 1/1	Map 8: 1/1	Reducer 2: 0/3	Reducer 3: 0/1	Reducer 4: 0/1	
Map 1: 0(+16)/39	Map 5: 50/50	Map 6: 1/1	Map 7: 1/1	Map 8: 1/1	Reducer 2: 0/3	Reducer 3: 0/1	Reducer 4: 0/1	
Map 1: 0(+16)/39	Map 5: 50/50	Map 6: 1/1	Map 7: 1/1	Map 8: 1/1	Reducer 2: 0/3	Reducer 3: 0/1	Reducer 4: 0/1	
Map 1: 0(+16)/39	Map 5: 50/50	Map 6: 1/1	Map 7: 1/1	Map 8: 1/1	Reducer 2: 0/3	Reducer 3: 0/1	Reducer 4: 0/1	
Map 1: 0(+16)/39	Map 5: 50/50	Map 6: 1/1	Map 7: 1/1	Map 8: 1/1	Reducer 2: 0/3	Reducer 3: 0/1	Reducer 4: 0/1	
Map 1: 0(+16)/39	Map 5: 50/50	Map 6: 1/1	Map 7: 1/1	Map 8: 1/1	Reducer 2: 0/3	Reducer 3: 0/1	Reducer 4: 0/1	
Map 1: 0(+16)/39	Map 5: 50/50	Map 6: 1/1	Map 7: 1/1	Map 8: 1/1	Reducer 2: 0/3	Reducer 3: 0/1	Reducer 4: 0/1	
Map 1: 1(+15)/39	Map 5: 50/50	Map 6: 1/1	Map 7: 1/1	Map 8: 1/1	Reducer 2: 0/3	Reducer 3: 0/1	Reducer 4: 0/1	
Map 1: 2(+14)/39	Map 5: 50/50	Map 6: 1/1	Map 7: 1/1	Map 8: 1/1	Reducer 2: 0/3	Reducer 3: 0/1	Reducer 4: 0/1	
Map 1: 3(+13)/39	Map 5: 50/50	Map 6: 1/1	Map 7: 1/1	Map 8: 1/1	Reducer 2: 0/3	Reducer 3: 0/1	Reducer 4: 0/1	
Map 1: 3(+14)/39	Map 5: 50/50	Map 6: 1/1	Map 7: 1/1	Map 8: 1/1	Reducer 2: 0/3	Reducer 3: 0/1	Reducer 4: 0/1	
Map 1: 4(+13)/39	Map 5: 50/50	Map 6: 1/1	Map 7: 1/1	Map 8: 1/1	Reducer 2: 0/3	Reducer 3: 0/1	Reducer 4: 0/1	
Map 1: 5(+12)/39	Map 5: 50/50	Map 6: 1/1	Map 7: 1/1	Map 8: 1/1	Reducer 2: 0/3	Reducer 3: 0/1	Reducer 4: 0/1	
Map 1: 6(+12)/39	Map 5: 50/50	Map 6: 1/1	Map 7: 1/1	Map 8: 1/1	Reducer 2: 0/3	Reducer 3: 0/1	Reducer 4: 0/1	
Map 1: 6(+13)/39	Map 5: 50/50	Map 6: 1/1	Map 7: 1/1	Map 8: 1/1	Reducer 2: 0/3	Reducer 3: 0/1	Reducer 4: 0/1	
Map 1: 7(+12)/39	Map 5: 50/50	Map 6: 1/1	Map 7: 1/1	Map 8: 1/1	Reducer 2: 0/3	Reducer 3: 0/1	Reducer 4: 0/1	
Map 1: 8(+13)/39	Map 5: 50/50	Map 6: 1/1	Map 7: 1/1	Map 8: 1/1	Reducer 2: 0/3	Reducer 3: 0/1	Reducer 4: 0/1	
Map 1: 8(+14)/39	Map 5: 50/50	Map 6: 1/1	Map 7: 1/1	Map 8: 1/1	Reducer 2: 0/3	Reducer 3: 0/1	Reducer 4: 0/1	
Map 1: 9(+13)/39	Map 5: 50/50	Map 6: 1/1	Map 7: 1/1	Map 8: 1/1	Reducer 2: 0/3	Reducer 3: 0/1	Reducer 4: 0/1	
Map 1: 9(+14)/39	Map 5: 50/50	Map 6: 1/1	Map 7: 1/1	Map 8: 1/1	Reducer 2: 0/3	Reducer 3: 0/1	Reducer 4: 0/1	
Map 1: 10(+13)/39	Map 5: 50/50	Map 6: 1/1	Map 7: 1/1	Map 8: 1/1	Reducer 2: 0/3	Reducer 3: 0/1	Reducer 4: 0/1	
Map 1: 10(+14)/39	Map 5: 50/50	Map 6: 1/1	Map 7: 1/1	Map 8: 1/1	Reducer 2: 0/3	Reducer 3: 0/1	Reducer 4: 0/1	
Map 1: 10(+15)/39	Map 5: 50/50	Map 6: 1/1	Map 7: 1/1	Map 8: 1/1	Reducer 2: 0/3	Reducer 3: 0/1	Reducer 4: 0/1	
Map 1: 11(+14)/39	Map 5: 50/50	Map 6: 1/1	Map 7: 1/1	Map 8: 1/1	Reducer 2: 0/3	Reducer 3: 0/1	Reducer 4: 0/1	
Map 1: 12(+14)/39	Map 5: 50/50	Map 6: 1/1	Map 7: 1/1	Map 8: 1/1	Reducer 2: 0/3	Reducer 3: 0/1	Reducer 4: 0/1	
Map 1: 13(+13)/39	Map 5: 50/50	Map 6: 1/1	Map 7: 1/1	Map 8: 1/1	Reducer 2: 0/3	Reducer 3: 0/1	Reducer 4: 0/1	
Map 1: 13(+14)/39	Map 5: 50/50	Map 6: 1/1	Map 7: 1/1	Map 8: 1/1	Reducer 2: 0/3	Reducer 3: 0/1	Reducer 4: 0/1	
Map 1: 14(+13)/39	Map 5: 50/50	Map 6: 1/1	Map 7: 1/1	Map 8: 1/1	Reducer 2: 0/3	Reducer 3: 0/1	Reducer 4: 0/1	
Map 1: 14(+15)/39	Map 5: 50/50	Map 6: 1/1	Map 7: 1/1	Map 8: 1/1	Reducer 2: 0/3	Reducer 3: 0/1	Reducer 4: 0/1	
Map 1: 15(+14)/39	Map 5: 50/50	Map 6: 1/1	Map 7: 1/1	Map 8: 1/1	Reducer 2: 0/3	Reducer 3: 0/1	Reducer 4: 0/1	
Map 1: 15(+15)/39	Map 5: 50/50	Map 6: 1/1	Map 7: 1/1	Map 8: 1/1	Reducer 2: 0/3	Reducer 3: 0/1	Reducer 4: 0/1	
Map 1: 15(+16)/39	Map 5: 50/50	Map 6: 1/1	Map 7: 1/1	Map 8: 1/1	Reducer 2: 0/3	Reducer 3: 0/1	Reducer 4: 0/1	
Map 1: 16(+15)/39	Map 5: 50/50	Map 6: 1/1	Map 7: 1/1	Map 8: 1/1	Reducer 2: 0/3	Reducer 3: 0/1	Reducer 4: 0/1	
Map 1: 17(+14)/39	Map 5: 50/50	Map 6: 1/1	Map 7: 1/1	Map 8: 1/1	Reducer 2: 0/3	Reducer 3: 0/1	Reducer 4: 0/1	
Map 1: 17(+15)/39	Map 5: 50/50	Map 6: 1/1	Map 7: 1/1	Map 8: 1/1	Reducer 2: 0/3	Reducer 3: 0/1	Reducer 4: 0/1	
Map 1: 18(+14)/39	Map 5: 50/50	Map 6: 1/1	Map 7: 1/1	Map 8: 1/1	Reducer 2: 0/3	Reducer 3: 0/1	Reducer 4: 0/1	
Map 1: 18(+15)/39	Map 5: 50/50	Map 6: 1/1	Map 7: 1/1	Map 8: 1/1	Reducer 2: 0/3	Reducer 3: 0/1	Reducer 4: 0/1	
Map 1: 18(+16)/39	Map 5: 50/50	Map 6: 1/1	Map 7: 1/1	Map 8: 1/1	Reducer 2: 0/3	Reducer 3: 0/1	Reducer 4: 0/1	
Map 1: 18(+16)/39	Map 5: 50/50	Map 6: 1/1	Map 7: 1/1	Map 8: 1/1	Reducer 2: 0/3	Reducer 3: 0/1	Reducer 4: 0/1	
Map 1: 18(+16)/39	Map 5: 50/50	Map 6: 1/1	Map 7: 1/1	Map 8: 1/1	Reducer 2: 0/3	Reducer 3: 0/1	Reducer 4: 0/1	
Map 1: 18(+16)/39	Map 5: 50/50	Map 6: 1/1	Map 7: 1/1	Map 8: 1/1	Reducer 2: 0/3	Reducer 3: 0/1	Reducer 4: 0/1	
Map 1: 18(+16)/39	Map 5: 50/50	Map 6: 1/1	Map 7: 1/1	Map 8: 1/1	Reducer 2: 0/3	Reducer 3: 0/1	Reducer 4: 0/1	
Map 1: 19(+15)/39	Map 5: 50/50	Map 6: 1/1	Map 7: 1/1	Map 8: 1/1	Reducer 2: 0/3	Reducer 3: 0/1	Reducer 4: 0/1	
Map 1: 19(+16)/39	Map 5: 50/50	Map 6: 1/1	Map 7: 1/1	Map 8: 1/1	Reducer 2: 0/3	Reducer 3: 0/1	Reducer 4: 0/1	
Map 1: 19(+16)/39	Map 5: 50/50	Map 6: 1/1	Map 7: 1/1	Map 8: 1/1	Reducer 2: 0/3	Reducer 3: 0/1	Reducer 4: 0/1	
Map 1: 20(+15)/39	Map 5: 50/50	Map 6: 1/1	Map 7: 1/1	Map 8: 1/1	Reducer 2: 0/3	Reducer 3: 0/1	Reducer 4: 0/1	
Map 1: 20(+16)/39	Map 5: 50/50	Map 6: 1/1	Map 7: 1/1	Map 8: 1/1	Reducer 2: 0/3	Reducer 3: 0/1	Reducer 4: 0/1	
Map 1: 21(+15)/39	Map 5: 50/50	Map 6: 1/1	Map 7: 1/1	Map 8: 1/1	Reducer 2: 0/3	Reducer 3: 0/1	Reducer 4: 0/1	
Map 1: 22(+14)/39	Map 5: 50/50	Map 6: 1/1	Map 7: 1/1	Map 8: 1/1	Reducer 2: 0/3	Reducer 3: 0/1	Reducer 4: 0/1	
Map 1: 22(+15)/39	Map 5: 50/50	Map 6: 1/1	Map 7: 1/1	Map 8: 1/1	Reducer 2: 0/3	Reducer 3: 0/1	Reducer 4: 0/1	
Map 1: 23(+14)/39	Map 5: 50/50	Map 6: 1/1	Map 7: 1/1	Map 8: 1/1	Reducer 2: 0/3	Reducer 3: 0/1	Reducer 4: 0/1	
Map 1: 23(+15)/39	Map 5: 50/50	Map 6: 1/1	Map 7: 1/1	Map 8: 1/1	Reducer 2: 0/3	Reducer 3: 0/1	Reducer 4: 0/1	
Map 1: 24(+14)/39	Map 5: 50/50	Map 6: 1/1	Map 7: 1/1	Map 8: 1/1	Reducer 2: 0/3	Reducer 3: 0/1	Reducer 4: 0/1	
Map 1: 24(+15)/39	Map 5: 50/50	Map 6: 1/1	Map 7: 1/1	Map 8: 1/1	Reducer 2: 0/3	Reducer 3: 0/1	Reducer 4: 0/1	
Map 1: 24(+15)/39	Map 5: 50/50	Map 6: 1/1	Map 7: 1/1	Map 8: 1/1	Reducer 2: 0/3	Reducer 3: 0/1	Reducer 4: 0/1	
Map 1: 25(+14)/39	Map 5: 50/50	Map 6: 1/1	Map 7: 1/1	Map 8: 1/1	Reducer 2: 0/3	Reducer 3: 0/1	Reducer 4: 0/1	
Map 1: 26(+13)/39	Map 5: 50/50	Map 6: 1/1	Map 7: 1/1	Map 8: 1/1	Reducer 2: 0/3	Reducer 3: 0/1	Reducer 4: 0/1	
Map 1: 26(+13)/39	Map 5: 50/50	Map 6: 1/1	Map 7: 1/1	Map 8: 1/1	Reducer 2: 0/3	Reducer 3: 0/1	Reducer 4: 0/1	
Map 1: 26(+13)/39	Map 5: 50/50	Map 6: 1/1	Map 7: 1/1	Map 8: 1/1	Reducer 2: 0/3	Reducer 3: 0/1	Reducer 4: 0/1	
Map 1: 26(+13)/39	Map 5: 50/50	Map 6: 1/1	Map 7: 1/1	Map 8: 1/1	Reducer 2: 0/3	Reducer 3: 0/1	Reducer 4: 0/1	
Map 1: 27(+12)/39	Map 5: 50/50	Map 6: 1/1	Map 7: 1/1	Map 8: 1/1	Reducer 2: 0/3	Reducer 3: 0/1	Reducer 4: 0/1	
Map 1: 28(+11)/39	Map 5: 50/50	Map 6: 1/1	Map 7: 1/1	Map 8: 1/1	Reducer 2: 0/3	Reducer 3: 0/1	Reducer 4: 0/1	
Map 1: 29(+10)/39	Map 5: 50/50	Map 6: 1/1	Map 7: 1/1	Map 8: 1/1	Reducer 2: 0/3	Reducer 3: 0/1	Reducer 4: 0/1	
Map 1: 30(+9)/39	Map 5: 50/50	Map 6: 1/1	Map 7: 1/1	Map 8: 1/1	Reducer 2: 0/3	Reducer 3: 0/1	Reducer 4: 0/1	
Map 1: 31(+8)/39	Map 5: 50/50	Map 6: 1/1	Map 7: 1/1	Map 8: 1/1	Reducer 2: 0/3	Reducer 3: 0/1	Reducer 4: 0/1	
Map 1: 32(+7)/39	Map 5: 50/50	Map 6: 1/1	Map 7: 1/1	Map 8: 1/1	Reducer 2: 0/3	Reducer 3: 0/1	Reducer 4: 0/1	
Map 1: 34(+5)/39	Map 5: 50/50	Map 6: 1/1	Map 7: 1/1	Map 8: 1/1	Reducer 2: 0/3	Reducer 3: 0/1	Reducer 4: 0/1	
Map 1: 35(+4)/39	Map 5: 50/50	Map 6: 1/1	Map 7: 1/1	Map 8: 1/1	Reducer 2: 0/3	Reducer 3: 0/1	Reducer 4: 0/1	
Map 1: 36(+3)/39	Map 5: 50/50	Map 6: 1/1	Map 7: 1/1	Map 8: 1/1	Reducer 2: 0/3	Reducer 3: 0/1	Reducer 4: 0/1	
Map 1: 38(+1)/39	Map 5: 50/50	Map 6: 1/1	Map 7: 1/1	Map 8: 1/1	Reducer 2: 0/3	Reducer 3: 0/1	Reducer 4: 0/1	
Map 1: 39/39	Map 5: 50/50	Map 6: 1/1	Map 7: 1/1	Map 8: 1/1	Reducer 2: 0/3	Reducer 3: 0/1	Reducer 4: 0/1	
Map 1: 39/39	Map 5: 50/50	Map 6: 1/1	Map 7: 1/1	Map 8: 1/1	Reducer 2: 0(+1)/3	Reducer 3: 0/1	Reducer 4: 0/1	
Map 1: 39/39	Map 5: 50/50	Map 6: 1/1	Map 7: 1/1	Map 8: 1/1	Reducer 2: 0(+3)/3	Reducer 3: 0/1	Reducer 4: 0/1	
Map 1: 39/39	Map 5: 50/50	Map 6: 1/1	Map 7: 1/1	Map 8: 1/1	Reducer 2: 0(+3)/3	Reducer 3: 0/1	Reducer 4: 0/1	
Map 1: 39/39	Map 5: 50/50	Map 6: 1/1	Map 7: 1/1	Map 8: 1/1	Reducer 2: 0(+3)/3	Reducer 3: 0/1	Reducer 4: 0/1	
Map 1: 39/39	Map 5: 50/50	Map 6: 1/1	Map 7: 1/1	Map 8: 1/1	Reducer 2: 0(+3)/3	Reducer 3: 0/1	Reducer 4: 0/1	
Map 1: 39/39	Map 5: 50/50	Map 6: 1/1	Map 7: 1/1	Map 8: 1/1	Reducer 2: 0(+3)/3	Reducer 3: 0/1	Reducer 4: 0/1	
Map 1: 39/39	Map 5: 50/50	Map 6: 1/1	Map 7: 1/1	Map 8: 1/1	Reducer 2: 0(+3)/3	Reducer 3: 0/1	Reducer 4: 0/1	
Map 1: 39/39	Map 5: 50/50	Map 6: 1/1	Map 7: 1/1	Map 8: 1/1	Reducer 2: 0(+3)/3	Reducer 3: 0/1	Reducer 4: 0/1	
Map 1: 39/39	Map 5: 50/50	Map 6: 1/1	Map 7: 1/1	Map 8: 1/1	Reducer 2: 0(+3)/3	Reducer 3: 0/1	Reducer 4: 0/1	
Map 1: 39/39	Map 5: 50/50	Map 6: 1/1	Map 7: 1/1	Map 8: 1/1	Reducer 2: 0(+3)/3	Reducer 3: 0/1	Reducer 4: 0/1	
Map 1: 39/39	Map 5: 50/50	Map 6: 1/1	Map 7: 1/1	Map 8: 1/1	Reducer 2: 0(+3)/3	Reducer 3: 0/1	Reducer 4: 0/1	
Map 1: 39/39	Map 5: 50/50	Map 6: 1/1	Map 7: 1/1	Map 8: 1/1	Reducer 2: 0(+3)/3	Reducer 3: 0/1	Reducer 4: 0/1	
Map 1: 39/39	Map 5: 50/50	Map 6: 1/1	Map 7: 1/1	Map 8: 1/1	Reducer 2: 0(+3)/3	Reducer 3: 0/1	Reducer 4: 0/1	
Map 1: 39/39	Map 5: 50/50	Map 6: 1/1	Map 7: 1/1	Map 8: 1/1	Reducer 2: 0(+3)/3	Reducer 3: 0/1	Reducer 4: 0/1	
Map 1: 39/39	Map 5: 50/50	Map 6: 1/1	Map 7: 1/1	Map 8: 1/1	Reducer 2: 0(+3)/3	Reducer 3: 0/1	Reducer 4: 0/1	
Map 1: 39/39	Map 5: 50/50	Map 6: 1/1	Map 7: 1/1	Map 8: 1/1	Reducer 2: 0(+3)/3	Reducer 3: 0/1	Reducer 4: 0/1	
Map 1: 39/39	Map 5: 50/50	Map 6: 1/1	Map 7: 1/1	Map 8: 1/1	Reducer 2: 0(+3)/3	Reducer 3: 0/1	Reducer 4: 0/1	
Map 1: 39/39	Map 5: 50/50	Map 6: 1/1	Map 7: 1/1	Map 8: 1/1	Reducer 2: 0(+3)/3	Reducer 3: 0/1	Reducer 4: 0/1	
Map 1: 39/39	Map 5: 50/50	Map 6: 1/1	Map 7: 1/1	Map 8: 1/1	Reducer 2: 0(+3)/3	Reducer 3: 0/1	Reducer 4: 0/1	
Map 1: 39/39	Map 5: 50/50	Map 6: 1/1	Map 7: 1/1	Map 8: 1/1	Reducer 2: 0(+3)/3	Reducer 3: 0/1	Reducer 4: 0/1	
Map 1: 39/39	Map 5: 50/50	Map 6: 1/1	Map 7: 1/1	Map 8: 1/1	Reducer 2: 0(+3)/3	Reducer 3: 0/1	Reducer 4: 0/1	
Map 1: 39/39	Map 5: 50/50	Map 6: 1/1	Map 7: 1/1	Map 8: 1/1	Reducer 2: 0(+3)/3	Reducer 3: 0/1	Reducer 4: 0/1	
Map 1: 39/39	Map 5: 50/50	Map 6: 1/1	Map 7: 1/1	Map 8: 1/1	Reducer 2: 0(+3)/3	Reducer 3: 0/1	Reducer 4: 0/1	
Map 1: 39/39	Map 5: 50/50	Map 6: 1/1	Map 7: 1/1	Map 8: 1/1	Reducer 2: 0(+3)/3	Reducer 3: 0/1	Reducer 4: 0/1	
Map 1: 39/39	Map 5: 50/50	Map 6: 1/1	Map 7: 1/1	Map 8: 1/1	Reducer 2: 0(+3)/3	Reducer 3: 0/1	Reducer 4: 0/1	
Map 1: 39/39	Map 5: 50/50	Map 6: 1/1	Map 7: 1/1	Map 8: 1/1	Reducer 2: 0(+3)/3	Reducer 3: 0/1	Reducer 4: 0/1	
Map 1: 39/39	Map 5: 50/50	Map 6: 1/1	Map 7: 1/1	Map 8: 1/1	Reducer 2: 0(+3)/3	Reducer 3: 0/1	Reducer 4: 0/1	
Map 1: 39/39	Map 5: 50/50	Map 6: 1/1	Map 7: 1/1	Map 8: 1/1	Reducer 2: 0(+3)/3	Reducer 3: 0/1	Reducer 4: 0/1	
Map 1: 39/39	Map 5: 50/50	Map 6: 1/1	Map 7: 1/1	Map 8: 1/1	Reducer 2: 0(+3)/3	Reducer 3: 0/1	Reducer 4: 0/1	
Map 1: 39/39	Map 5: 50/50	Map 6: 1/1	Map 7: 1/1	Map 8: 1/1	Reducer 2: 0(+3)/3	Reducer 3: 0/1	Reducer 4: 0/1	
Map 1: 39/39	Map 5: 50/50	Map 6: 1/1	Map 7: 1/1	Map 8: 1/1	Reducer 2: 0(+3)/3	Reducer 3: 0/1	Reducer 4: 0/1	
Map 1: 39/39	Map 5: 50/50	Map 6: 1/1	Map 7: 1/1	Map 8: 1/1	Reducer 2: 0(+3)/3	Reducer 3: 0/1	Reducer 4: 0/1	
Map 1: 39/39	Map 5: 50/50	Map 6: 1/1	Map 7: 1/1	Map 8: 1/1	Reducer 2: 0(+3)/3	Reducer 3: 0/1	Reducer 4: 0/1	
Map 1: 39/39	Map 5: 50/50	Map 6: 1/1	Map 7: 1/1	Map 8: 1/1	Reducer 2: 0(+3)/3	Reducer 3: 0/1	Reducer 4: 0/1	
Map 1: 39/39	Map 5: 50/50	Map 6: 1/1	Map 7: 1/1	Map 8: 1/1	Reducer 2: 0(+3)/3	Reducer 3: 0/1	Reducer 4: 0/1	
Map 1: 39/39	Map 5: 50/50	Map 6: 1/1	Map 7: 1/1	Map 8: 1/1	Reducer 2: 0(+3)/3	Reducer 3: 0/1	Reducer 4: 0/1	
Map 1: 39/39	Map 5: 50/50	Map 6: 1/1	Map 7: 1/1	Map 8: 1/1	Reducer 2: 0(+3)/3	Reducer 3: 0/1	Reducer 4: 0/1	
Map 1: 39/39	Map 5: 50/50	Map 6: 1/1	Map 7: 1/1	Map 8: 1/1	Reducer 2: 0(+3)/3	Reducer 3: 0/1	Reducer 4: 0/1	
Map 1: 39/39	Map 5: 50/50	Map 6: 1/1	Map 7: 1/1	Map 8: 1/1	Reducer 2: 0(+3)/3	Reducer 3: 0/1	Reducer 4: 0/1	
Map 1: 39/39	Map 5: 50/50	Map 6: 1/1	Map 7: 1/1	Map 8: 1/1	Reducer 2: 0(+3)/3	Reducer 3: 0/1	Reducer 4: 0/1	
Map 1: 39/39	Map 5: 50/50	Map 6: 1/1	Map 7: 1/1	Map 8: 1/1	Reducer 2: 0(+3)/3	Reducer 3: 0/1	Reducer 4: 0/1	
Map 1: 39/39	Map 5: 50/50	Map 6: 1/1	Map 7: 1/1	Map 8: 1/1	Reducer 2: 0(+3)/3	Reducer 3: 0/1	Reducer 4: 0/1	
Map 1: 39/39	Map 5: 50/50	Map 6: 1/1	Map 7: 1/1	Map 8: 1/1	Reducer 2: 0(+3)/3	Reducer 3: 0/1	Reducer 4: 0/1	
Map 1: 39/39	Map 5: 50/50	Map 6: 1/1	Map 7: 1/1	Map 8: 1/1	Reducer 2: 0(+3)/3	Reducer 3: 0/1	Reducer 4: 0/1	
Map 1: 39/39	Map 5: 50/50	Map 6: 1/1	Map 7: 1/1	Map 8: 1/1	Reducer 2: 0(+3)/3	Reducer 3: 0/1	Reducer 4: 0/1	
Map 1: 39/39	Map 5: 50/50	Map 6: 1/1	Map 7: 1/1	Map 8: 1/1	Reducer 2: 0(+3)/3	Reducer 3: 0/1	Reducer 4: 0/1	
Map 1: 39/39	Map 5: 50/50	Map 6: 1/1	Map 7: 1/1	Map 8: 1/1	Reducer 2: 0(+3)/3	Reducer 3: 0/1	Reducer 4: 0/1	
Map 1: 39/39	Map 5: 50/50	Map 6: 1/1	Map 7: 1/1	Map 8: 1/1	Reducer 2: 0(+3)/3	Reducer 3: 0/1	Reducer 4: 0/1	
Map 1: 39/39	Map 5: 50/50	Map 6: 1/1	Map 7: 1/1	Map 8: 1/1	Reducer 2: 0(+3)/3	Reducer 3: 0/1	Reducer 4: 0/1	
Map 1: 39/39	Map 5: 50/50	Map 6: 1/1	Map 7: 1/1	Map 8: 1/1	Reducer 2: 0(+3)/3	Reducer 3: 0/1	Reducer 4: 0/1	
Map 1: 39/39	Map 5: 50/50	Map 6: 1/1	Map 7: 1/1	Map 8: 1/1	Reducer 2: 0(+3)/3	Reducer 3: 0/1	Reducer 4: 0/1	
Map 1: 39/39	Map 5: 50/50	Map 6: 1/1	Map 7: 1/1	Map 8: 1/1	Reducer 2: 0(+3)/3	Reducer 3: 0/1	Reducer 4: 0/1	
Map 1: 39/39	Map 5: 50/50	Map 6: 1/1	Map 7: 1/1	Map 8: 1/1	Reducer 2: 0(+3)/3	Reducer 3: 0/1	Reducer 4: 0/1	
Map 1: 39/39	Map 5: 50/50	Map 6: 1/1	Map 7: 1/1	Map 8: 1/1	Reducer 2: 0(+3)/3	Reducer 3: 0/1	Reducer 4: 0/1	
Map 1: 39/39	Map 5: 50/50	Map 6: 1/1	Map 7: 1/1	Map 8: 1/1	Reducer 2: 0(+3)/3	Reducer 3: 0/1	Reducer 4: 0/1	
Map 1: 39/39	Map 5: 50/50	Map 6: 1/1	Map 7: 1/1	Map 8: 1/1	Reducer 2: 0(+3)/3	Reducer 3: 0/1	Reducer 4: 0/1	
Map 1: 39/39	Map 5: 50/50	Map 6: 1/1	Map 7: 1/1	Map 8: 1/1	Reducer 2: 0(+3)/3	Reducer 3: 0/1	Reducer 4: 0/1	
Map 1: 39/39	Map 5: 50/50	Map 6: 1/1	Map 7: 1/1	Map 8: 1/1	Reducer 2: 0(+3)/3	Reducer 3: 0/1	Reducer 4: 0/1	
Map 1: 39/39	Map 5: 50/50	Map 6: 1/1	Map 7: 1/1	Map 8: 1/1	Reducer 2: 1(+2)/3	Reducer 3: 0/1	Reducer 4: 0/1	
Map 1: 39/39	Map 5: 50/50	Map 6: 1/1	Map 7: 1/1	Map 8: 1/1	Reducer 2: 1(+2)/3	Reducer 3: 0/1	Reducer 4: 0/1	
Map 1: 39/39	Map 5: 50/50	Map 6: 1/1	Map 7: 1/1	Map 8: 1/1	Reducer 2: 1(+2)/3	Reducer 3: 0/1	Reducer 4: 0/1	
Map 1: 39/39	Map 5: 50/50	Map 6: 1/1	Map 7: 1/1	Map 8: 1/1	Reducer 2: 2(+1)/3	Reducer 3: 0/1	Reducer 4: 0/1	
Map 1: 39/39	Map 5: 50/50	Map 6: 1/1	Map 7: 1/1	Map 8: 1/1	Reducer 2: 3/3	Reducer 3: 0/1	Reducer 4: 0/1	
Map 1: 39/39	Map 5: 50/50	Map 6: 1/1	Map 7: 1/1	Map 8: 1/1	Reducer 2: 3/3	Reducer 3: 0(+1)/1	Reducer 4: 0/1	
Map 1: 39/39	Map 5: 50/50	Map 6: 1/1	Map 7: 1/1	Map 8: 1/1	Reducer 2: 3/3	Reducer 3: 1/1	Reducer 4: 0/1	
Map 1: 39/39	Map 5: 50/50	Map 6: 1/1	Map 7: 1/1	Map 8: 1/1	Reducer 2: 3/3	Reducer 3: 1/1	Reducer 4: 0(+1)/1	
Map 1: 39/39	Map 5: 50/50	Map 6: 1/1	Map 7: 1/1	Map 8: 1/1	Reducer 2: 3/3	Reducer 3: 1/1	Reducer 4: 1/1	
OK
Time taken: 338.953 seconds, Fetched: 72 row(s)
18.91user 1.35system 6:00.69elapsed 5%CPU (0avgtext+0avgdata 705732maxresident)k
114152inputs+1664outputs (111major+72369minor)pagefaults 0swaps
