
Logging initialized using configuration in jar:file:/home/ubuntu/software/hive-1.2.1/lib/hive-common-1.2.1.jar!/hive-log4j.properties
Hive history file=/tmp/ubuntu/hive_job_log_b71a4281-a85c-4a17-b33f-a973af3ea94a_1336036036.txt
SLF4J: Class path contains multiple SLF4J bindings.
SLF4J: Found binding in [jar:file:/home/ubuntu/software/tez-0.7.1-SNAPSHOT-minimal/lib/slf4j-log4j12-1.7.5.jar!/org/slf4j/impl/StaticLoggerBinder.class]
SLF4J: Found binding in [jar:file:/home/ubuntu/software/hadoop-2.6.0/share/hadoop/common/lib/slf4j-log4j12-1.7.5.jar!/org/slf4j/impl/StaticLoggerBinder.class]
SLF4J: See http://www.slf4j.org/codes.html#multiple_bindings for an explanation.
SLF4J: Actual binding is of type [org.slf4j.impl.Log4jLoggerFactory]
OK
Time taken: 0.936 seconds
Query ID = ubuntu_20161002132847_39c87e08-27dc-4793-8340-ec513685ff8b
Total jobs = 1
Launching Job 1 out of 1


Status: Running (Executing on YARN cluster with App id application_1475401111718_0191)

Map 1: -/-	Map 5: -/-	Map 6: -/-	Map 7: -/-	Map 8: -/-	Reducer 2: 0/3	Reducer 3: 0/1	Reducer 4: 0/1	
Map 1: 0/39	Map 5: 0/50	Map 6: 0/1	Map 7: 0/1	Map 8: 0/1	Reducer 2: 0/3	Reducer 3: 0/1	Reducer 4: 0/1	
Map 1: 0/39	Map 5: 0(+1)/50	Map 6: 0/1	Map 7: 0/1	Map 8: 0/1	Reducer 2: 0/3	Reducer 3: 0/1	Reducer 4: 0/1	
Map 1: 0/39	Map 5: 0(+4)/50	Map 6: 0/1	Map 7: 0/1	Map 8: 0/1	Reducer 2: 0/3	Reducer 3: 0/1	Reducer 4: 0/1	
Map 1: 0/39	Map 5: 0(+4)/50	Map 6: 0/1	Map 7: 0/1	Map 8: 0/1	Reducer 2: 0/3	Reducer 3: 0/1	Reducer 4: 0/1	
Map 1: 0/39	Map 5: 0(+4)/50	Map 6: 0/1	Map 7: 0/1	Map 8: 0/1	Reducer 2: 0/3	Reducer 3: 0/1	Reducer 4: 0/1	
Map 1: 0/39	Map 5: 0(+6)/50	Map 6: 0(+1)/1	Map 7: 0/1	Map 8: 0(+1)/1	Reducer 2: 0/3	Reducer 3: 0/1	Reducer 4: 0/1	
Map 1: 0/39	Map 5: 0(+10)/50	Map 6: 0(+1)/1	Map 7: 0/1	Map 8: 0(+1)/1	Reducer 2: 0/3	Reducer 3: 0/1	Reducer 4: 0/1	
Map 1: 0/39	Map 5: 0(+14)/50	Map 6: 0(+1)/1	Map 7: 0/1	Map 8: 0(+1)/1	Reducer 2: 0/3	Reducer 3: 0/1	Reducer 4: 0/1	
Map 1: 0/39	Map 5: 0(+13)/50	Map 6: 0(+1)/1	Map 7: 0/1	Map 8: 0(+1)/1	Reducer 2: 0/3	Reducer 3: 0/1	Reducer 4: 0/1	
Map 1: 0/39	Map 5: 4(+10)/50	Map 6: 0(+1)/1	Map 7: 0/1	Map 8: 0(+1)/1	Reducer 2: 0/3	Reducer 3: 0/1	Reducer 4: 0/1	
Map 1: 0/39	Map 5: 4(+12)/50	Map 6: 0(+1)/1	Map 7: 0/1	Map 8: 0(+1)/1	Reducer 2: 0/3	Reducer 3: 0/1	Reducer 4: 0/1	
Map 1: 0/39	Map 5: 4(+14)/50	Map 6: 0(+1)/1	Map 7: 0/1	Map 8: 0(+1)/1	Reducer 2: 0/3	Reducer 3: 0/1	Reducer 4: 0/1	
Map 1: 0/39	Map 5: 4(+14)/50	Map 6: 1/1	Map 7: 0/1	Map 8: 0(+1)/1	Reducer 2: 0/3	Reducer 3: 0/1	Reducer 4: 0/1	
Map 1: 0/39	Map 5: 4(+14)/50	Map 6: 1/1	Map 7: 0/1	Map 8: 1/1	Reducer 2: 0/3	Reducer 3: 0/1	Reducer 4: 0/1	
Map 1: 0/39	Map 5: 5(+14)/50	Map 6: 1/1	Map 7: 0/1	Map 8: 1/1	Reducer 2: 0/3	Reducer 3: 0/1	Reducer 4: 0/1	
Map 1: 0/39	Map 5: 6(+13)/50	Map 6: 1/1	Map 7: 0/1	Map 8: 1/1	Reducer 2: 0/3	Reducer 3: 0/1	Reducer 4: 0/1	
Map 1: 0/39	Map 5: 8(+12)/50	Map 6: 1/1	Map 7: 0/1	Map 8: 1/1	Reducer 2: 0/3	Reducer 3: 0/1	Reducer 4: 0/1	
Map 1: 0/39	Map 5: 10(+10)/50	Map 6: 1/1	Map 7: 0/1	Map 8: 1/1	Reducer 2: 0/3	Reducer 3: 0/1	Reducer 4: 0/1	
Map 1: 0/39	Map 5: 10(+11)/50	Map 6: 1/1	Map 7: 0/1	Map 8: 1/1	Reducer 2: 0/3	Reducer 3: 0/1	Reducer 4: 0/1	
Map 1: 0/39	Map 5: 14(+7)/50	Map 6: 1/1	Map 7: 0/1	Map 8: 1/1	Reducer 2: 0/3	Reducer 3: 0/1	Reducer 4: 0/1	
Map 1: 0/39	Map 5: 14(+8)/50	Map 6: 1/1	Map 7: 0/1	Map 8: 1/1	Reducer 2: 0/3	Reducer 3: 0/1	Reducer 4: 0/1	
Map 1: 0/39	Map 5: 14(+9)/50	Map 6: 1/1	Map 7: 0/1	Map 8: 1/1	Reducer 2: 0/3	Reducer 3: 0/1	Reducer 4: 0/1	
Map 1: 0/39	Map 5: 18(+5)/50	Map 6: 1/1	Map 7: 0/1	Map 8: 1/1	Reducer 2: 0/3	Reducer 3: 0/1	Reducer 4: 0/1	
Map 1: 0/39	Map 5: 18(+6)/50	Map 6: 1/1	Map 7: 0/1	Map 8: 1/1	Reducer 2: 0/3	Reducer 3: 0/1	Reducer 4: 0/1	
Map 1: 0/39	Map 5: 18(+8)/50	Map 6: 1/1	Map 7: 0/1	Map 8: 1/1	Reducer 2: 0/3	Reducer 3: 0/1	Reducer 4: 0/1	
Map 1: 0/39	Map 5: 19(+7)/50	Map 6: 1/1	Map 7: 0/1	Map 8: 1/1	Reducer 2: 0/3	Reducer 3: 0/1	Reducer 4: 0/1	
Map 1: 0/39	Map 5: 19(+11)/50	Map 6: 1/1	Map 7: 0/1	Map 8: 1/1	Reducer 2: 0/3	Reducer 3: 0/1	Reducer 4: 0/1	
Map 1: 0/39	Map 5: 19(+15)/50	Map 6: 1/1	Map 7: 0/1	Map 8: 1/1	Reducer 2: 0/3	Reducer 3: 0/1	Reducer 4: 0/1	
Map 1: 0/39	Map 5: 20(+14)/50	Map 6: 1/1	Map 7: 0/1	Map 8: 1/1	Reducer 2: 0/3	Reducer 3: 0/1	Reducer 4: 0/1	
Map 1: 0/39	Map 5: 21(+13)/50	Map 6: 1/1	Map 7: 0/1	Map 8: 1/1	Reducer 2: 0/3	Reducer 3: 0/1	Reducer 4: 0/1	
Map 1: 0/39	Map 5: 21(+14)/50	Map 6: 1/1	Map 7: 0/1	Map 8: 1/1	Reducer 2: 0/3	Reducer 3: 0/1	Reducer 4: 0/1	
Map 1: 0/39	Map 5: 22(+13)/50	Map 6: 1/1	Map 7: 0/1	Map 8: 1/1	Reducer 2: 0/3	Reducer 3: 0/1	Reducer 4: 0/1	
Map 1: 0/39	Map 5: 23(+12)/50	Map 6: 1/1	Map 7: 0/1	Map 8: 1/1	Reducer 2: 0/3	Reducer 3: 0/1	Reducer 4: 0/1	
Map 1: 0/39	Map 5: 24(+11)/50	Map 6: 1/1	Map 7: 0/1	Map 8: 1/1	Reducer 2: 0/3	Reducer 3: 0/1	Reducer 4: 0/1	
Map 1: 0/39	Map 5: 24(+12)/50	Map 6: 1/1	Map 7: 0/1	Map 8: 1/1	Reducer 2: 0/3	Reducer 3: 0/1	Reducer 4: 0/1	
Map 1: 0/39	Map 5: 24(+13)/50	Map 6: 1/1	Map 7: 0/1	Map 8: 1/1	Reducer 2: 0/3	Reducer 3: 0/1	Reducer 4: 0/1	
Map 1: 0/39	Map 5: 25(+12)/50	Map 6: 1/1	Map 7: 0/1	Map 8: 1/1	Reducer 2: 0/3	Reducer 3: 0/1	Reducer 4: 0/1	
Map 1: 0/39	Map 5: 26(+12)/50	Map 6: 1/1	Map 7: 0/1	Map 8: 1/1	Reducer 2: 0/3	Reducer 3: 0/1	Reducer 4: 0/1	
Map 1: 0/39	Map 5: 28(+10)/50	Map 6: 1/1	Map 7: 0/1	Map 8: 1/1	Reducer 2: 0/3	Reducer 3: 0/1	Reducer 4: 0/1	
Map 1: 0/39	Map 5: 30(+8)/50	Map 6: 1/1	Map 7: 0/1	Map 8: 1/1	Reducer 2: 0/3	Reducer 3: 0/1	Reducer 4: 0/1	
Map 1: 0/39	Map 5: 31(+9)/50	Map 6: 1/1	Map 7: 0/1	Map 8: 1/1	Reducer 2: 0/3	Reducer 3: 0/1	Reducer 4: 0/1	
Map 1: 0/39	Map 5: 32(+8)/50	Map 6: 1/1	Map 7: 0/1	Map 8: 1/1	Reducer 2: 0/3	Reducer 3: 0/1	Reducer 4: 0/1	
Map 1: 0/39	Map 5: 34(+6)/50	Map 6: 1/1	Map 7: 0/1	Map 8: 1/1	Reducer 2: 0/3	Reducer 3: 0/1	Reducer 4: 0/1	
Map 1: 0/39	Map 5: 34(+7)/50	Map 6: 1/1	Map 7: 0/1	Map 8: 1/1	Reducer 2: 0/3	Reducer 3: 0/1	Reducer 4: 0/1	
Map 1: 0(+2)/39	Map 5: 34(+7)/50	Map 6: 1/1	Map 7: 0/1	Map 8: 1/1	Reducer 2: 0/3	Reducer 3: 0/1	Reducer 4: 0/1	
Map 1: 0(+3)/39	Map 5: 34(+7)/50	Map 6: 1/1	Map 7: 0/1	Map 8: 1/1	Reducer 2: 0/3	Reducer 3: 0/1	Reducer 4: 0/1	
Map 1: 0(+3)/39	Map 5: 35(+7)/50	Map 6: 1/1	Map 7: 0/1	Map 8: 1/1	Reducer 2: 0/3	Reducer 3: 0/1	Reducer 4: 0/1	
Map 1: 0(+4)/39	Map 5: 35(+9)/50	Map 6: 1/1	Map 7: 0/1	Map 8: 1/1	Reducer 2: 0/3	Reducer 3: 0/1	Reducer 4: 0/1	
Map 1: 0(+5)/39	Map 5: 36(+8)/50	Map 6: 1/1	Map 7: 0/1	Map 8: 1/1	Reducer 2: 0/3	Reducer 3: 0/1	Reducer 4: 0/1	
Map 1: 0(+5)/39	Map 5: 37(+7)/50	Map 6: 1/1	Map 7: 0/1	Map 8: 1/1	Reducer 2: 0/3	Reducer 3: 0/1	Reducer 4: 0/1	
Map 1: 0(+5)/39	Map 5: 37(+8)/50	Map 6: 1/1	Map 7: 0/1	Map 8: 1/1	Reducer 2: 0/3	Reducer 3: 0/1	Reducer 4: 0/1	
Map 1: 0(+5)/39	Map 5: 38(+8)/50	Map 6: 1/1	Map 7: 0/1	Map 8: 1/1	Reducer 2: 0/3	Reducer 3: 0/1	Reducer 4: 0/1	
Map 1: 0(+5)/39	Map 5: 38(+9)/50	Map 6: 1/1	Map 7: 0/1	Map 8: 1/1	Reducer 2: 0/3	Reducer 3: 0/1	Reducer 4: 0/1	
Map 1: 0(+5)/39	Map 5: 39(+8)/50	Map 6: 1/1	Map 7: 0/1	Map 8: 1/1	Reducer 2: 0/3	Reducer 3: 0/1	Reducer 4: 0/1	
Map 1: 0(+5)/39	Map 5: 40(+8)/50	Map 6: 1/1	Map 7: 0/1	Map 8: 1/1	Reducer 2: 0/3	Reducer 3: 0/1	Reducer 4: 0/1	
Map 1: 0(+5)/39	Map 5: 41(+7)/50	Map 6: 1/1	Map 7: 0/1	Map 8: 1/1	Reducer 2: 0/3	Reducer 3: 0/1	Reducer 4: 0/1	
Map 1: 0(+6)/39	Map 5: 43(+5)/50	Map 6: 1/1	Map 7: 0/1	Map 8: 1/1	Reducer 2: 0/3	Reducer 3: 0/1	Reducer 4: 0/1	
Map 1: 0(+6)/39	Map 5: 44(+4)/50	Map 6: 1/1	Map 7: 0/1	Map 8: 1/1	Reducer 2: 0/3	Reducer 3: 0/1	Reducer 4: 0/1	
Map 1: 0(+6)/39	Map 5: 44(+5)/50	Map 6: 1/1	Map 7: 0/1	Map 8: 1/1	Reducer 2: 0/3	Reducer 3: 0/1	Reducer 4: 0/1	
Map 1: 0(+7)/39	Map 5: 44(+5)/50	Map 6: 1/1	Map 7: 0/1	Map 8: 1/1	Reducer 2: 0/3	Reducer 3: 0/1	Reducer 4: 0/1	
Map 1: 0(+8)/39	Map 5: 45(+4)/50	Map 6: 1/1	Map 7: 0/1	Map 8: 1/1	Reducer 2: 0/3	Reducer 3: 0/1	Reducer 4: 0/1	
Map 1: 0(+10)/39	Map 5: 45(+4)/50	Map 6: 1/1	Map 7: 0/1	Map 8: 1/1	Reducer 2: 0/3	Reducer 3: 0/1	Reducer 4: 0/1	
Map 1: 0(+11)/39	Map 5: 45(+4)/50	Map 6: 1/1	Map 7: 0/1	Map 8: 1/1	Reducer 2: 0/3	Reducer 3: 0/1	Reducer 4: 0/1	
Map 1: 0(+11)/39	Map 5: 47(+2)/50	Map 6: 1/1	Map 7: 0/1	Map 8: 1/1	Reducer 2: 0/3	Reducer 3: 0/1	Reducer 4: 0/1	
Map 1: 0(+11)/39	Map 5: 48(+1)/50	Map 6: 1/1	Map 7: 0/1	Map 8: 1/1	Reducer 2: 0/3	Reducer 3: 0/1	Reducer 4: 0/1	
Map 1: 0(+11)/39	Map 5: 48(+2)/50	Map 6: 1/1	Map 7: 0/1	Map 8: 1/1	Reducer 2: 0/3	Reducer 3: 0/1	Reducer 4: 0/1	
Map 1: 0(+12)/39	Map 5: 48(+2)/50	Map 6: 1/1	Map 7: 0/1	Map 8: 1/1	Reducer 2: 0/3	Reducer 3: 0/1	Reducer 4: 0/1	
Map 1: 0(+12)/39	Map 5: 48(+2)/50	Map 6: 1/1	Map 7: 0(+1)/1	Map 8: 1/1	Reducer 2: 0/3	Reducer 3: 0/1	Reducer 4: 0/1	
Map 1: 0(+13)/39	Map 5: 49(+1)/50	Map 6: 1/1	Map 7: 0(+1)/1	Map 8: 1/1	Reducer 2: 0/3	Reducer 3: 0/1	Reducer 4: 0/1	
Map 1: 0(+13)/39	Map 5: 49(+1)/50	Map 6: 1/1	Map 7: 1/1	Map 8: 1/1	Reducer 2: 0/3	Reducer 3: 0/1	Reducer 4: 0/1	
Map 1: 0(+14)/39	Map 5: 49(+1)/50	Map 6: 1/1	Map 7: 1/1	Map 8: 1/1	Reducer 2: 0/3	Reducer 3: 0/1	Reducer 4: 0/1	
Map 1: 0(+14)/39	Map 5: 50/50	Map 6: 1/1	Map 7: 1/1	Map 8: 1/1	Reducer 2: 0/3	Reducer 3: 0/1	Reducer 4: 0/1	
Map 1: 0(+15)/39	Map 5: 50/50	Map 6: 1/1	Map 7: 1/1	Map 8: 1/1	Reducer 2: 0/3	Reducer 3: 0/1	Reducer 4: 0/1	
Map 1: 0(+16)/39	Map 5: 50/50	Map 6: 1/1	Map 7: 1/1	Map 8: 1/1	Reducer 2: 0/3	Reducer 3: 0/1	Reducer 4: 0/1	
Map 1: 0(+16)/39	Map 5: 50/50	Map 6: 1/1	Map 7: 1/1	Map 8: 1/1	Reducer 2: 0/3	Reducer 3: 0/1	Reducer 4: 0/1	
Map 1: 0(+16)/39	Map 5: 50/50	Map 6: 1/1	Map 7: 1/1	Map 8: 1/1	Reducer 2: 0/3	Reducer 3: 0/1	Reducer 4: 0/1	
Map 1: 0(+16)/39	Map 5: 50/50	Map 6: 1/1	Map 7: 1/1	Map 8: 1/1	Reducer 2: 0/3	Reducer 3: 0/1	Reducer 4: 0/1	
Map 1: 0(+16)/39	Map 5: 50/50	Map 6: 1/1	Map 7: 1/1	Map 8: 1/1	Reducer 2: 0/3	Reducer 3: 0/1	Reducer 4: 0/1	
Map 1: 1(+15)/39	Map 5: 50/50	Map 6: 1/1	Map 7: 1/1	Map 8: 1/1	Reducer 2: 0/3	Reducer 3: 0/1	Reducer 4: 0/1	
Map 1: 1(+16)/39	Map 5: 50/50	Map 6: 1/1	Map 7: 1/1	Map 8: 1/1	Reducer 2: 0/3	Reducer 3: 0/1	Reducer 4: 0/1	
Map 1: 2(+15)/39	Map 5: 50/50	Map 6: 1/1	Map 7: 1/1	Map 8: 1/1	Reducer 2: 0/3	Reducer 3: 0/1	Reducer 4: 0/1	
Map 1: 3(+14)/39	Map 5: 50/50	Map 6: 1/1	Map 7: 1/1	Map 8: 1/1	Reducer 2: 0/3	Reducer 3: 0/1	Reducer 4: 0/1	
Map 1: 4(+13)/39	Map 5: 50/50	Map 6: 1/1	Map 7: 1/1	Map 8: 1/1	Reducer 2: 0/3	Reducer 3: 0/1	Reducer 4: 0/1	
Map 1: 4(+14)/39	Map 5: 50/50	Map 6: 1/1	Map 7: 1/1	Map 8: 1/1	Reducer 2: 0/3	Reducer 3: 0/1	Reducer 4: 0/1	
Map 1: 4(+15)/39	Map 5: 50/50	Map 6: 1/1	Map 7: 1/1	Map 8: 1/1	Reducer 2: 0/3	Reducer 3: 0/1	Reducer 4: 0/1	
Map 1: 5(+14)/39	Map 5: 50/50	Map 6: 1/1	Map 7: 1/1	Map 8: 1/1	Reducer 2: 0/3	Reducer 3: 0/1	Reducer 4: 0/1	
Map 1: 6(+14)/39	Map 5: 50/50	Map 6: 1/1	Map 7: 1/1	Map 8: 1/1	Reducer 2: 0/3	Reducer 3: 0/1	Reducer 4: 0/1	
Map 1: 6(+15)/39	Map 5: 50/50	Map 6: 1/1	Map 7: 1/1	Map 8: 1/1	Reducer 2: 0/3	Reducer 3: 0/1	Reducer 4: 0/1	
Map 1: 7(+14)/39	Map 5: 50/50	Map 6: 1/1	Map 7: 1/1	Map 8: 1/1	Reducer 2: 0/3	Reducer 3: 0/1	Reducer 4: 0/1	
Map 1: 7(+15)/39	Map 5: 50/50	Map 6: 1/1	Map 7: 1/1	Map 8: 1/1	Reducer 2: 0/3	Reducer 3: 0/1	Reducer 4: 0/1	
Map 1: 9(+13)/39	Map 5: 50/50	Map 6: 1/1	Map 7: 1/1	Map 8: 1/1	Reducer 2: 0/3	Reducer 3: 0/1	Reducer 4: 0/1	
Map 1: 10(+12)/39	Map 5: 50/50	Map 6: 1/1	Map 7: 1/1	Map 8: 1/1	Reducer 2: 0/3	Reducer 3: 0/1	Reducer 4: 0/1	
Map 1: 11(+11)/39	Map 5: 50/50	Map 6: 1/1	Map 7: 1/1	Map 8: 1/1	Reducer 2: 0/3	Reducer 3: 0/1	Reducer 4: 0/1	
Map 1: 11(+12)/39	Map 5: 50/50	Map 6: 1/1	Map 7: 1/1	Map 8: 1/1	Reducer 2: 0/3	Reducer 3: 0/1	Reducer 4: 0/1	
Map 1: 12(+11)/39	Map 5: 50/50	Map 6: 1/1	Map 7: 1/1	Map 8: 1/1	Reducer 2: 0/3	Reducer 3: 0/1	Reducer 4: 0/1	
Map 1: 12(+12)/39	Map 5: 50/50	Map 6: 1/1	Map 7: 1/1	Map 8: 1/1	Reducer 2: 0/3	Reducer 3: 0/1	Reducer 4: 0/1	
Map 1: 12(+13)/39	Map 5: 50/50	Map 6: 1/1	Map 7: 1/1	Map 8: 1/1	Reducer 2: 0/3	Reducer 3: 0/1	Reducer 4: 0/1	
Map 1: 13(+12)/39	Map 5: 50/50	Map 6: 1/1	Map 7: 1/1	Map 8: 1/1	Reducer 2: 0/3	Reducer 3: 0/1	Reducer 4: 0/1	
Map 1: 13(+14)/39	Map 5: 50/50	Map 6: 1/1	Map 7: 1/1	Map 8: 1/1	Reducer 2: 0/3	Reducer 3: 0/1	Reducer 4: 0/1	
Map 1: 13(+15)/39	Map 5: 50/50	Map 6: 1/1	Map 7: 1/1	Map 8: 1/1	Reducer 2: 0/3	Reducer 3: 0/1	Reducer 4: 0/1	
Map 1: 14(+14)/39	Map 5: 50/50	Map 6: 1/1	Map 7: 1/1	Map 8: 1/1	Reducer 2: 0/3	Reducer 3: 0/1	Reducer 4: 0/1	
Map 1: 14(+15)/39	Map 5: 50/50	Map 6: 1/1	Map 7: 1/1	Map 8: 1/1	Reducer 2: 0/3	Reducer 3: 0/1	Reducer 4: 0/1	
Map 1: 15(+14)/39	Map 5: 50/50	Map 6: 1/1	Map 7: 1/1	Map 8: 1/1	Reducer 2: 0/3	Reducer 3: 0/1	Reducer 4: 0/1	
Map 1: 15(+15)/39	Map 5: 50/50	Map 6: 1/1	Map 7: 1/1	Map 8: 1/1	Reducer 2: 0/3	Reducer 3: 0/1	Reducer 4: 0/1	
Map 1: 15(+16)/39	Map 5: 50/50	Map 6: 1/1	Map 7: 1/1	Map 8: 1/1	Reducer 2: 0/3	Reducer 3: 0/1	Reducer 4: 0/1	
Map 1: 16(+15)/39	Map 5: 50/50	Map 6: 1/1	Map 7: 1/1	Map 8: 1/1	Reducer 2: 0/3	Reducer 3: 0/1	Reducer 4: 0/1	
Map 1: 17(+14)/39	Map 5: 50/50	Map 6: 1/1	Map 7: 1/1	Map 8: 1/1	Reducer 2: 0/3	Reducer 3: 0/1	Reducer 4: 0/1	
Map 1: 17(+15)/39	Map 5: 50/50	Map 6: 1/1	Map 7: 1/1	Map 8: 1/1	Reducer 2: 0/3	Reducer 3: 0/1	Reducer 4: 0/1	
Map 1: 17(+16)/39	Map 5: 50/50	Map 6: 1/1	Map 7: 1/1	Map 8: 1/1	Reducer 2: 0/3	Reducer 3: 0/1	Reducer 4: 0/1	
Map 1: 18(+15)/39	Map 5: 50/50	Map 6: 1/1	Map 7: 1/1	Map 8: 1/1	Reducer 2: 0/3	Reducer 3: 0/1	Reducer 4: 0/1	
Map 1: 18(+16)/39	Map 5: 50/50	Map 6: 1/1	Map 7: 1/1	Map 8: 1/1	Reducer 2: 0/3	Reducer 3: 0/1	Reducer 4: 0/1	
Map 1: 18(+16)/39	Map 5: 50/50	Map 6: 1/1	Map 7: 1/1	Map 8: 1/1	Reducer 2: 0/3	Reducer 3: 0/1	Reducer 4: 0/1	
Map 1: 18(+16)/39	Map 5: 50/50	Map 6: 1/1	Map 7: 1/1	Map 8: 1/1	Reducer 2: 0/3	Reducer 3: 0/1	Reducer 4: 0/1	
Map 1: 19(+15)/39	Map 5: 50/50	Map 6: 1/1	Map 7: 1/1	Map 8: 1/1	Reducer 2: 0/3	Reducer 3: 0/1	Reducer 4: 0/1	
Map 1: 19(+16)/39	Map 5: 50/50	Map 6: 1/1	Map 7: 1/1	Map 8: 1/1	Reducer 2: 0/3	Reducer 3: 0/1	Reducer 4: 0/1	
Map 1: 19(+16)/39	Map 5: 50/50	Map 6: 1/1	Map 7: 1/1	Map 8: 1/1	Reducer 2: 0/3	Reducer 3: 0/1	Reducer 4: 0/1	
Map 1: 19(+16)/39	Map 5: 50/50	Map 6: 1/1	Map 7: 1/1	Map 8: 1/1	Reducer 2: 0/3	Reducer 3: 0/1	Reducer 4: 0/1	
Map 1: 20(+15)/39	Map 5: 50/50	Map 6: 1/1	Map 7: 1/1	Map 8: 1/1	Reducer 2: 0/3	Reducer 3: 0/1	Reducer 4: 0/1	
Map 1: 20(+16)/39	Map 5: 50/50	Map 6: 1/1	Map 7: 1/1	Map 8: 1/1	Reducer 2: 0/3	Reducer 3: 0/1	Reducer 4: 0/1	
Map 1: 20(+16)/39	Map 5: 50/50	Map 6: 1/1	Map 7: 1/1	Map 8: 1/1	Reducer 2: 0/3	Reducer 3: 0/1	Reducer 4: 0/1	
Map 1: 20(+16)/39	Map 5: 50/50	Map 6: 1/1	Map 7: 1/1	Map 8: 1/1	Reducer 2: 0/3	Reducer 3: 0/1	Reducer 4: 0/1	
Map 1: 21(+15)/39	Map 5: 50/50	Map 6: 1/1	Map 7: 1/1	Map 8: 1/1	Reducer 2: 0/3	Reducer 3: 0/1	Reducer 4: 0/1	
Map 1: 22(+14)/39	Map 5: 50/50	Map 6: 1/1	Map 7: 1/1	Map 8: 1/1	Reducer 2: 0/3	Reducer 3: 0/1	Reducer 4: 0/1	
Map 1: 22(+15)/39	Map 5: 50/50	Map 6: 1/1	Map 7: 1/1	Map 8: 1/1	Reducer 2: 0/3	Reducer 3: 0/1	Reducer 4: 0/1	
Map 1: 23(+14)/39	Map 5: 50/50	Map 6: 1/1	Map 7: 1/1	Map 8: 1/1	Reducer 2: 0/3	Reducer 3: 0/1	Reducer 4: 0/1	
Map 1: 24(+13)/39	Map 5: 50/50	Map 6: 1/1	Map 7: 1/1	Map 8: 1/1	Reducer 2: 0/3	Reducer 3: 0/1	Reducer 4: 0/1	
Map 1: 24(+14)/39	Map 5: 50/50	Map 6: 1/1	Map 7: 1/1	Map 8: 1/1	Reducer 2: 0/3	Reducer 3: 0/1	Reducer 4: 0/1	
Map 1: 24(+15)/39	Map 5: 50/50	Map 6: 1/1	Map 7: 1/1	Map 8: 1/1	Reducer 2: 0/3	Reducer 3: 0/1	Reducer 4: 0/1	
Map 1: 25(+14)/39	Map 5: 50/50	Map 6: 1/1	Map 7: 1/1	Map 8: 1/1	Reducer 2: 0/3	Reducer 3: 0/1	Reducer 4: 0/1	
Map 1: 26(+13)/39	Map 5: 50/50	Map 6: 1/1	Map 7: 1/1	Map 8: 1/1	Reducer 2: 0/3	Reducer 3: 0/1	Reducer 4: 0/1	
Map 1: 27(+12)/39	Map 5: 50/50	Map 6: 1/1	Map 7: 1/1	Map 8: 1/1	Reducer 2: 0/3	Reducer 3: 0/1	Reducer 4: 0/1	
Map 1: 27(+12)/39	Map 5: 50/50	Map 6: 1/1	Map 7: 1/1	Map 8: 1/1	Reducer 2: 0/3	Reducer 3: 0/1	Reducer 4: 0/1	
Map 1: 28(+11)/39	Map 5: 50/50	Map 6: 1/1	Map 7: 1/1	Map 8: 1/1	Reducer 2: 0/3	Reducer 3: 0/1	Reducer 4: 0/1	
Map 1: 28(+11)/39	Map 5: 50/50	Map 6: 1/1	Map 7: 1/1	Map 8: 1/1	Reducer 2: 0/3	Reducer 3: 0/1	Reducer 4: 0/1	
Map 1: 29(+10)/39	Map 5: 50/50	Map 6: 1/1	Map 7: 1/1	Map 8: 1/1	Reducer 2: 0/3	Reducer 3: 0/1	Reducer 4: 0/1	
Map 1: 30(+9)/39	Map 5: 50/50	Map 6: 1/1	Map 7: 1/1	Map 8: 1/1	Reducer 2: 0/3	Reducer 3: 0/1	Reducer 4: 0/1	
Map 1: 31(+8)/39	Map 5: 50/50	Map 6: 1/1	Map 7: 1/1	Map 8: 1/1	Reducer 2: 0/3	Reducer 3: 0/1	Reducer 4: 0/1	
Map 1: 32(+7)/39	Map 5: 50/50	Map 6: 1/1	Map 7: 1/1	Map 8: 1/1	Reducer 2: 0/3	Reducer 3: 0/1	Reducer 4: 0/1	
Map 1: 33(+6)/39	Map 5: 50/50	Map 6: 1/1	Map 7: 1/1	Map 8: 1/1	Reducer 2: 0/3	Reducer 3: 0/1	Reducer 4: 0/1	
Map 1: 35(+4)/39	Map 5: 50/50	Map 6: 1/1	Map 7: 1/1	Map 8: 1/1	Reducer 2: 0/3	Reducer 3: 0/1	Reducer 4: 0/1	
Map 1: 36(+3)/39	Map 5: 50/50	Map 6: 1/1	Map 7: 1/1	Map 8: 1/1	Reducer 2: 0/3	Reducer 3: 0/1	Reducer 4: 0/1	
Map 1: 37(+2)/39	Map 5: 50/50	Map 6: 1/1	Map 7: 1/1	Map 8: 1/1	Reducer 2: 0/3	Reducer 3: 0/1	Reducer 4: 0/1	
Map 1: 38(+1)/39	Map 5: 50/50	Map 6: 1/1	Map 7: 1/1	Map 8: 1/1	Reducer 2: 0/3	Reducer 3: 0/1	Reducer 4: 0/1	
Map 1: 38(+1)/39	Map 5: 50/50	Map 6: 1/1	Map 7: 1/1	Map 8: 1/1	Reducer 2: 0/3	Reducer 3: 0/1	Reducer 4: 0/1	
Map 1: 39/39	Map 5: 50/50	Map 6: 1/1	Map 7: 1/1	Map 8: 1/1	Reducer 2: 0/3	Reducer 3: 0/1	Reducer 4: 0/1	
Map 1: 39/39	Map 5: 50/50	Map 6: 1/1	Map 7: 1/1	Map 8: 1/1	Reducer 2: 0(+1)/3	Reducer 3: 0/1	Reducer 4: 0/1	
Map 1: 39/39	Map 5: 50/50	Map 6: 1/1	Map 7: 1/1	Map 8: 1/1	Reducer 2: 0(+2)/3	Reducer 3: 0/1	Reducer 4: 0/1	
Map 1: 39/39	Map 5: 50/50	Map 6: 1/1	Map 7: 1/1	Map 8: 1/1	Reducer 2: 0(+3)/3	Reducer 3: 0/1	Reducer 4: 0/1	
Map 1: 39/39	Map 5: 50/50	Map 6: 1/1	Map 7: 1/1	Map 8: 1/1	Reducer 2: 0(+3)/3	Reducer 3: 0/1	Reducer 4: 0/1	
Map 1: 39/39	Map 5: 50/50	Map 6: 1/1	Map 7: 1/1	Map 8: 1/1	Reducer 2: 0(+3)/3	Reducer 3: 0/1	Reducer 4: 0/1	
Map 1: 39/39	Map 5: 50/50	Map 6: 1/1	Map 7: 1/1	Map 8: 1/1	Reducer 2: 0(+3)/3	Reducer 3: 0/1	Reducer 4: 0/1	
Map 1: 39/39	Map 5: 50/50	Map 6: 1/1	Map 7: 1/1	Map 8: 1/1	Reducer 2: 0(+3)/3	Reducer 3: 0/1	Reducer 4: 0/1	
Map 1: 39/39	Map 5: 50/50	Map 6: 1/1	Map 7: 1/1	Map 8: 1/1	Reducer 2: 0(+3)/3	Reducer 3: 0/1	Reducer 4: 0/1	
Map 1: 39/39	Map 5: 50/50	Map 6: 1/1	Map 7: 1/1	Map 8: 1/1	Reducer 2: 0(+3)/3	Reducer 3: 0/1	Reducer 4: 0/1	
Map 1: 39/39	Map 5: 50/50	Map 6: 1/1	Map 7: 1/1	Map 8: 1/1	Reducer 2: 0(+3)/3	Reducer 3: 0/1	Reducer 4: 0/1	
Map 1: 39/39	Map 5: 50/50	Map 6: 1/1	Map 7: 1/1	Map 8: 1/1	Reducer 2: 0(+3)/3	Reducer 3: 0/1	Reducer 4: 0/1	
Map 1: 39/39	Map 5: 50/50	Map 6: 1/1	Map 7: 1/1	Map 8: 1/1	Reducer 2: 0(+3)/3	Reducer 3: 0/1	Reducer 4: 0/1	
Map 1: 39/39	Map 5: 50/50	Map 6: 1/1	Map 7: 1/1	Map 8: 1/1	Reducer 2: 0(+3)/3	Reducer 3: 0/1	Reducer 4: 0/1	
Map 1: 39/39	Map 5: 50/50	Map 6: 1/1	Map 7: 1/1	Map 8: 1/1	Reducer 2: 0(+3)/3	Reducer 3: 0/1	Reducer 4: 0/1	
Map 1: 39/39	Map 5: 50/50	Map 6: 1/1	Map 7: 1/1	Map 8: 1/1	Reducer 2: 0(+3)/3	Reducer 3: 0/1	Reducer 4: 0/1	
Map 1: 39/39	Map 5: 50/50	Map 6: 1/1	Map 7: 1/1	Map 8: 1/1	Reducer 2: 0(+3)/3	Reducer 3: 0/1	Reducer 4: 0/1	
Map 1: 39/39	Map 5: 50/50	Map 6: 1/1	Map 7: 1/1	Map 8: 1/1	Reducer 2: 0(+3)/3	Reducer 3: 0/1	Reducer 4: 0/1	
Map 1: 39/39	Map 5: 50/50	Map 6: 1/1	Map 7: 1/1	Map 8: 1/1	Reducer 2: 0(+3)/3	Reducer 3: 0/1	Reducer 4: 0/1	
Map 1: 39/39	Map 5: 50/50	Map 6: 1/1	Map 7: 1/1	Map 8: 1/1	Reducer 2: 0(+3)/3	Reducer 3: 0/1	Reducer 4: 0/1	
Map 1: 39/39	Map 5: 50/50	Map 6: 1/1	Map 7: 1/1	Map 8: 1/1	Reducer 2: 0(+3)/3	Reducer 3: 0/1	Reducer 4: 0/1	
Map 1: 39/39	Map 5: 50/50	Map 6: 1/1	Map 7: 1/1	Map 8: 1/1	Reducer 2: 0(+3)/3	Reducer 3: 0/1	Reducer 4: 0/1	
Map 1: 39/39	Map 5: 50/50	Map 6: 1/1	Map 7: 1/1	Map 8: 1/1	Reducer 2: 0(+3)/3	Reducer 3: 0/1	Reducer 4: 0/1	
Map 1: 39/39	Map 5: 50/50	Map 6: 1/1	Map 7: 1/1	Map 8: 1/1	Reducer 2: 0(+3)/3	Reducer 3: 0/1	Reducer 4: 0/1	
Map 1: 39/39	Map 5: 50/50	Map 6: 1/1	Map 7: 1/1	Map 8: 1/1	Reducer 2: 0(+3)/3	Reducer 3: 0/1	Reducer 4: 0/1	
Map 1: 39/39	Map 5: 50/50	Map 6: 1/1	Map 7: 1/1	Map 8: 1/1	Reducer 2: 0(+3)/3	Reducer 3: 0/1	Reducer 4: 0/1	
Map 1: 39/39	Map 5: 50/50	Map 6: 1/1	Map 7: 1/1	Map 8: 1/1	Reducer 2: 0(+3)/3	Reducer 3: 0/1	Reducer 4: 0/1	
Map 1: 39/39	Map 5: 50/50	Map 6: 1/1	Map 7: 1/1	Map 8: 1/1	Reducer 2: 0(+3)/3	Reducer 3: 0/1	Reducer 4: 0/1	
Map 1: 39/39	Map 5: 50/50	Map 6: 1/1	Map 7: 1/1	Map 8: 1/1	Reducer 2: 0(+3)/3	Reducer 3: 0/1	Reducer 4: 0/1	
Map 1: 39/39	Map 5: 50/50	Map 6: 1/1	Map 7: 1/1	Map 8: 1/1	Reducer 2: 0(+3)/3	Reducer 3: 0/1	Reducer 4: 0/1	
Map 1: 39/39	Map 5: 50/50	Map 6: 1/1	Map 7: 1/1	Map 8: 1/1	Reducer 2: 0(+3)/3	Reducer 3: 0/1	Reducer 4: 0/1	
Map 1: 39/39	Map 5: 50/50	Map 6: 1/1	Map 7: 1/1	Map 8: 1/1	Reducer 2: 0(+3)/3	Reducer 3: 0/1	Reducer 4: 0/1	
Map 1: 39/39	Map 5: 50/50	Map 6: 1/1	Map 7: 1/1	Map 8: 1/1	Reducer 2: 0(+3)/3	Reducer 3: 0/1	Reducer 4: 0/1	
Map 1: 39/39	Map 5: 50/50	Map 6: 1/1	Map 7: 1/1	Map 8: 1/1	Reducer 2: 0(+3)/3	Reducer 3: 0/1	Reducer 4: 0/1	
Map 1: 39/39	Map 5: 50/50	Map 6: 1/1	Map 7: 1/1	Map 8: 1/1	Reducer 2: 0(+3)/3	Reducer 3: 0/1	Reducer 4: 0/1	
Map 1: 39/39	Map 5: 50/50	Map 6: 1/1	Map 7: 1/1	Map 8: 1/1	Reducer 2: 0(+3)/3	Reducer 3: 0/1	Reducer 4: 0/1	
Map 1: 39/39	Map 5: 50/50	Map 6: 1/1	Map 7: 1/1	Map 8: 1/1	Reducer 2: 0(+3)/3	Reducer 3: 0/1	Reducer 4: 0/1	
Map 1: 39/39	Map 5: 50/50	Map 6: 1/1	Map 7: 1/1	Map 8: 1/1	Reducer 2: 0(+3)/3	Reducer 3: 0/1	Reducer 4: 0/1	
Map 1: 39/39	Map 5: 50/50	Map 6: 1/1	Map 7: 1/1	Map 8: 1/1	Reducer 2: 0(+3)/3	Reducer 3: 0/1	Reducer 4: 0/1	
Map 1: 39/39	Map 5: 50/50	Map 6: 1/1	Map 7: 1/1	Map 8: 1/1	Reducer 2: 0(+3)/3	Reducer 3: 0/1	Reducer 4: 0/1	
Map 1: 39/39	Map 5: 50/50	Map 6: 1/1	Map 7: 1/1	Map 8: 1/1	Reducer 2: 0(+3)/3	Reducer 3: 0/1	Reducer 4: 0/1	
Map 1: 39/39	Map 5: 50/50	Map 6: 1/1	Map 7: 1/1	Map 8: 1/1	Reducer 2: 0(+3)/3	Reducer 3: 0/1	Reducer 4: 0/1	
Map 1: 39/39	Map 5: 50/50	Map 6: 1/1	Map 7: 1/1	Map 8: 1/1	Reducer 2: 0(+3)/3	Reducer 3: 0/1	Reducer 4: 0/1	
Map 1: 39/39	Map 5: 50/50	Map 6: 1/1	Map 7: 1/1	Map 8: 1/1	Reducer 2: 0(+3)/3	Reducer 3: 0/1	Reducer 4: 0/1	
Map 1: 39/39	Map 5: 50/50	Map 6: 1/1	Map 7: 1/1	Map 8: 1/1	Reducer 2: 0(+3)/3	Reducer 3: 0/1	Reducer 4: 0/1	
Map 1: 39/39	Map 5: 50/50	Map 6: 1/1	Map 7: 1/1	Map 8: 1/1	Reducer 2: 0(+3)/3	Reducer 3: 0/1	Reducer 4: 0/1	
Map 1: 39/39	Map 5: 50/50	Map 6: 1/1	Map 7: 1/1	Map 8: 1/1	Reducer 2: 0(+3)/3	Reducer 3: 0/1	Reducer 4: 0/1	
Map 1: 39/39	Map 5: 50/50	Map 6: 1/1	Map 7: 1/1	Map 8: 1/1	Reducer 2: 0(+3)/3	Reducer 3: 0/1	Reducer 4: 0/1	
Map 1: 39/39	Map 5: 50/50	Map 6: 1/1	Map 7: 1/1	Map 8: 1/1	Reducer 2: 0(+3)/3	Reducer 3: 0/1	Reducer 4: 0/1	
Map 1: 39/39	Map 5: 50/50	Map 6: 1/1	Map 7: 1/1	Map 8: 1/1	Reducer 2: 0(+3)/3	Reducer 3: 0/1	Reducer 4: 0/1	
Map 1: 39/39	Map 5: 50/50	Map 6: 1/1	Map 7: 1/1	Map 8: 1/1	Reducer 2: 0(+3)/3	Reducer 3: 0/1	Reducer 4: 0/1	
Map 1: 39/39	Map 5: 50/50	Map 6: 1/1	Map 7: 1/1	Map 8: 1/1	Reducer 2: 0(+3)/3	Reducer 3: 0/1	Reducer 4: 0/1	
Map 1: 39/39	Map 5: 50/50	Map 6: 1/1	Map 7: 1/1	Map 8: 1/1	Reducer 2: 0(+3)/3	Reducer 3: 0/1	Reducer 4: 0/1	
Map 1: 39/39	Map 5: 50/50	Map 6: 1/1	Map 7: 1/1	Map 8: 1/1	Reducer 2: 0(+3)/3	Reducer 3: 0/1	Reducer 4: 0/1	
Map 1: 39/39	Map 5: 50/50	Map 6: 1/1	Map 7: 1/1	Map 8: 1/1	Reducer 2: 0(+3)/3	Reducer 3: 0/1	Reducer 4: 0/1	
Map 1: 39/39	Map 5: 50/50	Map 6: 1/1	Map 7: 1/1	Map 8: 1/1	Reducer 2: 0(+3)/3	Reducer 3: 0/1	Reducer 4: 0/1	
Map 1: 39/39	Map 5: 50/50	Map 6: 1/1	Map 7: 1/1	Map 8: 1/1	Reducer 2: 0(+3)/3	Reducer 3: 0/1	Reducer 4: 0/1	
Map 1: 39/39	Map 5: 50/50	Map 6: 1/1	Map 7: 1/1	Map 8: 1/1	Reducer 2: 0(+3)/3	Reducer 3: 0/1	Reducer 4: 0/1	
Map 1: 39/39	Map 5: 50/50	Map 6: 1/1	Map 7: 1/1	Map 8: 1/1	Reducer 2: 0(+3)/3	Reducer 3: 0/1	Reducer 4: 0/1	
Map 1: 39/39	Map 5: 50/50	Map 6: 1/1	Map 7: 1/1	Map 8: 1/1	Reducer 2: 0(+3)/3	Reducer 3: 0/1	Reducer 4: 0/1	
Map 1: 39/39	Map 5: 50/50	Map 6: 1/1	Map 7: 1/1	Map 8: 1/1	Reducer 2: 0(+3)/3	Reducer 3: 0/1	Reducer 4: 0/1	
Map 1: 39/39	Map 5: 50/50	Map 6: 1/1	Map 7: 1/1	Map 8: 1/1	Reducer 2: 1(+2)/3	Reducer 3: 0/1	Reducer 4: 0/1	
Map 1: 39/39	Map 5: 50/50	Map 6: 1/1	Map 7: 1/1	Map 8: 1/1	Reducer 2: 2(+1)/3	Reducer 3: 0/1	Reducer 4: 0/1	
Map 1: 39/39	Map 5: 50/50	Map 6: 1/1	Map 7: 1/1	Map 8: 1/1	Reducer 2: 2(+1)/3	Reducer 3: 0/1	Reducer 4: 0/1	
Map 1: 39/39	Map 5: 50/50	Map 6: 1/1	Map 7: 1/1	Map 8: 1/1	Reducer 2: 3/3	Reducer 3: 0/1	Reducer 4: 0/1	
Map 1: 39/39	Map 5: 50/50	Map 6: 1/1	Map 7: 1/1	Map 8: 1/1	Reducer 2: 3/3	Reducer 3: 0(+1)/1	Reducer 4: 0/1	
Map 1: 39/39	Map 5: 50/50	Map 6: 1/1	Map 7: 1/1	Map 8: 1/1	Reducer 2: 3/3	Reducer 3: 1/1	Reducer 4: 0/1	
Map 1: 39/39	Map 5: 50/50	Map 6: 1/1	Map 7: 1/1	Map 8: 1/1	Reducer 2: 3/3	Reducer 3: 1/1	Reducer 4: 0(+1)/1	
Map 1: 39/39	Map 5: 50/50	Map 6: 1/1	Map 7: 1/1	Map 8: 1/1	Reducer 2: 3/3	Reducer 3: 1/1	Reducer 4: 1/1	
OK
Time taken: 346.747 seconds, Fetched: 72 row(s)
18.07user 1.16system 6:09.52elapsed 5%CPU (0avgtext+0avgdata 714516maxresident)k
113968inputs+1840outputs (111major+79211minor)pagefaults 0swaps
