
Logging initialized using configuration in jar:file:/home/ubuntu/software/hive-1.2.1/lib/hive-common-1.2.1.jar!/hive-log4j.properties
Hive history file=/tmp/ubuntu/hive_job_log_b1c15d59-13ab-480d-b81d-06631f4331e3_373436497.txt
SLF4J: Class path contains multiple SLF4J bindings.
SLF4J: Found binding in [jar:file:/home/ubuntu/software/tez-0.7.1-SNAPSHOT-minimal/lib/slf4j-log4j12-1.7.5.jar!/org/slf4j/impl/StaticLoggerBinder.class]
SLF4J: Found binding in [jar:file:/home/ubuntu/software/hadoop-2.6.0/share/hadoop/common/lib/slf4j-log4j12-1.7.5.jar!/org/slf4j/impl/StaticLoggerBinder.class]
SLF4J: See http://www.slf4j.org/codes.html#multiple_bindings for an explanation.
SLF4J: Actual binding is of type [org.slf4j.impl.Log4jLoggerFactory]
OK
Time taken: 0.877 seconds
Query ID = ubuntu_20161002232219_9d2920e9-51bd-4b95-9a47-f07d13aef43c
Total jobs = 9
SLF4J: Class path contains multiple SLF4J bindings.
SLF4J: Found binding in [jar:file:/home/ubuntu/software/tez-0.7.1-SNAPSHOT-minimal/lib/slf4j-log4j12-1.7.5.jar!/org/slf4j/impl/StaticLoggerBinder.class]
SLF4J: Found binding in [jar:file:/home/ubuntu/software/hadoop-2.6.0/share/hadoop/common/lib/slf4j-log4j12-1.7.5.jar!/org/slf4j/impl/StaticLoggerBinder.class]
SLF4J: See http://www.slf4j.org/codes.html#multiple_bindings for an explanation.
SLF4J: Actual binding is of type [org.slf4j.impl.Log4jLoggerFactory]
Execution log at: /tmp/ubuntu/ubuntu_20161002232219_9d2920e9-51bd-4b95-9a47-f07d13aef43c.log
2016-10-02 23:22:24	Starting to launch local task to process map join;	maximum memory = 932184064
2016-10-02 23:22:25	Dump the side-table for tag: 1 with group count: 7 into file: file:/tmp/ubuntu/b1c15d59-13ab-480d-b81d-06631f4331e3/hive_2016-10-02_23-22-19_073_3533750263581176590-1/-local-10016/HashTable-Stage-15/MapJoin-mapfile41--.hashtable
2016-10-02 23:22:25	Uploaded 1 File to: file:/tmp/ubuntu/b1c15d59-13ab-480d-b81d-06631f4331e3/hive_2016-10-02_23-22-19_073_3533750263581176590-1/-local-10016/HashTable-Stage-15/MapJoin-mapfile41--.hashtable (504 bytes)
2016-10-02 23:22:25	End of local task; Time Taken: 1.207 sec.
Execution completed successfully
MapredLocal task succeeded
Launching Job 1 out of 9
Number of reduce tasks is set to 0 since there's no reduce operator
Starting Job = job_1475449732703_0016, Tracking URL = http://vm1:8088/proxy/application_1475449732703_0016/
Kill Command = /home/ubuntu/software/hadoop-2.6.0/bin/hadoop job  -kill job_1475449732703_0016
Hadoop job information for Stage-15: number of mappers: 5; number of reducers: 0
2016-10-02 23:22:35,412 Stage-15 map = 0%,  reduce = 0%
2016-10-02 23:22:46,921 Stage-15 map = 2%,  reduce = 0%, Cumulative CPU 7.45 sec
2016-10-02 23:22:51,094 Stage-15 map = 10%,  reduce = 0%, Cumulative CPU 45.0 sec
2016-10-02 23:22:53,257 Stage-15 map = 12%,  reduce = 0%, Cumulative CPU 48.25 sec
2016-10-02 23:22:54,300 Stage-15 map = 18%,  reduce = 0%, Cumulative CPU 59.64 sec
2016-10-02 23:22:56,392 Stage-15 map = 20%,  reduce = 0%, Cumulative CPU 62.81 sec
2016-10-02 23:22:57,442 Stage-15 map = 22%,  reduce = 0%, Cumulative CPU 74.38 sec
2016-10-02 23:23:00,569 Stage-15 map = 31%,  reduce = 0%, Cumulative CPU 88.91 sec
2016-10-02 23:23:02,659 Stage-15 map = 32%,  reduce = 0%, Cumulative CPU 92.02 sec
2016-10-02 23:23:03,692 Stage-15 map = 38%,  reduce = 0%, Cumulative CPU 103.15 sec
2016-10-02 23:23:05,775 Stage-15 map = 40%,  reduce = 0%, Cumulative CPU 106.14 sec
2016-10-02 23:23:06,823 Stage-15 map = 43%,  reduce = 0%, Cumulative CPU 117.63 sec
2016-10-02 23:23:08,905 Stage-15 map = 46%,  reduce = 0%, Cumulative CPU 123.56 sec
2016-10-02 23:23:09,969 Stage-15 map = 51%,  reduce = 0%, Cumulative CPU 132.02 sec
2016-10-02 23:23:11,022 Stage-15 map = 53%,  reduce = 0%, Cumulative CPU 135.04 sec
2016-10-02 23:23:12,059 Stage-15 map = 57%,  reduce = 0%, Cumulative CPU 145.93 sec
2016-10-02 23:23:14,150 Stage-15 map = 59%,  reduce = 0%, Cumulative CPU 148.99 sec
2016-10-02 23:23:15,204 Stage-15 map = 63%,  reduce = 0%, Cumulative CPU 159.46 sec
2016-10-02 23:23:18,343 Stage-15 map = 71%,  reduce = 0%, Cumulative CPU 172.91 sec
2016-10-02 23:23:20,457 Stage-15 map = 73%,  reduce = 0%, Cumulative CPU 176.02 sec
2016-10-02 23:23:21,503 Stage-15 map = 77%,  reduce = 0%, Cumulative CPU 186.98 sec
2016-10-02 23:23:23,578 Stage-15 map = 79%,  reduce = 0%, Cumulative CPU 190.13 sec
2016-10-02 23:23:24,611 Stage-15 map = 83%,  reduce = 0%, Cumulative CPU 198.18 sec
2016-10-02 23:23:26,680 Stage-15 map = 85%,  reduce = 0%, Cumulative CPU 203.33 sec
2016-10-02 23:23:27,714 Stage-15 map = 87%,  reduce = 0%, Cumulative CPU 209.37 sec
2016-10-02 23:23:29,768 Stage-15 map = 89%,  reduce = 0%, Cumulative CPU 212.41 sec
2016-10-02 23:23:30,798 Stage-15 map = 95%,  reduce = 0%, Cumulative CPU 220.1 sec
2016-10-02 23:23:32,859 Stage-15 map = 96%,  reduce = 0%, Cumulative CPU 222.36 sec
2016-10-02 23:23:33,886 Stage-15 map = 98%,  reduce = 0%, Cumulative CPU 225.38 sec
2016-10-02 23:23:35,941 Stage-15 map = 100%,  reduce = 0%, Cumulative CPU 227.61 sec
MapReduce Total cumulative CPU time: 3 minutes 47 seconds 610 msec
Ended Job = job_1475449732703_0016
Stage-18 is selected by condition resolver.
Stage-19 is filtered out by condition resolver.
Stage-2 is filtered out by condition resolver.
SLF4J: Class path contains multiple SLF4J bindings.
SLF4J: Found binding in [jar:file:/home/ubuntu/software/tez-0.7.1-SNAPSHOT-minimal/lib/slf4j-log4j12-1.7.5.jar!/org/slf4j/impl/StaticLoggerBinder.class]
SLF4J: Found binding in [jar:file:/home/ubuntu/software/hadoop-2.6.0/share/hadoop/common/lib/slf4j-log4j12-1.7.5.jar!/org/slf4j/impl/StaticLoggerBinder.class]
SLF4J: See http://www.slf4j.org/codes.html#multiple_bindings for an explanation.
SLF4J: Actual binding is of type [org.slf4j.impl.Log4jLoggerFactory]
Execution log at: /tmp/ubuntu/ubuntu_20161002232219_9d2920e9-51bd-4b95-9a47-f07d13aef43c.log
2016-10-02 23:23:39	Starting to launch local task to process map join;	maximum memory = 932184064
2016-10-02 23:23:41	Dump the side-table for tag: 1 with group count: 3863 into file: file:/tmp/ubuntu/b1c15d59-13ab-480d-b81d-06631f4331e3/hive_2016-10-02_23-22-19_073_3533750263581176590-1/-local-10012/HashTable-Stage-12/MapJoin-mapfile21--.hashtable
2016-10-02 23:23:41	Uploaded 1 File to: file:/tmp/ubuntu/b1c15d59-13ab-480d-b81d-06631f4331e3/hive_2016-10-02_23-22-19_073_3533750263581176590-1/-local-10012/HashTable-Stage-12/MapJoin-mapfile21--.hashtable (163270 bytes)
2016-10-02 23:23:41	End of local task; Time Taken: 1.723 sec.
Execution completed successfully
MapredLocal task succeeded
Launching Job 3 out of 9
Number of reduce tasks is set to 0 since there's no reduce operator
Starting Job = job_1475449732703_0017, Tracking URL = http://vm1:8088/proxy/application_1475449732703_0017/
Kill Command = /home/ubuntu/software/hadoop-2.6.0/bin/hadoop job  -kill job_1475449732703_0017
Hadoop job information for Stage-12: number of mappers: 10; number of reducers: 0
2016-10-02 23:23:51,417 Stage-12 map = 0%,  reduce = 0%
2016-10-02 23:24:01,748 Stage-12 map = 10%,  reduce = 0%, Cumulative CPU 4.25 sec
2016-10-02 23:24:02,786 Stage-12 map = 11%,  reduce = 0%, Cumulative CPU 18.76 sec
2016-10-02 23:24:05,878 Stage-12 map = 16%,  reduce = 0%, Cumulative CPU 65.94 sec
2016-10-02 23:24:09,013 Stage-12 map = 22%,  reduce = 0%, Cumulative CPU 93.51 sec
2016-10-02 23:24:10,043 Stage-12 map = 42%,  reduce = 0%, Cumulative CPU 104.28 sec
2016-10-02 23:24:12,099 Stage-12 map = 61%,  reduce = 0%, Cumulative CPU 119.32 sec
2016-10-02 23:24:13,127 Stage-12 map = 70%,  reduce = 0%, Cumulative CPU 130.5 sec
2016-10-02 23:24:14,156 Stage-12 map = 90%,  reduce = 0%, Cumulative CPU 141.27 sec
2016-10-02 23:24:15,187 Stage-12 map = 95%,  reduce = 0%, Cumulative CPU 144.71 sec
2016-10-02 23:24:16,213 Stage-12 map = 100%,  reduce = 0%, Cumulative CPU 146.26 sec
MapReduce Total cumulative CPU time: 2 minutes 26 seconds 260 msec
Ended Job = job_1475449732703_0017
Stage-16 is selected by condition resolver.
Stage-17 is filtered out by condition resolver.
Stage-3 is filtered out by condition resolver.
SLF4J: Class path contains multiple SLF4J bindings.
SLF4J: Found binding in [jar:file:/home/ubuntu/software/tez-0.7.1-SNAPSHOT-minimal/lib/slf4j-log4j12-1.7.5.jar!/org/slf4j/impl/StaticLoggerBinder.class]
SLF4J: Found binding in [jar:file:/home/ubuntu/software/hadoop-2.6.0/share/hadoop/common/lib/slf4j-log4j12-1.7.5.jar!/org/slf4j/impl/StaticLoggerBinder.class]
SLF4J: See http://www.slf4j.org/codes.html#multiple_bindings for an explanation.
SLF4J: Actual binding is of type [org.slf4j.impl.Log4jLoggerFactory]
Execution log at: /tmp/ubuntu/ubuntu_20161002232219_9d2920e9-51bd-4b95-9a47-f07d13aef43c.log
2016-10-02 23:24:20	Starting to launch local task to process map join;	maximum memory = 932184064
2016-10-02 23:24:21	Dump the side-table for tag: 1 with group count: 60 into file: file:/tmp/ubuntu/b1c15d59-13ab-480d-b81d-06631f4331e3/hive_2016-10-02_23-22-19_073_3533750263581176590-1/-local-10008/HashTable-Stage-9/MapJoin-mapfile01--.hashtable
2016-10-02 23:24:21	Uploaded 1 File to: file:/tmp/ubuntu/b1c15d59-13ab-480d-b81d-06631f4331e3/hive_2016-10-02_23-22-19_073_3533750263581176590-1/-local-10008/HashTable-Stage-9/MapJoin-mapfile01--.hashtable (2248 bytes)
2016-10-02 23:24:21	End of local task; Time Taken: 1.53 sec.
Execution completed successfully
MapredLocal task succeeded
Launching Job 5 out of 9
Number of reduce tasks is set to 0 since there's no reduce operator
Starting Job = job_1475449732703_0018, Tracking URL = http://vm1:8088/proxy/application_1475449732703_0018/
Kill Command = /home/ubuntu/software/hadoop-2.6.0/bin/hadoop job  -kill job_1475449732703_0018
Hadoop job information for Stage-9: number of mappers: 3; number of reducers: 0
2016-10-02 23:24:26,874 Stage-9 map = 0%,  reduce = 0%
2016-10-02 23:24:37,207 Stage-9 map = 33%,  reduce = 0%, Cumulative CPU 4.6 sec
2016-10-02 23:24:38,237 Stage-9 map = 92%,  reduce = 0%, Cumulative CPU 19.31 sec
2016-10-02 23:24:39,272 Stage-9 map = 100%,  reduce = 0%, Cumulative CPU 20.15 sec
MapReduce Total cumulative CPU time: 20 seconds 150 msec
Ended Job = job_1475449732703_0018
Launching Job 6 out of 9
Number of reduce tasks not specified. Defaulting to jobconf value of: 5
In order to change the average load for a reducer (in bytes):
  set hive.exec.reducers.bytes.per.reducer=<number>
In order to limit the maximum number of reducers:
  set hive.exec.reducers.max=<number>
In order to set a constant number of reducers:
  set mapreduce.job.reduces=<number>
Starting Job = job_1475449732703_0019, Tracking URL = http://vm1:8088/proxy/application_1475449732703_0019/
Kill Command = /home/ubuntu/software/hadoop-2.6.0/bin/hadoop job  -kill job_1475449732703_0019
Hadoop job information for Stage-4: number of mappers: 1; number of reducers: 5
2016-10-02 23:24:45,041 Stage-4 map = 0%,  reduce = 0%
2016-10-02 23:24:52,288 Stage-4 map = 100%,  reduce = 0%, Cumulative CPU 2.86 sec
2016-10-02 23:24:58,484 Stage-4 map = 100%,  reduce = 60%, Cumulative CPU 10.23 sec
2016-10-02 23:24:59,526 Stage-4 map = 100%,  reduce = 80%, Cumulative CPU 12.78 sec
2016-10-02 23:25:00,564 Stage-4 map = 100%,  reduce = 100%, Cumulative CPU 15.24 sec
MapReduce Total cumulative CPU time: 15 seconds 240 msec
Ended Job = job_1475449732703_0019
Launching Job 7 out of 9
Number of reduce tasks determined at compile time: 1
In order to change the average load for a reducer (in bytes):
  set hive.exec.reducers.bytes.per.reducer=<number>
In order to limit the maximum number of reducers:
  set hive.exec.reducers.max=<number>
In order to set a constant number of reducers:
  set mapreduce.job.reduces=<number>
Starting Job = job_1475449732703_0020, Tracking URL = http://vm1:8088/proxy/application_1475449732703_0020/
Kill Command = /home/ubuntu/software/hadoop-2.6.0/bin/hadoop job  -kill job_1475449732703_0020
Hadoop job information for Stage-5: number of mappers: 4; number of reducers: 1
2016-10-02 23:25:07,426 Stage-5 map = 0%,  reduce = 0%
2016-10-02 23:25:15,734 Stage-5 map = 100%,  reduce = 0%, Cumulative CPU 6.89 sec
2016-10-02 23:25:21,931 Stage-5 map = 100%,  reduce = 100%, Cumulative CPU 8.58 sec
MapReduce Total cumulative CPU time: 8 seconds 580 msec
Ended Job = job_1475449732703_0020
MapReduce Jobs Launched: 
Stage-Stage-15: Map: 5   Cumulative CPU: 227.61 sec   HDFS Read: 1164950191 HDFS Write: 2535951899 SUCCESS
Stage-Stage-12: Map: 10   Cumulative CPU: 146.26 sec   HDFS Read: 2536061785 HDFS Write: 246864684 SUCCESS
Stage-Stage-9: Map: 3   Cumulative CPU: 20.15 sec   HDFS Read: 246905438 HDFS Write: 1446217 SUCCESS
Stage-Stage-4: Map: 1  Reduce: 5   Cumulative CPU: 15.24 sec   HDFS Read: 1473339 HDFS Write: 432708 SUCCESS
Stage-Stage-5: Map: 4  Reduce: 1   Cumulative CPU: 8.58 sec   HDFS Read: 446985 HDFS Write: 2799 SUCCESS
Total MapReduce CPU Time Spent: 6 minutes 57 seconds 840 msec
OK
Time taken: 183.961 seconds, Fetched: 100 row(s)
39.81user 3.48system 3:10.26elapsed 22%CPU (0avgtext+0avgdata 1140196maxresident)k
114976inputs+459800outputs (110major+218555minor)pagefaults 0swaps
