
Logging initialized using configuration in jar:file:/home/ubuntu/software/hive-1.2.1/lib/hive-common-1.2.1.jar!/hive-log4j.properties
Hive history file=/tmp/ubuntu/hive_job_log_3a1e238a-36b2-4452-b17c-db63d3f16eb3_900018238.txt
SLF4J: Class path contains multiple SLF4J bindings.
SLF4J: Found binding in [jar:file:/home/ubuntu/software/tez-0.7.1-SNAPSHOT-minimal/lib/slf4j-log4j12-1.7.5.jar!/org/slf4j/impl/StaticLoggerBinder.class]
SLF4J: Found binding in [jar:file:/home/ubuntu/software/hadoop-2.6.0/share/hadoop/common/lib/slf4j-log4j12-1.7.5.jar!/org/slf4j/impl/StaticLoggerBinder.class]
SLF4J: See http://www.slf4j.org/codes.html#multiple_bindings for an explanation.
SLF4J: Actual binding is of type [org.slf4j.impl.Log4jLoggerFactory]
OK
Time taken: 0.949 seconds
Query ID = ubuntu_20161002114327_f9a59fea-632e-40a9-b66e-6580820954d0
Total jobs = 1
Launching Job 1 out of 1


Status: Running (Executing on YARN cluster with App id application_1475401111718_0103)

Map 1: -/-	Map 5: -/-	Map 6: -/-	Reducer 2: 0/1	Reducer 3: 0/1	Reducer 4: 0/1	
Map 1: 0/50	Map 5: 0/1	Map 6: 0/1	Reducer 2: 0/1	Reducer 3: 0/1	Reducer 4: 0/1	
Map 1: 0(+4)/50	Map 5: 0/1	Map 6: 0/1	Reducer 2: 0/1	Reducer 3: 0/1	Reducer 4: 0/1	
Map 1: 0(+4)/50	Map 5: 0/1	Map 6: 0/1	Reducer 2: 0/1	Reducer 3: 0/1	Reducer 4: 0/1	
Map 1: 0(+8)/50	Map 5: 0/1	Map 6: 0/1	Reducer 2: 0/1	Reducer 3: 0/1	Reducer 4: 0/1	
Map 1: 0(+10)/50	Map 5: 0(+1)/1	Map 6: 0(+1)/1	Reducer 2: 0/1	Reducer 3: 0/1	Reducer 4: 0/1	
Map 1: 0(+14)/50	Map 5: 0(+1)/1	Map 6: 0(+1)/1	Reducer 2: 0/1	Reducer 3: 0/1	Reducer 4: 0/1	
Map 1: 0(+14)/50	Map 5: 0(+1)/1	Map 6: 0(+1)/1	Reducer 2: 0/1	Reducer 3: 0/1	Reducer 4: 0/1	
Map 1: 0(+14)/50	Map 5: 0(+1)/1	Map 6: 0(+1)/1	Reducer 2: 0/1	Reducer 3: 0/1	Reducer 4: 0/1	
Map 1: 0(+14)/50	Map 5: 0(+1)/1	Map 6: 1/1	Reducer 2: 0/1	Reducer 3: 0/1	Reducer 4: 0/1	
Map 1: 0(+14)/50	Map 5: 1/1	Map 6: 1/1	Reducer 2: 0/1	Reducer 3: 0/1	Reducer 4: 0/1	
Map 1: 0(+15)/50	Map 5: 1/1	Map 6: 1/1	Reducer 2: 0/1	Reducer 3: 0/1	Reducer 4: 0/1	
Map 1: 0(+16)/50	Map 5: 1/1	Map 6: 1/1	Reducer 2: 0/1	Reducer 3: 0/1	Reducer 4: 0/1	
Map 1: 1(+15)/50	Map 5: 1/1	Map 6: 1/1	Reducer 2: 0/1	Reducer 3: 0/1	Reducer 4: 0/1	
Map 1: 2(+14)/50	Map 5: 1/1	Map 6: 1/1	Reducer 2: 0/1	Reducer 3: 0/1	Reducer 4: 0/1	
Map 1: 2(+15)/50	Map 5: 1/1	Map 6: 1/1	Reducer 2: 0/1	Reducer 3: 0/1	Reducer 4: 0/1	
Map 1: 3(+14)/50	Map 5: 1/1	Map 6: 1/1	Reducer 2: 0/1	Reducer 3: 0/1	Reducer 4: 0/1	
Map 1: 4(+13)/50	Map 5: 1/1	Map 6: 1/1	Reducer 2: 0/1	Reducer 3: 0/1	Reducer 4: 0/1	
Map 1: 6(+11)/50	Map 5: 1/1	Map 6: 1/1	Reducer 2: 0/1	Reducer 3: 0/1	Reducer 4: 0/1	
Map 1: 7(+10)/50	Map 5: 1/1	Map 6: 1/1	Reducer 2: 0/1	Reducer 3: 0/1	Reducer 4: 0/1	
Map 1: 9(+9)/50	Map 5: 1/1	Map 6: 1/1	Reducer 2: 0/1	Reducer 3: 0/1	Reducer 4: 0/1	
Map 1: 11(+7)/50	Map 5: 1/1	Map 6: 1/1	Reducer 2: 0/1	Reducer 3: 0/1	Reducer 4: 0/1	
Map 1: 11(+8)/50	Map 5: 1/1	Map 6: 1/1	Reducer 2: 0/1	Reducer 3: 0/1	Reducer 4: 0/1	
Map 1: 12(+7)/50	Map 5: 1/1	Map 6: 1/1	Reducer 2: 0/1	Reducer 3: 0/1	Reducer 4: 0/1	
Map 1: 12(+8)/50	Map 5: 1/1	Map 6: 1/1	Reducer 2: 0/1	Reducer 3: 0/1	Reducer 4: 0/1	
Map 1: 13(+7)/50	Map 5: 1/1	Map 6: 1/1	Reducer 2: 0/1	Reducer 3: 0/1	Reducer 4: 0/1	
Map 1: 13(+9)/50	Map 5: 1/1	Map 6: 1/1	Reducer 2: 0/1	Reducer 3: 0/1	Reducer 4: 0/1	
Map 1: 13(+11)/50	Map 5: 1/1	Map 6: 1/1	Reducer 2: 0/1	Reducer 3: 0/1	Reducer 4: 0/1	
Map 1: 14(+10)/50	Map 5: 1/1	Map 6: 1/1	Reducer 2: 0/1	Reducer 3: 0/1	Reducer 4: 0/1	
Map 1: 14(+11)/50	Map 5: 1/1	Map 6: 1/1	Reducer 2: 0/1	Reducer 3: 0/1	Reducer 4: 0/1	
Map 1: 14(+12)/50	Map 5: 1/1	Map 6: 1/1	Reducer 2: 0/1	Reducer 3: 0/1	Reducer 4: 0/1	
Map 1: 15(+13)/50	Map 5: 1/1	Map 6: 1/1	Reducer 2: 0/1	Reducer 3: 0/1	Reducer 4: 0/1	
Map 1: 16(+13)/50	Map 5: 1/1	Map 6: 1/1	Reducer 2: 0/1	Reducer 3: 0/1	Reducer 4: 0/1	
Map 1: 16(+14)/50	Map 5: 1/1	Map 6: 1/1	Reducer 2: 0/1	Reducer 3: 0/1	Reducer 4: 0/1	
Map 1: 17(+13)/50	Map 5: 1/1	Map 6: 1/1	Reducer 2: 0/1	Reducer 3: 0/1	Reducer 4: 0/1	
Map 1: 17(+14)/50	Map 5: 1/1	Map 6: 1/1	Reducer 2: 0/1	Reducer 3: 0/1	Reducer 4: 0/1	
Map 1: 17(+15)/50	Map 5: 1/1	Map 6: 1/1	Reducer 2: 0/1	Reducer 3: 0/1	Reducer 4: 0/1	
Map 1: 18(+15)/50	Map 5: 1/1	Map 6: 1/1	Reducer 2: 0/1	Reducer 3: 0/1	Reducer 4: 0/1	
Map 1: 19(+14)/50	Map 5: 1/1	Map 6: 1/1	Reducer 2: 0/1	Reducer 3: 0/1	Reducer 4: 0/1	
Map 1: 19(+15)/50	Map 5: 1/1	Map 6: 1/1	Reducer 2: 0/1	Reducer 3: 0/1	Reducer 4: 0/1	
Map 1: 20(+14)/50	Map 5: 1/1	Map 6: 1/1	Reducer 2: 0/1	Reducer 3: 0/1	Reducer 4: 0/1	
Map 1: 21(+14)/50	Map 5: 1/1	Map 6: 1/1	Reducer 2: 0/1	Reducer 3: 0/1	Reducer 4: 0/1	
Map 1: 22(+14)/50	Map 5: 1/1	Map 6: 1/1	Reducer 2: 0/1	Reducer 3: 0/1	Reducer 4: 0/1	
Map 1: 24(+12)/50	Map 5: 1/1	Map 6: 1/1	Reducer 2: 0/1	Reducer 3: 0/1	Reducer 4: 0/1	
Map 1: 25(+11)/50	Map 5: 1/1	Map 6: 1/1	Reducer 2: 0/1	Reducer 3: 0/1	Reducer 4: 0/1	
Map 1: 25(+12)/50	Map 5: 1/1	Map 6: 1/1	Reducer 2: 0/1	Reducer 3: 0/1	Reducer 4: 0/1	
Map 1: 26(+11)/50	Map 5: 1/1	Map 6: 1/1	Reducer 2: 0/1	Reducer 3: 0/1	Reducer 4: 0/1	
Map 1: 26(+12)/50	Map 5: 1/1	Map 6: 1/1	Reducer 2: 0/1	Reducer 3: 0/1	Reducer 4: 0/1	
Map 1: 27(+11)/50	Map 5: 1/1	Map 6: 1/1	Reducer 2: 0/1	Reducer 3: 0/1	Reducer 4: 0/1	
Map 1: 27(+12)/50	Map 5: 1/1	Map 6: 1/1	Reducer 2: 0/1	Reducer 3: 0/1	Reducer 4: 0/1	
Map 1: 28(+11)/50	Map 5: 1/1	Map 6: 1/1	Reducer 2: 0/1	Reducer 3: 0/1	Reducer 4: 0/1	
Map 1: 28(+12)/50	Map 5: 1/1	Map 6: 1/1	Reducer 2: 0/1	Reducer 3: 0/1	Reducer 4: 0/1	
Map 1: 29(+12)/50	Map 5: 1/1	Map 6: 1/1	Reducer 2: 0/1	Reducer 3: 0/1	Reducer 4: 0/1	
Map 1: 30(+11)/50	Map 5: 1/1	Map 6: 1/1	Reducer 2: 0/1	Reducer 3: 0/1	Reducer 4: 0/1	
Map 1: 31(+10)/50	Map 5: 1/1	Map 6: 1/1	Reducer 2: 0/1	Reducer 3: 0/1	Reducer 4: 0/1	
Map 1: 31(+11)/50	Map 5: 1/1	Map 6: 1/1	Reducer 2: 0/1	Reducer 3: 0/1	Reducer 4: 0/1	
Map 1: 31(+12)/50	Map 5: 1/1	Map 6: 1/1	Reducer 2: 0/1	Reducer 3: 0/1	Reducer 4: 0/1	
Map 1: 33(+12)/50	Map 5: 1/1	Map 6: 1/1	Reducer 2: 0/1	Reducer 3: 0/1	Reducer 4: 0/1	
Map 1: 34(+11)/50	Map 5: 1/1	Map 6: 1/1	Reducer 2: 0/1	Reducer 3: 0/1	Reducer 4: 0/1	
Map 1: 34(+12)/50	Map 5: 1/1	Map 6: 1/1	Reducer 2: 0/1	Reducer 3: 0/1	Reducer 4: 0/1	
Map 1: 35(+11)/50	Map 5: 1/1	Map 6: 1/1	Reducer 2: 0/1	Reducer 3: 0/1	Reducer 4: 0/1	
Map 1: 35(+12)/50	Map 5: 1/1	Map 6: 1/1	Reducer 2: 0/1	Reducer 3: 0/1	Reducer 4: 0/1	
Map 1: 36(+12)/50	Map 5: 1/1	Map 6: 1/1	Reducer 2: 0/1	Reducer 3: 0/1	Reducer 4: 0/1	
Map 1: 36(+13)/50	Map 5: 1/1	Map 6: 1/1	Reducer 2: 0/1	Reducer 3: 0/1	Reducer 4: 0/1	
Map 1: 37(+13)/50	Map 5: 1/1	Map 6: 1/1	Reducer 2: 0/1	Reducer 3: 0/1	Reducer 4: 0/1	
Map 1: 39(+11)/50	Map 5: 1/1	Map 6: 1/1	Reducer 2: 0/1	Reducer 3: 0/1	Reducer 4: 0/1	
Map 1: 40(+10)/50	Map 5: 1/1	Map 6: 1/1	Reducer 2: 0/1	Reducer 3: 0/1	Reducer 4: 0/1	
Map 1: 41(+9)/50	Map 5: 1/1	Map 6: 1/1	Reducer 2: 0/1	Reducer 3: 0/1	Reducer 4: 0/1	
Map 1: 41(+9)/50	Map 5: 1/1	Map 6: 1/1	Reducer 2: 0/1	Reducer 3: 0/1	Reducer 4: 0/1	
Map 1: 42(+8)/50	Map 5: 1/1	Map 6: 1/1	Reducer 2: 0/1	Reducer 3: 0/1	Reducer 4: 0/1	
Map 1: 43(+7)/50	Map 5: 1/1	Map 6: 1/1	Reducer 2: 0/1	Reducer 3: 0/1	Reducer 4: 0/1	
Map 1: 44(+6)/50	Map 5: 1/1	Map 6: 1/1	Reducer 2: 0/1	Reducer 3: 0/1	Reducer 4: 0/1	
Map 1: 45(+5)/50	Map 5: 1/1	Map 6: 1/1	Reducer 2: 0/1	Reducer 3: 0/1	Reducer 4: 0/1	
Map 1: 46(+4)/50	Map 5: 1/1	Map 6: 1/1	Reducer 2: 0/1	Reducer 3: 0/1	Reducer 4: 0/1	
Map 1: 48(+2)/50	Map 5: 1/1	Map 6: 1/1	Reducer 2: 0/1	Reducer 3: 0/1	Reducer 4: 0/1	
Map 1: 49(+1)/50	Map 5: 1/1	Map 6: 1/1	Reducer 2: 0/1	Reducer 3: 0/1	Reducer 4: 0/1	
Map 1: 50/50	Map 5: 1/1	Map 6: 1/1	Reducer 2: 0/1	Reducer 3: 0/1	Reducer 4: 0/1	
Map 1: 50/50	Map 5: 1/1	Map 6: 1/1	Reducer 2: 0(+1)/1	Reducer 3: 0/1	Reducer 4: 0/1	
Map 1: 50/50	Map 5: 1/1	Map 6: 1/1	Reducer 2: 1/1	Reducer 3: 0/1	Reducer 4: 0/1	
Map 1: 50/50	Map 5: 1/1	Map 6: 1/1	Reducer 2: 1/1	Reducer 3: 0(+1)/1	Reducer 4: 0/1	
Map 1: 50/50	Map 5: 1/1	Map 6: 1/1	Reducer 2: 1/1	Reducer 3: 1/1	Reducer 4: 0/1	
Map 1: 50/50	Map 5: 1/1	Map 6: 1/1	Reducer 2: 1/1	Reducer 3: 1/1	Reducer 4: 0(+1)/1	
Map 1: 50/50	Map 5: 1/1	Map 6: 1/1	Reducer 2: 1/1	Reducer 3: 1/1	Reducer 4: 1/1	
OK
Time taken: 80.537 seconds, Fetched: 100 row(s)
16.72user 0.91system 1:42.57elapsed 17%CPU (0avgtext+0avgdata 712584maxresident)k
114208inputs+920outputs (111major+83610minor)pagefaults 0swaps
