
Logging initialized using configuration in jar:file:/home/ubuntu/software/hive-1.2.1/lib/hive-common-1.2.1.jar!/hive-log4j.properties
Hive history file=/tmp/ubuntu/hive_job_log_b371e5e0-0df4-4873-8d14-f93c47f8c082_109717851.txt
SLF4J: Class path contains multiple SLF4J bindings.
SLF4J: Found binding in [jar:file:/home/ubuntu/software/tez-0.7.1-SNAPSHOT-minimal/lib/slf4j-log4j12-1.7.5.jar!/org/slf4j/impl/StaticLoggerBinder.class]
SLF4J: Found binding in [jar:file:/home/ubuntu/software/hadoop-2.6.0/share/hadoop/common/lib/slf4j-log4j12-1.7.5.jar!/org/slf4j/impl/StaticLoggerBinder.class]
SLF4J: See http://www.slf4j.org/codes.html#multiple_bindings for an explanation.
SLF4J: Actual binding is of type [org.slf4j.impl.Log4jLoggerFactory]
OK
Time taken: 1.071 seconds
Query ID = ubuntu_20161002144327_ea54bd5e-3bd2-4e05-a68b-6c407c184241
Total jobs = 10
Stage-1 is selected by condition resolver.
Launching Job 1 out of 10
Number of reduce tasks not specified. Defaulting to jobconf value of: 10
In order to change the average load for a reducer (in bytes):
  set hive.exec.reducers.bytes.per.reducer=<number>
In order to limit the maximum number of reducers:
  set hive.exec.reducers.max=<number>
In order to set a constant number of reducers:
  set mapreduce.job.reduces=<number>
Starting Job = job_1475401111718_0230, Tracking URL = http://vm1:8088/proxy/application_1475401111718_0230/
Kill Command = /home/ubuntu/software/hadoop-2.6.0/bin/hadoop job  -kill job_1475401111718_0230
Hadoop job information for Stage-1: number of mappers: 82; number of reducers: 10
2016-10-02 14:43:40,741 Stage-1 map = 0%,  reduce = 0%
2016-10-02 14:43:54,548 Stage-1 map = 1%,  reduce = 0%, Cumulative CPU 71.28 sec
2016-10-02 14:43:57,678 Stage-1 map = 3%,  reduce = 0%, Cumulative CPU 89.48 sec
2016-10-02 14:43:58,724 Stage-1 map = 4%,  reduce = 0%, Cumulative CPU 92.63 sec
2016-10-02 14:44:00,827 Stage-1 map = 7%,  reduce = 0%, Cumulative CPU 107.51 sec
2016-10-02 14:44:05,034 Stage-1 map = 8%,  reduce = 0%, Cumulative CPU 129.16 sec
2016-10-02 14:44:07,180 Stage-1 map = 12%,  reduce = 0%, Cumulative CPU 149.35 sec
2016-10-02 14:44:08,250 Stage-1 map = 13%,  reduce = 0%, Cumulative CPU 161.18 sec
2016-10-02 14:44:09,339 Stage-1 map = 15%,  reduce = 0%, Cumulative CPU 187.7 sec
2016-10-02 14:44:10,408 Stage-1 map = 17%,  reduce = 0%, Cumulative CPU 202.0 sec
2016-10-02 14:44:11,489 Stage-1 map = 18%,  reduce = 0%, Cumulative CPU 206.4 sec
2016-10-02 14:44:12,548 Stage-1 map = 20%,  reduce = 0%, Cumulative CPU 213.46 sec
2016-10-02 14:44:23,085 Stage-1 map = 22%,  reduce = 0%, Cumulative CPU 285.16 sec
2016-10-02 14:44:24,129 Stage-1 map = 23%,  reduce = 0%, Cumulative CPU 300.19 sec
2016-10-02 14:44:26,226 Stage-1 map = 24%,  reduce = 0%, Cumulative CPU 309.54 sec
2016-10-02 14:44:29,370 Stage-1 map = 25%,  reduce = 0%, Cumulative CPU 327.08 sec
2016-10-02 14:44:30,419 Stage-1 map = 26%,  reduce = 0%, Cumulative CPU 333.83 sec
2016-10-02 14:44:31,470 Stage-1 map = 27%,  reduce = 0%, Cumulative CPU 341.22 sec
2016-10-02 14:44:32,540 Stage-1 map = 29%,  reduce = 0%, Cumulative CPU 356.16 sec
2016-10-02 14:44:33,607 Stage-1 map = 31%,  reduce = 0%, Cumulative CPU 368.86 sec
2016-10-02 14:44:34,664 Stage-1 map = 33%,  reduce = 0%, Cumulative CPU 376.77 sec
2016-10-02 14:44:35,737 Stage-1 map = 35%,  reduce = 0%, Cumulative CPU 394.34 sec
2016-10-02 14:44:36,800 Stage-1 map = 36%,  reduce = 0%, Cumulative CPU 401.64 sec
2016-10-02 14:44:37,862 Stage-1 map = 37%,  reduce = 0%, Cumulative CPU 413.96 sec
2016-10-02 14:44:38,974 Stage-1 map = 38%,  reduce = 0%, Cumulative CPU 419.28 sec
2016-10-02 14:44:40,041 Stage-1 map = 39%,  reduce = 0%, Cumulative CPU 422.34 sec
2016-10-02 14:44:49,498 Stage-1 map = 40%,  reduce = 0%, Cumulative CPU 489.25 sec
2016-10-02 14:44:51,618 Stage-1 map = 41%,  reduce = 0%, Cumulative CPU 505.95 sec
2016-10-02 14:44:52,661 Stage-1 map = 43%,  reduce = 0%, Cumulative CPU 518.96 sec
2016-10-02 14:44:53,706 Stage-1 map = 46%,  reduce = 0%, Cumulative CPU 527.53 sec
2016-10-02 14:44:58,952 Stage-1 map = 48%,  reduce = 0%, Cumulative CPU 559.36 sec
2016-10-02 14:45:00,013 Stage-1 map = 50%,  reduce = 0%, Cumulative CPU 570.6 sec
2016-10-02 14:45:02,107 Stage-1 map = 52%,  reduce = 0%, Cumulative CPU 593.8 sec
2016-10-02 14:45:03,154 Stage-1 map = 54%,  reduce = 0%, Cumulative CPU 608.15 sec
2016-10-02 14:45:04,212 Stage-1 map = 57%,  reduce = 0%, Cumulative CPU 620.59 sec
2016-10-02 14:45:07,371 Stage-1 map = 58%,  reduce = 0%, Cumulative CPU 633.5 sec
2016-10-02 14:45:08,431 Stage-1 map = 59%,  reduce = 0%, Cumulative CPU 636.71 sec
2016-10-02 14:45:11,633 Stage-1 map = 60%,  reduce = 0%, Cumulative CPU 653.69 sec
2016-10-02 14:45:15,849 Stage-1 map = 61%,  reduce = 0%, Cumulative CPU 703.35 sec
2016-10-02 14:45:17,932 Stage-1 map = 63%,  reduce = 0%, Cumulative CPU 717.89 sec
2016-10-02 14:45:20,045 Stage-1 map = 64%,  reduce = 0%, Cumulative CPU 729.11 sec
2016-10-02 14:45:22,154 Stage-1 map = 65%,  reduce = 0%, Cumulative CPU 748.11 sec
2016-10-02 14:45:24,283 Stage-1 map = 67%,  reduce = 0%, Cumulative CPU 764.52 sec
2016-10-02 14:45:26,379 Stage-1 map = 69%,  reduce = 0%, Cumulative CPU 780.22 sec
2016-10-02 14:45:27,431 Stage-1 map = 70%,  reduce = 0%, Cumulative CPU 788.16 sec
2016-10-02 14:45:28,482 Stage-1 map = 71%,  reduce = 0%, Cumulative CPU 800.99 sec
2016-10-02 14:45:29,535 Stage-1 map = 72%,  reduce = 0%, Cumulative CPU 810.8 sec
2016-10-02 14:45:30,617 Stage-1 map = 74%,  reduce = 0%, Cumulative CPU 816.62 sec
2016-10-02 14:45:33,773 Stage-1 map = 75%,  reduce = 0%, Cumulative CPU 827.76 sec
2016-10-02 14:45:34,819 Stage-1 map = 76%,  reduce = 0%, Cumulative CPU 840.1 sec
2016-10-02 14:45:37,979 Stage-1 map = 77%,  reduce = 0%, Cumulative CPU 852.89 sec
2016-10-02 14:45:40,053 Stage-1 map = 78%,  reduce = 0%, Cumulative CPU 865.55 sec
2016-10-02 14:45:44,236 Stage-1 map = 80%,  reduce = 0%, Cumulative CPU 903.77 sec
2016-10-02 14:45:46,342 Stage-1 map = 82%,  reduce = 0%, Cumulative CPU 917.61 sec
2016-10-02 14:45:47,372 Stage-1 map = 83%,  reduce = 0%, Cumulative CPU 928.06 sec
2016-10-02 14:45:49,465 Stage-1 map = 84%,  reduce = 0%, Cumulative CPU 942.76 sec
2016-10-02 14:45:50,517 Stage-1 map = 85%,  reduce = 0%, Cumulative CPU 951.06 sec
2016-10-02 14:45:51,583 Stage-1 map = 86%,  reduce = 0%, Cumulative CPU 959.0 sec
2016-10-02 14:45:52,628 Stage-1 map = 87%,  reduce = 0%, Cumulative CPU 960.34 sec
2016-10-02 14:45:53,684 Stage-1 map = 88%,  reduce = 0%, Cumulative CPU 976.23 sec
2016-10-02 14:45:54,730 Stage-1 map = 89%,  reduce = 0%, Cumulative CPU 986.71 sec
2016-10-02 14:45:55,790 Stage-1 map = 90%,  reduce = 0%, Cumulative CPU 994.22 sec
2016-10-02 14:45:56,824 Stage-1 map = 91%,  reduce = 0%, Cumulative CPU 1005.1 sec
2016-10-02 14:45:57,856 Stage-1 map = 92%,  reduce = 0%, Cumulative CPU 1012.88 sec
2016-10-02 14:45:59,913 Stage-1 map = 93%,  reduce = 0%, Cumulative CPU 1026.64 sec
2016-10-02 14:46:00,952 Stage-1 map = 94%,  reduce = 0%, Cumulative CPU 1032.88 sec
2016-10-02 14:46:03,022 Stage-1 map = 96%,  reduce = 0%, Cumulative CPU 1044.78 sec
2016-10-02 14:46:04,059 Stage-1 map = 97%,  reduce = 0%, Cumulative CPU 1049.29 sec
2016-10-02 14:46:07,161 Stage-1 map = 98%,  reduce = 0%, Cumulative CPU 1061.9 sec
2016-10-02 14:46:08,201 Stage-1 map = 99%,  reduce = 0%, Cumulative CPU 1064.37 sec
2016-10-02 14:46:11,303 Stage-1 map = 100%,  reduce = 0%, Cumulative CPU 1074.47 sec
2016-10-02 14:46:22,826 Stage-1 map = 100%,  reduce = 19%, Cumulative CPU 1099.68 sec
2016-10-02 14:46:23,863 Stage-1 map = 100%,  reduce = 23%, Cumulative CPU 1106.53 sec
2016-10-02 14:46:24,898 Stage-1 map = 100%,  reduce = 38%, Cumulative CPU 1126.21 sec
2016-10-02 14:46:25,938 Stage-1 map = 100%,  reduce = 42%, Cumulative CPU 1138.84 sec
2016-10-02 14:46:26,977 Stage-1 map = 100%,  reduce = 53%, Cumulative CPU 1155.33 sec
2016-10-02 14:46:28,019 Stage-1 map = 100%,  reduce = 57%, Cumulative CPU 1164.41 sec
2016-10-02 14:46:29,057 Stage-1 map = 100%,  reduce = 60%, Cumulative CPU 1177.38 sec
2016-10-02 14:46:30,092 Stage-1 map = 100%,  reduce = 63%, Cumulative CPU 1186.68 sec
2016-10-02 14:46:31,132 Stage-1 map = 100%,  reduce = 65%, Cumulative CPU 1198.64 sec
2016-10-02 14:46:32,170 Stage-1 map = 100%,  reduce = 67%, Cumulative CPU 1214.01 sec
2016-10-02 14:46:33,202 Stage-1 map = 100%,  reduce = 69%, Cumulative CPU 1229.16 sec
2016-10-02 14:46:34,231 Stage-1 map = 100%,  reduce = 70%, Cumulative CPU 1236.09 sec
2016-10-02 14:46:35,267 Stage-1 map = 100%,  reduce = 72%, Cumulative CPU 1248.41 sec
2016-10-02 14:46:36,305 Stage-1 map = 100%,  reduce = 74%, Cumulative CPU 1260.84 sec
2016-10-02 14:46:37,336 Stage-1 map = 100%,  reduce = 75%, Cumulative CPU 1270.05 sec
2016-10-02 14:46:38,372 Stage-1 map = 100%,  reduce = 77%, Cumulative CPU 1279.2 sec
2016-10-02 14:46:39,406 Stage-1 map = 100%,  reduce = 79%, Cumulative CPU 1291.58 sec
2016-10-02 14:46:40,438 Stage-1 map = 100%,  reduce = 81%, Cumulative CPU 1303.81 sec
2016-10-02 14:46:41,468 Stage-1 map = 100%,  reduce = 82%, Cumulative CPU 1313.04 sec
2016-10-02 14:46:42,529 Stage-1 map = 100%,  reduce = 85%, Cumulative CPU 1322.21 sec
2016-10-02 14:46:43,558 Stage-1 map = 100%,  reduce = 86%, Cumulative CPU 1337.62 sec
2016-10-02 14:46:44,591 Stage-1 map = 100%,  reduce = 88%, Cumulative CPU 1346.79 sec
2016-10-02 14:46:45,620 Stage-1 map = 100%,  reduce = 90%, Cumulative CPU 1359.02 sec
2016-10-02 14:46:46,652 Stage-1 map = 100%,  reduce = 92%, Cumulative CPU 1371.34 sec
2016-10-02 14:46:47,681 Stage-1 map = 100%,  reduce = 93%, Cumulative CPU 1377.41 sec
2016-10-02 14:46:48,712 Stage-1 map = 100%,  reduce = 95%, Cumulative CPU 1389.67 sec
2016-10-02 14:46:49,743 Stage-1 map = 100%,  reduce = 97%, Cumulative CPU 1402.43 sec
2016-10-02 14:46:50,776 Stage-1 map = 100%,  reduce = 98%, Cumulative CPU 1408.53 sec
2016-10-02 14:46:51,807 Stage-1 map = 100%,  reduce = 99%, Cumulative CPU 1418.56 sec
2016-10-02 14:46:52,838 Stage-1 map = 100%,  reduce = 100%, Cumulative CPU 1423.4 sec
MapReduce Total cumulative CPU time: 23 minutes 43 seconds 400 msec
Ended Job = job_1475401111718_0230
SLF4J: Class path contains multiple SLF4J bindings.
SLF4J: Found binding in [jar:file:/home/ubuntu/software/tez-0.7.1-SNAPSHOT-minimal/lib/slf4j-log4j12-1.7.5.jar!/org/slf4j/impl/StaticLoggerBinder.class]
SLF4J: Found binding in [jar:file:/home/ubuntu/software/hadoop-2.6.0/share/hadoop/common/lib/slf4j-log4j12-1.7.5.jar!/org/slf4j/impl/StaticLoggerBinder.class]
SLF4J: See http://www.slf4j.org/codes.html#multiple_bindings for an explanation.
SLF4J: Actual binding is of type [org.slf4j.impl.Log4jLoggerFactory]
Execution log at: /tmp/ubuntu/ubuntu_20161002144327_ea54bd5e-3bd2-4e05-a68b-6c407c184241.log
2016-10-02 14:46:56	Starting to launch local task to process map join;	maximum memory = 932184064
2016-10-02 14:46:58	Dump the side-table for tag: 1 with group count: 144 into file: file:/tmp/ubuntu/b371e5e0-0df4-4873-8d14-f93c47f8c082/hive_2016-10-02_14-43-27_199_605901130007211603-1/-local-10017/HashTable-Stage-17/MapJoin-mapfile41--.hashtable
2016-10-02 14:46:58	Uploaded 1 File to: file:/tmp/ubuntu/b371e5e0-0df4-4873-8d14-f93c47f8c082/hive_2016-10-02_14-43-27_199_605901130007211603-1/-local-10017/HashTable-Stage-17/MapJoin-mapfile41--.hashtable (13095 bytes)
2016-10-02 14:46:58	End of local task; Time Taken: 1.264 sec.
Execution completed successfully
MapredLocal task succeeded
Launching Job 2 out of 10
Number of reduce tasks is set to 0 since there's no reduce operator
Starting Job = job_1475401111718_0231, Tracking URL = http://vm1:8088/proxy/application_1475401111718_0231/
Kill Command = /home/ubuntu/software/hadoop-2.6.0/bin/hadoop job  -kill job_1475401111718_0231
Hadoop job information for Stage-17: number of mappers: 4; number of reducers: 0
2016-10-02 14:47:04,638 Stage-17 map = 0%,  reduce = 0%
2016-10-02 14:47:20,005 Stage-17 map = 33%,  reduce = 0%, Cumulative CPU 34.94 sec
2016-10-02 14:47:23,082 Stage-17 map = 42%,  reduce = 0%, Cumulative CPU 46.49 sec
2016-10-02 14:47:26,163 Stage-17 map = 67%,  reduce = 0%, Cumulative CPU 58.11 sec
2016-10-02 14:47:29,241 Stage-17 map = 83%,  reduce = 0%, Cumulative CPU 64.63 sec
2016-10-02 14:47:32,315 Stage-17 map = 92%,  reduce = 0%, Cumulative CPU 71.5 sec
2016-10-02 14:47:33,340 Stage-17 map = 100%,  reduce = 0%, Cumulative CPU 72.41 sec
MapReduce Total cumulative CPU time: 1 minutes 12 seconds 410 msec
Ended Job = job_1475401111718_0231
Stage-23 is selected by condition resolver.
Stage-24 is filtered out by condition resolver.
Stage-3 is filtered out by condition resolver.
SLF4J: Class path contains multiple SLF4J bindings.
SLF4J: Found binding in [jar:file:/home/ubuntu/software/tez-0.7.1-SNAPSHOT-minimal/lib/slf4j-log4j12-1.7.5.jar!/org/slf4j/impl/StaticLoggerBinder.class]
SLF4J: Found binding in [jar:file:/home/ubuntu/software/hadoop-2.6.0/share/hadoop/common/lib/slf4j-log4j12-1.7.5.jar!/org/slf4j/impl/StaticLoggerBinder.class]
SLF4J: See http://www.slf4j.org/codes.html#multiple_bindings for an explanation.
SLF4J: Actual binding is of type [org.slf4j.impl.Log4jLoggerFactory]
Execution log at: /tmp/ubuntu/ubuntu_20161002144327_ea54bd5e-3bd2-4e05-a68b-6c407c184241.log
2016-10-02 14:47:37	Starting to launch local task to process map join;	maximum memory = 932184064
2016-10-02 14:47:38	Dump the side-table for tag: 1 with group count: 73049 into file: file:/tmp/ubuntu/b371e5e0-0df4-4873-8d14-f93c47f8c082/hive_2016-10-02_14-43-27_199_605901130007211603-1/-local-10013/HashTable-Stage-14/MapJoin-mapfile21--.hashtable
2016-10-02 14:47:39	Uploaded 1 File to: file:/tmp/ubuntu/b371e5e0-0df4-4873-8d14-f93c47f8c082/hive_2016-10-02_14-43-27_199_605901130007211603-1/-local-10013/HashTable-Stage-14/MapJoin-mapfile21--.hashtable (1541779 bytes)
2016-10-02 14:47:39	End of local task; Time Taken: 1.768 sec.
Execution completed successfully
MapredLocal task succeeded
Launching Job 4 out of 10
Number of reduce tasks is set to 0 since there's no reduce operator
Starting Job = job_1475401111718_0232, Tracking URL = http://vm1:8088/proxy/application_1475401111718_0232/
Kill Command = /home/ubuntu/software/hadoop-2.6.0/bin/hadoop job  -kill job_1475401111718_0232
Hadoop job information for Stage-14: number of mappers: 4; number of reducers: 0
2016-10-02 14:47:44,428 Stage-14 map = 0%,  reduce = 0%
2016-10-02 14:48:03,271 Stage-14 map = 13%,  reduce = 0%, Cumulative CPU 46.12 sec
2016-10-02 14:48:06,402 Stage-14 map = 40%,  reduce = 0%, Cumulative CPU 57.77 sec
2016-10-02 14:48:12,681 Stage-14 map = 49%,  reduce = 0%, Cumulative CPU 80.82 sec
2016-10-02 14:48:13,726 Stage-14 map = 60%,  reduce = 0%, Cumulative CPU 82.07 sec
2016-10-02 14:48:15,790 Stage-14 map = 83%,  reduce = 0%, Cumulative CPU 92.04 sec
2016-10-02 14:48:20,929 Stage-14 map = 100%,  reduce = 0%, Cumulative CPU 102.87 sec
MapReduce Total cumulative CPU time: 1 minutes 42 seconds 870 msec
Ended Job = job_1475401111718_0232
Stage-21 is selected by condition resolver.
Stage-22 is filtered out by condition resolver.
Stage-4 is filtered out by condition resolver.
SLF4J: Class path contains multiple SLF4J bindings.
SLF4J: Found binding in [jar:file:/home/ubuntu/software/tez-0.7.1-SNAPSHOT-minimal/lib/slf4j-log4j12-1.7.5.jar!/org/slf4j/impl/StaticLoggerBinder.class]
SLF4J: Found binding in [jar:file:/home/ubuntu/software/hadoop-2.6.0/share/hadoop/common/lib/slf4j-log4j12-1.7.5.jar!/org/slf4j/impl/StaticLoggerBinder.class]
SLF4J: See http://www.slf4j.org/codes.html#multiple_bindings for an explanation.
SLF4J: Actual binding is of type [org.slf4j.impl.Log4jLoggerFactory]
Execution log at: /tmp/ubuntu/ubuntu_20161002144327_ea54bd5e-3bd2-4e05-a68b-6c407c184241.log
2016-10-02 14:48:25	Starting to launch local task to process map join;	maximum memory = 932184064
2016-10-02 14:48:27	Dump the side-table for tag: 1 with group count: 30 into file: file:/tmp/ubuntu/b371e5e0-0df4-4873-8d14-f93c47f8c082/hive_2016-10-02_14-43-27_199_605901130007211603-1/-local-10009/HashTable-Stage-11/MapJoin-mapfile01--.hashtable
2016-10-02 14:48:27	Uploaded 1 File to: file:/tmp/ubuntu/b371e5e0-0df4-4873-8d14-f93c47f8c082/hive_2016-10-02_14-43-27_199_605901130007211603-1/-local-10009/HashTable-Stage-11/MapJoin-mapfile01--.hashtable (893 bytes)
2016-10-02 14:48:27	End of local task; Time Taken: 1.489 sec.
Execution completed successfully
MapredLocal task succeeded
Launching Job 6 out of 10
Number of reduce tasks is set to 0 since there's no reduce operator
Starting Job = job_1475401111718_0233, Tracking URL = http://vm1:8088/proxy/application_1475401111718_0233/
Kill Command = /home/ubuntu/software/hadoop-2.6.0/bin/hadoop job  -kill job_1475401111718_0233
Hadoop job information for Stage-11: number of mappers: 4; number of reducers: 0
2016-10-02 14:48:38,004 Stage-11 map = 0%,  reduce = 0%
2016-10-02 14:48:50,443 Stage-11 map = 26%,  reduce = 0%, Cumulative CPU 23.59 sec
2016-10-02 14:48:53,561 Stage-11 map = 81%,  reduce = 0%, Cumulative CPU 35.63 sec
2016-10-02 14:48:54,597 Stage-11 map = 100%,  reduce = 0%, Cumulative CPU 39.13 sec
MapReduce Total cumulative CPU time: 39 seconds 130 msec
Ended Job = job_1475401111718_0233
Launching Job 7 out of 10
Number of reduce tasks not specified. Defaulting to jobconf value of: 10
In order to change the average load for a reducer (in bytes):
  set hive.exec.reducers.bytes.per.reducer=<number>
In order to limit the maximum number of reducers:
  set hive.exec.reducers.max=<number>
In order to set a constant number of reducers:
  set mapreduce.job.reduces=<number>
Starting Job = job_1475401111718_0234, Tracking URL = http://vm1:8088/proxy/application_1475401111718_0234/
Kill Command = /home/ubuntu/software/hadoop-2.6.0/bin/hadoop job  -kill job_1475401111718_0234
Hadoop job information for Stage-5: number of mappers: 1; number of reducers: 10
2016-10-02 14:49:01,409 Stage-5 map = 0%,  reduce = 0%
2016-10-02 14:49:06,616 Stage-5 map = 100%,  reduce = 0%, Cumulative CPU 1.27 sec
2016-10-02 14:49:12,833 Stage-5 map = 100%,  reduce = 10%, Cumulative CPU 1.27 sec
2016-10-02 14:49:13,868 Stage-5 map = 100%,  reduce = 50%, Cumulative CPU 7.54 sec
2016-10-02 14:49:14,905 Stage-5 map = 100%,  reduce = 80%, Cumulative CPU 11.46 sec
2016-10-02 14:49:15,939 Stage-5 map = 100%,  reduce = 100%, Cumulative CPU 13.9 sec
MapReduce Total cumulative CPU time: 13 seconds 900 msec
Ended Job = job_1475401111718_0234
Launching Job 8 out of 10
Number of reduce tasks determined at compile time: 1
In order to change the average load for a reducer (in bytes):
  set hive.exec.reducers.bytes.per.reducer=<number>
In order to limit the maximum number of reducers:
  set hive.exec.reducers.max=<number>
In order to set a constant number of reducers:
  set mapreduce.job.reduces=<number>
Starting Job = job_1475401111718_0235, Tracking URL = http://vm1:8088/proxy/application_1475401111718_0235/
Kill Command = /home/ubuntu/software/hadoop-2.6.0/bin/hadoop job  -kill job_1475401111718_0235
Hadoop job information for Stage-6: number of mappers: 4; number of reducers: 1
2016-10-02 14:49:21,691 Stage-6 map = 0%,  reduce = 0%
2016-10-02 14:49:29,890 Stage-6 map = 100%,  reduce = 0%, Cumulative CPU 5.05 sec
2016-10-02 14:49:36,043 Stage-6 map = 100%,  reduce = 100%, Cumulative CPU 6.35 sec
MapReduce Total cumulative CPU time: 6 seconds 350 msec
Ended Job = job_1475401111718_0235
MapReduce Jobs Launched: 
Stage-Stage-1: Map: 82  Reduce: 10   Cumulative CPU: 1423.4 sec   HDFS Read: 21844468704 HDFS Write: 490201654 SUCCESS
Stage-Stage-17: Map: 4   Cumulative CPU: 72.41 sec   HDFS Read: 490240082 HDFS Write: 1194924343 SUCCESS
Stage-Stage-14: Map: 4   Cumulative CPU: 102.87 sec   HDFS Read: 1194977631 HDFS Write: 1234830071 SUCCESS
Stage-Stage-11: Map: 4   Cumulative CPU: 39.13 sec   HDFS Read: 1234926467 HDFS Write: 27066 SUCCESS
Stage-Stage-5: Map: 1  Reduce: 10   Cumulative CPU: 13.9 sec   HDFS Read: 105601 HDFS Write: 8107 SUCCESS
Stage-Stage-6: Map: 4  Reduce: 1   Cumulative CPU: 6.35 sec   HDFS Read: 35898 HDFS Write: 6427 SUCCESS
Total MapReduce CPU Time Spent: 27 minutes 38 seconds 60 msec
OK
Time taken: 369.922 seconds, Fetched: 72 row(s)
48.39user 4.17system 6:17.56elapsed 13%CPU (0avgtext+0avgdata 1160676maxresident)k
115672inputs+471792outputs (110major+193343minor)pagefaults 0swaps
