
Logging initialized using configuration in jar:file:/home/ubuntu/software/hive-1.2.1/lib/hive-common-1.2.1.jar!/hive-log4j.properties
Hive history file=/tmp/ubuntu/hive_job_log_379915f2-35bd-43e6-9334-4dfcca976887_531186966.txt
SLF4J: Class path contains multiple SLF4J bindings.
SLF4J: Found binding in [jar:file:/home/ubuntu/software/tez-0.7.1-SNAPSHOT-minimal/lib/slf4j-log4j12-1.7.5.jar!/org/slf4j/impl/StaticLoggerBinder.class]
SLF4J: Found binding in [jar:file:/home/ubuntu/software/hadoop-2.6.0/share/hadoop/common/lib/slf4j-log4j12-1.7.5.jar!/org/slf4j/impl/StaticLoggerBinder.class]
SLF4J: See http://www.slf4j.org/codes.html#multiple_bindings for an explanation.
SLF4J: Actual binding is of type [org.slf4j.impl.Log4jLoggerFactory]
OK
Time taken: 1.131 seconds
Query ID = ubuntu_20161002122718_e33b1216-7ee1-4618-8110-2f4bf6444b40
Total jobs = 8
Stage-16 is selected by condition resolver.
Stage-1 is filtered out by condition resolver.
SLF4J: Class path contains multiple SLF4J bindings.
SLF4J: Found binding in [jar:file:/home/ubuntu/software/tez-0.7.1-SNAPSHOT-minimal/lib/slf4j-log4j12-1.7.5.jar!/org/slf4j/impl/StaticLoggerBinder.class]
SLF4J: Found binding in [jar:file:/home/ubuntu/software/hadoop-2.6.0/share/hadoop/common/lib/slf4j-log4j12-1.7.5.jar!/org/slf4j/impl/StaticLoggerBinder.class]
SLF4J: See http://www.slf4j.org/codes.html#multiple_bindings for an explanation.
SLF4J: Actual binding is of type [org.slf4j.impl.Log4jLoggerFactory]
Execution log at: /tmp/ubuntu/ubuntu_20161002122718_e33b1216-7ee1-4618-8110-2f4bf6444b40.log
2016-10-02 12:27:24	Starting to launch local task to process map join;	maximum memory = 932184064
2016-10-02 12:27:26	Dump the side-table for tag: 1 with group count: 18445 into file: file:/tmp/ubuntu/379915f2-35bd-43e6-9334-4dfcca976887/hive_2016-10-02_12-27-18_229_8063464239183436240-1/-local-10012/HashTable-Stage-11/MapJoin-mapfile21--.hashtable
2016-10-02 12:27:26	Uploaded 1 File to: file:/tmp/ubuntu/379915f2-35bd-43e6-9334-4dfcca976887/hive_2016-10-02_12-27-18_229_8063464239183436240-1/-local-10012/HashTable-Stage-11/MapJoin-mapfile21--.hashtable (2960337 bytes)
2016-10-02 12:27:26	End of local task; Time Taken: 2.331 sec.
Execution completed successfully
MapredLocal task succeeded
Launching Job 2 out of 8
Number of reduce tasks is set to 0 since there's no reduce operator
Starting Job = job_1475401111718_0151, Tracking URL = http://vm1:8088/proxy/application_1475401111718_0151/
Kill Command = /home/ubuntu/software/hadoop-2.6.0/bin/hadoop job  -kill job_1475401111718_0151
Hadoop job information for Stage-11: number of mappers: 26; number of reducers: 0
2016-10-02 12:27:35,171 Stage-11 map = 0%,  reduce = 0%
2016-10-02 12:27:47,785 Stage-11 map = 1%,  reduce = 0%, Cumulative CPU 20.3 sec
2016-10-02 12:27:48,821 Stage-11 map = 3%,  reduce = 0%, Cumulative CPU 59.44 sec
2016-10-02 12:27:53,996 Stage-11 map = 9%,  reduce = 0%, Cumulative CPU 95.62 sec
2016-10-02 12:27:55,036 Stage-11 map = 21%,  reduce = 0%, Cumulative CPU 102.36 sec
2016-10-02 12:27:56,073 Stage-11 map = 23%,  reduce = 0%, Cumulative CPU 105.72 sec
2016-10-02 12:27:57,119 Stage-11 map = 26%,  reduce = 0%, Cumulative CPU 109.27 sec
2016-10-02 12:27:58,157 Stage-11 map = 29%,  reduce = 0%, Cumulative CPU 116.24 sec
2016-10-02 12:27:59,210 Stage-11 map = 34%,  reduce = 0%, Cumulative CPU 120.01 sec
2016-10-02 12:28:02,338 Stage-11 map = 40%,  reduce = 0%, Cumulative CPU 134.39 sec
2016-10-02 12:28:03,376 Stage-11 map = 53%,  reduce = 0%, Cumulative CPU 140.37 sec
2016-10-02 12:28:04,417 Stage-11 map = 56%,  reduce = 0%, Cumulative CPU 145.14 sec
2016-10-02 12:28:05,467 Stage-11 map = 62%,  reduce = 0%, Cumulative CPU 145.63 sec
2016-10-02 12:28:12,749 Stage-11 map = 66%,  reduce = 0%, Cumulative CPU 172.25 sec
2016-10-02 12:28:13,790 Stage-11 map = 67%,  reduce = 0%, Cumulative CPU 187.78 sec
2016-10-02 12:28:15,896 Stage-11 map = 74%,  reduce = 0%, Cumulative CPU 202.7 sec
2016-10-02 12:28:16,951 Stage-11 map = 78%,  reduce = 0%, Cumulative CPU 205.92 sec
2016-10-02 12:28:17,982 Stage-11 map = 80%,  reduce = 0%, Cumulative CPU 206.53 sec
2016-10-02 12:28:19,019 Stage-11 map = 82%,  reduce = 0%, Cumulative CPU 210.11 sec
2016-10-02 12:28:20,049 Stage-11 map = 84%,  reduce = 0%, Cumulative CPU 211.85 sec
2016-10-02 12:28:22,108 Stage-11 map = 86%,  reduce = 0%, Cumulative CPU 216.0 sec
2016-10-02 12:28:25,223 Stage-11 map = 90%,  reduce = 0%, Cumulative CPU 222.04 sec
2016-10-02 12:28:26,255 Stage-11 map = 92%,  reduce = 0%, Cumulative CPU 223.69 sec
2016-10-02 12:28:28,320 Stage-11 map = 95%,  reduce = 0%, Cumulative CPU 225.95 sec
2016-10-02 12:28:29,356 Stage-11 map = 97%,  reduce = 0%, Cumulative CPU 227.16 sec
2016-10-02 12:28:30,389 Stage-11 map = 98%,  reduce = 0%, Cumulative CPU 228.49 sec
2016-10-02 12:28:33,468 Stage-11 map = 100%,  reduce = 0%, Cumulative CPU 230.82 sec
MapReduce Total cumulative CPU time: 3 minutes 50 seconds 820 msec
Ended Job = job_1475401111718_0151
Stage-14 is selected by condition resolver.
Stage-15 is filtered out by condition resolver.
Stage-2 is filtered out by condition resolver.
SLF4J: Class path contains multiple SLF4J bindings.
SLF4J: Found binding in [jar:file:/home/ubuntu/software/tez-0.7.1-SNAPSHOT-minimal/lib/slf4j-log4j12-1.7.5.jar!/org/slf4j/impl/StaticLoggerBinder.class]
SLF4J: Found binding in [jar:file:/home/ubuntu/software/hadoop-2.6.0/share/hadoop/common/lib/slf4j-log4j12-1.7.5.jar!/org/slf4j/impl/StaticLoggerBinder.class]
SLF4J: See http://www.slf4j.org/codes.html#multiple_bindings for an explanation.
SLF4J: Actual binding is of type [org.slf4j.impl.Log4jLoggerFactory]
Execution log at: /tmp/ubuntu/ubuntu_20161002122718_e33b1216-7ee1-4618-8110-2f4bf6444b40.log
2016-10-02 12:28:37	Starting to launch local task to process map join;	maximum memory = 932184064
2016-10-02 12:28:39	Dump the side-table for tag: 1 with group count: 31 into file: file:/tmp/ubuntu/379915f2-35bd-43e6-9334-4dfcca976887/hive_2016-10-02_12-27-18_229_8063464239183436240-1/-local-10008/HashTable-Stage-8/MapJoin-mapfile01--.hashtable
2016-10-02 12:28:39	Uploaded 1 File to: file:/tmp/ubuntu/379915f2-35bd-43e6-9334-4dfcca976887/hive_2016-10-02_12-27-18_229_8063464239183436240-1/-local-10008/HashTable-Stage-8/MapJoin-mapfile01--.hashtable (1288 bytes)
2016-10-02 12:28:39	End of local task; Time Taken: 1.673 sec.
Execution completed successfully
MapredLocal task succeeded
Launching Job 4 out of 8
Number of reduce tasks is set to 0 since there's no reduce operator
Starting Job = job_1475401111718_0152, Tracking URL = http://vm1:8088/proxy/application_1475401111718_0152/
Kill Command = /home/ubuntu/software/hadoop-2.6.0/bin/hadoop job  -kill job_1475401111718_0152
Hadoop job information for Stage-8: number of mappers: 7; number of reducers: 0
2016-10-02 12:28:45,830 Stage-8 map = 0%,  reduce = 0%
2016-10-02 12:28:54,236 Stage-8 map = 14%,  reduce = 0%, Cumulative CPU 4.42 sec
2016-10-02 12:28:55,278 Stage-8 map = 29%,  reduce = 0%, Cumulative CPU 12.2 sec
2016-10-02 12:28:56,317 Stage-8 map = 43%,  reduce = 0%, Cumulative CPU 19.82 sec
2016-10-02 12:28:58,385 Stage-8 map = 72%,  reduce = 0%, Cumulative CPU 43.79 sec
2016-10-02 12:28:59,421 Stage-8 map = 79%,  reduce = 0%, Cumulative CPU 45.31 sec
2016-10-02 12:29:00,465 Stage-8 map = 100%,  reduce = 0%, Cumulative CPU 50.9 sec
MapReduce Total cumulative CPU time: 50 seconds 900 msec
Ended Job = job_1475401111718_0152
Launching Job 5 out of 8
Number of reduce tasks not specified. Defaulting to jobconf value of: 5
In order to change the average load for a reducer (in bytes):
  set hive.exec.reducers.bytes.per.reducer=<number>
In order to limit the maximum number of reducers:
  set hive.exec.reducers.max=<number>
In order to set a constant number of reducers:
  set mapreduce.job.reduces=<number>
Starting Job = job_1475401111718_0153, Tracking URL = http://vm1:8088/proxy/application_1475401111718_0153/
Kill Command = /home/ubuntu/software/hadoop-2.6.0/bin/hadoop job  -kill job_1475401111718_0153
Hadoop job information for Stage-3: number of mappers: 4; number of reducers: 5
2016-10-02 12:29:06,396 Stage-3 map = 0%,  reduce = 0%
2016-10-02 12:29:14,695 Stage-3 map = 25%,  reduce = 0%, Cumulative CPU 2.06 sec
2016-10-02 12:29:15,739 Stage-3 map = 100%,  reduce = 0%, Cumulative CPU 9.64 sec
2016-10-02 12:29:21,961 Stage-3 map = 100%,  reduce = 80%, Cumulative CPU 19.09 sec
2016-10-02 12:29:23,005 Stage-3 map = 100%,  reduce = 100%, Cumulative CPU 21.46 sec
MapReduce Total cumulative CPU time: 21 seconds 460 msec
Ended Job = job_1475401111718_0153
Launching Job 6 out of 8
Number of reduce tasks not specified. Defaulting to jobconf value of: 5
In order to change the average load for a reducer (in bytes):
  set hive.exec.reducers.bytes.per.reducer=<number>
In order to limit the maximum number of reducers:
  set hive.exec.reducers.max=<number>
In order to set a constant number of reducers:
  set mapreduce.job.reduces=<number>
Starting Job = job_1475401111718_0154, Tracking URL = http://vm1:8088/proxy/application_1475401111718_0154/
Kill Command = /home/ubuntu/software/hadoop-2.6.0/bin/hadoop job  -kill job_1475401111718_0154
Hadoop job information for Stage-4: number of mappers: 4; number of reducers: 5
2016-10-02 12:29:30,143 Stage-4 map = 0%,  reduce = 0%
2016-10-02 12:29:38,453 Stage-4 map = 100%,  reduce = 0%, Cumulative CPU 7.3 sec
2016-10-02 12:29:44,706 Stage-4 map = 100%,  reduce = 60%, Cumulative CPU 13.61 sec
2016-10-02 12:29:45,756 Stage-4 map = 100%,  reduce = 100%, Cumulative CPU 15.84 sec
MapReduce Total cumulative CPU time: 15 seconds 840 msec
Ended Job = job_1475401111718_0154
Launching Job 7 out of 8
Number of reduce tasks determined at compile time: 1
In order to change the average load for a reducer (in bytes):
  set hive.exec.reducers.bytes.per.reducer=<number>
In order to limit the maximum number of reducers:
  set hive.exec.reducers.max=<number>
In order to set a constant number of reducers:
  set mapreduce.job.reduces=<number>
Starting Job = job_1475401111718_0155, Tracking URL = http://vm1:8088/proxy/application_1475401111718_0155/
Kill Command = /home/ubuntu/software/hadoop-2.6.0/bin/hadoop job  -kill job_1475401111718_0155
Hadoop job information for Stage-5: number of mappers: 4; number of reducers: 1
2016-10-02 12:29:52,685 Stage-5 map = 0%,  reduce = 0%
2016-10-02 12:30:00,909 Stage-5 map = 100%,  reduce = 0%, Cumulative CPU 7.29 sec
2016-10-02 12:30:07,068 Stage-5 map = 100%,  reduce = 100%, Cumulative CPU 9.03 sec
MapReduce Total cumulative CPU time: 9 seconds 30 msec
Ended Job = job_1475401111718_0155
MapReduce Jobs Launched: 
Stage-Stage-11: Map: 26   Cumulative CPU: 230.82 sec   HDFS Read: 7607676612 HDFS Write: 1850142725 SUCCESS
Stage-Stage-8: Map: 7   Cumulative CPU: 50.9 sec   HDFS Read: 1850232868 HDFS Write: 8220663 SUCCESS
Stage-Stage-3: Map: 4  Reduce: 5   Cumulative CPU: 21.46 sec   HDFS Read: 8247269 HDFS Write: 1533462 SUCCESS
Stage-Stage-4: Map: 4  Reduce: 5   Cumulative CPU: 18.26 sec   HDFS Read: 1574536 HDFS Write: 1608066 SUCCESS
Stage-Stage-5: Map: 4  Reduce: 1   Cumulative CPU: 9.03 sec   HDFS Read: 1622456 HDFS Write: 18517 SUCCESS
Total MapReduce CPU Time Spent: 5 minutes 30 seconds 470 msec
OK
Time taken: 170.965 seconds, Fetched: 100 row(s)
37.12user 3.00system 2:58.44elapsed 22%CPU (0avgtext+0avgdata 729392maxresident)k
114792inputs+314888outputs (110major+179334minor)pagefaults 0swaps
