
Logging initialized using configuration in jar:file:/home/ubuntu/software/hive-1.2.1/lib/hive-common-1.2.1.jar!/hive-log4j.properties
Hive history file=/tmp/ubuntu/hive_job_log_f9d853f3-2c75-402d-b487-d7e4db3d140b_893952335.txt
SLF4J: Class path contains multiple SLF4J bindings.
SLF4J: Found binding in [jar:file:/home/ubuntu/software/tez-0.7.1-SNAPSHOT-minimal/lib/slf4j-log4j12-1.7.5.jar!/org/slf4j/impl/StaticLoggerBinder.class]
SLF4J: Found binding in [jar:file:/home/ubuntu/software/hadoop-2.6.0/share/hadoop/common/lib/slf4j-log4j12-1.7.5.jar!/org/slf4j/impl/StaticLoggerBinder.class]
SLF4J: See http://www.slf4j.org/codes.html#multiple_bindings for an explanation.
SLF4J: Actual binding is of type [org.slf4j.impl.Log4jLoggerFactory]
OK
Time taken: 1.195 seconds
Query ID = ubuntu_20161002231055_c7f330fd-aad1-45a3-a9b2-4549ab072a5c
Total jobs = 9
SLF4J: Class path contains multiple SLF4J bindings.
SLF4J: Found binding in [jar:file:/home/ubuntu/software/tez-0.7.1-SNAPSHOT-minimal/lib/slf4j-log4j12-1.7.5.jar!/org/slf4j/impl/StaticLoggerBinder.class]
SLF4J: Found binding in [jar:file:/home/ubuntu/software/hadoop-2.6.0/share/hadoop/common/lib/slf4j-log4j12-1.7.5.jar!/org/slf4j/impl/StaticLoggerBinder.class]
SLF4J: See http://www.slf4j.org/codes.html#multiple_bindings for an explanation.
SLF4J: Actual binding is of type [org.slf4j.impl.Log4jLoggerFactory]
Execution log at: /tmp/ubuntu/ubuntu_20161002231055_c7f330fd-aad1-45a3-a9b2-4549ab072a5c.log
2016-10-02 23:11:01	Starting to launch local task to process map join;	maximum memory = 932184064
2016-10-02 23:11:03	Dump the side-table for tag: 1 with group count: 7 into file: file:/tmp/ubuntu/f9d853f3-2c75-402d-b487-d7e4db3d140b/hive_2016-10-02_23-10-55_160_579866947138348197-1/-local-10016/HashTable-Stage-15/MapJoin-mapfile41--.hashtable
2016-10-02 23:11:03	Uploaded 1 File to: file:/tmp/ubuntu/f9d853f3-2c75-402d-b487-d7e4db3d140b/hive_2016-10-02_23-10-55_160_579866947138348197-1/-local-10016/HashTable-Stage-15/MapJoin-mapfile41--.hashtable (504 bytes)
2016-10-02 23:11:03	End of local task; Time Taken: 1.59 sec.
Execution completed successfully
MapredLocal task succeeded
Launching Job 1 out of 9
Number of reduce tasks is set to 0 since there's no reduce operator
Starting Job = job_1475449732703_0001, Tracking URL = http://vm1:8088/proxy/application_1475449732703_0001/
Kill Command = /home/ubuntu/software/hadoop-2.6.0/bin/hadoop job  -kill job_1475449732703_0001
Hadoop job information for Stage-15: number of mappers: 5; number of reducers: 0
2016-10-02 23:11:18,299 Stage-15 map = 0%,  reduce = 0%
2016-10-02 23:11:34,091 Stage-15 map = 2%,  reduce = 0%, Cumulative CPU 28.61 sec
2016-10-02 23:11:35,146 Stage-15 map = 10%,  reduce = 0%, Cumulative CPU 39.59 sec
2016-10-02 23:11:40,370 Stage-15 map = 12%,  reduce = 0%, Cumulative CPU 57.33 sec
2016-10-02 23:11:41,427 Stage-15 map = 20%,  reduce = 0%, Cumulative CPU 68.54 sec
2016-10-02 23:11:43,521 Stage-15 map = 22%,  reduce = 0%, Cumulative CPU 71.78 sec
2016-10-02 23:11:44,569 Stage-15 map = 31%,  reduce = 0%, Cumulative CPU 82.52 sec
2016-10-02 23:11:45,624 Stage-15 map = 32%,  reduce = 0%, Cumulative CPU 85.37 sec
2016-10-02 23:11:48,776 Stage-15 map = 34%,  reduce = 0%, Cumulative CPU 100.01 sec
2016-10-02 23:11:50,863 Stage-15 map = 43%,  reduce = 0%, Cumulative CPU 110.85 sec
2016-10-02 23:11:54,020 Stage-15 map = 51%,  reduce = 0%, Cumulative CPU 125.25 sec
2016-10-02 23:11:55,080 Stage-15 map = 53%,  reduce = 0%, Cumulative CPU 128.22 sec
2016-10-02 23:11:57,181 Stage-15 map = 55%,  reduce = 0%, Cumulative CPU 139.81 sec
2016-10-02 23:11:58,232 Stage-15 map = 56%,  reduce = 0%, Cumulative CPU 142.93 sec
2016-10-02 23:12:00,396 Stage-15 map = 63%,  reduce = 0%, Cumulative CPU 154.22 sec
2016-10-02 23:12:01,445 Stage-15 map = 65%,  reduce = 0%, Cumulative CPU 157.32 sec
2016-10-02 23:12:03,558 Stage-15 map = 73%,  reduce = 0%, Cumulative CPU 168.39 sec
2016-10-02 23:12:06,682 Stage-15 map = 75%,  reduce = 0%, Cumulative CPU 182.67 sec
2016-10-02 23:12:07,719 Stage-15 map = 80%,  reduce = 0%, Cumulative CPU 186.29 sec
2016-10-02 23:12:08,756 Stage-15 map = 83%,  reduce = 0%, Cumulative CPU 194.49 sec
2016-10-02 23:12:09,791 Stage-15 map = 85%,  reduce = 0%, Cumulative CPU 197.56 sec
2016-10-02 23:12:10,827 Stage-15 map = 87%,  reduce = 0%, Cumulative CPU 198.46 sec
2016-10-02 23:12:11,867 Stage-15 map = 93%,  reduce = 0%, Cumulative CPU 206.27 sec
2016-10-02 23:12:14,958 Stage-15 map = 96%,  reduce = 0%, Cumulative CPU 212.21 sec
2016-10-02 23:12:19,089 Stage-15 map = 98%,  reduce = 0%, Cumulative CPU 218.86 sec
2016-10-02 23:12:20,122 Stage-15 map = 100%,  reduce = 0%, Cumulative CPU 219.79 sec
MapReduce Total cumulative CPU time: 3 minutes 39 seconds 790 msec
Ended Job = job_1475449732703_0001
Stage-18 is selected by condition resolver.
Stage-19 is filtered out by condition resolver.
Stage-2 is filtered out by condition resolver.
SLF4J: Class path contains multiple SLF4J bindings.
SLF4J: Found binding in [jar:file:/home/ubuntu/software/tez-0.7.1-SNAPSHOT-minimal/lib/slf4j-log4j12-1.7.5.jar!/org/slf4j/impl/StaticLoggerBinder.class]
SLF4J: Found binding in [jar:file:/home/ubuntu/software/hadoop-2.6.0/share/hadoop/common/lib/slf4j-log4j12-1.7.5.jar!/org/slf4j/impl/StaticLoggerBinder.class]
SLF4J: See http://www.slf4j.org/codes.html#multiple_bindings for an explanation.
SLF4J: Actual binding is of type [org.slf4j.impl.Log4jLoggerFactory]
Execution log at: /tmp/ubuntu/ubuntu_20161002231055_c7f330fd-aad1-45a3-a9b2-4549ab072a5c.log
2016-10-02 23:12:27	Starting to launch local task to process map join;	maximum memory = 932184064
2016-10-02 23:12:29	Dump the side-table for tag: 1 with group count: 3863 into file: file:/tmp/ubuntu/f9d853f3-2c75-402d-b487-d7e4db3d140b/hive_2016-10-02_23-10-55_160_579866947138348197-1/-local-10012/HashTable-Stage-12/MapJoin-mapfile21--.hashtable
2016-10-02 23:12:29	Uploaded 1 File to: file:/tmp/ubuntu/f9d853f3-2c75-402d-b487-d7e4db3d140b/hive_2016-10-02_23-10-55_160_579866947138348197-1/-local-10012/HashTable-Stage-12/MapJoin-mapfile21--.hashtable (163270 bytes)
2016-10-02 23:12:29	End of local task; Time Taken: 1.9 sec.
Execution completed successfully
MapredLocal task succeeded
Launching Job 3 out of 9
Number of reduce tasks is set to 0 since there's no reduce operator
Starting Job = job_1475449732703_0002, Tracking URL = http://vm1:8088/proxy/application_1475449732703_0002/
Kill Command = /home/ubuntu/software/hadoop-2.6.0/bin/hadoop job  -kill job_1475449732703_0002
Hadoop job information for Stage-12: number of mappers: 10; number of reducers: 0
2016-10-02 23:12:51,815 Stage-12 map = 0%,  reduce = 0%
2016-10-02 23:13:00,150 Stage-12 map = 10%,  reduce = 0%, Cumulative CPU 4.24 sec
2016-10-02 23:13:04,372 Stage-12 map = 11%,  reduce = 0%, Cumulative CPU 34.05 sec
2016-10-02 23:13:08,580 Stage-12 map = 16%,  reduce = 0%, Cumulative CPU 52.0 sec
2016-10-02 23:13:10,665 Stage-12 map = 35%,  reduce = 0%, Cumulative CPU 87.07 sec
2016-10-02 23:13:12,759 Stage-12 map = 40%,  reduce = 0%, Cumulative CPU 103.12 sec
2016-10-02 23:13:13,801 Stage-12 map = 46%,  reduce = 0%, Cumulative CPU 115.37 sec
2016-10-02 23:13:14,876 Stage-12 map = 56%,  reduce = 0%, Cumulative CPU 117.71 sec
2016-10-02 23:13:15,906 Stage-12 map = 80%,  reduce = 0%, Cumulative CPU 131.82 sec
2016-10-02 23:13:20,039 Stage-12 map = 100%,  reduce = 0%, Cumulative CPU 147.56 sec
MapReduce Total cumulative CPU time: 2 minutes 27 seconds 560 msec
Ended Job = job_1475449732703_0002
Stage-16 is selected by condition resolver.
Stage-17 is filtered out by condition resolver.
Stage-3 is filtered out by condition resolver.
SLF4J: Class path contains multiple SLF4J bindings.
SLF4J: Found binding in [jar:file:/home/ubuntu/software/tez-0.7.1-SNAPSHOT-minimal/lib/slf4j-log4j12-1.7.5.jar!/org/slf4j/impl/StaticLoggerBinder.class]
SLF4J: Found binding in [jar:file:/home/ubuntu/software/hadoop-2.6.0/share/hadoop/common/lib/slf4j-log4j12-1.7.5.jar!/org/slf4j/impl/StaticLoggerBinder.class]
SLF4J: See http://www.slf4j.org/codes.html#multiple_bindings for an explanation.
SLF4J: Actual binding is of type [org.slf4j.impl.Log4jLoggerFactory]
Execution log at: /tmp/ubuntu/ubuntu_20161002231055_c7f330fd-aad1-45a3-a9b2-4549ab072a5c.log
2016-10-02 23:13:24	Starting to launch local task to process map join;	maximum memory = 932184064
2016-10-02 23:13:26	Dump the side-table for tag: 1 with group count: 60 into file: file:/tmp/ubuntu/f9d853f3-2c75-402d-b487-d7e4db3d140b/hive_2016-10-02_23-10-55_160_579866947138348197-1/-local-10008/HashTable-Stage-9/MapJoin-mapfile01--.hashtable
2016-10-02 23:13:26	Uploaded 1 File to: file:/tmp/ubuntu/f9d853f3-2c75-402d-b487-d7e4db3d140b/hive_2016-10-02_23-10-55_160_579866947138348197-1/-local-10008/HashTable-Stage-9/MapJoin-mapfile01--.hashtable (2248 bytes)
2016-10-02 23:13:26	End of local task; Time Taken: 1.511 sec.
Execution completed successfully
MapredLocal task succeeded
Launching Job 5 out of 9
Number of reduce tasks is set to 0 since there's no reduce operator
Starting Job = job_1475449732703_0003, Tracking URL = http://vm1:8088/proxy/application_1475449732703_0003/
Kill Command = /home/ubuntu/software/hadoop-2.6.0/bin/hadoop job  -kill job_1475449732703_0003
Hadoop job information for Stage-9: number of mappers: 3; number of reducers: 0
2016-10-02 23:13:32,524 Stage-9 map = 0%,  reduce = 0%
2016-10-02 23:13:41,812 Stage-9 map = 33%,  reduce = 0%, Cumulative CPU 3.69 sec
2016-10-02 23:13:43,884 Stage-9 map = 84%,  reduce = 0%, Cumulative CPU 18.18 sec
2016-10-02 23:13:44,918 Stage-9 map = 100%,  reduce = 0%, Cumulative CPU 20.61 sec
MapReduce Total cumulative CPU time: 20 seconds 610 msec
Ended Job = job_1475449732703_0003
Launching Job 6 out of 9
Number of reduce tasks not specified. Defaulting to jobconf value of: 5
In order to change the average load for a reducer (in bytes):
  set hive.exec.reducers.bytes.per.reducer=<number>
In order to limit the maximum number of reducers:
  set hive.exec.reducers.max=<number>
In order to set a constant number of reducers:
  set mapreduce.job.reduces=<number>
Starting Job = job_1475449732703_0004, Tracking URL = http://vm1:8088/proxy/application_1475449732703_0004/
Kill Command = /home/ubuntu/software/hadoop-2.6.0/bin/hadoop job  -kill job_1475449732703_0004
Hadoop job information for Stage-4: number of mappers: 1; number of reducers: 5
2016-10-02 23:13:50,718 Stage-4 map = 0%,  reduce = 0%
2016-10-02 23:13:56,918 Stage-4 map = 100%,  reduce = 0%, Cumulative CPU 2.91 sec
2016-10-02 23:14:04,151 Stage-4 map = 100%,  reduce = 80%, Cumulative CPU 12.71 sec
2016-10-02 23:14:05,194 Stage-4 map = 100%,  reduce = 100%, Cumulative CPU 15.37 sec
MapReduce Total cumulative CPU time: 15 seconds 370 msec
Ended Job = job_1475449732703_0004
Launching Job 7 out of 9
Number of reduce tasks determined at compile time: 1
In order to change the average load for a reducer (in bytes):
  set hive.exec.reducers.bytes.per.reducer=<number>
In order to limit the maximum number of reducers:
  set hive.exec.reducers.max=<number>
In order to set a constant number of reducers:
  set mapreduce.job.reduces=<number>
Starting Job = job_1475449732703_0005, Tracking URL = http://vm1:8088/proxy/application_1475449732703_0005/
Kill Command = /home/ubuntu/software/hadoop-2.6.0/bin/hadoop job  -kill job_1475449732703_0005
Hadoop job information for Stage-5: number of mappers: 4; number of reducers: 1
2016-10-02 23:14:11,229 Stage-5 map = 0%,  reduce = 0%
2016-10-02 23:14:19,469 Stage-5 map = 100%,  reduce = 0%, Cumulative CPU 7.34 sec
2016-10-02 23:14:25,641 Stage-5 map = 100%,  reduce = 100%, Cumulative CPU 9.1 sec
MapReduce Total cumulative CPU time: 9 seconds 100 msec
Ended Job = job_1475449732703_0005
MapReduce Jobs Launched: 
Stage-Stage-15: Map: 5   Cumulative CPU: 219.79 sec   HDFS Read: 1164950176 HDFS Write: 2535951899 SUCCESS
Stage-Stage-12: Map: 10   Cumulative CPU: 147.56 sec   HDFS Read: 2536061722 HDFS Write: 246864684 SUCCESS
Stage-Stage-9: Map: 3   Cumulative CPU: 20.61 sec   HDFS Read: 246905416 HDFS Write: 1432253 SUCCESS
Stage-Stage-4: Map: 1  Reduce: 5   Cumulative CPU: 15.37 sec   HDFS Read: 1459366 HDFS Write: 432708 SUCCESS
Stage-Stage-5: Map: 4  Reduce: 1   Cumulative CPU: 9.1 sec   HDFS Read: 446972 HDFS Write: 2799 SUCCESS
Total MapReduce CPU Time Spent: 6 minutes 52 seconds 430 msec
OK
Time taken: 211.563 seconds, Fetched: 100 row(s)
40.01user 3.62system 3:44.09elapsed 19%CPU (0avgtext+0avgdata 947008maxresident)k
113008inputs+458984outputs (111major+198283minor)pagefaults 0swaps
