
Logging initialized using configuration in jar:file:/home/ubuntu/software/hive-1.2.1/lib/hive-common-1.2.1.jar!/hive-log4j.properties
Hive history file=/tmp/ubuntu/hive_job_log_7117b448-13aa-4fff-a6de-39c7d223c5d8_1528675316.txt
SLF4J: Class path contains multiple SLF4J bindings.
SLF4J: Found binding in [jar:file:/home/ubuntu/software/tez-0.7.1-SNAPSHOT-minimal/lib/slf4j-log4j12-1.7.5.jar!/org/slf4j/impl/StaticLoggerBinder.class]
SLF4J: Found binding in [jar:file:/home/ubuntu/software/hadoop-2.6.0/share/hadoop/common/lib/slf4j-log4j12-1.7.5.jar!/org/slf4j/impl/StaticLoggerBinder.class]
SLF4J: See http://www.slf4j.org/codes.html#multiple_bindings for an explanation.
SLF4J: Actual binding is of type [org.slf4j.impl.Log4jLoggerFactory]
OK
Time taken: 0.873 seconds
Query ID = ubuntu_20161002232552_c2246c4f-5414-410b-b4b5-ba9accd74de8
Total jobs = 9
SLF4J: Class path contains multiple SLF4J bindings.
SLF4J: Found binding in [jar:file:/home/ubuntu/software/tez-0.7.1-SNAPSHOT-minimal/lib/slf4j-log4j12-1.7.5.jar!/org/slf4j/impl/StaticLoggerBinder.class]
SLF4J: Found binding in [jar:file:/home/ubuntu/software/hadoop-2.6.0/share/hadoop/common/lib/slf4j-log4j12-1.7.5.jar!/org/slf4j/impl/StaticLoggerBinder.class]
SLF4J: See http://www.slf4j.org/codes.html#multiple_bindings for an explanation.
SLF4J: Actual binding is of type [org.slf4j.impl.Log4jLoggerFactory]
Execution log at: /tmp/ubuntu/ubuntu_20161002232552_c2246c4f-5414-410b-b4b5-ba9accd74de8.log
2016-10-02 23:25:57	Starting to launch local task to process map join;	maximum memory = 932184064
2016-10-02 23:25:58	Dump the side-table for tag: 1 with group count: 7 into file: file:/tmp/ubuntu/7117b448-13aa-4fff-a6de-39c7d223c5d8/hive_2016-10-02_23-25-52_396_2716579411917512811-1/-local-10016/HashTable-Stage-15/MapJoin-mapfile41--.hashtable
2016-10-02 23:25:58	Uploaded 1 File to: file:/tmp/ubuntu/7117b448-13aa-4fff-a6de-39c7d223c5d8/hive_2016-10-02_23-25-52_396_2716579411917512811-1/-local-10016/HashTable-Stage-15/MapJoin-mapfile41--.hashtable (504 bytes)
2016-10-02 23:25:58	End of local task; Time Taken: 1.113 sec.
Execution completed successfully
MapredLocal task succeeded
Launching Job 1 out of 9
Number of reduce tasks is set to 0 since there's no reduce operator
Starting Job = job_1475449732703_0021, Tracking URL = http://vm1:8088/proxy/application_1475449732703_0021/
Kill Command = /home/ubuntu/software/hadoop-2.6.0/bin/hadoop job  -kill job_1475449732703_0021
Hadoop job information for Stage-15: number of mappers: 5; number of reducers: 0
2016-10-02 23:26:07,319 Stage-15 map = 0%,  reduce = 0%
2016-10-02 23:26:18,726 Stage-15 map = 2%,  reduce = 0%, Cumulative CPU 12.93 sec
2016-10-02 23:26:21,841 Stage-15 map = 8%,  reduce = 0%, Cumulative CPU 42.12 sec
2016-10-02 23:26:22,883 Stage-15 map = 10%,  reduce = 0%, Cumulative CPU 44.89 sec
2016-10-02 23:26:24,989 Stage-15 map = 13%,  reduce = 0%, Cumulative CPU 59.74 sec
2016-10-02 23:26:28,113 Stage-15 map = 23%,  reduce = 0%, Cumulative CPU 74.46 sec
2016-10-02 23:26:31,224 Stage-15 map = 29%,  reduce = 0%, Cumulative CPU 88.64 sec
2016-10-02 23:26:34,330 Stage-15 map = 33%,  reduce = 0%, Cumulative CPU 103.03 sec
2016-10-02 23:26:37,461 Stage-15 map = 43%,  reduce = 0%, Cumulative CPU 117.43 sec
2016-10-02 23:26:40,576 Stage-15 map = 48%,  reduce = 0%, Cumulative CPU 132.0 sec
2016-10-02 23:26:42,655 Stage-15 map = 50%,  reduce = 0%, Cumulative CPU 135.08 sec
2016-10-02 23:26:43,693 Stage-15 map = 56%,  reduce = 0%, Cumulative CPU 146.44 sec
2016-10-02 23:26:46,790 Stage-15 map = 66%,  reduce = 0%, Cumulative CPU 161.82 sec
2016-10-02 23:26:49,891 Stage-15 map = 68%,  reduce = 0%, Cumulative CPU 173.4 sec
2016-10-02 23:26:52,996 Stage-15 map = 74%,  reduce = 0%, Cumulative CPU 184.88 sec
2016-10-02 23:26:56,105 Stage-15 map = 79%,  reduce = 0%, Cumulative CPU 196.38 sec
2016-10-02 23:26:59,215 Stage-15 map = 83%,  reduce = 0%, Cumulative CPU 207.91 sec
2016-10-02 23:27:01,293 Stage-15 map = 85%,  reduce = 0%, Cumulative CPU 209.64 sec
2016-10-02 23:27:02,333 Stage-15 map = 89%,  reduce = 0%, Cumulative CPU 218.4 sec
2016-10-02 23:27:04,405 Stage-15 map = 91%,  reduce = 0%, Cumulative CPU 218.4 sec
2016-10-02 23:27:05,444 Stage-15 map = 93%,  reduce = 0%, Cumulative CPU 227.12 sec
2016-10-02 23:27:07,517 Stage-15 map = 95%,  reduce = 0%, Cumulative CPU 229.62 sec
2016-10-02 23:27:08,561 Stage-15 map = 98%,  reduce = 0%, Cumulative CPU 236.05 sec
2016-10-02 23:27:09,600 Stage-15 map = 100%,  reduce = 0%, Cumulative CPU 237.72 sec
MapReduce Total cumulative CPU time: 3 minutes 57 seconds 720 msec
Ended Job = job_1475449732703_0021
Stage-18 is selected by condition resolver.
Stage-19 is filtered out by condition resolver.
Stage-2 is filtered out by condition resolver.
SLF4J: Class path contains multiple SLF4J bindings.
SLF4J: Found binding in [jar:file:/home/ubuntu/software/tez-0.7.1-SNAPSHOT-minimal/lib/slf4j-log4j12-1.7.5.jar!/org/slf4j/impl/StaticLoggerBinder.class]
SLF4J: Found binding in [jar:file:/home/ubuntu/software/hadoop-2.6.0/share/hadoop/common/lib/slf4j-log4j12-1.7.5.jar!/org/slf4j/impl/StaticLoggerBinder.class]
SLF4J: See http://www.slf4j.org/codes.html#multiple_bindings for an explanation.
SLF4J: Actual binding is of type [org.slf4j.impl.Log4jLoggerFactory]
Execution log at: /tmp/ubuntu/ubuntu_20161002232552_c2246c4f-5414-410b-b4b5-ba9accd74de8.log
2016-10-02 23:27:13	Starting to launch local task to process map join;	maximum memory = 932184064
2016-10-02 23:27:15	Dump the side-table for tag: 1 with group count: 3863 into file: file:/tmp/ubuntu/7117b448-13aa-4fff-a6de-39c7d223c5d8/hive_2016-10-02_23-25-52_396_2716579411917512811-1/-local-10012/HashTable-Stage-12/MapJoin-mapfile21--.hashtable
2016-10-02 23:27:15	Uploaded 1 File to: file:/tmp/ubuntu/7117b448-13aa-4fff-a6de-39c7d223c5d8/hive_2016-10-02_23-25-52_396_2716579411917512811-1/-local-10012/HashTable-Stage-12/MapJoin-mapfile21--.hashtable (163270 bytes)
2016-10-02 23:27:15	End of local task; Time Taken: 1.842 sec.
Execution completed successfully
MapredLocal task succeeded
Launching Job 3 out of 9
Number of reduce tasks is set to 0 since there's no reduce operator
Starting Job = job_1475449732703_0022, Tracking URL = http://vm1:8088/proxy/application_1475449732703_0022/
Kill Command = /home/ubuntu/software/hadoop-2.6.0/bin/hadoop job  -kill job_1475449732703_0022
Hadoop job information for Stage-12: number of mappers: 10; number of reducers: 0
2016-10-02 23:27:20,751 Stage-12 map = 0%,  reduce = 0%
2016-10-02 23:27:29,085 Stage-12 map = 10%,  reduce = 0%, Cumulative CPU 2.59 sec
2016-10-02 23:27:31,185 Stage-12 map = 11%,  reduce = 0%, Cumulative CPU 10.31 sec
2016-10-02 23:27:33,275 Stage-12 map = 12%,  reduce = 0%, Cumulative CPU 56.98 sec
2016-10-02 23:27:34,332 Stage-12 map = 17%,  reduce = 0%, Cumulative CPU 60.09 sec
2016-10-02 23:27:38,644 Stage-12 map = 26%,  reduce = 0%, Cumulative CPU 90.08 sec
2016-10-02 23:27:39,694 Stage-12 map = 55%,  reduce = 0%, Cumulative CPU 110.93 sec
2016-10-02 23:27:40,744 Stage-12 map = 60%,  reduce = 0%, Cumulative CPU 113.96 sec
2016-10-02 23:27:41,811 Stage-12 map = 67%,  reduce = 0%, Cumulative CPU 125.74 sec
2016-10-02 23:27:42,865 Stage-12 map = 82%,  reduce = 0%, Cumulative CPU 139.31 sec
2016-10-02 23:27:43,893 Stage-12 map = 87%,  reduce = 0%, Cumulative CPU 140.95 sec
2016-10-02 23:27:44,926 Stage-12 map = 100%,  reduce = 0%, Cumulative CPU 147.58 sec
MapReduce Total cumulative CPU time: 2 minutes 27 seconds 580 msec
Ended Job = job_1475449732703_0022
Stage-16 is selected by condition resolver.
Stage-17 is filtered out by condition resolver.
Stage-3 is filtered out by condition resolver.
SLF4J: Class path contains multiple SLF4J bindings.
SLF4J: Found binding in [jar:file:/home/ubuntu/software/tez-0.7.1-SNAPSHOT-minimal/lib/slf4j-log4j12-1.7.5.jar!/org/slf4j/impl/StaticLoggerBinder.class]
SLF4J: Found binding in [jar:file:/home/ubuntu/software/hadoop-2.6.0/share/hadoop/common/lib/slf4j-log4j12-1.7.5.jar!/org/slf4j/impl/StaticLoggerBinder.class]
SLF4J: See http://www.slf4j.org/codes.html#multiple_bindings for an explanation.
SLF4J: Actual binding is of type [org.slf4j.impl.Log4jLoggerFactory]
Execution log at: /tmp/ubuntu/ubuntu_20161002232552_c2246c4f-5414-410b-b4b5-ba9accd74de8.log
2016-10-02 23:27:49	Starting to launch local task to process map join;	maximum memory = 932184064
2016-10-02 23:27:51	Dump the side-table for tag: 1 with group count: 60 into file: file:/tmp/ubuntu/7117b448-13aa-4fff-a6de-39c7d223c5d8/hive_2016-10-02_23-25-52_396_2716579411917512811-1/-local-10008/HashTable-Stage-9/MapJoin-mapfile01--.hashtable
2016-10-02 23:27:51	Uploaded 1 File to: file:/tmp/ubuntu/7117b448-13aa-4fff-a6de-39c7d223c5d8/hive_2016-10-02_23-25-52_396_2716579411917512811-1/-local-10008/HashTable-Stage-9/MapJoin-mapfile01--.hashtable (2248 bytes)
2016-10-02 23:27:51	End of local task; Time Taken: 1.435 sec.
Execution completed successfully
MapredLocal task succeeded
Launching Job 5 out of 9
Number of reduce tasks is set to 0 since there's no reduce operator
Starting Job = job_1475449732703_0023, Tracking URL = http://vm1:8088/proxy/application_1475449732703_0023/
Kill Command = /home/ubuntu/software/hadoop-2.6.0/bin/hadoop job  -kill job_1475449732703_0023
Hadoop job information for Stage-9: number of mappers: 4; number of reducers: 0
2016-10-02 23:27:57,650 Stage-9 map = 0%,  reduce = 0%
2016-10-02 23:28:06,039 Stage-9 map = 25%,  reduce = 0%, Cumulative CPU 2.2 sec
2016-10-02 23:28:07,080 Stage-9 map = 50%,  reduce = 0%, Cumulative CPU 5.27 sec
2016-10-02 23:28:09,150 Stage-9 map = 88%,  reduce = 0%, Cumulative CPU 18.91 sec
2016-10-02 23:28:10,183 Stage-9 map = 100%,  reduce = 0%, Cumulative CPU 21.06 sec
MapReduce Total cumulative CPU time: 21 seconds 60 msec
Ended Job = job_1475449732703_0023
Launching Job 6 out of 9
Number of reduce tasks not specified. Defaulting to jobconf value of: 5
In order to change the average load for a reducer (in bytes):
  set hive.exec.reducers.bytes.per.reducer=<number>
In order to limit the maximum number of reducers:
  set hive.exec.reducers.max=<number>
In order to set a constant number of reducers:
  set mapreduce.job.reduces=<number>
Starting Job = job_1475449732703_0024, Tracking URL = http://vm1:8088/proxy/application_1475449732703_0024/
Kill Command = /home/ubuntu/software/hadoop-2.6.0/bin/hadoop job  -kill job_1475449732703_0024
Hadoop job information for Stage-4: number of mappers: 1; number of reducers: 5
2016-10-02 23:28:15,900 Stage-4 map = 0%,  reduce = 0%
2016-10-02 23:28:22,090 Stage-4 map = 100%,  reduce = 0%, Cumulative CPU 2.73 sec
2016-10-02 23:28:28,281 Stage-4 map = 100%,  reduce = 60%, Cumulative CPU 9.73 sec
2016-10-02 23:28:29,319 Stage-4 map = 100%,  reduce = 80%, Cumulative CPU 12.26 sec
2016-10-02 23:28:30,351 Stage-4 map = 100%,  reduce = 100%, Cumulative CPU 14.75 sec
MapReduce Total cumulative CPU time: 14 seconds 750 msec
Ended Job = job_1475449732703_0024
Launching Job 7 out of 9
Number of reduce tasks determined at compile time: 1
In order to change the average load for a reducer (in bytes):
  set hive.exec.reducers.bytes.per.reducer=<number>
In order to limit the maximum number of reducers:
  set hive.exec.reducers.max=<number>
In order to set a constant number of reducers:
  set mapreduce.job.reduces=<number>
Starting Job = job_1475449732703_0025, Tracking URL = http://vm1:8088/proxy/application_1475449732703_0025/
Kill Command = /home/ubuntu/software/hadoop-2.6.0/bin/hadoop job  -kill job_1475449732703_0025
Hadoop job information for Stage-5: number of mappers: 4; number of reducers: 1
2016-10-02 23:28:36,133 Stage-5 map = 0%,  reduce = 0%
2016-10-02 23:28:44,426 Stage-5 map = 100%,  reduce = 0%, Cumulative CPU 7.41 sec
2016-10-02 23:28:50,640 Stage-5 map = 100%,  reduce = 100%, Cumulative CPU 9.11 sec
MapReduce Total cumulative CPU time: 9 seconds 110 msec
Ended Job = job_1475449732703_0025
MapReduce Jobs Launched: 
Stage-Stage-15: Map: 5   Cumulative CPU: 237.72 sec   HDFS Read: 1164950191 HDFS Write: 2535951899 SUCCESS
Stage-Stage-12: Map: 10   Cumulative CPU: 147.58 sec   HDFS Read: 2536061785 HDFS Write: 246864664 SUCCESS
Stage-Stage-9: Map: 4   Cumulative CPU: 21.06 sec   HDFS Read: 246918146 HDFS Write: 1432349 SUCCESS
Stage-Stage-4: Map: 1  Reduce: 5   Cumulative CPU: 14.75 sec   HDFS Read: 1459728 HDFS Write: 432708 SUCCESS
Stage-Stage-5: Map: 4  Reduce: 1   Cumulative CPU: 9.11 sec   HDFS Read: 446985 HDFS Write: 2799 SUCCESS
Total MapReduce CPU Time Spent: 7 minutes 10 seconds 220 msec
OK
Time taken: 179.348 seconds, Fetched: 100 row(s)
39.96user 3.39system 3:05.62elapsed 23%CPU (0avgtext+0avgdata 1137180maxresident)k
114984inputs+458984outputs (110major+201941minor)pagefaults 0swaps
