
Logging initialized using configuration in jar:file:/home/ubuntu/software/hive-1.2.1/lib/hive-common-1.2.1.jar!/hive-log4j.properties
Hive history file=/tmp/ubuntu/hive_job_log_8ef8112d-6e98-4af3-b266-acf1b42bca10_512872967.txt
SLF4J: Class path contains multiple SLF4J bindings.
SLF4J: Found binding in [jar:file:/home/ubuntu/software/tez-0.7.1-SNAPSHOT-minimal/lib/slf4j-log4j12-1.7.5.jar!/org/slf4j/impl/StaticLoggerBinder.class]
SLF4J: Found binding in [jar:file:/home/ubuntu/software/hadoop-2.6.0/share/hadoop/common/lib/slf4j-log4j12-1.7.5.jar!/org/slf4j/impl/StaticLoggerBinder.class]
SLF4J: See http://www.slf4j.org/codes.html#multiple_bindings for an explanation.
SLF4J: Actual binding is of type [org.slf4j.impl.Log4jLoggerFactory]
OK
Time taken: 1.048 seconds
Query ID = ubuntu_20161002104736_1dcdbe10-56f6-4de8-ab0b-d8dc989c09a7
Total jobs = 9
SLF4J: Class path contains multiple SLF4J bindings.
SLF4J: Found binding in [jar:file:/home/ubuntu/software/tez-0.7.1-SNAPSHOT-minimal/lib/slf4j-log4j12-1.7.5.jar!/org/slf4j/impl/StaticLoggerBinder.class]
SLF4J: Found binding in [jar:file:/home/ubuntu/software/hadoop-2.6.0/share/hadoop/common/lib/slf4j-log4j12-1.7.5.jar!/org/slf4j/impl/StaticLoggerBinder.class]
SLF4J: See http://www.slf4j.org/codes.html#multiple_bindings for an explanation.
SLF4J: Actual binding is of type [org.slf4j.impl.Log4jLoggerFactory]
Execution log at: /tmp/ubuntu/ubuntu_20161002104736_1dcdbe10-56f6-4de8-ab0b-d8dc989c09a7.log
2016-10-02 10:47:42	Starting to launch local task to process map join;	maximum memory = 932184064
2016-10-02 10:47:43	Dump the side-table for tag: 1 with group count: 7 into file: file:/tmp/ubuntu/8ef8112d-6e98-4af3-b266-acf1b42bca10/hive_2016-10-02_10-47-36_095_8397170252109506371-1/-local-10016/HashTable-Stage-15/MapJoin-mapfile41--.hashtable
2016-10-02 10:47:43	Uploaded 1 File to: file:/tmp/ubuntu/8ef8112d-6e98-4af3-b266-acf1b42bca10/hive_2016-10-02_10-47-36_095_8397170252109506371-1/-local-10016/HashTable-Stage-15/MapJoin-mapfile41--.hashtable (504 bytes)
2016-10-02 10:47:43	End of local task; Time Taken: 1.579 sec.
Execution completed successfully
MapredLocal task succeeded
Launching Job 1 out of 9
Number of reduce tasks is set to 0 since there's no reduce operator
Starting Job = job_1475401111718_0048, Tracking URL = http://vm1:8088/proxy/application_1475401111718_0048/
Kill Command = /home/ubuntu/software/hadoop-2.6.0/bin/hadoop job  -kill job_1475401111718_0048
Hadoop job information for Stage-15: number of mappers: 5; number of reducers: 0
2016-10-02 10:48:01,425 Stage-15 map = 0%,  reduce = 0%
2016-10-02 10:48:15,002 Stage-15 map = 2%,  reduce = 0%, Cumulative CPU 10.63 sec
2016-10-02 10:48:18,113 Stage-15 map = 5%,  reduce = 0%, Cumulative CPU 36.73 sec
2016-10-02 10:48:19,180 Stage-15 map = 13%,  reduce = 0%, Cumulative CPU 48.29 sec
2016-10-02 10:48:21,265 Stage-15 map = 15%,  reduce = 0%, Cumulative CPU 51.43 sec
2016-10-02 10:48:24,373 Stage-15 map = 17%,  reduce = 0%, Cumulative CPU 66.39 sec
2016-10-02 10:48:25,414 Stage-15 map = 23%,  reduce = 0%, Cumulative CPU 77.86 sec
2016-10-02 10:48:27,490 Stage-15 map = 29%,  reduce = 0%, Cumulative CPU 86.71 sec
2016-10-02 10:48:28,531 Stage-15 map = 33%,  reduce = 0%, Cumulative CPU 92.32 sec
2016-10-02 10:48:30,617 Stage-15 map = 36%,  reduce = 0%, Cumulative CPU 107.13 sec
2016-10-02 10:48:33,725 Stage-15 map = 43%,  reduce = 0%, Cumulative CPU 119.46 sec
2016-10-02 10:48:36,825 Stage-15 map = 46%,  reduce = 0%, Cumulative CPU 134.19 sec
2016-10-02 10:48:39,939 Stage-15 map = 56%,  reduce = 0%, Cumulative CPU 148.73 sec
2016-10-02 10:48:43,057 Stage-15 map = 64%,  reduce = 0%, Cumulative CPU 163.57 sec
2016-10-02 10:48:46,176 Stage-15 map = 66%,  reduce = 0%, Cumulative CPU 175.3 sec
2016-10-02 10:48:49,288 Stage-15 map = 74%,  reduce = 0%, Cumulative CPU 186.79 sec
2016-10-02 10:48:52,389 Stage-15 map = 77%,  reduce = 0%, Cumulative CPU 198.3 sec
2016-10-02 10:48:55,498 Stage-15 map = 83%,  reduce = 0%, Cumulative CPU 209.72 sec
2016-10-02 10:48:57,571 Stage-15 map = 85%,  reduce = 0%, Cumulative CPU 211.49 sec
2016-10-02 10:48:58,610 Stage-15 map = 89%,  reduce = 0%, Cumulative CPU 220.31 sec
2016-10-02 10:49:01,725 Stage-15 map = 93%,  reduce = 0%, Cumulative CPU 229.27 sec
2016-10-02 10:49:03,825 Stage-15 map = 95%,  reduce = 0%, Cumulative CPU 231.94 sec
2016-10-02 10:49:04,866 Stage-15 map = 96%,  reduce = 0%, Cumulative CPU 237.33 sec
2016-10-02 10:49:05,910 Stage-15 map = 98%,  reduce = 0%, Cumulative CPU 238.14 sec
2016-10-02 10:49:06,955 Stage-15 map = 100%,  reduce = 0%, Cumulative CPU 240.14 sec
MapReduce Total cumulative CPU time: 4 minutes 0 seconds 140 msec
Ended Job = job_1475401111718_0048
Stage-18 is selected by condition resolver.
Stage-19 is filtered out by condition resolver.
Stage-2 is filtered out by condition resolver.
SLF4J: Class path contains multiple SLF4J bindings.
SLF4J: Found binding in [jar:file:/home/ubuntu/software/tez-0.7.1-SNAPSHOT-minimal/lib/slf4j-log4j12-1.7.5.jar!/org/slf4j/impl/StaticLoggerBinder.class]
SLF4J: Found binding in [jar:file:/home/ubuntu/software/hadoop-2.6.0/share/hadoop/common/lib/slf4j-log4j12-1.7.5.jar!/org/slf4j/impl/StaticLoggerBinder.class]
SLF4J: See http://www.slf4j.org/codes.html#multiple_bindings for an explanation.
SLF4J: Actual binding is of type [org.slf4j.impl.Log4jLoggerFactory]
Execution log at: /tmp/ubuntu/ubuntu_20161002104736_1dcdbe10-56f6-4de8-ab0b-d8dc989c09a7.log
2016-10-02 10:49:10	Starting to launch local task to process map join;	maximum memory = 932184064
2016-10-02 10:49:15	Dump the side-table for tag: 1 with group count: 3863 into file: file:/tmp/ubuntu/8ef8112d-6e98-4af3-b266-acf1b42bca10/hive_2016-10-02_10-47-36_095_8397170252109506371-1/-local-10012/HashTable-Stage-12/MapJoin-mapfile21--.hashtable
2016-10-02 10:49:16	Uploaded 1 File to: file:/tmp/ubuntu/8ef8112d-6e98-4af3-b266-acf1b42bca10/hive_2016-10-02_10-47-36_095_8397170252109506371-1/-local-10012/HashTable-Stage-12/MapJoin-mapfile21--.hashtable (163270 bytes)
2016-10-02 10:49:16	End of local task; Time Taken: 5.096 sec.
Execution completed successfully
MapredLocal task succeeded
Launching Job 3 out of 9
Number of reduce tasks is set to 0 since there's no reduce operator
Starting Job = job_1475401111718_0049, Tracking URL = http://vm1:8088/proxy/application_1475401111718_0049/
Kill Command = /home/ubuntu/software/hadoop-2.6.0/bin/hadoop job  -kill job_1475401111718_0049
Hadoop job information for Stage-12: number of mappers: 10; number of reducers: 0
2016-10-02 10:49:21,584 Stage-12 map = 0%,  reduce = 0%
2016-10-02 10:49:28,843 Stage-12 map = 10%,  reduce = 0%, Cumulative CPU 2.74 sec
2016-10-02 10:49:32,997 Stage-12 map = 11%,  reduce = 0%, Cumulative CPU 10.42 sec
2016-10-02 10:49:35,084 Stage-12 map = 12%,  reduce = 0%, Cumulative CPU 57.29 sec
2016-10-02 10:49:36,137 Stage-12 map = 17%,  reduce = 0%, Cumulative CPU 60.34 sec
2016-10-02 10:49:40,292 Stage-12 map = 36%,  reduce = 0%, Cumulative CPU 99.55 sec
2016-10-02 10:49:41,329 Stage-12 map = 60%,  reduce = 0%, Cumulative CPU 113.4 sec
2016-10-02 10:49:43,406 Stage-12 map = 62%,  reduce = 0%, Cumulative CPU 125.43 sec
2016-10-02 10:49:44,445 Stage-12 map = 82%,  reduce = 0%, Cumulative CPU 140.77 sec
2016-10-02 10:49:45,480 Stage-12 map = 91%,  reduce = 0%, Cumulative CPU 143.29 sec
2016-10-02 10:49:46,512 Stage-12 map = 100%,  reduce = 0%, Cumulative CPU 148.77 sec
MapReduce Total cumulative CPU time: 2 minutes 28 seconds 770 msec
Ended Job = job_1475401111718_0049
Stage-16 is selected by condition resolver.
Stage-17 is filtered out by condition resolver.
Stage-3 is filtered out by condition resolver.
SLF4J: Class path contains multiple SLF4J bindings.
SLF4J: Found binding in [jar:file:/home/ubuntu/software/tez-0.7.1-SNAPSHOT-minimal/lib/slf4j-log4j12-1.7.5.jar!/org/slf4j/impl/StaticLoggerBinder.class]
SLF4J: Found binding in [jar:file:/home/ubuntu/software/hadoop-2.6.0/share/hadoop/common/lib/slf4j-log4j12-1.7.5.jar!/org/slf4j/impl/StaticLoggerBinder.class]
SLF4J: See http://www.slf4j.org/codes.html#multiple_bindings for an explanation.
SLF4J: Actual binding is of type [org.slf4j.impl.Log4jLoggerFactory]
Execution log at: /tmp/ubuntu/ubuntu_20161002104736_1dcdbe10-56f6-4de8-ab0b-d8dc989c09a7.log
2016-10-02 10:49:51	Starting to launch local task to process map join;	maximum memory = 932184064
2016-10-02 10:49:53	Dump the side-table for tag: 1 with group count: 60 into file: file:/tmp/ubuntu/8ef8112d-6e98-4af3-b266-acf1b42bca10/hive_2016-10-02_10-47-36_095_8397170252109506371-1/-local-10008/HashTable-Stage-9/MapJoin-mapfile01--.hashtable
2016-10-02 10:49:53	Uploaded 1 File to: file:/tmp/ubuntu/8ef8112d-6e98-4af3-b266-acf1b42bca10/hive_2016-10-02_10-47-36_095_8397170252109506371-1/-local-10008/HashTable-Stage-9/MapJoin-mapfile01--.hashtable (2248 bytes)
2016-10-02 10:49:53	End of local task; Time Taken: 1.63 sec.
Execution completed successfully
MapredLocal task succeeded
Launching Job 5 out of 9
Number of reduce tasks is set to 0 since there's no reduce operator
Starting Job = job_1475401111718_0050, Tracking URL = http://vm1:8088/proxy/application_1475401111718_0050/
Kill Command = /home/ubuntu/software/hadoop-2.6.0/bin/hadoop job  -kill job_1475401111718_0050
Hadoop job information for Stage-9: number of mappers: 4; number of reducers: 0
2016-10-02 10:49:58,462 Stage-9 map = 0%,  reduce = 0%
2016-10-02 10:50:07,794 Stage-9 map = 25%,  reduce = 0%, Cumulative CPU 2.32 sec
2016-10-02 10:50:08,838 Stage-9 map = 50%,  reduce = 0%, Cumulative CPU 5.66 sec
2016-10-02 10:50:10,902 Stage-9 map = 82%,  reduce = 0%, Cumulative CPU 19.27 sec
2016-10-02 10:50:11,935 Stage-9 map = 100%,  reduce = 0%, Cumulative CPU 21.84 sec
MapReduce Total cumulative CPU time: 21 seconds 840 msec
Ended Job = job_1475401111718_0050
Launching Job 6 out of 9
Number of reduce tasks not specified. Defaulting to jobconf value of: 10
In order to change the average load for a reducer (in bytes):
  set hive.exec.reducers.bytes.per.reducer=<number>
In order to limit the maximum number of reducers:
  set hive.exec.reducers.max=<number>
In order to set a constant number of reducers:
  set mapreduce.job.reduces=<number>
Starting Job = job_1475401111718_0051, Tracking URL = http://vm1:8088/proxy/application_1475401111718_0051/
Kill Command = /home/ubuntu/software/hadoop-2.6.0/bin/hadoop job  -kill job_1475401111718_0051
Hadoop job information for Stage-4: number of mappers: 1; number of reducers: 10
2016-10-02 10:50:18,826 Stage-4 map = 0%,  reduce = 0%
2016-10-02 10:50:24,995 Stage-4 map = 100%,  reduce = 0%, Cumulative CPU 2.91 sec
2016-10-02 10:50:32,220 Stage-4 map = 100%,  reduce = 30%, Cumulative CPU 9.54 sec
2016-10-02 10:50:33,271 Stage-4 map = 100%,  reduce = 60%, Cumulative CPU 15.9 sec
2016-10-02 10:50:34,313 Stage-4 map = 100%,  reduce = 100%, Cumulative CPU 24.48 sec
MapReduce Total cumulative CPU time: 24 seconds 480 msec
Ended Job = job_1475401111718_0051
Launching Job 7 out of 9
Number of reduce tasks determined at compile time: 1
In order to change the average load for a reducer (in bytes):
  set hive.exec.reducers.bytes.per.reducer=<number>
In order to limit the maximum number of reducers:
  set hive.exec.reducers.max=<number>
In order to set a constant number of reducers:
  set mapreduce.job.reduces=<number>
Starting Job = job_1475401111718_0052, Tracking URL = http://vm1:8088/proxy/application_1475401111718_0052/
Kill Command = /home/ubuntu/software/hadoop-2.6.0/bin/hadoop job  -kill job_1475401111718_0052
Hadoop job information for Stage-5: number of mappers: 4; number of reducers: 1
2016-10-02 10:50:41,111 Stage-5 map = 0%,  reduce = 0%
2016-10-02 10:50:49,415 Stage-5 map = 100%,  reduce = 0%, Cumulative CPU 7.11 sec
2016-10-02 10:50:55,634 Stage-5 map = 100%,  reduce = 100%, Cumulative CPU 8.78 sec
MapReduce Total cumulative CPU time: 8 seconds 780 msec
Ended Job = job_1475401111718_0052
MapReduce Jobs Launched: 
Stage-Stage-15: Map: 5   Cumulative CPU: 240.14 sec   HDFS Read: 1164950191 HDFS Write: 2535951899 SUCCESS
Stage-Stage-12: Map: 10   Cumulative CPU: 148.77 sec   HDFS Read: 2536061785 HDFS Write: 246864664 SUCCESS
Stage-Stage-9: Map: 4   Cumulative CPU: 21.84 sec   HDFS Read: 246918146 HDFS Write: 1432349 SUCCESS
Stage-Stage-4: Map: 1  Reduce: 10   Cumulative CPU: 24.48 sec   HDFS Read: 1483413 HDFS Write: 433108 SUCCESS
Stage-Stage-5: Map: 4  Reduce: 1   Cumulative CPU: 8.78 sec   HDFS Read: 448670 HDFS Write: 2799 SUCCESS
Total MapReduce CPU Time Spent: 7 minutes 24 seconds 10 msec
OK
Time taken: 201.671 seconds, Fetched: 100 row(s)
43.07user 3.89system 3:29.12elapsed 22%CPU (0avgtext+0avgdata 742584maxresident)k
114728inputs+459168outputs (110major+198420minor)pagefaults 0swaps
