
Logging initialized using configuration in jar:file:/home/ubuntu/software/hive-1.2.1/lib/hive-common-1.2.1.jar!/hive-log4j.properties
Hive history file=/tmp/ubuntu/hive_job_log_51012972-e377-4d70-be2d-3a4b9094dd16_967822712.txt
SLF4J: Class path contains multiple SLF4J bindings.
SLF4J: Found binding in [jar:file:/home/ubuntu/software/tez-0.7.1-SNAPSHOT-minimal/lib/slf4j-log4j12-1.7.5.jar!/org/slf4j/impl/StaticLoggerBinder.class]
SLF4J: Found binding in [jar:file:/home/ubuntu/software/hadoop-2.6.0/share/hadoop/common/lib/slf4j-log4j12-1.7.5.jar!/org/slf4j/impl/StaticLoggerBinder.class]
SLF4J: See http://www.slf4j.org/codes.html#multiple_bindings for an explanation.
SLF4J: Actual binding is of type [org.slf4j.impl.Log4jLoggerFactory]
OK
Time taken: 0.894 seconds
Query ID = ubuntu_20161001084734_1cee1018-6e4a-40cd-a1d1-d98bf08caf9c
Total jobs = 1
Launching Job 1 out of 1


Status: Running (Executing on YARN cluster with App id application_1475271333482_0120)

Map 1: -/-	Map 5: -/-	Map 6: -/-	Map 7: -/-	Map 8: -/-	Reducer 2: 0/3	Reducer 3: 0/1	Reducer 4: 0/1	
Map 1: 0/39	Map 5: 0/50	Map 6: 0/1	Map 7: 0/1	Map 8: 0/1	Reducer 2: 0/3	Reducer 3: 0/1	Reducer 4: 0/1	
Map 1: 0/39	Map 5: 0(+4)/50	Map 6: 0/1	Map 7: 0/1	Map 8: 0/1	Reducer 2: 0/3	Reducer 3: 0/1	Reducer 4: 0/1	
Map 1: 0/39	Map 5: 0(+4)/50	Map 6: 0/1	Map 7: 0/1	Map 8: 0/1	Reducer 2: 0/3	Reducer 3: 0/1	Reducer 4: 0/1	
Map 1: 0/39	Map 5: 0(+8)/50	Map 6: 0/1	Map 7: 0/1	Map 8: 0/1	Reducer 2: 0/3	Reducer 3: 0/1	Reducer 4: 0/1	
Map 1: 0/39	Map 5: 0(+10)/50	Map 6: 0(+1)/1	Map 7: 0(+1)/1	Map 8: 0/1	Reducer 2: 0/3	Reducer 3: 0/1	Reducer 4: 0/1	
Map 1: 0/39	Map 5: 0(+14)/50	Map 6: 0(+1)/1	Map 7: 0(+1)/1	Map 8: 0/1	Reducer 2: 0/3	Reducer 3: 0/1	Reducer 4: 0/1	
Map 1: 0/39	Map 5: 2(+11)/50	Map 6: 0(+1)/1	Map 7: 0(+1)/1	Map 8: 0/1	Reducer 2: 0/3	Reducer 3: 0/1	Reducer 4: 0/1	
Map 1: 0/39	Map 5: 4(+10)/50	Map 6: 0(+1)/1	Map 7: 0(+1)/1	Map 8: 0/1	Reducer 2: 0/3	Reducer 3: 0/1	Reducer 4: 0/1	
Map 1: 0/39	Map 5: 4(+11)/50	Map 6: 0(+1)/1	Map 7: 0(+1)/1	Map 8: 0/1	Reducer 2: 0/3	Reducer 3: 0/1	Reducer 4: 0/1	
Map 1: 0/39	Map 5: 4(+12)/50	Map 6: 0(+1)/1	Map 7: 0(+1)/1	Map 8: 0/1	Reducer 2: 0/3	Reducer 3: 0/1	Reducer 4: 0/1	
Map 1: 0/39	Map 5: 4(+13)/50	Map 6: 0(+1)/1	Map 7: 0(+1)/1	Map 8: 0/1	Reducer 2: 0/3	Reducer 3: 0/1	Reducer 4: 0/1	
Map 1: 0/39	Map 5: 4(+14)/50	Map 6: 0(+1)/1	Map 7: 0(+1)/1	Map 8: 0/1	Reducer 2: 0/3	Reducer 3: 0/1	Reducer 4: 0/1	
Map 1: 0/39	Map 5: 4(+14)/50	Map 6: 1/1	Map 7: 0(+1)/1	Map 8: 0/1	Reducer 2: 0/3	Reducer 3: 0/1	Reducer 4: 0/1	
Map 1: 0/39	Map 5: 4(+14)/50	Map 6: 1/1	Map 7: 1/1	Map 8: 0/1	Reducer 2: 0/3	Reducer 3: 0/1	Reducer 4: 0/1	
Map 1: 0/39	Map 5: 9(+9)/50	Map 6: 1/1	Map 7: 1/1	Map 8: 0/1	Reducer 2: 0/3	Reducer 3: 0/1	Reducer 4: 0/1	
Map 1: 0/39	Map 5: 11(+8)/50	Map 6: 1/1	Map 7: 1/1	Map 8: 0/1	Reducer 2: 0/3	Reducer 3: 0/1	Reducer 4: 0/1	
Map 1: 0/39	Map 5: 12(+7)/50	Map 6: 1/1	Map 7: 1/1	Map 8: 0/1	Reducer 2: 0/3	Reducer 3: 0/1	Reducer 4: 0/1	
Map 1: 0/39	Map 5: 17(+2)/50	Map 6: 1/1	Map 7: 1/1	Map 8: 0/1	Reducer 2: 0/3	Reducer 3: 0/1	Reducer 4: 0/1	
Map 1: 0/39	Map 5: 17(+3)/50	Map 6: 1/1	Map 7: 1/1	Map 8: 0/1	Reducer 2: 0/3	Reducer 3: 0/1	Reducer 4: 0/1	
Map 1: 0/39	Map 5: 18(+2)/50	Map 6: 1/1	Map 7: 1/1	Map 8: 0/1	Reducer 2: 0/3	Reducer 3: 0/1	Reducer 4: 0/1	
Map 1: 0(+1)/39	Map 5: 18(+2)/50	Map 6: 1/1	Map 7: 1/1	Map 8: 0/1	Reducer 2: 0/3	Reducer 3: 0/1	Reducer 4: 0/1	
Map 1: 0(+2)/39	Map 5: 18(+3)/50	Map 6: 1/1	Map 7: 1/1	Map 8: 0/1	Reducer 2: 0/3	Reducer 3: 0/1	Reducer 4: 0/1	
Map 1: 0(+2)/39	Map 5: 18(+4)/50	Map 6: 1/1	Map 7: 1/1	Map 8: 0/1	Reducer 2: 0/3	Reducer 3: 0/1	Reducer 4: 0/1	
Map 1: 0(+2)/39	Map 5: 18(+8)/50	Map 6: 1/1	Map 7: 1/1	Map 8: 0/1	Reducer 2: 0/3	Reducer 3: 0/1	Reducer 4: 0/1	
Map 1: 0(+3)/39	Map 5: 18(+8)/50	Map 6: 1/1	Map 7: 1/1	Map 8: 0/1	Reducer 2: 0/3	Reducer 3: 0/1	Reducer 4: 0/1	
Map 1: 0(+3)/39	Map 5: 18(+9)/50	Map 6: 1/1	Map 7: 1/1	Map 8: 0/1	Reducer 2: 0/3	Reducer 3: 0/1	Reducer 4: 0/1	
Map 1: 0(+3)/39	Map 5: 18(+12)/50	Map 6: 1/1	Map 7: 1/1	Map 8: 0/1	Reducer 2: 0/3	Reducer 3: 0/1	Reducer 4: 0/1	
Map 1: 0(+4)/39	Map 5: 19(+11)/50	Map 6: 1/1	Map 7: 1/1	Map 8: 0/1	Reducer 2: 0/3	Reducer 3: 0/1	Reducer 4: 0/1	
Map 1: 0(+4)/39	Map 5: 20(+10)/50	Map 6: 1/1	Map 7: 1/1	Map 8: 0/1	Reducer 2: 0/3	Reducer 3: 0/1	Reducer 4: 0/1	
Map 1: 0(+4)/39	Map 5: 22(+9)/50	Map 6: 1/1	Map 7: 1/1	Map 8: 0/1	Reducer 2: 0/3	Reducer 3: 0/1	Reducer 4: 0/1	
Map 1: 0(+4)/39	Map 5: 27(+5)/50	Map 6: 1/1	Map 7: 1/1	Map 8: 0/1	Reducer 2: 0/3	Reducer 3: 0/1	Reducer 4: 0/1	
Map 1: 0(+4)/39	Map 5: 30(+2)/50	Map 6: 1/1	Map 7: 1/1	Map 8: 0/1	Reducer 2: 0/3	Reducer 3: 0/1	Reducer 4: 0/1	
Map 1: 0(+4)/39	Map 5: 30(+8)/50	Map 6: 1/1	Map 7: 1/1	Map 8: 0/1	Reducer 2: 0/3	Reducer 3: 0/1	Reducer 4: 0/1	
Map 1: 0(+4)/39	Map 5: 30(+9)/50	Map 6: 1/1	Map 7: 1/1	Map 8: 0/1	Reducer 2: 0/3	Reducer 3: 0/1	Reducer 4: 0/1	
Map 1: 0(+4)/39	Map 5: 30(+10)/50	Map 6: 1/1	Map 7: 1/1	Map 8: 0/1	Reducer 2: 0/3	Reducer 3: 0/1	Reducer 4: 0/1	
Map 1: 0(+4)/39	Map 5: 30(+11)/50	Map 6: 1/1	Map 7: 1/1	Map 8: 0/1	Reducer 2: 0/3	Reducer 3: 0/1	Reducer 4: 0/1	
Map 1: 0(+4)/39	Map 5: 31(+11)/50	Map 6: 1/1	Map 7: 1/1	Map 8: 0/1	Reducer 2: 0/3	Reducer 3: 0/1	Reducer 4: 0/1	
Map 1: 0(+4)/39	Map 5: 32(+10)/50	Map 6: 1/1	Map 7: 1/1	Map 8: 0/1	Reducer 2: 0/3	Reducer 3: 0/1	Reducer 4: 0/1	
Map 1: 0(+4)/39	Map 5: 32(+11)/50	Map 6: 1/1	Map 7: 1/1	Map 8: 0/1	Reducer 2: 0/3	Reducer 3: 0/1	Reducer 4: 0/1	
Map 1: 0(+4)/39	Map 5: 38(+5)/50	Map 6: 1/1	Map 7: 1/1	Map 8: 0/1	Reducer 2: 0/3	Reducer 3: 0/1	Reducer 4: 0/1	
Map 1: 0(+4)/39	Map 5: 40(+4)/50	Map 6: 1/1	Map 7: 1/1	Map 8: 0/1	Reducer 2: 0/3	Reducer 3: 0/1	Reducer 4: 0/1	
Map 1: 0(+4)/39	Map 5: 41(+3)/50	Map 6: 1/1	Map 7: 1/1	Map 8: 0/1	Reducer 2: 0/3	Reducer 3: 0/1	Reducer 4: 0/1	
Map 1: 0(+4)/39	Map 5: 42(+2)/50	Map 6: 1/1	Map 7: 1/1	Map 8: 0/1	Reducer 2: 0/3	Reducer 3: 0/1	Reducer 4: 0/1	
Map 1: 0(+5)/39	Map 5: 42(+2)/50	Map 6: 1/1	Map 7: 1/1	Map 8: 0/1	Reducer 2: 0/3	Reducer 3: 0/1	Reducer 4: 0/1	
Map 1: 0(+7)/39	Map 5: 42(+3)/50	Map 6: 1/1	Map 7: 1/1	Map 8: 0/1	Reducer 2: 0/3	Reducer 3: 0/1	Reducer 4: 0/1	
Map 1: 0(+7)/39	Map 5: 42(+6)/50	Map 6: 1/1	Map 7: 1/1	Map 8: 0/1	Reducer 2: 0/3	Reducer 3: 0/1	Reducer 4: 0/1	
Map 1: 0(+8)/39	Map 5: 42(+6)/50	Map 6: 1/1	Map 7: 1/1	Map 8: 0/1	Reducer 2: 0/3	Reducer 3: 0/1	Reducer 4: 0/1	
Map 1: 0(+8)/39	Map 5: 43(+6)/50	Map 6: 1/1	Map 7: 1/1	Map 8: 0/1	Reducer 2: 0/3	Reducer 3: 0/1	Reducer 4: 0/1	
Map 1: 0(+9)/39	Map 5: 43(+6)/50	Map 6: 1/1	Map 7: 1/1	Map 8: 0/1	Reducer 2: 0/3	Reducer 3: 0/1	Reducer 4: 0/1	
Map 1: 0(+9)/39	Map 5: 44(+5)/50	Map 6: 1/1	Map 7: 1/1	Map 8: 0/1	Reducer 2: 0/3	Reducer 3: 0/1	Reducer 4: 0/1	
Map 1: 0(+9)/39	Map 5: 44(+6)/50	Map 6: 1/1	Map 7: 1/1	Map 8: 0/1	Reducer 2: 0/3	Reducer 3: 0/1	Reducer 4: 0/1	
Map 1: 0(+9)/39	Map 5: 45(+5)/50	Map 6: 1/1	Map 7: 1/1	Map 8: 0/1	Reducer 2: 0/3	Reducer 3: 0/1	Reducer 4: 0/1	
Map 1: 0(+9)/39	Map 5: 48(+2)/50	Map 6: 1/1	Map 7: 1/1	Map 8: 0/1	Reducer 2: 0/3	Reducer 3: 0/1	Reducer 4: 0/1	
Map 1: 0(+9)/39	Map 5: 48(+2)/50	Map 6: 1/1	Map 7: 1/1	Map 8: 0(+1)/1	Reducer 2: 0/3	Reducer 3: 0/1	Reducer 4: 0/1	
Map 1: 0(+9)/39	Map 5: 49(+1)/50	Map 6: 1/1	Map 7: 1/1	Map 8: 0(+1)/1	Reducer 2: 0/3	Reducer 3: 0/1	Reducer 4: 0/1	
Map 1: 0(+10)/39	Map 5: 49(+1)/50	Map 6: 1/1	Map 7: 1/1	Map 8: 0(+1)/1	Reducer 2: 0/3	Reducer 3: 0/1	Reducer 4: 0/1	
Map 1: 0(+12)/39	Map 5: 49(+1)/50	Map 6: 1/1	Map 7: 1/1	Map 8: 0(+1)/1	Reducer 2: 0/3	Reducer 3: 0/1	Reducer 4: 0/1	
Map 1: 0(+13)/39	Map 5: 49(+1)/50	Map 6: 1/1	Map 7: 1/1	Map 8: 0(+1)/1	Reducer 2: 0/3	Reducer 3: 0/1	Reducer 4: 0/1	
Map 1: 0(+13)/39	Map 5: 50/50	Map 6: 1/1	Map 7: 1/1	Map 8: 0(+1)/1	Reducer 2: 0/3	Reducer 3: 0/1	Reducer 4: 0/1	
Map 1: 0(+14)/39	Map 5: 50/50	Map 6: 1/1	Map 7: 1/1	Map 8: 1/1	Reducer 2: 0/3	Reducer 3: 0/1	Reducer 4: 0/1	
Map 1: 0(+15)/39	Map 5: 50/50	Map 6: 1/1	Map 7: 1/1	Map 8: 1/1	Reducer 2: 0/3	Reducer 3: 0/1	Reducer 4: 0/1	
Map 1: 0(+16)/39	Map 5: 50/50	Map 6: 1/1	Map 7: 1/1	Map 8: 1/1	Reducer 2: 0/3	Reducer 3: 0/1	Reducer 4: 0/1	
Map 1: 0(+16)/39	Map 5: 50/50	Map 6: 1/1	Map 7: 1/1	Map 8: 1/1	Reducer 2: 0/3	Reducer 3: 0/1	Reducer 4: 0/1	
Map 1: 0(+16)/39	Map 5: 50/50	Map 6: 1/1	Map 7: 1/1	Map 8: 1/1	Reducer 2: 0/3	Reducer 3: 0/1	Reducer 4: 0/1	
Map 1: 1(+15)/39	Map 5: 50/50	Map 6: 1/1	Map 7: 1/1	Map 8: 1/1	Reducer 2: 0/3	Reducer 3: 0/1	Reducer 4: 0/1	
Map 1: 2(+14)/39	Map 5: 50/50	Map 6: 1/1	Map 7: 1/1	Map 8: 1/1	Reducer 2: 0/3	Reducer 3: 0/1	Reducer 4: 0/1	
Map 1: 2(+15)/39	Map 5: 50/50	Map 6: 1/1	Map 7: 1/1	Map 8: 1/1	Reducer 2: 0/3	Reducer 3: 0/1	Reducer 4: 0/1	
Map 1: 3(+14)/39	Map 5: 50/50	Map 6: 1/1	Map 7: 1/1	Map 8: 1/1	Reducer 2: 0/3	Reducer 3: 0/1	Reducer 4: 0/1	
Map 1: 4(+14)/39	Map 5: 50/50	Map 6: 1/1	Map 7: 1/1	Map 8: 1/1	Reducer 2: 0/3	Reducer 3: 0/1	Reducer 4: 0/1	
Map 1: 4(+15)/39	Map 5: 50/50	Map 6: 1/1	Map 7: 1/1	Map 8: 1/1	Reducer 2: 0/3	Reducer 3: 0/1	Reducer 4: 0/1	
Map 1: 4(+16)/39	Map 5: 50/50	Map 6: 1/1	Map 7: 1/1	Map 8: 1/1	Reducer 2: 0/3	Reducer 3: 0/1	Reducer 4: 0/1	
Map 1: 4(+16)/39	Map 5: 50/50	Map 6: 1/1	Map 7: 1/1	Map 8: 1/1	Reducer 2: 0/3	Reducer 3: 0/1	Reducer 4: 0/1	
Map 1: 4(+16)/39	Map 5: 50/50	Map 6: 1/1	Map 7: 1/1	Map 8: 1/1	Reducer 2: 0/3	Reducer 3: 0/1	Reducer 4: 0/1	
Map 1: 5(+15)/39	Map 5: 50/50	Map 6: 1/1	Map 7: 1/1	Map 8: 1/1	Reducer 2: 0/3	Reducer 3: 0/1	Reducer 4: 0/1	
Map 1: 6(+14)/39	Map 5: 50/50	Map 6: 1/1	Map 7: 1/1	Map 8: 1/1	Reducer 2: 0/3	Reducer 3: 0/1	Reducer 4: 0/1	
Map 1: 6(+15)/39	Map 5: 50/50	Map 6: 1/1	Map 7: 1/1	Map 8: 1/1	Reducer 2: 0/3	Reducer 3: 0/1	Reducer 4: 0/1	
Map 1: 7(+14)/39	Map 5: 50/50	Map 6: 1/1	Map 7: 1/1	Map 8: 1/1	Reducer 2: 0/3	Reducer 3: 0/1	Reducer 4: 0/1	
Map 1: 8(+13)/39	Map 5: 50/50	Map 6: 1/1	Map 7: 1/1	Map 8: 1/1	Reducer 2: 0/3	Reducer 3: 0/1	Reducer 4: 0/1	
Map 1: 8(+14)/39	Map 5: 50/50	Map 6: 1/1	Map 7: 1/1	Map 8: 1/1	Reducer 2: 0/3	Reducer 3: 0/1	Reducer 4: 0/1	
Map 1: 9(+13)/39	Map 5: 50/50	Map 6: 1/1	Map 7: 1/1	Map 8: 1/1	Reducer 2: 0/3	Reducer 3: 0/1	Reducer 4: 0/1	
Map 1: 9(+14)/39	Map 5: 50/50	Map 6: 1/1	Map 7: 1/1	Map 8: 1/1	Reducer 2: 0/3	Reducer 3: 0/1	Reducer 4: 0/1	
Map 1: 9(+15)/39	Map 5: 50/50	Map 6: 1/1	Map 7: 1/1	Map 8: 1/1	Reducer 2: 0/3	Reducer 3: 0/1	Reducer 4: 0/1	
Map 1: 9(+16)/39	Map 5: 50/50	Map 6: 1/1	Map 7: 1/1	Map 8: 1/1	Reducer 2: 0/3	Reducer 3: 0/1	Reducer 4: 0/1	
Map 1: 10(+15)/39	Map 5: 50/50	Map 6: 1/1	Map 7: 1/1	Map 8: 1/1	Reducer 2: 0/3	Reducer 3: 0/1	Reducer 4: 0/1	
Map 1: 11(+14)/39	Map 5: 50/50	Map 6: 1/1	Map 7: 1/1	Map 8: 1/1	Reducer 2: 0/3	Reducer 3: 0/1	Reducer 4: 0/1	
Map 1: 11(+15)/39	Map 5: 50/50	Map 6: 1/1	Map 7: 1/1	Map 8: 1/1	Reducer 2: 0/3	Reducer 3: 0/1	Reducer 4: 0/1	
Map 1: 12(+14)/39	Map 5: 50/50	Map 6: 1/1	Map 7: 1/1	Map 8: 1/1	Reducer 2: 0/3	Reducer 3: 0/1	Reducer 4: 0/1	
Map 1: 12(+15)/39	Map 5: 50/50	Map 6: 1/1	Map 7: 1/1	Map 8: 1/1	Reducer 2: 0/3	Reducer 3: 0/1	Reducer 4: 0/1	
Map 1: 13(+14)/39	Map 5: 50/50	Map 6: 1/1	Map 7: 1/1	Map 8: 1/1	Reducer 2: 0/3	Reducer 3: 0/1	Reducer 4: 0/1	
Map 1: 14(+13)/39	Map 5: 50/50	Map 6: 1/1	Map 7: 1/1	Map 8: 1/1	Reducer 2: 0/3	Reducer 3: 0/1	Reducer 4: 0/1	
Map 1: 14(+14)/39	Map 5: 50/50	Map 6: 1/1	Map 7: 1/1	Map 8: 1/1	Reducer 2: 0/3	Reducer 3: 0/1	Reducer 4: 0/1	
Map 1: 15(+13)/39	Map 5: 50/50	Map 6: 1/1	Map 7: 1/1	Map 8: 1/1	Reducer 2: 0/3	Reducer 3: 0/1	Reducer 4: 0/1	
Map 1: 15(+14)/39	Map 5: 50/50	Map 6: 1/1	Map 7: 1/1	Map 8: 1/1	Reducer 2: 0/3	Reducer 3: 0/1	Reducer 4: 0/1	
Map 1: 16(+13)/39	Map 5: 50/50	Map 6: 1/1	Map 7: 1/1	Map 8: 1/1	Reducer 2: 0/3	Reducer 3: 0/1	Reducer 4: 0/1	
Map 1: 16(+14)/39	Map 5: 50/50	Map 6: 1/1	Map 7: 1/1	Map 8: 1/1	Reducer 2: 0/3	Reducer 3: 0/1	Reducer 4: 0/1	
Map 1: 17(+13)/39	Map 5: 50/50	Map 6: 1/1	Map 7: 1/1	Map 8: 1/1	Reducer 2: 0/3	Reducer 3: 0/1	Reducer 4: 0/1	
Map 1: 17(+14)/39	Map 5: 50/50	Map 6: 1/1	Map 7: 1/1	Map 8: 1/1	Reducer 2: 0/3	Reducer 3: 0/1	Reducer 4: 0/1	
Map 1: 18(+13)/39	Map 5: 50/50	Map 6: 1/1	Map 7: 1/1	Map 8: 1/1	Reducer 2: 0/3	Reducer 3: 0/1	Reducer 4: 0/1	
Map 1: 18(+14)/39	Map 5: 50/50	Map 6: 1/1	Map 7: 1/1	Map 8: 1/1	Reducer 2: 0/3	Reducer 3: 0/1	Reducer 4: 0/1	
Map 1: 18(+15)/39	Map 5: 50/50	Map 6: 1/1	Map 7: 1/1	Map 8: 1/1	Reducer 2: 0/3	Reducer 3: 0/1	Reducer 4: 0/1	
Map 1: 18(+16)/39	Map 5: 50/50	Map 6: 1/1	Map 7: 1/1	Map 8: 1/1	Reducer 2: 0/3	Reducer 3: 0/1	Reducer 4: 0/1	
Map 1: 18(+16)/39	Map 5: 50/50	Map 6: 1/1	Map 7: 1/1	Map 8: 1/1	Reducer 2: 0/3	Reducer 3: 0/1	Reducer 4: 0/1	
Map 1: 18(+16)/39	Map 5: 50/50	Map 6: 1/1	Map 7: 1/1	Map 8: 1/1	Reducer 2: 0/3	Reducer 3: 0/1	Reducer 4: 0/1	
Map 1: 18(+16)/39	Map 5: 50/50	Map 6: 1/1	Map 7: 1/1	Map 8: 1/1	Reducer 2: 0/3	Reducer 3: 0/1	Reducer 4: 0/1	
Map 1: 18(+16)/39	Map 5: 50/50	Map 6: 1/1	Map 7: 1/1	Map 8: 1/1	Reducer 2: 0/3	Reducer 3: 0/1	Reducer 4: 0/1	
Map 1: 19(+15)/39	Map 5: 50/50	Map 6: 1/1	Map 7: 1/1	Map 8: 1/1	Reducer 2: 0/3	Reducer 3: 0/1	Reducer 4: 0/1	
Map 1: 19(+16)/39	Map 5: 50/50	Map 6: 1/1	Map 7: 1/1	Map 8: 1/1	Reducer 2: 0/3	Reducer 3: 0/1	Reducer 4: 0/1	
Map 1: 20(+15)/39	Map 5: 50/50	Map 6: 1/1	Map 7: 1/1	Map 8: 1/1	Reducer 2: 0/3	Reducer 3: 0/1	Reducer 4: 0/1	
Map 1: 20(+16)/39	Map 5: 50/50	Map 6: 1/1	Map 7: 1/1	Map 8: 1/1	Reducer 2: 0/3	Reducer 3: 0/1	Reducer 4: 0/1	
Map 1: 20(+16)/39	Map 5: 50/50	Map 6: 1/1	Map 7: 1/1	Map 8: 1/1	Reducer 2: 0/3	Reducer 3: 0/1	Reducer 4: 0/1	
Map 1: 21(+15)/39	Map 5: 50/50	Map 6: 1/1	Map 7: 1/1	Map 8: 1/1	Reducer 2: 0/3	Reducer 3: 0/1	Reducer 4: 0/1	
Map 1: 22(+14)/39	Map 5: 50/50	Map 6: 1/1	Map 7: 1/1	Map 8: 1/1	Reducer 2: 0/3	Reducer 3: 0/1	Reducer 4: 0/1	
Map 1: 22(+15)/39	Map 5: 50/50	Map 6: 1/1	Map 7: 1/1	Map 8: 1/1	Reducer 2: 0/3	Reducer 3: 0/1	Reducer 4: 0/1	
Map 1: 23(+14)/39	Map 5: 50/50	Map 6: 1/1	Map 7: 1/1	Map 8: 1/1	Reducer 2: 0/3	Reducer 3: 0/1	Reducer 4: 0/1	
Map 1: 23(+15)/39	Map 5: 50/50	Map 6: 1/1	Map 7: 1/1	Map 8: 1/1	Reducer 2: 0/3	Reducer 3: 0/1	Reducer 4: 0/1	
Map 1: 24(+14)/39	Map 5: 50/50	Map 6: 1/1	Map 7: 1/1	Map 8: 1/1	Reducer 2: 0/3	Reducer 3: 0/1	Reducer 4: 0/1	
Map 1: 25(+13)/39	Map 5: 50/50	Map 6: 1/1	Map 7: 1/1	Map 8: 1/1	Reducer 2: 0/3	Reducer 3: 0/1	Reducer 4: 0/1	
Map 1: 25(+14)/39	Map 5: 50/50	Map 6: 1/1	Map 7: 1/1	Map 8: 1/1	Reducer 2: 0/3	Reducer 3: 0/1	Reducer 4: 0/1	
Map 1: 25(+14)/39	Map 5: 50/50	Map 6: 1/1	Map 7: 1/1	Map 8: 1/1	Reducer 2: 0/3	Reducer 3: 0/1	Reducer 4: 0/1	
Map 1: 25(+14)/39	Map 5: 50/50	Map 6: 1/1	Map 7: 1/1	Map 8: 1/1	Reducer 2: 0/3	Reducer 3: 0/1	Reducer 4: 0/1	
Map 1: 25(+14)/39	Map 5: 50/50	Map 6: 1/1	Map 7: 1/1	Map 8: 1/1	Reducer 2: 0/3	Reducer 3: 0/1	Reducer 4: 0/1	
Map 1: 25(+14)/39	Map 5: 50/50	Map 6: 1/1	Map 7: 1/1	Map 8: 1/1	Reducer 2: 0/3	Reducer 3: 0/1	Reducer 4: 0/1	
Map 1: 26(+13)/39	Map 5: 50/50	Map 6: 1/1	Map 7: 1/1	Map 8: 1/1	Reducer 2: 0/3	Reducer 3: 0/1	Reducer 4: 0/1	
Map 1: 27(+12)/39	Map 5: 50/50	Map 6: 1/1	Map 7: 1/1	Map 8: 1/1	Reducer 2: 0/3	Reducer 3: 0/1	Reducer 4: 0/1	
Map 1: 27(+12)/39	Map 5: 50/50	Map 6: 1/1	Map 7: 1/1	Map 8: 1/1	Reducer 2: 0/3	Reducer 3: 0/1	Reducer 4: 0/1	
Map 1: 28(+11)/39	Map 5: 50/50	Map 6: 1/1	Map 7: 1/1	Map 8: 1/1	Reducer 2: 0/3	Reducer 3: 0/1	Reducer 4: 0/1	
Map 1: 29(+10)/39	Map 5: 50/50	Map 6: 1/1	Map 7: 1/1	Map 8: 1/1	Reducer 2: 0/3	Reducer 3: 0/1	Reducer 4: 0/1	
Map 1: 30(+9)/39	Map 5: 50/50	Map 6: 1/1	Map 7: 1/1	Map 8: 1/1	Reducer 2: 0/3	Reducer 3: 0/1	Reducer 4: 0/1	
Map 1: 31(+8)/39	Map 5: 50/50	Map 6: 1/1	Map 7: 1/1	Map 8: 1/1	Reducer 2: 0/3	Reducer 3: 0/1	Reducer 4: 0/1	
Map 1: 32(+7)/39	Map 5: 50/50	Map 6: 1/1	Map 7: 1/1	Map 8: 1/1	Reducer 2: 0/3	Reducer 3: 0/1	Reducer 4: 0/1	
Map 1: 34(+5)/39	Map 5: 50/50	Map 6: 1/1	Map 7: 1/1	Map 8: 1/1	Reducer 2: 0/3	Reducer 3: 0/1	Reducer 4: 0/1	
Map 1: 35(+4)/39	Map 5: 50/50	Map 6: 1/1	Map 7: 1/1	Map 8: 1/1	Reducer 2: 0/3	Reducer 3: 0/1	Reducer 4: 0/1	
Map 1: 36(+3)/39	Map 5: 50/50	Map 6: 1/1	Map 7: 1/1	Map 8: 1/1	Reducer 2: 0/3	Reducer 3: 0/1	Reducer 4: 0/1	
Map 1: 37(+2)/39	Map 5: 50/50	Map 6: 1/1	Map 7: 1/1	Map 8: 1/1	Reducer 2: 0/3	Reducer 3: 0/1	Reducer 4: 0/1	
Map 1: 38(+1)/39	Map 5: 50/50	Map 6: 1/1	Map 7: 1/1	Map 8: 1/1	Reducer 2: 0/3	Reducer 3: 0/1	Reducer 4: 0/1	
Map 1: 38(+1)/39	Map 5: 50/50	Map 6: 1/1	Map 7: 1/1	Map 8: 1/1	Reducer 2: 0/3	Reducer 3: 0/1	Reducer 4: 0/1	
Map 1: 39/39	Map 5: 50/50	Map 6: 1/1	Map 7: 1/1	Map 8: 1/1	Reducer 2: 0/3	Reducer 3: 0/1	Reducer 4: 0/1	
Map 1: 39/39	Map 5: 50/50	Map 6: 1/1	Map 7: 1/1	Map 8: 1/1	Reducer 2: 0(+1)/3	Reducer 3: 0/1	Reducer 4: 0/1	
Map 1: 39/39	Map 5: 50/50	Map 6: 1/1	Map 7: 1/1	Map 8: 1/1	Reducer 2: 0(+2)/3	Reducer 3: 0/1	Reducer 4: 0/1	
Map 1: 39/39	Map 5: 50/50	Map 6: 1/1	Map 7: 1/1	Map 8: 1/1	Reducer 2: 0(+3)/3	Reducer 3: 0/1	Reducer 4: 0/1	
Map 1: 39/39	Map 5: 50/50	Map 6: 1/1	Map 7: 1/1	Map 8: 1/1	Reducer 2: 0(+3)/3	Reducer 3: 0/1	Reducer 4: 0/1	
Map 1: 39/39	Map 5: 50/50	Map 6: 1/1	Map 7: 1/1	Map 8: 1/1	Reducer 2: 0(+3)/3	Reducer 3: 0/1	Reducer 4: 0/1	
Map 1: 39/39	Map 5: 50/50	Map 6: 1/1	Map 7: 1/1	Map 8: 1/1	Reducer 2: 0(+3)/3	Reducer 3: 0/1	Reducer 4: 0/1	
Map 1: 39/39	Map 5: 50/50	Map 6: 1/1	Map 7: 1/1	Map 8: 1/1	Reducer 2: 0(+3)/3	Reducer 3: 0/1	Reducer 4: 0/1	
Map 1: 39/39	Map 5: 50/50	Map 6: 1/1	Map 7: 1/1	Map 8: 1/1	Reducer 2: 0(+3)/3	Reducer 3: 0/1	Reducer 4: 0/1	
Map 1: 39/39	Map 5: 50/50	Map 6: 1/1	Map 7: 1/1	Map 8: 1/1	Reducer 2: 0(+3)/3	Reducer 3: 0/1	Reducer 4: 0/1	
Map 1: 39/39	Map 5: 50/50	Map 6: 1/1	Map 7: 1/1	Map 8: 1/1	Reducer 2: 0(+3)/3	Reducer 3: 0/1	Reducer 4: 0/1	
Map 1: 39/39	Map 5: 50/50	Map 6: 1/1	Map 7: 1/1	Map 8: 1/1	Reducer 2: 0(+3)/3	Reducer 3: 0/1	Reducer 4: 0/1	
Map 1: 39/39	Map 5: 50/50	Map 6: 1/1	Map 7: 1/1	Map 8: 1/1	Reducer 2: 0(+3)/3	Reducer 3: 0/1	Reducer 4: 0/1	
Map 1: 39/39	Map 5: 50/50	Map 6: 1/1	Map 7: 1/1	Map 8: 1/1	Reducer 2: 0(+3)/3	Reducer 3: 0/1	Reducer 4: 0/1	
Map 1: 39/39	Map 5: 50/50	Map 6: 1/1	Map 7: 1/1	Map 8: 1/1	Reducer 2: 0(+3)/3	Reducer 3: 0/1	Reducer 4: 0/1	
Map 1: 39/39	Map 5: 50/50	Map 6: 1/1	Map 7: 1/1	Map 8: 1/1	Reducer 2: 0(+3)/3	Reducer 3: 0/1	Reducer 4: 0/1	
Map 1: 39/39	Map 5: 50/50	Map 6: 1/1	Map 7: 1/1	Map 8: 1/1	Reducer 2: 0(+3)/3	Reducer 3: 0/1	Reducer 4: 0/1	
Map 1: 39/39	Map 5: 50/50	Map 6: 1/1	Map 7: 1/1	Map 8: 1/1	Reducer 2: 0(+3)/3	Reducer 3: 0/1	Reducer 4: 0/1	
Map 1: 39/39	Map 5: 50/50	Map 6: 1/1	Map 7: 1/1	Map 8: 1/1	Reducer 2: 0(+3)/3	Reducer 3: 0/1	Reducer 4: 0/1	
Map 1: 39/39	Map 5: 50/50	Map 6: 1/1	Map 7: 1/1	Map 8: 1/1	Reducer 2: 0(+3)/3	Reducer 3: 0/1	Reducer 4: 0/1	
Map 1: 39/39	Map 5: 50/50	Map 6: 1/1	Map 7: 1/1	Map 8: 1/1	Reducer 2: 0(+3)/3	Reducer 3: 0/1	Reducer 4: 0/1	
Map 1: 39/39	Map 5: 50/50	Map 6: 1/1	Map 7: 1/1	Map 8: 1/1	Reducer 2: 0(+3)/3	Reducer 3: 0/1	Reducer 4: 0/1	
Map 1: 39/39	Map 5: 50/50	Map 6: 1/1	Map 7: 1/1	Map 8: 1/1	Reducer 2: 0(+3)/3	Reducer 3: 0/1	Reducer 4: 0/1	
Map 1: 39/39	Map 5: 50/50	Map 6: 1/1	Map 7: 1/1	Map 8: 1/1	Reducer 2: 0(+3)/3	Reducer 3: 0/1	Reducer 4: 0/1	
Map 1: 39/39	Map 5: 50/50	Map 6: 1/1	Map 7: 1/1	Map 8: 1/1	Reducer 2: 0(+3)/3	Reducer 3: 0/1	Reducer 4: 0/1	
Map 1: 39/39	Map 5: 50/50	Map 6: 1/1	Map 7: 1/1	Map 8: 1/1	Reducer 2: 0(+3)/3	Reducer 3: 0/1	Reducer 4: 0/1	
Map 1: 39/39	Map 5: 50/50	Map 6: 1/1	Map 7: 1/1	Map 8: 1/1	Reducer 2: 0(+3)/3	Reducer 3: 0/1	Reducer 4: 0/1	
Map 1: 39/39	Map 5: 50/50	Map 6: 1/1	Map 7: 1/1	Map 8: 1/1	Reducer 2: 0(+3)/3	Reducer 3: 0/1	Reducer 4: 0/1	
Map 1: 39/39	Map 5: 50/50	Map 6: 1/1	Map 7: 1/1	Map 8: 1/1	Reducer 2: 0(+3)/3	Reducer 3: 0/1	Reducer 4: 0/1	
Map 1: 39/39	Map 5: 50/50	Map 6: 1/1	Map 7: 1/1	Map 8: 1/1	Reducer 2: 0(+3)/3	Reducer 3: 0/1	Reducer 4: 0/1	
Map 1: 39/39	Map 5: 50/50	Map 6: 1/1	Map 7: 1/1	Map 8: 1/1	Reducer 2: 0(+3)/3	Reducer 3: 0/1	Reducer 4: 0/1	
Map 1: 39/39	Map 5: 50/50	Map 6: 1/1	Map 7: 1/1	Map 8: 1/1	Reducer 2: 0(+3)/3	Reducer 3: 0/1	Reducer 4: 0/1	
Map 1: 39/39	Map 5: 50/50	Map 6: 1/1	Map 7: 1/1	Map 8: 1/1	Reducer 2: 0(+3)/3	Reducer 3: 0/1	Reducer 4: 0/1	
Map 1: 39/39	Map 5: 50/50	Map 6: 1/1	Map 7: 1/1	Map 8: 1/1	Reducer 2: 0(+3)/3	Reducer 3: 0/1	Reducer 4: 0/1	
Map 1: 39/39	Map 5: 50/50	Map 6: 1/1	Map 7: 1/1	Map 8: 1/1	Reducer 2: 0(+3)/3	Reducer 3: 0/1	Reducer 4: 0/1	
Map 1: 39/39	Map 5: 50/50	Map 6: 1/1	Map 7: 1/1	Map 8: 1/1	Reducer 2: 0(+3)/3	Reducer 3: 0/1	Reducer 4: 0/1	
Map 1: 39/39	Map 5: 50/50	Map 6: 1/1	Map 7: 1/1	Map 8: 1/1	Reducer 2: 0(+3)/3	Reducer 3: 0/1	Reducer 4: 0/1	
Map 1: 39/39	Map 5: 50/50	Map 6: 1/1	Map 7: 1/1	Map 8: 1/1	Reducer 2: 0(+3)/3	Reducer 3: 0/1	Reducer 4: 0/1	
Map 1: 39/39	Map 5: 50/50	Map 6: 1/1	Map 7: 1/1	Map 8: 1/1	Reducer 2: 0(+3)/3	Reducer 3: 0/1	Reducer 4: 0/1	
Map 1: 39/39	Map 5: 50/50	Map 6: 1/1	Map 7: 1/1	Map 8: 1/1	Reducer 2: 0(+3)/3	Reducer 3: 0/1	Reducer 4: 0/1	
Map 1: 39/39	Map 5: 50/50	Map 6: 1/1	Map 7: 1/1	Map 8: 1/1	Reducer 2: 0(+3)/3	Reducer 3: 0/1	Reducer 4: 0/1	
Map 1: 39/39	Map 5: 50/50	Map 6: 1/1	Map 7: 1/1	Map 8: 1/1	Reducer 2: 0(+3)/3	Reducer 3: 0/1	Reducer 4: 0/1	
Map 1: 39/39	Map 5: 50/50	Map 6: 1/1	Map 7: 1/1	Map 8: 1/1	Reducer 2: 0(+3)/3	Reducer 3: 0/1	Reducer 4: 0/1	
Map 1: 39/39	Map 5: 50/50	Map 6: 1/1	Map 7: 1/1	Map 8: 1/1	Reducer 2: 0(+3)/3	Reducer 3: 0/1	Reducer 4: 0/1	
Map 1: 39/39	Map 5: 50/50	Map 6: 1/1	Map 7: 1/1	Map 8: 1/1	Reducer 2: 0(+3)/3	Reducer 3: 0/1	Reducer 4: 0/1	
Map 1: 39/39	Map 5: 50/50	Map 6: 1/1	Map 7: 1/1	Map 8: 1/1	Reducer 2: 0(+3)/3	Reducer 3: 0/1	Reducer 4: 0/1	
Map 1: 39/39	Map 5: 50/50	Map 6: 1/1	Map 7: 1/1	Map 8: 1/1	Reducer 2: 0(+3)/3	Reducer 3: 0/1	Reducer 4: 0/1	
Map 1: 39/39	Map 5: 50/50	Map 6: 1/1	Map 7: 1/1	Map 8: 1/1	Reducer 2: 0(+3)/3	Reducer 3: 0/1	Reducer 4: 0/1	
Map 1: 39/39	Map 5: 50/50	Map 6: 1/1	Map 7: 1/1	Map 8: 1/1	Reducer 2: 0(+3)/3	Reducer 3: 0/1	Reducer 4: 0/1	
Map 1: 39/39	Map 5: 50/50	Map 6: 1/1	Map 7: 1/1	Map 8: 1/1	Reducer 2: 0(+3)/3	Reducer 3: 0/1	Reducer 4: 0/1	
Map 1: 39/39	Map 5: 50/50	Map 6: 1/1	Map 7: 1/1	Map 8: 1/1	Reducer 2: 0(+3)/3	Reducer 3: 0/1	Reducer 4: 0/1	
Map 1: 39/39	Map 5: 50/50	Map 6: 1/1	Map 7: 1/1	Map 8: 1/1	Reducer 2: 0(+3)/3	Reducer 3: 0/1	Reducer 4: 0/1	
Map 1: 39/39	Map 5: 50/50	Map 6: 1/1	Map 7: 1/1	Map 8: 1/1	Reducer 2: 0(+3)/3	Reducer 3: 0/1	Reducer 4: 0/1	
Map 1: 39/39	Map 5: 50/50	Map 6: 1/1	Map 7: 1/1	Map 8: 1/1	Reducer 2: 0(+3)/3	Reducer 3: 0/1	Reducer 4: 0/1	
Map 1: 39/39	Map 5: 50/50	Map 6: 1/1	Map 7: 1/1	Map 8: 1/1	Reducer 2: 0(+3)/3	Reducer 3: 0/1	Reducer 4: 0/1	
Map 1: 39/39	Map 5: 50/50	Map 6: 1/1	Map 7: 1/1	Map 8: 1/1	Reducer 2: 0(+3)/3	Reducer 3: 0/1	Reducer 4: 0/1	
Map 1: 39/39	Map 5: 50/50	Map 6: 1/1	Map 7: 1/1	Map 8: 1/1	Reducer 2: 0(+3)/3	Reducer 3: 0/1	Reducer 4: 0/1	
Map 1: 39/39	Map 5: 50/50	Map 6: 1/1	Map 7: 1/1	Map 8: 1/1	Reducer 2: 0(+3)/3	Reducer 3: 0/1	Reducer 4: 0/1	
Map 1: 39/39	Map 5: 50/50	Map 6: 1/1	Map 7: 1/1	Map 8: 1/1	Reducer 2: 1(+2)/3	Reducer 3: 0/1	Reducer 4: 0/1	
Map 1: 39/39	Map 5: 50/50	Map 6: 1/1	Map 7: 1/1	Map 8: 1/1	Reducer 2: 1(+2)/3	Reducer 3: 0/1	Reducer 4: 0/1	
Map 1: 39/39	Map 5: 50/50	Map 6: 1/1	Map 7: 1/1	Map 8: 1/1	Reducer 2: 1(+2)/3	Reducer 3: 0/1	Reducer 4: 0/1	
Map 1: 39/39	Map 5: 50/50	Map 6: 1/1	Map 7: 1/1	Map 8: 1/1	Reducer 2: 2(+1)/3	Reducer 3: 0/1	Reducer 4: 0/1	
Map 1: 39/39	Map 5: 50/50	Map 6: 1/1	Map 7: 1/1	Map 8: 1/1	Reducer 2: 2(+1)/3	Reducer 3: 0/1	Reducer 4: 0/1	
Map 1: 39/39	Map 5: 50/50	Map 6: 1/1	Map 7: 1/1	Map 8: 1/1	Reducer 2: 2(+1)/3	Reducer 3: 0/1	Reducer 4: 0/1	
Map 1: 39/39	Map 5: 50/50	Map 6: 1/1	Map 7: 1/1	Map 8: 1/1	Reducer 2: 2(+1)/3	Reducer 3: 0/1	Reducer 4: 0/1	
Map 1: 39/39	Map 5: 50/50	Map 6: 1/1	Map 7: 1/1	Map 8: 1/1	Reducer 2: 3/3	Reducer 3: 0/1	Reducer 4: 0/1	
Map 1: 39/39	Map 5: 50/50	Map 6: 1/1	Map 7: 1/1	Map 8: 1/1	Reducer 2: 3/3	Reducer 3: 0(+1)/1	Reducer 4: 0/1	
Map 1: 39/39	Map 5: 50/50	Map 6: 1/1	Map 7: 1/1	Map 8: 1/1	Reducer 2: 3/3	Reducer 3: 1/1	Reducer 4: 0/1	
Map 1: 39/39	Map 5: 50/50	Map 6: 1/1	Map 7: 1/1	Map 8: 1/1	Reducer 2: 3/3	Reducer 3: 1/1	Reducer 4: 0(+1)/1	
Map 1: 39/39	Map 5: 50/50	Map 6: 1/1	Map 7: 1/1	Map 8: 1/1	Reducer 2: 3/3	Reducer 3: 1/1	Reducer 4: 1/1	
OK
Time taken: 346.245 seconds, Fetched: 72 row(s)
18.42user 1.34system 6:06.98elapsed 5%CPU (0avgtext+0avgdata 708080maxresident)k
114304inputs+1872outputs (111major+84798minor)pagefaults 0swaps
