
Logging initialized using configuration in jar:file:/home/ubuntu/software/hive-1.2.1/lib/hive-common-1.2.1.jar!/hive-log4j.properties
Hive history file=/tmp/ubuntu/hive_job_log_60aba070-ef07-49b5-b9dd-faaff56e0876_552706657.txt
SLF4J: Class path contains multiple SLF4J bindings.
SLF4J: Found binding in [jar:file:/home/ubuntu/software/tez-0.7.1-SNAPSHOT-minimal/lib/slf4j-log4j12-1.7.5.jar!/org/slf4j/impl/StaticLoggerBinder.class]
SLF4J: Found binding in [jar:file:/home/ubuntu/software/hadoop-2.6.0/share/hadoop/common/lib/slf4j-log4j12-1.7.5.jar!/org/slf4j/impl/StaticLoggerBinder.class]
SLF4J: See http://www.slf4j.org/codes.html#multiple_bindings for an explanation.
SLF4J: Actual binding is of type [org.slf4j.impl.Log4jLoggerFactory]
OK
Time taken: 1.125 seconds
Query ID = ubuntu_20161002145059_c383a976-2887-486e-9030-a9e95c011158
Total jobs = 10
Stage-1 is selected by condition resolver.
Launching Job 1 out of 10
Number of reduce tasks not specified. Defaulting to jobconf value of: 20
In order to change the average load for a reducer (in bytes):
  set hive.exec.reducers.bytes.per.reducer=<number>
In order to limit the maximum number of reducers:
  set hive.exec.reducers.max=<number>
In order to set a constant number of reducers:
  set mapreduce.job.reduces=<number>
Starting Job = job_1475401111718_0236, Tracking URL = http://vm1:8088/proxy/application_1475401111718_0236/
Kill Command = /home/ubuntu/software/hadoop-2.6.0/bin/hadoop job  -kill job_1475401111718_0236
Hadoop job information for Stage-1: number of mappers: 82; number of reducers: 20
2016-10-02 14:51:13,258 Stage-1 map = 0%,  reduce = 0%
2016-10-02 14:51:25,977 Stage-1 map = 1%,  reduce = 0%, Cumulative CPU 44.05 sec
2016-10-02 14:51:29,133 Stage-1 map = 2%,  reduce = 0%, Cumulative CPU 82.51 sec
2016-10-02 14:51:31,225 Stage-1 map = 3%,  reduce = 0%, Cumulative CPU 94.13 sec
2016-10-02 14:51:32,284 Stage-1 map = 5%,  reduce = 0%, Cumulative CPU 103.31 sec
2016-10-02 14:51:33,330 Stage-1 map = 7%,  reduce = 0%, Cumulative CPU 108.05 sec
2016-10-02 14:51:37,485 Stage-1 map = 9%,  reduce = 0%, Cumulative CPU 132.53 sec
2016-10-02 14:51:38,540 Stage-1 map = 11%,  reduce = 0%, Cumulative CPU 144.4 sec
2016-10-02 14:51:39,622 Stage-1 map = 12%,  reduce = 0%, Cumulative CPU 150.2 sec
2016-10-02 14:51:40,673 Stage-1 map = 13%,  reduce = 0%, Cumulative CPU 159.81 sec
2016-10-02 14:51:41,733 Stage-1 map = 15%,  reduce = 0%, Cumulative CPU 197.97 sec
2016-10-02 14:51:42,802 Stage-1 map = 17%,  reduce = 0%, Cumulative CPU 202.77 sec
2016-10-02 14:51:43,862 Stage-1 map = 19%,  reduce = 0%, Cumulative CPU 207.7 sec
2016-10-02 14:51:44,906 Stage-1 map = 20%,  reduce = 0%, Cumulative CPU 213.87 sec
2016-10-02 14:51:54,395 Stage-1 map = 21%,  reduce = 0%, Cumulative CPU 277.12 sec
2016-10-02 14:51:55,437 Stage-1 map = 22%,  reduce = 0%, Cumulative CPU 287.8 sec
2016-10-02 14:51:56,483 Stage-1 map = 23%,  reduce = 0%, Cumulative CPU 299.09 sec
2016-10-02 14:51:59,621 Stage-1 map = 25%,  reduce = 0%, Cumulative CPU 328.17 sec
2016-10-02 14:52:00,670 Stage-1 map = 27%,  reduce = 0%, Cumulative CPU 333.76 sec
2016-10-02 14:52:01,725 Stage-1 map = 28%,  reduce = 0%, Cumulative CPU 336.72 sec
2016-10-02 14:52:02,779 Stage-1 map = 29%,  reduce = 0%, Cumulative CPU 351.86 sec
2016-10-02 14:52:03,855 Stage-1 map = 30%,  reduce = 0%, Cumulative CPU 360.29 sec
2016-10-02 14:52:05,988 Stage-1 map = 33%,  reduce = 0%, Cumulative CPU 386.99 sec
2016-10-02 14:52:07,026 Stage-1 map = 35%,  reduce = 0%, Cumulative CPU 397.09 sec
2016-10-02 14:52:08,064 Stage-1 map = 37%,  reduce = 0%, Cumulative CPU 407.68 sec
2016-10-02 14:52:09,119 Stage-1 map = 38%,  reduce = 0%, Cumulative CPU 416.43 sec
2016-10-02 14:52:10,175 Stage-1 map = 39%,  reduce = 0%, Cumulative CPU 429.12 sec
2016-10-02 14:52:14,421 Stage-1 map = 40%,  reduce = 0%, Cumulative CPU 438.68 sec
2016-10-02 14:52:19,660 Stage-1 map = 41%,  reduce = 0%, Cumulative CPU 474.37 sec
2016-10-02 14:52:23,824 Stage-1 map = 42%,  reduce = 0%, Cumulative CPU 514.53 sec
2016-10-02 14:52:24,862 Stage-1 map = 43%,  reduce = 0%, Cumulative CPU 520.47 sec
2016-10-02 14:52:25,898 Stage-1 map = 44%,  reduce = 0%, Cumulative CPU 528.73 sec
2016-10-02 14:52:26,950 Stage-1 map = 45%,  reduce = 0%, Cumulative CPU 533.6 sec
2016-10-02 14:52:28,000 Stage-1 map = 46%,  reduce = 0%, Cumulative CPU 542.67 sec
2016-10-02 14:52:29,065 Stage-1 map = 47%,  reduce = 0%, Cumulative CPU 552.89 sec
2016-10-02 14:52:30,107 Stage-1 map = 49%,  reduce = 0%, Cumulative CPU 560.65 sec
2016-10-02 14:52:31,154 Stage-1 map = 50%,  reduce = 0%, Cumulative CPU 574.44 sec
2016-10-02 14:52:32,193 Stage-1 map = 51%,  reduce = 0%, Cumulative CPU 577.09 sec
2016-10-02 14:52:34,302 Stage-1 map = 53%,  reduce = 0%, Cumulative CPU 598.84 sec
2016-10-02 14:52:35,358 Stage-1 map = 54%,  reduce = 0%, Cumulative CPU 601.52 sec
2016-10-02 14:52:36,420 Stage-1 map = 55%,  reduce = 0%, Cumulative CPU 611.0 sec
2016-10-02 14:52:37,476 Stage-1 map = 57%,  reduce = 0%, Cumulative CPU 626.48 sec
2016-10-02 14:52:38,516 Stage-1 map = 58%,  reduce = 0%, Cumulative CPU 632.63 sec
2016-10-02 14:52:39,581 Stage-1 map = 59%,  reduce = 0%, Cumulative CPU 645.66 sec
2016-10-02 14:52:41,685 Stage-1 map = 60%,  reduce = 0%, Cumulative CPU 657.07 sec
2016-10-02 14:52:43,790 Stage-1 map = 61%,  reduce = 0%, Cumulative CPU 664.86 sec
2016-10-02 14:52:47,985 Stage-1 map = 62%,  reduce = 0%, Cumulative CPU 693.45 sec
2016-10-02 14:52:49,038 Stage-1 map = 64%,  reduce = 0%, Cumulative CPU 709.8 sec
2016-10-02 14:52:51,107 Stage-1 map = 65%,  reduce = 0%, Cumulative CPU 736.55 sec
2016-10-02 14:52:52,195 Stage-1 map = 66%,  reduce = 0%, Cumulative CPU 750.01 sec
2016-10-02 14:52:55,298 Stage-1 map = 67%,  reduce = 0%, Cumulative CPU 772.85 sec
2016-10-02 14:52:56,342 Stage-1 map = 68%,  reduce = 0%, Cumulative CPU 775.76 sec
2016-10-02 14:52:57,388 Stage-1 map = 69%,  reduce = 0%, Cumulative CPU 780.64 sec
2016-10-02 14:52:58,443 Stage-1 map = 71%,  reduce = 0%, Cumulative CPU 787.47 sec
2016-10-02 14:53:00,519 Stage-1 map = 72%,  reduce = 0%, Cumulative CPU 800.54 sec
2016-10-02 14:53:01,553 Stage-1 map = 73%,  reduce = 0%, Cumulative CPU 806.02 sec
2016-10-02 14:53:04,669 Stage-1 map = 74%,  reduce = 0%, Cumulative CPU 829.27 sec
2016-10-02 14:53:07,809 Stage-1 map = 76%,  reduce = 0%, Cumulative CPU 851.44 sec
2016-10-02 14:53:08,858 Stage-1 map = 77%,  reduce = 0%, Cumulative CPU 861.83 sec
2016-10-02 14:53:09,946 Stage-1 map = 78%,  reduce = 0%, Cumulative CPU 878.0 sec
2016-10-02 14:53:10,983 Stage-1 map = 80%,  reduce = 0%, Cumulative CPU 888.3 sec
2016-10-02 14:53:12,037 Stage-1 map = 81%,  reduce = 0%, Cumulative CPU 901.77 sec
2016-10-02 14:53:13,096 Stage-1 map = 82%,  reduce = 0%, Cumulative CPU 907.08 sec
2016-10-02 14:53:14,161 Stage-1 map = 83%,  reduce = 0%, Cumulative CPU 912.65 sec
2016-10-02 14:53:19,435 Stage-1 map = 84%,  reduce = 0%, Cumulative CPU 926.68 sec
2016-10-02 14:53:22,547 Stage-1 map = 85%,  reduce = 0%, Cumulative CPU 950.63 sec
2016-10-02 14:53:24,624 Stage-1 map = 86%,  reduce = 0%, Cumulative CPU 974.54 sec
2016-10-02 14:53:25,659 Stage-1 map = 88%,  reduce = 0%, Cumulative CPU 982.68 sec
2016-10-02 14:53:28,754 Stage-1 map = 89%,  reduce = 0%, Cumulative CPU 993.58 sec
2016-10-02 14:53:30,836 Stage-1 map = 90%,  reduce = 0%, Cumulative CPU 1000.73 sec
2016-10-02 14:53:31,878 Stage-1 map = 92%,  reduce = 0%, Cumulative CPU 1008.48 sec
2016-10-02 14:53:34,979 Stage-1 map = 93%,  reduce = 0%, Cumulative CPU 1023.47 sec
2016-10-02 14:53:36,028 Stage-1 map = 94%,  reduce = 0%, Cumulative CPU 1027.95 sec
2016-10-02 14:53:38,123 Stage-1 map = 95%,  reduce = 0%, Cumulative CPU 1038.5 sec
2016-10-02 14:53:39,189 Stage-1 map = 96%,  reduce = 0%, Cumulative CPU 1049.16 sec
2016-10-02 14:53:40,288 Stage-1 map = 97%,  reduce = 0%, Cumulative CPU 1054.8 sec
2016-10-02 14:53:41,346 Stage-1 map = 98%,  reduce = 0%, Cumulative CPU 1062.49 sec
2016-10-02 14:53:42,391 Stage-1 map = 99%,  reduce = 0%, Cumulative CPU 1068.31 sec
2016-10-02 14:53:44,464 Stage-1 map = 100%,  reduce = 0%, Cumulative CPU 1076.0 sec
2016-10-02 14:53:54,946 Stage-1 map = 100%,  reduce = 11%, Cumulative CPU 1098.57 sec
2016-10-02 14:53:56,001 Stage-1 map = 100%,  reduce = 14%, Cumulative CPU 1104.0 sec
2016-10-02 14:53:57,047 Stage-1 map = 100%,  reduce = 24%, Cumulative CPU 1120.59 sec
2016-10-02 14:53:58,118 Stage-1 map = 100%,  reduce = 29%, Cumulative CPU 1138.74 sec
2016-10-02 14:53:59,169 Stage-1 map = 100%,  reduce = 39%, Cumulative CPU 1157.88 sec
2016-10-02 14:54:00,213 Stage-1 map = 100%,  reduce = 50%, Cumulative CPU 1184.67 sec
2016-10-02 14:54:01,265 Stage-1 map = 100%,  reduce = 55%, Cumulative CPU 1205.47 sec
2016-10-02 14:54:02,311 Stage-1 map = 100%,  reduce = 56%, Cumulative CPU 1218.2 sec
2016-10-02 14:54:03,354 Stage-1 map = 100%,  reduce = 58%, Cumulative CPU 1236.28 sec
2016-10-02 14:54:04,411 Stage-1 map = 100%,  reduce = 60%, Cumulative CPU 1254.24 sec
2016-10-02 14:54:05,486 Stage-1 map = 100%,  reduce = 63%, Cumulative CPU 1269.3 sec
2016-10-02 14:54:06,531 Stage-1 map = 100%,  reduce = 65%, Cumulative CPU 1284.21 sec
2016-10-02 14:54:07,575 Stage-1 map = 100%,  reduce = 67%, Cumulative CPU 1302.21 sec
2016-10-02 14:54:08,626 Stage-1 map = 100%,  reduce = 70%, Cumulative CPU 1320.4 sec
2016-10-02 14:54:09,680 Stage-1 map = 100%,  reduce = 73%, Cumulative CPU 1339.8 sec
2016-10-02 14:54:10,711 Stage-1 map = 100%,  reduce = 77%, Cumulative CPU 1361.34 sec
2016-10-02 14:54:12,788 Stage-1 map = 100%,  reduce = 79%, Cumulative CPU 1378.98 sec
2016-10-02 14:54:13,883 Stage-1 map = 100%,  reduce = 80%, Cumulative CPU 1384.08 sec
2016-10-02 14:54:19,027 Stage-1 map = 100%,  reduce = 90%, Cumulative CPU 1403.72 sec
2016-10-02 14:54:20,057 Stage-1 map = 100%,  reduce = 93%, Cumulative CPU 1410.24 sec
2016-10-02 14:54:22,126 Stage-1 map = 100%,  reduce = 94%, Cumulative CPU 1423.14 sec
2016-10-02 14:54:25,211 Stage-1 map = 100%,  reduce = 96%, Cumulative CPU 1436.85 sec
2016-10-02 14:54:28,296 Stage-1 map = 100%,  reduce = 98%, Cumulative CPU 1449.33 sec
2016-10-02 14:54:31,389 Stage-1 map = 100%,  reduce = 99%, Cumulative CPU 1460.77 sec
2016-10-02 14:54:32,421 Stage-1 map = 100%,  reduce = 100%, Cumulative CPU 1463.48 sec
MapReduce Total cumulative CPU time: 24 minutes 23 seconds 480 msec
Ended Job = job_1475401111718_0236
SLF4J: Class path contains multiple SLF4J bindings.
SLF4J: Found binding in [jar:file:/home/ubuntu/software/tez-0.7.1-SNAPSHOT-minimal/lib/slf4j-log4j12-1.7.5.jar!/org/slf4j/impl/StaticLoggerBinder.class]
SLF4J: Found binding in [jar:file:/home/ubuntu/software/hadoop-2.6.0/share/hadoop/common/lib/slf4j-log4j12-1.7.5.jar!/org/slf4j/impl/StaticLoggerBinder.class]
SLF4J: See http://www.slf4j.org/codes.html#multiple_bindings for an explanation.
SLF4J: Actual binding is of type [org.slf4j.impl.Log4jLoggerFactory]
Execution log at: /tmp/ubuntu/ubuntu_20161002145059_c383a976-2887-486e-9030-a9e95c011158.log
2016-10-02 14:54:36	Starting to launch local task to process map join;	maximum memory = 932184064
2016-10-02 14:54:37	Dump the side-table for tag: 1 with group count: 144 into file: file:/tmp/ubuntu/60aba070-ef07-49b5-b9dd-faaff56e0876/hive_2016-10-02_14-50-59_838_959505697200163606-1/-local-10017/HashTable-Stage-17/MapJoin-mapfile41--.hashtable
2016-10-02 14:54:37	Uploaded 1 File to: file:/tmp/ubuntu/60aba070-ef07-49b5-b9dd-faaff56e0876/hive_2016-10-02_14-50-59_838_959505697200163606-1/-local-10017/HashTable-Stage-17/MapJoin-mapfile41--.hashtable (13095 bytes)
2016-10-02 14:54:37	End of local task; Time Taken: 1.315 sec.
Execution completed successfully
MapredLocal task succeeded
Launching Job 2 out of 10
Number of reduce tasks is set to 0 since there's no reduce operator
Starting Job = job_1475401111718_0237, Tracking URL = http://vm1:8088/proxy/application_1475401111718_0237/
Kill Command = /home/ubuntu/software/hadoop-2.6.0/bin/hadoop job  -kill job_1475401111718_0237
Hadoop job information for Stage-17: number of mappers: 3; number of reducers: 0
2016-10-02 14:54:44,309 Stage-17 map = 0%,  reduce = 0%
2016-10-02 14:54:55,696 Stage-17 map = 24%,  reduce = 0%, Cumulative CPU 20.61 sec
2016-10-02 14:54:57,757 Stage-17 map = 41%,  reduce = 0%, Cumulative CPU 23.19 sec
2016-10-02 14:54:58,788 Stage-17 map = 49%,  reduce = 0%, Cumulative CPU 29.56 sec
2016-10-02 14:55:00,846 Stage-17 map = 52%,  reduce = 0%, Cumulative CPU 33.04 sec
2016-10-02 14:55:01,875 Stage-17 map = 57%,  reduce = 0%, Cumulative CPU 36.41 sec
2016-10-02 14:55:03,932 Stage-17 map = 60%,  reduce = 0%, Cumulative CPU 39.6 sec
2016-10-02 14:55:04,961 Stage-17 map = 65%,  reduce = 0%, Cumulative CPU 42.9 sec
2016-10-02 14:55:07,015 Stage-17 map = 68%,  reduce = 0%, Cumulative CPU 46.12 sec
2016-10-02 14:55:08,043 Stage-17 map = 72%,  reduce = 0%, Cumulative CPU 49.35 sec
2016-10-02 14:55:10,108 Stage-17 map = 75%,  reduce = 0%, Cumulative CPU 52.54 sec
2016-10-02 14:55:11,146 Stage-17 map = 85%,  reduce = 0%, Cumulative CPU 56.84 sec
2016-10-02 14:55:13,213 Stage-17 map = 88%,  reduce = 0%, Cumulative CPU 60.05 sec
2016-10-02 14:55:16,289 Stage-17 map = 91%,  reduce = 0%, Cumulative CPU 63.27 sec
2016-10-02 14:55:19,365 Stage-17 map = 94%,  reduce = 0%, Cumulative CPU 66.43 sec
2016-10-02 14:55:22,456 Stage-17 map = 100%,  reduce = 0%, Cumulative CPU 70.17 sec
MapReduce Total cumulative CPU time: 1 minutes 10 seconds 170 msec
Ended Job = job_1475401111718_0237
Stage-23 is selected by condition resolver.
Stage-24 is filtered out by condition resolver.
Stage-3 is filtered out by condition resolver.
SLF4J: Class path contains multiple SLF4J bindings.
SLF4J: Found binding in [jar:file:/home/ubuntu/software/tez-0.7.1-SNAPSHOT-minimal/lib/slf4j-log4j12-1.7.5.jar!/org/slf4j/impl/StaticLoggerBinder.class]
SLF4J: Found binding in [jar:file:/home/ubuntu/software/hadoop-2.6.0/share/hadoop/common/lib/slf4j-log4j12-1.7.5.jar!/org/slf4j/impl/StaticLoggerBinder.class]
SLF4J: See http://www.slf4j.org/codes.html#multiple_bindings for an explanation.
SLF4J: Actual binding is of type [org.slf4j.impl.Log4jLoggerFactory]
Execution log at: /tmp/ubuntu/ubuntu_20161002145059_c383a976-2887-486e-9030-a9e95c011158.log
2016-10-02 14:55:27	Starting to launch local task to process map join;	maximum memory = 932184064
2016-10-02 14:55:29	Dump the side-table for tag: 1 with group count: 73049 into file: file:/tmp/ubuntu/60aba070-ef07-49b5-b9dd-faaff56e0876/hive_2016-10-02_14-50-59_838_959505697200163606-1/-local-10013/HashTable-Stage-14/MapJoin-mapfile21--.hashtable
2016-10-02 14:55:29	Uploaded 1 File to: file:/tmp/ubuntu/60aba070-ef07-49b5-b9dd-faaff56e0876/hive_2016-10-02_14-50-59_838_959505697200163606-1/-local-10013/HashTable-Stage-14/MapJoin-mapfile21--.hashtable (1541779 bytes)
2016-10-02 14:55:29	End of local task; Time Taken: 1.862 sec.
Execution completed successfully
MapredLocal task succeeded
Launching Job 4 out of 10
Number of reduce tasks is set to 0 since there's no reduce operator
Starting Job = job_1475401111718_0238, Tracking URL = http://vm1:8088/proxy/application_1475401111718_0238/
Kill Command = /home/ubuntu/software/hadoop-2.6.0/bin/hadoop job  -kill job_1475401111718_0238
Hadoop job information for Stage-14: number of mappers: 4; number of reducers: 0
2016-10-02 14:55:38,716 Stage-14 map = 0%,  reduce = 0%
2016-10-02 14:56:00,383 Stage-14 map = 47%,  reduce = 0%, Cumulative CPU 60.48 sec
2016-10-02 14:56:09,677 Stage-14 map = 80%,  reduce = 0%, Cumulative CPU 96.31 sec
2016-10-02 14:56:10,712 Stage-14 map = 91%,  reduce = 0%, Cumulative CPU 96.69 sec
2016-10-02 14:56:18,982 Stage-14 map = 100%,  reduce = 0%, Cumulative CPU 105.87 sec
MapReduce Total cumulative CPU time: 1 minutes 45 seconds 870 msec
Ended Job = job_1475401111718_0238
Stage-21 is selected by condition resolver.
Stage-22 is filtered out by condition resolver.
Stage-4 is filtered out by condition resolver.
SLF4J: Class path contains multiple SLF4J bindings.
SLF4J: Found binding in [jar:file:/home/ubuntu/software/tez-0.7.1-SNAPSHOT-minimal/lib/slf4j-log4j12-1.7.5.jar!/org/slf4j/impl/StaticLoggerBinder.class]
SLF4J: Found binding in [jar:file:/home/ubuntu/software/hadoop-2.6.0/share/hadoop/common/lib/slf4j-log4j12-1.7.5.jar!/org/slf4j/impl/StaticLoggerBinder.class]
SLF4J: See http://www.slf4j.org/codes.html#multiple_bindings for an explanation.
SLF4J: Actual binding is of type [org.slf4j.impl.Log4jLoggerFactory]
Execution log at: /tmp/ubuntu/ubuntu_20161002145059_c383a976-2887-486e-9030-a9e95c011158.log
2016-10-02 14:56:23	Starting to launch local task to process map join;	maximum memory = 932184064
2016-10-02 14:56:25	Dump the side-table for tag: 1 with group count: 30 into file: file:/tmp/ubuntu/60aba070-ef07-49b5-b9dd-faaff56e0876/hive_2016-10-02_14-50-59_838_959505697200163606-1/-local-10009/HashTable-Stage-11/MapJoin-mapfile01--.hashtable
2016-10-02 14:56:25	Uploaded 1 File to: file:/tmp/ubuntu/60aba070-ef07-49b5-b9dd-faaff56e0876/hive_2016-10-02_14-50-59_838_959505697200163606-1/-local-10009/HashTable-Stage-11/MapJoin-mapfile01--.hashtable (893 bytes)
2016-10-02 14:56:25	End of local task; Time Taken: 1.453 sec.
Execution completed successfully
MapredLocal task succeeded
Launching Job 6 out of 10
Number of reduce tasks is set to 0 since there's no reduce operator
Starting Job = job_1475401111718_0239, Tracking URL = http://vm1:8088/proxy/application_1475401111718_0239/
Kill Command = /home/ubuntu/software/hadoop-2.6.0/bin/hadoop job  -kill job_1475401111718_0239
Hadoop job information for Stage-11: number of mappers: 6; number of reducers: 0
2016-10-02 14:56:30,422 Stage-11 map = 0%,  reduce = 0%
2016-10-02 14:56:37,636 Stage-11 map = 17%,  reduce = 0%, Cumulative CPU 2.7 sec
2016-10-02 14:56:41,749 Stage-11 map = 26%,  reduce = 0%, Cumulative CPU 9.97 sec
2016-10-02 14:56:42,776 Stage-11 map = 67%,  reduce = 0%, Cumulative CPU 29.03 sec
2016-10-02 14:56:43,802 Stage-11 map = 75%,  reduce = 0%, Cumulative CPU 34.9 sec
2016-10-02 14:56:45,852 Stage-11 map = 100%,  reduce = 0%, Cumulative CPU 43.37 sec
MapReduce Total cumulative CPU time: 43 seconds 370 msec
Ended Job = job_1475401111718_0239
Launching Job 7 out of 10
Number of reduce tasks not specified. Defaulting to jobconf value of: 20
In order to change the average load for a reducer (in bytes):
  set hive.exec.reducers.bytes.per.reducer=<number>
In order to limit the maximum number of reducers:
  set hive.exec.reducers.max=<number>
In order to set a constant number of reducers:
  set mapreduce.job.reduces=<number>
Starting Job = job_1475401111718_0240, Tracking URL = http://vm1:8088/proxy/application_1475401111718_0240/
Kill Command = /home/ubuntu/software/hadoop-2.6.0/bin/hadoop job  -kill job_1475401111718_0240
Hadoop job information for Stage-5: number of mappers: 2; number of reducers: 20
2016-10-02 14:56:53,621 Stage-5 map = 0%,  reduce = 0%
2016-10-02 14:56:58,900 Stage-5 map = 100%,  reduce = 0%, Cumulative CPU 2.6 sec
2016-10-02 14:57:05,185 Stage-5 map = 100%,  reduce = 15%, Cumulative CPU 6.59 sec
2016-10-02 14:57:06,230 Stage-5 map = 100%,  reduce = 30%, Cumulative CPU 10.51 sec
2016-10-02 14:57:07,295 Stage-5 map = 100%,  reduce = 45%, Cumulative CPU 14.47 sec
2016-10-02 14:57:08,351 Stage-5 map = 100%,  reduce = 75%, Cumulative CPU 21.1 sec
2016-10-02 14:57:09,389 Stage-5 map = 100%,  reduce = 80%, Cumulative CPU 23.74 sec
2016-10-02 14:57:10,417 Stage-5 map = 100%,  reduce = 100%, Cumulative CPU 28.68 sec
MapReduce Total cumulative CPU time: 28 seconds 680 msec
Ended Job = job_1475401111718_0240
Launching Job 8 out of 10
Number of reduce tasks determined at compile time: 1
In order to change the average load for a reducer (in bytes):
  set hive.exec.reducers.bytes.per.reducer=<number>
In order to limit the maximum number of reducers:
  set hive.exec.reducers.max=<number>
In order to set a constant number of reducers:
  set mapreduce.job.reduces=<number>
Starting Job = job_1475401111718_0241, Tracking URL = http://vm1:8088/proxy/application_1475401111718_0241/
Kill Command = /home/ubuntu/software/hadoop-2.6.0/bin/hadoop job  -kill job_1475401111718_0241
Hadoop job information for Stage-6: number of mappers: 2; number of reducers: 1
2016-10-02 14:57:16,153 Stage-6 map = 0%,  reduce = 0%
2016-10-02 14:57:22,331 Stage-6 map = 100%,  reduce = 0%, Cumulative CPU 2.46 sec
2016-10-02 14:57:28,476 Stage-6 map = 100%,  reduce = 100%, Cumulative CPU 3.78 sec
MapReduce Total cumulative CPU time: 3 seconds 780 msec
Ended Job = job_1475401111718_0241
MapReduce Jobs Launched: 
Stage-Stage-1: Map: 82  Reduce: 20   Cumulative CPU: 1463.48 sec   HDFS Read: 21844522204 HDFS Write: 490203034 SUCCESS
Stage-Stage-17: Map: 3   Cumulative CPU: 70.17 sec   HDFS Read: 490235055 HDFS Write: 1194926547 SUCCESS
Stage-Stage-14: Map: 4   Cumulative CPU: 105.87 sec   HDFS Read: 1194978915 HDFS Write: 1234826291 SUCCESS
Stage-Stage-11: Map: 6   Cumulative CPU: 43.37 sec   HDFS Read: 1234953401 HDFS Write: 40352 SUCCESS
Stage-Stage-5: Map: 2  Reduce: 20   Cumulative CPU: 28.68 sec   HDFS Read: 196910 HDFS Write: 9067 SUCCESS
Stage-Stage-6: Map: 2  Reduce: 1   Cumulative CPU: 3.78 sec   HDFS Read: 29966 HDFS Write: 6427 SUCCESS
Total MapReduce CPU Time Spent: 28 minutes 35 seconds 350 msec
OK
Time taken: 389.728 seconds, Fetched: 72 row(s)
48.46user 4.39system 6:37.27elapsed 13%CPU (0avgtext+0avgdata 1152936maxresident)k
114320inputs+473576outputs (110major+175710minor)pagefaults 0swaps
